ARM GAS  C:\Users\BRYANO~1\AppData\Local\Temp\ccrteNY1.s 			page 1


   1              		.syntax unified
   2              		.cpu cortex-m3
   3              		.fpu softvfp
   4              		.eabi_attribute 20, 1
   5              		.eabi_attribute 21, 1
   6              		.eabi_attribute 23, 3
   7              		.eabi_attribute 24, 1
   8              		.eabi_attribute 25, 1
   9              		.eabi_attribute 26, 1
  10              		.eabi_attribute 30, 1
  11              		.eabi_attribute 34, 1
  12              		.eabi_attribute 18, 4
  13              		.thumb
  14              		.file	"DVDAC.c"
  15              		.text
  16              	.Ltext0:
  17              		.cfi_sections	.debug_frame
  18              		.section	.text.DVDAC_InitDma,"ax",%progbits
  19              		.align	2
  20              		.thumb
  21              		.thumb_func
  22              		.type	DVDAC_InitDma, %function
  23              	DVDAC_InitDma:
  24              	.LFB5:
  25              		.file 1 ".\\Generated_Source\\PSoC5\\DVDAC.c"
   1:.\Generated_Source\PSoC5/DVDAC.c **** /*******************************************************************************
   2:.\Generated_Source\PSoC5/DVDAC.c **** * File Name: DVDAC.c
   3:.\Generated_Source\PSoC5/DVDAC.c **** * Version 2.10
   4:.\Generated_Source\PSoC5/DVDAC.c **** *
   5:.\Generated_Source\PSoC5/DVDAC.c **** * Description:
   6:.\Generated_Source\PSoC5/DVDAC.c **** *  This file provides the source code of APIs for the DVDAC component.
   7:.\Generated_Source\PSoC5/DVDAC.c **** *
   8:.\Generated_Source\PSoC5/DVDAC.c **** ********************************************************************************
   9:.\Generated_Source\PSoC5/DVDAC.c **** * Copyright 2013, Cypress Semiconductor Corporation.  All rights reserved.
  10:.\Generated_Source\PSoC5/DVDAC.c **** * You may use this file only in accordance with the license, terms, conditions,
  11:.\Generated_Source\PSoC5/DVDAC.c **** * disclaimers, and limitations in the end user license agreement accompanying
  12:.\Generated_Source\PSoC5/DVDAC.c **** * the software package with which this file was provided.
  13:.\Generated_Source\PSoC5/DVDAC.c **** *******************************************************************************/
  14:.\Generated_Source\PSoC5/DVDAC.c **** 
  15:.\Generated_Source\PSoC5/DVDAC.c **** #include "DVDAC.h"
  16:.\Generated_Source\PSoC5/DVDAC.c **** #include "DVDAC_VDAC8.h"
  17:.\Generated_Source\PSoC5/DVDAC.c **** #include "CyDmac.h"
  18:.\Generated_Source\PSoC5/DVDAC.c **** #include "DVDAC_DMA_dma.H"
  19:.\Generated_Source\PSoC5/DVDAC.c **** 
  20:.\Generated_Source\PSoC5/DVDAC.c **** #if(DVDAC_INTERNAL_CLOCK_USED)
  21:.\Generated_Source\PSoC5/DVDAC.c ****     #include "DVDAC_IntClock.h"
  22:.\Generated_Source\PSoC5/DVDAC.c **** #endif /* DVDAC_INTERNAL_CLOCK_USED */
  23:.\Generated_Source\PSoC5/DVDAC.c **** 
  24:.\Generated_Source\PSoC5/DVDAC.c **** 
  25:.\Generated_Source\PSoC5/DVDAC.c **** static uint8 DVDAC_ditheredValues[16u] = {0x00u, 0x00u, 0x00u, 0x00u, 0x00u, 0x00u, 0x00u, 0x00u, 0
  26:.\Generated_Source\PSoC5/DVDAC.c ****                                           0x00u, 0x00u, 0x00u, 0x00u, 0x00u, 0x00u};
  27:.\Generated_Source\PSoC5/DVDAC.c **** 
  28:.\Generated_Source\PSoC5/DVDAC.c **** 
  29:.\Generated_Source\PSoC5/DVDAC.c **** uint8 DVDAC_initVar = 0u;
  30:.\Generated_Source\PSoC5/DVDAC.c **** 
  31:.\Generated_Source\PSoC5/DVDAC.c **** static uint8 DVDAC_dmaChan;
  32:.\Generated_Source\PSoC5/DVDAC.c **** static uint8 DVDAC_dmaTd = CY_DMA_INVALID_TD;
ARM GAS  C:\Users\BRYANO~1\AppData\Local\Temp\ccrteNY1.s 			page 2


  33:.\Generated_Source\PSoC5/DVDAC.c **** 
  34:.\Generated_Source\PSoC5/DVDAC.c **** static void DVDAC_InitDma(void)  ;
  35:.\Generated_Source\PSoC5/DVDAC.c **** 
  36:.\Generated_Source\PSoC5/DVDAC.c **** 
  37:.\Generated_Source\PSoC5/DVDAC.c **** /*******************************************************************************
  38:.\Generated_Source\PSoC5/DVDAC.c **** * Function Name: DVDAC_Init
  39:.\Generated_Source\PSoC5/DVDAC.c **** ********************************************************************************
  40:.\Generated_Source\PSoC5/DVDAC.c **** *
  41:.\Generated_Source\PSoC5/DVDAC.c **** * Summary:
  42:.\Generated_Source\PSoC5/DVDAC.c **** *  Initializes or restores the component according to the customizer Configure
  43:.\Generated_Source\PSoC5/DVDAC.c **** *  dialog settings. It is not necessary to call DVDAC_Init() because
  44:.\Generated_Source\PSoC5/DVDAC.c **** *  the DVDAC_Start() API calls this function and is the preferred
  45:.\Generated_Source\PSoC5/DVDAC.c **** *  method to begin component operation.
  46:.\Generated_Source\PSoC5/DVDAC.c **** *
  47:.\Generated_Source\PSoC5/DVDAC.c **** * Parameters:
  48:.\Generated_Source\PSoC5/DVDAC.c **** *  None
  49:.\Generated_Source\PSoC5/DVDAC.c **** *
  50:.\Generated_Source\PSoC5/DVDAC.c **** * Return:
  51:.\Generated_Source\PSoC5/DVDAC.c **** *  None
  52:.\Generated_Source\PSoC5/DVDAC.c **** *
  53:.\Generated_Source\PSoC5/DVDAC.c **** * Side Effects:
  54:.\Generated_Source\PSoC5/DVDAC.c **** *  All registers will be set to values according to the customizer Configure
  55:.\Generated_Source\PSoC5/DVDAC.c **** *  dialog.
  56:.\Generated_Source\PSoC5/DVDAC.c **** *
  57:.\Generated_Source\PSoC5/DVDAC.c **** * Global variables:
  58:.\Generated_Source\PSoC5/DVDAC.c **** *  None
  59:.\Generated_Source\PSoC5/DVDAC.c **** *
  60:.\Generated_Source\PSoC5/DVDAC.c **** *******************************************************************************/
  61:.\Generated_Source\PSoC5/DVDAC.c **** void DVDAC_Init(void) 
  62:.\Generated_Source\PSoC5/DVDAC.c **** {
  63:.\Generated_Source\PSoC5/DVDAC.c ****     DVDAC_VDAC8_Init();
  64:.\Generated_Source\PSoC5/DVDAC.c **** 
  65:.\Generated_Source\PSoC5/DVDAC.c ****     if(CY_DMA_INVALID_TD == DVDAC_dmaTd)
  66:.\Generated_Source\PSoC5/DVDAC.c ****     {
  67:.\Generated_Source\PSoC5/DVDAC.c ****         DVDAC_InitDma();
  68:.\Generated_Source\PSoC5/DVDAC.c ****     }
  69:.\Generated_Source\PSoC5/DVDAC.c **** }
  70:.\Generated_Source\PSoC5/DVDAC.c **** 
  71:.\Generated_Source\PSoC5/DVDAC.c **** 
  72:.\Generated_Source\PSoC5/DVDAC.c **** /*******************************************************************************
  73:.\Generated_Source\PSoC5/DVDAC.c **** * Function Name: DVDAC_Enable
  74:.\Generated_Source\PSoC5/DVDAC.c **** ********************************************************************************
  75:.\Generated_Source\PSoC5/DVDAC.c **** *
  76:.\Generated_Source\PSoC5/DVDAC.c **** * Summary:
  77:.\Generated_Source\PSoC5/DVDAC.c **** *  Activates the hardware and begins component operation. It is not necessary to
  78:.\Generated_Source\PSoC5/DVDAC.c **** *  call DVDAC_Enable() because the DVDAC_Start() API calls
  79:.\Generated_Source\PSoC5/DVDAC.c **** *  this function, which is the preferred method to begin component operation.
  80:.\Generated_Source\PSoC5/DVDAC.c **** *
  81:.\Generated_Source\PSoC5/DVDAC.c **** * Parameters:
  82:.\Generated_Source\PSoC5/DVDAC.c **** *  None
  83:.\Generated_Source\PSoC5/DVDAC.c **** *
  84:.\Generated_Source\PSoC5/DVDAC.c **** * Return:
  85:.\Generated_Source\PSoC5/DVDAC.c **** *  None
  86:.\Generated_Source\PSoC5/DVDAC.c **** *
  87:.\Generated_Source\PSoC5/DVDAC.c **** * Global variables:
  88:.\Generated_Source\PSoC5/DVDAC.c **** *  None
  89:.\Generated_Source\PSoC5/DVDAC.c **** *
ARM GAS  C:\Users\BRYANO~1\AppData\Local\Temp\ccrteNY1.s 			page 3


  90:.\Generated_Source\PSoC5/DVDAC.c **** *******************************************************************************/
  91:.\Generated_Source\PSoC5/DVDAC.c **** void DVDAC_Enable(void) 
  92:.\Generated_Source\PSoC5/DVDAC.c **** {
  93:.\Generated_Source\PSoC5/DVDAC.c ****     (void) CyDmaChEnable(DVDAC_dmaChan, 1u);
  94:.\Generated_Source\PSoC5/DVDAC.c **** 
  95:.\Generated_Source\PSoC5/DVDAC.c ****     #if(DVDAC_INTERNAL_CLOCK_USED)
  96:.\Generated_Source\PSoC5/DVDAC.c ****         DVDAC_IntClock_Start();
  97:.\Generated_Source\PSoC5/DVDAC.c ****     #endif /* DVDAC_INTERNAL_CLOCK_USED */
  98:.\Generated_Source\PSoC5/DVDAC.c **** 
  99:.\Generated_Source\PSoC5/DVDAC.c ****     DVDAC_VDAC8_Enable();
 100:.\Generated_Source\PSoC5/DVDAC.c **** }
 101:.\Generated_Source\PSoC5/DVDAC.c **** 
 102:.\Generated_Source\PSoC5/DVDAC.c **** 
 103:.\Generated_Source\PSoC5/DVDAC.c **** /*******************************************************************************
 104:.\Generated_Source\PSoC5/DVDAC.c **** * Function Name: DVDAC_Start
 105:.\Generated_Source\PSoC5/DVDAC.c **** ********************************************************************************
 106:.\Generated_Source\PSoC5/DVDAC.c **** *
 107:.\Generated_Source\PSoC5/DVDAC.c **** * Summary:
 108:.\Generated_Source\PSoC5/DVDAC.c **** *  Performs all of the required initialization for the component and enables
 109:.\Generated_Source\PSoC5/DVDAC.c **** *  power to the block. The first time the routine is executed, the component is
 110:.\Generated_Source\PSoC5/DVDAC.c **** *  initialized to the configured settings. When called to restart the DVDAC
 111:.\Generated_Source\PSoC5/DVDAC.c **** *  following a DVDAC_Stop() call, the current component parameter
 112:.\Generated_Source\PSoC5/DVDAC.c **** *  settings are retained.
 113:.\Generated_Source\PSoC5/DVDAC.c **** *
 114:.\Generated_Source\PSoC5/DVDAC.c **** * Parameters:
 115:.\Generated_Source\PSoC5/DVDAC.c **** *  None
 116:.\Generated_Source\PSoC5/DVDAC.c **** *
 117:.\Generated_Source\PSoC5/DVDAC.c **** * Return:
 118:.\Generated_Source\PSoC5/DVDAC.c **** *  None
 119:.\Generated_Source\PSoC5/DVDAC.c **** *
 120:.\Generated_Source\PSoC5/DVDAC.c **** * Side Effects:
 121:.\Generated_Source\PSoC5/DVDAC.c **** *  If the DVDAC_initVar variable is already set, this function only
 122:.\Generated_Source\PSoC5/DVDAC.c **** *  calls the DVDAC_Enable() function.
 123:.\Generated_Source\PSoC5/DVDAC.c **** *
 124:.\Generated_Source\PSoC5/DVDAC.c **** * Global variables:
 125:.\Generated_Source\PSoC5/DVDAC.c **** *  DVDAC_initVar - indicates whether the DVDAC has been initialized.
 126:.\Generated_Source\PSoC5/DVDAC.c **** *  The variable is initialized to 0 and set to 1 the first time DVDAC_Start()
 127:.\Generated_Source\PSoC5/DVDAC.c **** *  is called. This allows the component to restart without reinitialization
 128:.\Generated_Source\PSoC5/DVDAC.c **** *  after the first call to the DVDAC_Start() routine. If
 129:.\Generated_Source\PSoC5/DVDAC.c **** *  reinitialization of the component is required, then the
 130:.\Generated_Source\PSoC5/DVDAC.c **** *  DVDAC_Init() function can be called before the
 131:.\Generated_Source\PSoC5/DVDAC.c **** *  DVDAC_Start() or DVDAC_Enable() function.
 132:.\Generated_Source\PSoC5/DVDAC.c **** *
 133:.\Generated_Source\PSoC5/DVDAC.c **** *******************************************************************************/
 134:.\Generated_Source\PSoC5/DVDAC.c **** void DVDAC_Start(void) 
 135:.\Generated_Source\PSoC5/DVDAC.c **** {
 136:.\Generated_Source\PSoC5/DVDAC.c ****     /* Hardware initiazation only needs to occure the first time */
 137:.\Generated_Source\PSoC5/DVDAC.c ****     if(0u == DVDAC_initVar)
 138:.\Generated_Source\PSoC5/DVDAC.c ****     {
 139:.\Generated_Source\PSoC5/DVDAC.c ****         DVDAC_Init();
 140:.\Generated_Source\PSoC5/DVDAC.c ****         DVDAC_initVar = 1u;
 141:.\Generated_Source\PSoC5/DVDAC.c ****     }
 142:.\Generated_Source\PSoC5/DVDAC.c **** 
 143:.\Generated_Source\PSoC5/DVDAC.c ****     DVDAC_Enable();
 144:.\Generated_Source\PSoC5/DVDAC.c **** }
 145:.\Generated_Source\PSoC5/DVDAC.c **** 
 146:.\Generated_Source\PSoC5/DVDAC.c **** 
ARM GAS  C:\Users\BRYANO~1\AppData\Local\Temp\ccrteNY1.s 			page 4


 147:.\Generated_Source\PSoC5/DVDAC.c **** /*******************************************************************************
 148:.\Generated_Source\PSoC5/DVDAC.c **** * Function Name: DVDAC_Stop
 149:.\Generated_Source\PSoC5/DVDAC.c **** ********************************************************************************
 150:.\Generated_Source\PSoC5/DVDAC.c **** *
 151:.\Generated_Source\PSoC5/DVDAC.c **** * Summary:
 152:.\Generated_Source\PSoC5/DVDAC.c **** *  Stops the component and turns off the analog blocks in the DVDAC.
 153:.\Generated_Source\PSoC5/DVDAC.c **** *
 154:.\Generated_Source\PSoC5/DVDAC.c **** * Parameters:
 155:.\Generated_Source\PSoC5/DVDAC.c **** *  None
 156:.\Generated_Source\PSoC5/DVDAC.c **** *
 157:.\Generated_Source\PSoC5/DVDAC.c **** * Return:
 158:.\Generated_Source\PSoC5/DVDAC.c **** *  None
 159:.\Generated_Source\PSoC5/DVDAC.c **** *
 160:.\Generated_Source\PSoC5/DVDAC.c **** * Global variables:
 161:.\Generated_Source\PSoC5/DVDAC.c **** *  None
 162:.\Generated_Source\PSoC5/DVDAC.c **** *
 163:.\Generated_Source\PSoC5/DVDAC.c **** *******************************************************************************/
 164:.\Generated_Source\PSoC5/DVDAC.c **** void DVDAC_Stop(void) 
 165:.\Generated_Source\PSoC5/DVDAC.c **** {
 166:.\Generated_Source\PSoC5/DVDAC.c ****     #if(DVDAC_INTERNAL_CLOCK_USED)
 167:.\Generated_Source\PSoC5/DVDAC.c ****         DVDAC_IntClock_Stop();
 168:.\Generated_Source\PSoC5/DVDAC.c ****     #endif /* DVDAC_INTERNAL_CLOCK_USED */
 169:.\Generated_Source\PSoC5/DVDAC.c **** 
 170:.\Generated_Source\PSoC5/DVDAC.c ****     (void) CyDmaChDisable(DVDAC_dmaChan);
 171:.\Generated_Source\PSoC5/DVDAC.c ****     DVDAC_VDAC8_Stop();
 172:.\Generated_Source\PSoC5/DVDAC.c **** }
 173:.\Generated_Source\PSoC5/DVDAC.c **** 
 174:.\Generated_Source\PSoC5/DVDAC.c **** 
 175:.\Generated_Source\PSoC5/DVDAC.c **** /*******************************************************************************
 176:.\Generated_Source\PSoC5/DVDAC.c **** * Function Name: DVDAC_SetValue
 177:.\Generated_Source\PSoC5/DVDAC.c **** ********************************************************************************
 178:.\Generated_Source\PSoC5/DVDAC.c **** *
 179:.\Generated_Source\PSoC5/DVDAC.c **** * Summary:
 180:.\Generated_Source\PSoC5/DVDAC.c **** *  Sets the DVDACs output. The function populates the SRAM array based on the
 181:.\Generated_Source\PSoC5/DVDAC.c **** *  value and the resolution setting. That array is then transferred to the
 182:.\Generated_Source\PSoC5/DVDAC.c **** *  internal VDAC by DMA.
 183:.\Generated_Source\PSoC5/DVDAC.c **** *
 184:.\Generated_Source\PSoC5/DVDAC.c **** * Parameters:
 185:.\Generated_Source\PSoC5/DVDAC.c **** *  (uint16) value:  The maximum value will be dependent on the resolution
 186:.\Generated_Source\PSoC5/DVDAC.c **** *  selected:
 187:.\Generated_Source\PSoC5/DVDAC.c **** *   Resolution       Valid range
 188:.\Generated_Source\PSoC5/DVDAC.c **** *        9 bits       0x0 - 0x1FE
 189:.\Generated_Source\PSoC5/DVDAC.c **** *       10 bits       0x0 - 0x3FC
 190:.\Generated_Source\PSoC5/DVDAC.c **** *       11 bits       0x0 - 0x7F8
 191:.\Generated_Source\PSoC5/DVDAC.c **** *       12 bits       0x0 - 0xFF0
 192:.\Generated_Source\PSoC5/DVDAC.c **** *
 193:.\Generated_Source\PSoC5/DVDAC.c **** *  This value includes an integer portion and a fractional portion that varies
 194:.\Generated_Source\PSoC5/DVDAC.c **** *  depending on number of bits of resolution:
 195:.\Generated_Source\PSoC5/DVDAC.c **** *   - 9-bits:  1 fractional bit
 196:.\Generated_Source\PSoC5/DVDAC.c **** *   - 10-bits: 2 fractional bits
 197:.\Generated_Source\PSoC5/DVDAC.c **** *   - 11-bits: 3 fractional bits
 198:.\Generated_Source\PSoC5/DVDAC.c **** *   - 12-bits: 4 fractional bits
 199:.\Generated_Source\PSoC5/DVDAC.c **** *
 200:.\Generated_Source\PSoC5/DVDAC.c **** * Return:
 201:.\Generated_Source\PSoC5/DVDAC.c **** *  None
 202:.\Generated_Source\PSoC5/DVDAC.c **** *
 203:.\Generated_Source\PSoC5/DVDAC.c **** * Global variables:
ARM GAS  C:\Users\BRYANO~1\AppData\Local\Temp\ccrteNY1.s 			page 5


 204:.\Generated_Source\PSoC5/DVDAC.c **** *  None
 205:.\Generated_Source\PSoC5/DVDAC.c **** *
 206:.\Generated_Source\PSoC5/DVDAC.c **** *******************************************************************************/
 207:.\Generated_Source\PSoC5/DVDAC.c **** void DVDAC_SetValue(uint16 value) 
 208:.\Generated_Source\PSoC5/DVDAC.c **** {
 209:.\Generated_Source\PSoC5/DVDAC.c ****     uint8  lowCount  = (uint8)(value & DVDAC_FRACTIONAL_PORTION_MASK);
 210:.\Generated_Source\PSoC5/DVDAC.c ****     uint8 highCount  = (uint8)(value >> DVDAC_INTEGER_PORTION_SHIFT);
 211:.\Generated_Source\PSoC5/DVDAC.c ****     uint8 i;
 212:.\Generated_Source\PSoC5/DVDAC.c **** 
 213:.\Generated_Source\PSoC5/DVDAC.c **** 
 214:.\Generated_Source\PSoC5/DVDAC.c ****     CYASSERT(value <= DVDAC_DVDAC_MAX_VALUE);
 215:.\Generated_Source\PSoC5/DVDAC.c **** 
 216:.\Generated_Source\PSoC5/DVDAC.c ****     if (DVDAC_INTEGER_PORTION_MAX_VALUE == highCount)
 217:.\Generated_Source\PSoC5/DVDAC.c ****     {
 218:.\Generated_Source\PSoC5/DVDAC.c ****         for (i = 0u; i < DVDAC_DITHERED_ARRAY_SIZE; i++)
 219:.\Generated_Source\PSoC5/DVDAC.c ****         {
 220:.\Generated_Source\PSoC5/DVDAC.c ****             DVDAC_ditheredValues[i] = DVDAC_INTEGER_PORTION_MAX_VALUE;
 221:.\Generated_Source\PSoC5/DVDAC.c ****         }
 222:.\Generated_Source\PSoC5/DVDAC.c ****     }
 223:.\Generated_Source\PSoC5/DVDAC.c ****     else
 224:.\Generated_Source\PSoC5/DVDAC.c ****     {
 225:.\Generated_Source\PSoC5/DVDAC.c ****         for(i = 0u; i < DVDAC_DITHERED_ARRAY_SIZE; i++)
 226:.\Generated_Source\PSoC5/DVDAC.c ****         {
 227:.\Generated_Source\PSoC5/DVDAC.c ****             if(i < (DVDAC_DITHERED_ARRAY_SIZE - lowCount))
 228:.\Generated_Source\PSoC5/DVDAC.c ****             {
 229:.\Generated_Source\PSoC5/DVDAC.c ****                 DVDAC_ditheredValues[i] = highCount;
 230:.\Generated_Source\PSoC5/DVDAC.c ****             }
 231:.\Generated_Source\PSoC5/DVDAC.c ****             else
 232:.\Generated_Source\PSoC5/DVDAC.c ****             {
 233:.\Generated_Source\PSoC5/DVDAC.c ****                 DVDAC_ditheredValues[i] = highCount + 1u;
 234:.\Generated_Source\PSoC5/DVDAC.c ****             }
 235:.\Generated_Source\PSoC5/DVDAC.c ****         }
 236:.\Generated_Source\PSoC5/DVDAC.c ****     }
 237:.\Generated_Source\PSoC5/DVDAC.c **** }
 238:.\Generated_Source\PSoC5/DVDAC.c **** 
 239:.\Generated_Source\PSoC5/DVDAC.c **** 
 240:.\Generated_Source\PSoC5/DVDAC.c **** /*******************************************************************************
 241:.\Generated_Source\PSoC5/DVDAC.c **** * Function Name: DVDAC_InitDma
 242:.\Generated_Source\PSoC5/DVDAC.c **** ********************************************************************************
 243:.\Generated_Source\PSoC5/DVDAC.c **** *
 244:.\Generated_Source\PSoC5/DVDAC.c **** * Summary:
 245:.\Generated_Source\PSoC5/DVDAC.c **** *  Configures a DMA transfer of channel values from memory to VDAC.
 246:.\Generated_Source\PSoC5/DVDAC.c **** *
 247:.\Generated_Source\PSoC5/DVDAC.c **** * Parameters:
 248:.\Generated_Source\PSoC5/DVDAC.c **** *  None
 249:.\Generated_Source\PSoC5/DVDAC.c **** *
 250:.\Generated_Source\PSoC5/DVDAC.c **** * Return:
 251:.\Generated_Source\PSoC5/DVDAC.c **** *  None
 252:.\Generated_Source\PSoC5/DVDAC.c **** *
 253:.\Generated_Source\PSoC5/DVDAC.c **** *******************************************************************************/
 254:.\Generated_Source\PSoC5/DVDAC.c **** static void DVDAC_InitDma(void)  
 255:.\Generated_Source\PSoC5/DVDAC.c **** {
  26              		.loc 1 255 0
  27              		.cfi_startproc
  28              		@ args = 0, pretend = 0, frame = 0
  29              		@ frame_needed = 0, uses_anonymous_args = 0
  30 0000 70B5     		push	{r4, r5, r6, lr}
ARM GAS  C:\Users\BRYANO~1\AppData\Local\Temp\ccrteNY1.s 			page 6


  31              		.cfi_def_cfa_offset 16
  32              		.cfi_offset 4, -16
  33              		.cfi_offset 5, -12
  34              		.cfi_offset 6, -8
  35              		.cfi_offset 14, -4
 256:.\Generated_Source\PSoC5/DVDAC.c ****     /***************************************************************************
 257:.\Generated_Source\PSoC5/DVDAC.c ****     * Transfers channel values from SRAM to VDAC register. One byte transfer,
 258:.\Generated_Source\PSoC5/DVDAC.c ****     * each burst requires a request.
 259:.\Generated_Source\PSoC5/DVDAC.c ****     ***************************************************************************/
 260:.\Generated_Source\PSoC5/DVDAC.c ****     DVDAC_dmaChan = DVDAC_DMA_DmaInitialize(
  36              		.loc 1 260 0
  37 0002 0120     		movs	r0, #1
  38 0004 0146     		mov	r1, r0
  39 0006 41F6FF72 		movw	r2, #8191
  40 000a 4FF48043 		mov	r3, #16384
  41 000e FFF7FEFF 		bl	DVDAC_DMA_DmaInitialize
  42              	.LVL0:
  43 0012 0C4E     		ldr	r6, .L3
  44 0014 3546     		mov	r5, r6
  45 0016 05F8040B 		strb	r0, [r5], #4
 261:.\Generated_Source\PSoC5/DVDAC.c ****                                     DVDAC_DMA_BYTES_PER_BURST,
 262:.\Generated_Source\PSoC5/DVDAC.c ****                                     DVDAC_DMA_REQUEST_PER_BURST,
 263:.\Generated_Source\PSoC5/DVDAC.c ****                                     HI16(DVDAC_DMA_SRC_BASE),
 264:.\Generated_Source\PSoC5/DVDAC.c ****                                     HI16(DVDAC_DMA_DST_BASE));
 265:.\Generated_Source\PSoC5/DVDAC.c **** 
 266:.\Generated_Source\PSoC5/DVDAC.c ****     DVDAC_dmaTd = CyDmaTdAllocate();
  46              		.loc 1 266 0
  47 001a FFF7FEFF 		bl	CyDmaTdAllocate
  48              	.LVL1:
  49 001e 0246     		mov	r2, r0
  50 0020 094C     		ldr	r4, .L3+4
  51 0022 2070     		strb	r0, [r4]
 267:.\Generated_Source\PSoC5/DVDAC.c **** 
 268:.\Generated_Source\PSoC5/DVDAC.c **** 
 269:.\Generated_Source\PSoC5/DVDAC.c ****     /***************************************************************************
 270:.\Generated_Source\PSoC5/DVDAC.c ****     * One TD looping on itself, increment the source address, but not the
 271:.\Generated_Source\PSoC5/DVDAC.c ****     * destination address.
 272:.\Generated_Source\PSoC5/DVDAC.c ****     ***************************************************************************/
 273:.\Generated_Source\PSoC5/DVDAC.c ****     (void) CyDmaTdSetConfiguration( DVDAC_dmaTd,
  52              		.loc 1 273 0
  53 0024 1021     		movs	r1, #16
  54 0026 0123     		movs	r3, #1
  55 0028 FFF7FEFF 		bl	CyDmaTdSetConfiguration
  56              	.LVL2:
 274:.\Generated_Source\PSoC5/DVDAC.c ****                                     DVDAC_DITHERED_ARRAY_SIZE,
 275:.\Generated_Source\PSoC5/DVDAC.c ****                                     DVDAC_dmaTd,
 276:.\Generated_Source\PSoC5/DVDAC.c ****                                     (uint8) CY_DMA_TD_INC_SRC_ADR);
 277:.\Generated_Source\PSoC5/DVDAC.c **** 
 278:.\Generated_Source\PSoC5/DVDAC.c ****     /* Transfers the value for each channel from memory to VDAC */
 279:.\Generated_Source\PSoC5/DVDAC.c ****     (void) CyDmaTdSetAddress(   DVDAC_dmaTd,
  57              		.loc 1 279 0
  58 002c 2078     		ldrb	r0, [r4]	@ zero_extendqisi2
  59 002e A9B2     		uxth	r1, r5
  60 0030 45F68232 		movw	r2, #23426
  61 0034 FFF7FEFF 		bl	CyDmaTdSetAddress
  62              	.LVL3:
 280:.\Generated_Source\PSoC5/DVDAC.c ****                                 LO16((uint32)DVDAC_ditheredValues),
ARM GAS  C:\Users\BRYANO~1\AppData\Local\Temp\ccrteNY1.s 			page 7


 281:.\Generated_Source\PSoC5/DVDAC.c ****                                 LO16((uint32)DVDAC_VDAC8_Data_PTR));
 282:.\Generated_Source\PSoC5/DVDAC.c **** 
 283:.\Generated_Source\PSoC5/DVDAC.c ****     (void) CyDmaChSetInitialTd(DVDAC_dmaChan, DVDAC_dmaTd);
  63              		.loc 1 283 0
  64 0038 3078     		ldrb	r0, [r6]	@ zero_extendqisi2
  65 003a 2178     		ldrb	r1, [r4]	@ zero_extendqisi2
  66 003c FFF7FEFF 		bl	CyDmaChSetInitialTd
  67              	.LVL4:
  68 0040 70BD     		pop	{r4, r5, r6, pc}
  69              	.L4:
  70 0042 00BF     		.align	2
  71              	.L3:
  72 0044 00000000 		.word	.LANCHOR0
  73 0048 00000000 		.word	.LANCHOR1
  74              		.cfi_endproc
  75              	.LFE5:
  76              		.size	DVDAC_InitDma, .-DVDAC_InitDma
  77              		.section	.text.DVDAC_Init,"ax",%progbits
  78              		.align	2
  79              		.global	DVDAC_Init
  80              		.thumb
  81              		.thumb_func
  82              		.type	DVDAC_Init, %function
  83              	DVDAC_Init:
  84              	.LFB0:
  62:.\Generated_Source\PSoC5/DVDAC.c ****     DVDAC_VDAC8_Init();
  85              		.loc 1 62 0
  86              		.cfi_startproc
  87              		@ args = 0, pretend = 0, frame = 0
  88              		@ frame_needed = 0, uses_anonymous_args = 0
  89 0000 08B5     		push	{r3, lr}
  90              		.cfi_def_cfa_offset 8
  91              		.cfi_offset 3, -8
  92              		.cfi_offset 14, -4
  63:.\Generated_Source\PSoC5/DVDAC.c **** 
  93              		.loc 1 63 0
  94 0002 FFF7FEFF 		bl	DVDAC_VDAC8_Init
  95              	.LVL5:
  65:.\Generated_Source\PSoC5/DVDAC.c ****     {
  96              		.loc 1 65 0
  97 0006 034B     		ldr	r3, .L8
  98 0008 1B78     		ldrb	r3, [r3]	@ zero_extendqisi2
  99 000a FF2B     		cmp	r3, #255
 100 000c 01D1     		bne	.L5
  67:.\Generated_Source\PSoC5/DVDAC.c ****     }
 101              		.loc 1 67 0
 102 000e FFF7FEFF 		bl	DVDAC_InitDma
 103              	.LVL6:
 104              	.L5:
 105 0012 08BD     		pop	{r3, pc}
 106              	.L9:
 107              		.align	2
 108              	.L8:
 109 0014 00000000 		.word	.LANCHOR1
 110              		.cfi_endproc
 111              	.LFE0:
 112              		.size	DVDAC_Init, .-DVDAC_Init
ARM GAS  C:\Users\BRYANO~1\AppData\Local\Temp\ccrteNY1.s 			page 8


 113              		.section	.text.DVDAC_Enable,"ax",%progbits
 114              		.align	2
 115              		.global	DVDAC_Enable
 116              		.thumb
 117              		.thumb_func
 118              		.type	DVDAC_Enable, %function
 119              	DVDAC_Enable:
 120              	.LFB1:
  92:.\Generated_Source\PSoC5/DVDAC.c ****     (void) CyDmaChEnable(DVDAC_dmaChan, 1u);
 121              		.loc 1 92 0
 122              		.cfi_startproc
 123              		@ args = 0, pretend = 0, frame = 0
 124              		@ frame_needed = 0, uses_anonymous_args = 0
 125 0000 08B5     		push	{r3, lr}
 126              		.cfi_def_cfa_offset 8
 127              		.cfi_offset 3, -8
 128              		.cfi_offset 14, -4
  93:.\Generated_Source\PSoC5/DVDAC.c **** 
 129              		.loc 1 93 0
 130 0002 054B     		ldr	r3, .L12
 131 0004 1878     		ldrb	r0, [r3]	@ zero_extendqisi2
 132 0006 0121     		movs	r1, #1
 133 0008 FFF7FEFF 		bl	CyDmaChEnable
 134              	.LVL7:
  96:.\Generated_Source\PSoC5/DVDAC.c ****     #endif /* DVDAC_INTERNAL_CLOCK_USED */
 135              		.loc 1 96 0
 136 000c FFF7FEFF 		bl	DVDAC_IntClock_Start
 137              	.LVL8:
  99:.\Generated_Source\PSoC5/DVDAC.c **** }
 138              		.loc 1 99 0
 139 0010 FFF7FEFF 		bl	DVDAC_VDAC8_Enable
 140              	.LVL9:
 141 0014 08BD     		pop	{r3, pc}
 142              	.L13:
 143 0016 00BF     		.align	2
 144              	.L12:
 145 0018 00000000 		.word	.LANCHOR0
 146              		.cfi_endproc
 147              	.LFE1:
 148              		.size	DVDAC_Enable, .-DVDAC_Enable
 149              		.section	.text.DVDAC_Start,"ax",%progbits
 150              		.align	2
 151              		.global	DVDAC_Start
 152              		.thumb
 153              		.thumb_func
 154              		.type	DVDAC_Start, %function
 155              	DVDAC_Start:
 156              	.LFB2:
 135:.\Generated_Source\PSoC5/DVDAC.c ****     /* Hardware initiazation only needs to occure the first time */
 157              		.loc 1 135 0
 158              		.cfi_startproc
 159              		@ args = 0, pretend = 0, frame = 0
 160              		@ frame_needed = 0, uses_anonymous_args = 0
 161 0000 08B5     		push	{r3, lr}
 162              		.cfi_def_cfa_offset 8
 163              		.cfi_offset 3, -8
 164              		.cfi_offset 14, -4
ARM GAS  C:\Users\BRYANO~1\AppData\Local\Temp\ccrteNY1.s 			page 9


 137:.\Generated_Source\PSoC5/DVDAC.c ****     {
 165              		.loc 1 137 0
 166 0002 054B     		ldr	r3, .L17
 167 0004 1B7D     		ldrb	r3, [r3, #20]	@ zero_extendqisi2
 168 0006 23B9     		cbnz	r3, .L15
 139:.\Generated_Source\PSoC5/DVDAC.c ****         DVDAC_initVar = 1u;
 169              		.loc 1 139 0
 170 0008 FFF7FEFF 		bl	DVDAC_Init
 171              	.LVL10:
 140:.\Generated_Source\PSoC5/DVDAC.c ****     }
 172              		.loc 1 140 0
 173 000c 0122     		movs	r2, #1
 174 000e 024B     		ldr	r3, .L17
 175 0010 1A75     		strb	r2, [r3, #20]
 176              	.L15:
 143:.\Generated_Source\PSoC5/DVDAC.c **** }
 177              		.loc 1 143 0
 178 0012 FFF7FEFF 		bl	DVDAC_Enable
 179              	.LVL11:
 180 0016 08BD     		pop	{r3, pc}
 181              	.L18:
 182              		.align	2
 183              	.L17:
 184 0018 00000000 		.word	.LANCHOR0
 185              		.cfi_endproc
 186              	.LFE2:
 187              		.size	DVDAC_Start, .-DVDAC_Start
 188              		.section	.text.DVDAC_Stop,"ax",%progbits
 189              		.align	2
 190              		.global	DVDAC_Stop
 191              		.thumb
 192              		.thumb_func
 193              		.type	DVDAC_Stop, %function
 194              	DVDAC_Stop:
 195              	.LFB3:
 165:.\Generated_Source\PSoC5/DVDAC.c ****     #if(DVDAC_INTERNAL_CLOCK_USED)
 196              		.loc 1 165 0
 197              		.cfi_startproc
 198              		@ args = 0, pretend = 0, frame = 0
 199              		@ frame_needed = 0, uses_anonymous_args = 0
 200 0000 08B5     		push	{r3, lr}
 201              		.cfi_def_cfa_offset 8
 202              		.cfi_offset 3, -8
 203              		.cfi_offset 14, -4
 167:.\Generated_Source\PSoC5/DVDAC.c ****     #endif /* DVDAC_INTERNAL_CLOCK_USED */
 204              		.loc 1 167 0
 205 0002 FFF7FEFF 		bl	DVDAC_IntClock_Stop
 206              	.LVL12:
 170:.\Generated_Source\PSoC5/DVDAC.c ****     DVDAC_VDAC8_Stop();
 207              		.loc 1 170 0
 208 0006 034B     		ldr	r3, .L21
 209 0008 1878     		ldrb	r0, [r3]	@ zero_extendqisi2
 210 000a FFF7FEFF 		bl	CyDmaChDisable
 211              	.LVL13:
 171:.\Generated_Source\PSoC5/DVDAC.c **** }
 212              		.loc 1 171 0
 213 000e FFF7FEFF 		bl	DVDAC_VDAC8_Stop
ARM GAS  C:\Users\BRYANO~1\AppData\Local\Temp\ccrteNY1.s 			page 10


 214              	.LVL14:
 215 0012 08BD     		pop	{r3, pc}
 216              	.L22:
 217              		.align	2
 218              	.L21:
 219 0014 00000000 		.word	.LANCHOR0
 220              		.cfi_endproc
 221              	.LFE3:
 222              		.size	DVDAC_Stop, .-DVDAC_Stop
 223              		.section	.text.DVDAC_SetValue,"ax",%progbits
 224              		.align	2
 225              		.global	DVDAC_SetValue
 226              		.thumb
 227              		.thumb_func
 228              		.type	DVDAC_SetValue, %function
 229              	DVDAC_SetValue:
 230              	.LFB4:
 208:.\Generated_Source\PSoC5/DVDAC.c ****     uint8  lowCount  = (uint8)(value & DVDAC_FRACTIONAL_PORTION_MASK);
 231              		.loc 1 208 0
 232              		.cfi_startproc
 233              		@ args = 0, pretend = 0, frame = 0
 234              		@ frame_needed = 0, uses_anonymous_args = 0
 235              	.LVL15:
 236 0000 38B5     		push	{r3, r4, r5, lr}
 237              		.cfi_def_cfa_offset 16
 238              		.cfi_offset 3, -16
 239              		.cfi_offset 4, -12
 240              		.cfi_offset 5, -8
 241              		.cfi_offset 14, -4
 209:.\Generated_Source\PSoC5/DVDAC.c ****     uint8 highCount  = (uint8)(value >> DVDAC_INTEGER_PORTION_SHIFT);
 242              		.loc 1 209 0
 243 0002 00F00F05 		and	r5, r0, #15
 244              	.LVL16:
 210:.\Generated_Source\PSoC5/DVDAC.c ****     uint8 i;
 245              		.loc 1 210 0
 246 0006 C0F30714 		ubfx	r4, r0, #4, #8
 247              	.LVL17:
 214:.\Generated_Source\PSoC5/DVDAC.c **** 
 248              		.loc 1 214 0
 249 000a B0F57F6F 		cmp	r0, #4080
 250 000e 02D9     		bls	.L24
 214:.\Generated_Source\PSoC5/DVDAC.c **** 
 251              		.loc 1 214 0 is_stmt 0 discriminator 1
 252 0010 0020     		movs	r0, #0
 253              	.LVL18:
 254 0012 FFF7FEFF 		bl	CyHalt
 255              	.LVL19:
 256              	.L24:
 216:.\Generated_Source\PSoC5/DVDAC.c ****     {
 257              		.loc 1 216 0 is_stmt 1
 258 0016 FF2C     		cmp	r4, #255
 259 0018 08D0     		beq	.L32
 260 001a 0023     		movs	r3, #0
 261 001c 18E0     		b	.L26
 262              	.LVL20:
 263              	.L27:
 220:.\Generated_Source\PSoC5/DVDAC.c ****         }
ARM GAS  C:\Users\BRYANO~1\AppData\Local\Temp\ccrteNY1.s 			page 11


 264              		.loc 1 220 0 discriminator 3
 265 001e 0E4A     		ldr	r2, .L34
 266 0020 1A44     		add	r2, r2, r3
 267 0022 FF21     		movs	r1, #255
 268 0024 1171     		strb	r1, [r2, #4]
 218:.\Generated_Source\PSoC5/DVDAC.c ****         {
 269              		.loc 1 218 0 discriminator 3
 270 0026 0133     		adds	r3, r3, #1
 271              	.LVL21:
 272 0028 DBB2     		uxtb	r3, r3
 273              	.LVL22:
 274 002a 00E0     		b	.L25
 275              	.LVL23:
 276              	.L32:
 277 002c 0023     		movs	r3, #0
 278              	.L25:
 279              	.LVL24:
 218:.\Generated_Source\PSoC5/DVDAC.c ****         {
 280              		.loc 1 218 0 is_stmt 0 discriminator 1
 281 002e 0F2B     		cmp	r3, #15
 282 0030 F5D9     		bls	.L27
 283 0032 38BD     		pop	{r3, r4, r5, pc}
 284              	.LVL25:
 285              	.L31:
 227:.\Generated_Source\PSoC5/DVDAC.c ****             {
 286              		.loc 1 227 0 is_stmt 1
 287 0034 C5F11002 		rsb	r2, r5, #16
 288 0038 9342     		cmp	r3, r2
 289 003a 03DA     		bge	.L29
 229:.\Generated_Source\PSoC5/DVDAC.c ****             }
 290              		.loc 1 229 0
 291 003c 064A     		ldr	r2, .L34
 292 003e 1A44     		add	r2, r2, r3
 293 0040 1471     		strb	r4, [r2, #4]
 294 0042 03E0     		b	.L30
 295              	.L29:
 233:.\Generated_Source\PSoC5/DVDAC.c ****             }
 296              		.loc 1 233 0
 297 0044 044A     		ldr	r2, .L34
 298 0046 1A44     		add	r2, r2, r3
 299 0048 611C     		adds	r1, r4, #1
 300 004a 1171     		strb	r1, [r2, #4]
 301              	.L30:
 225:.\Generated_Source\PSoC5/DVDAC.c ****         {
 302              		.loc 1 225 0 discriminator 2
 303 004c 0133     		adds	r3, r3, #1
 304              	.LVL26:
 305 004e DBB2     		uxtb	r3, r3
 306              	.LVL27:
 307              	.L26:
 225:.\Generated_Source\PSoC5/DVDAC.c ****         {
 308              		.loc 1 225 0 is_stmt 0 discriminator 1
 309 0050 0F2B     		cmp	r3, #15
 310 0052 EFD9     		bls	.L31
 311 0054 38BD     		pop	{r3, r4, r5, pc}
 312              	.LVL28:
 313              	.L35:
ARM GAS  C:\Users\BRYANO~1\AppData\Local\Temp\ccrteNY1.s 			page 12


 314 0056 00BF     		.align	2
 315              	.L34:
 316 0058 00000000 		.word	.LANCHOR0
 317              		.cfi_endproc
 318              	.LFE4:
 319              		.size	DVDAC_SetValue, .-DVDAC_SetValue
 320              		.global	DVDAC_initVar
 321              		.data
 322              		.set	.LANCHOR1,. + 0
 323              		.type	DVDAC_dmaTd, %object
 324              		.size	DVDAC_dmaTd, 1
 325              	DVDAC_dmaTd:
 326 0000 FF       		.byte	-1
 327              		.bss
 328              		.align	2
 329              		.set	.LANCHOR0,. + 0
 330              		.type	DVDAC_dmaChan, %object
 331              		.size	DVDAC_dmaChan, 1
 332              	DVDAC_dmaChan:
 333 0000 00       		.space	1
 334 0001 000000   		.space	3
 335              		.type	DVDAC_ditheredValues, %object
 336              		.size	DVDAC_ditheredValues, 16
 337              	DVDAC_ditheredValues:
 338 0004 00000000 		.space	16
 338      00000000 
 338      00000000 
 338      00000000 
 339              		.type	DVDAC_initVar, %object
 340              		.size	DVDAC_initVar, 1
 341              	DVDAC_initVar:
 342 0014 00       		.space	1
 343 0015 000000   		.text
 344              	.Letext0:
 345              		.file 2 ".\\Generated_Source\\PSoC5\\cytypes.h"
 346              		.file 3 ".\\Generated_Source\\PSoC5\\DVDAC_DMA_dma.H"
 347              		.file 4 ".\\Generated_Source\\PSoC5\\CyDmac.h"
 348              		.file 5 ".\\Generated_Source\\PSoC5\\DVDAC_VDAC8.h"
 349              		.file 6 ".\\Generated_Source\\PSoC5\\DVDAC_IntClock.h"
 350              		.file 7 ".\\Generated_Source\\PSoC5\\CyLib.h"
 351              		.section	.debug_info,"",%progbits
 352              	.Ldebug_info0:
 353 0000 A0030000 		.4byte	0x3a0
 354 0004 0400     		.2byte	0x4
 355 0006 00000000 		.4byte	.Ldebug_abbrev0
 356 000a 04       		.byte	0x4
 357 000b 01       		.uleb128 0x1
 358 000c BC010000 		.4byte	.LASF39
 359 0010 01       		.byte	0x1
 360 0011 93020000 		.4byte	.LASF40
 361 0015 0B000000 		.4byte	.LASF41
 362 0019 00000000 		.4byte	.Ldebug_ranges0+0
 363 001d 00000000 		.4byte	0
 364 0021 00000000 		.4byte	.Ldebug_line0
 365 0025 02       		.uleb128 0x2
 366 0026 01       		.byte	0x1
 367 0027 06       		.byte	0x6
ARM GAS  C:\Users\BRYANO~1\AppData\Local\Temp\ccrteNY1.s 			page 13


 368 0028 18030000 		.4byte	.LASF0
 369 002c 02       		.uleb128 0x2
 370 002d 01       		.byte	0x1
 371 002e 08       		.byte	0x8
 372 002f 29010000 		.4byte	.LASF1
 373 0033 02       		.uleb128 0x2
 374 0034 02       		.byte	0x2
 375 0035 05       		.byte	0x5
 376 0036 E2020000 		.4byte	.LASF2
 377 003a 02       		.uleb128 0x2
 378 003b 02       		.byte	0x2
 379 003c 07       		.byte	0x7
 380 003d D3000000 		.4byte	.LASF3
 381 0041 02       		.uleb128 0x2
 382 0042 04       		.byte	0x4
 383 0043 05       		.byte	0x5
 384 0044 0F030000 		.4byte	.LASF4
 385 0048 02       		.uleb128 0x2
 386 0049 04       		.byte	0x4
 387 004a 07       		.byte	0x7
 388 004b 54010000 		.4byte	.LASF5
 389 004f 02       		.uleb128 0x2
 390 0050 08       		.byte	0x8
 391 0051 05       		.byte	0x5
 392 0052 CF020000 		.4byte	.LASF6
 393 0056 02       		.uleb128 0x2
 394 0057 08       		.byte	0x8
 395 0058 07       		.byte	0x7
 396 0059 70020000 		.4byte	.LASF7
 397 005d 03       		.uleb128 0x3
 398 005e 04       		.byte	0x4
 399 005f 05       		.byte	0x5
 400 0060 696E7400 		.ascii	"int\000"
 401 0064 02       		.uleb128 0x2
 402 0065 04       		.byte	0x4
 403 0066 07       		.byte	0x7
 404 0067 4A020000 		.4byte	.LASF8
 405 006b 04       		.uleb128 0x4
 406 006c 66010000 		.4byte	.LASF9
 407 0070 02       		.byte	0x2
 408 0071 9201     		.2byte	0x192
 409 0073 2C000000 		.4byte	0x2c
 410 0077 04       		.uleb128 0x4
 411 0078 A5010000 		.4byte	.LASF10
 412 007c 02       		.byte	0x2
 413 007d 9301     		.2byte	0x193
 414 007f 3A000000 		.4byte	0x3a
 415 0083 04       		.uleb128 0x4
 416 0084 B5010000 		.4byte	.LASF11
 417 0088 02       		.byte	0x2
 418 0089 9401     		.2byte	0x194
 419 008b 48000000 		.4byte	0x48
 420 008f 02       		.uleb128 0x2
 421 0090 04       		.byte	0x4
 422 0091 04       		.byte	0x4
 423 0092 16010000 		.4byte	.LASF12
 424 0096 02       		.uleb128 0x2
ARM GAS  C:\Users\BRYANO~1\AppData\Local\Temp\ccrteNY1.s 			page 14


 425 0097 08       		.byte	0x8
 426 0098 04       		.byte	0x4
 427 0099 90010000 		.4byte	.LASF13
 428 009d 02       		.uleb128 0x2
 429 009e 01       		.byte	0x1
 430 009f 08       		.byte	0x8
 431 00a0 DD020000 		.4byte	.LASF14
 432 00a4 04       		.uleb128 0x4
 433 00a5 AC010000 		.4byte	.LASF15
 434 00a9 02       		.byte	0x2
 435 00aa 3402     		.2byte	0x234
 436 00ac 48000000 		.4byte	0x48
 437 00b0 04       		.uleb128 0x4
 438 00b1 37010000 		.4byte	.LASF16
 439 00b5 02       		.byte	0x2
 440 00b6 3C02     		.2byte	0x23c
 441 00b8 BC000000 		.4byte	0xbc
 442 00bc 05       		.uleb128 0x5
 443 00bd 6B000000 		.4byte	0x6b
 444 00c1 02       		.uleb128 0x2
 445 00c2 04       		.byte	0x4
 446 00c3 07       		.byte	0x7
 447 00c4 C6020000 		.4byte	.LASF17
 448 00c8 06       		.uleb128 0x6
 449 00c9 70000000 		.4byte	.LASF42
 450 00cd 01       		.byte	0x1
 451 00ce FE       		.byte	0xfe
 452 00cf 00000000 		.4byte	.LFB5
 453 00d3 4C000000 		.4byte	.LFE5-.LFB5
 454 00d7 01       		.uleb128 0x1
 455 00d8 9C       		.byte	0x9c
 456 00d9 49010000 		.4byte	0x149
 457 00dd 07       		.uleb128 0x7
 458 00de 12000000 		.4byte	.LVL0
 459 00e2 B8020000 		.4byte	0x2b8
 460 00e6 03010000 		.4byte	0x103
 461 00ea 08       		.uleb128 0x8
 462 00eb 01       		.uleb128 0x1
 463 00ec 53       		.byte	0x53
 464 00ed 03       		.uleb128 0x3
 465 00ee 0A       		.byte	0xa
 466 00ef 0040     		.2byte	0x4000
 467 00f1 08       		.uleb128 0x8
 468 00f2 01       		.uleb128 0x1
 469 00f3 52       		.byte	0x52
 470 00f4 03       		.uleb128 0x3
 471 00f5 0A       		.byte	0xa
 472 00f6 FF1F     		.2byte	0x1fff
 473 00f8 08       		.uleb128 0x8
 474 00f9 01       		.uleb128 0x1
 475 00fa 51       		.byte	0x51
 476 00fb 01       		.uleb128 0x1
 477 00fc 31       		.byte	0x31
 478 00fd 08       		.uleb128 0x8
 479 00fe 01       		.uleb128 0x1
 480 00ff 50       		.byte	0x50
 481 0100 01       		.uleb128 0x1
ARM GAS  C:\Users\BRYANO~1\AppData\Local\Temp\ccrteNY1.s 			page 15


 482 0101 31       		.byte	0x31
 483 0102 00       		.byte	0
 484 0103 09       		.uleb128 0x9
 485 0104 1E000000 		.4byte	.LVL1
 486 0108 DC020000 		.4byte	0x2dc
 487 010c 07       		.uleb128 0x7
 488 010d 2C000000 		.4byte	.LVL2
 489 0111 E7020000 		.4byte	0x2e7
 490 0115 24010000 		.4byte	0x124
 491 0119 08       		.uleb128 0x8
 492 011a 01       		.uleb128 0x1
 493 011b 53       		.byte	0x53
 494 011c 01       		.uleb128 0x1
 495 011d 31       		.byte	0x31
 496 011e 08       		.uleb128 0x8
 497 011f 01       		.uleb128 0x1
 498 0120 51       		.byte	0x51
 499 0121 01       		.uleb128 0x1
 500 0122 40       		.byte	0x40
 501 0123 00       		.byte	0
 502 0124 07       		.uleb128 0x7
 503 0125 38000000 		.4byte	.LVL3
 504 0129 0B030000 		.4byte	0x30b
 505 012d 3F010000 		.4byte	0x13f
 506 0131 08       		.uleb128 0x8
 507 0132 01       		.uleb128 0x1
 508 0133 52       		.byte	0x52
 509 0134 03       		.uleb128 0x3
 510 0135 0A       		.byte	0xa
 511 0136 825B     		.2byte	0x5b82
 512 0138 08       		.uleb128 0x8
 513 0139 01       		.uleb128 0x1
 514 013a 51       		.byte	0x51
 515 013b 02       		.uleb128 0x2
 516 013c 75       		.byte	0x75
 517 013d 00       		.sleb128 0
 518 013e 00       		.byte	0
 519 013f 09       		.uleb128 0x9
 520 0140 40000000 		.4byte	.LVL4
 521 0144 2A030000 		.4byte	0x32a
 522 0148 00       		.byte	0
 523 0149 0A       		.uleb128 0xa
 524 014a B4020000 		.4byte	.LASF18
 525 014e 01       		.byte	0x1
 526 014f 3D       		.byte	0x3d
 527 0150 00000000 		.4byte	.LFB0
 528 0154 18000000 		.4byte	.LFE0-.LFB0
 529 0158 01       		.uleb128 0x1
 530 0159 9C       		.byte	0x9c
 531 015a 71010000 		.4byte	0x171
 532 015e 09       		.uleb128 0x9
 533 015f 06000000 		.4byte	.LVL5
 534 0163 44030000 		.4byte	0x344
 535 0167 09       		.uleb128 0x9
 536 0168 12000000 		.4byte	.LVL6
 537 016c C8000000 		.4byte	0xc8
 538 0170 00       		.byte	0
ARM GAS  C:\Users\BRYANO~1\AppData\Local\Temp\ccrteNY1.s 			page 16


 539 0171 0A       		.uleb128 0xa
 540 0172 1C010000 		.4byte	.LASF19
 541 0176 01       		.byte	0x1
 542 0177 5B       		.byte	0x5b
 543 0178 00000000 		.4byte	.LFB1
 544 017c 1C000000 		.4byte	.LFE1-.LFB1
 545 0180 01       		.uleb128 0x1
 546 0181 9C       		.byte	0x9c
 547 0182 AC010000 		.4byte	0x1ac
 548 0186 07       		.uleb128 0x7
 549 0187 0C000000 		.4byte	.LVL7
 550 018b 4B030000 		.4byte	0x34b
 551 018f 99010000 		.4byte	0x199
 552 0193 08       		.uleb128 0x8
 553 0194 01       		.uleb128 0x1
 554 0195 51       		.byte	0x51
 555 0196 01       		.uleb128 0x1
 556 0197 31       		.byte	0x31
 557 0198 00       		.byte	0
 558 0199 09       		.uleb128 0x9
 559 019a 10000000 		.4byte	.LVL8
 560 019e 65030000 		.4byte	0x365
 561 01a2 09       		.uleb128 0x9
 562 01a3 14000000 		.4byte	.LVL9
 563 01a7 6C030000 		.4byte	0x36c
 564 01ab 00       		.byte	0
 565 01ac 0A       		.uleb128 0xa
 566 01ad FA000000 		.4byte	.LASF20
 567 01b1 01       		.byte	0x1
 568 01b2 86       		.byte	0x86
 569 01b3 00000000 		.4byte	.LFB2
 570 01b7 1C000000 		.4byte	.LFE2-.LFB2
 571 01bb 01       		.uleb128 0x1
 572 01bc 9C       		.byte	0x9c
 573 01bd D4010000 		.4byte	0x1d4
 574 01c1 09       		.uleb128 0x9
 575 01c2 0C000000 		.4byte	.LVL10
 576 01c6 49010000 		.4byte	0x149
 577 01ca 09       		.uleb128 0x9
 578 01cb 16000000 		.4byte	.LVL11
 579 01cf 71010000 		.4byte	0x171
 580 01d3 00       		.byte	0
 581 01d4 0A       		.uleb128 0xa
 582 01d5 00000000 		.4byte	.LASF21
 583 01d9 01       		.byte	0x1
 584 01da A4       		.byte	0xa4
 585 01db 00000000 		.4byte	.LFB3
 586 01df 18000000 		.4byte	.LFE3-.LFB3
 587 01e3 01       		.uleb128 0x1
 588 01e4 9C       		.byte	0x9c
 589 01e5 05020000 		.4byte	0x205
 590 01e9 09       		.uleb128 0x9
 591 01ea 06000000 		.4byte	.LVL12
 592 01ee 73030000 		.4byte	0x373
 593 01f2 09       		.uleb128 0x9
 594 01f3 0E000000 		.4byte	.LVL13
 595 01f7 7A030000 		.4byte	0x37a
ARM GAS  C:\Users\BRYANO~1\AppData\Local\Temp\ccrteNY1.s 			page 17


 596 01fb 09       		.uleb128 0x9
 597 01fc 12000000 		.4byte	.LVL14
 598 0200 8F030000 		.4byte	0x38f
 599 0204 00       		.byte	0
 600 0205 0A       		.uleb128 0xa
 601 0206 61020000 		.4byte	.LASF22
 602 020a 01       		.byte	0x1
 603 020b CF       		.byte	0xcf
 604 020c 00000000 		.4byte	.LFB4
 605 0210 5C000000 		.4byte	.LFE4-.LFB4
 606 0214 01       		.uleb128 0x1
 607 0215 9C       		.byte	0x9c
 608 0216 64020000 		.4byte	0x264
 609 021a 0B       		.uleb128 0xb
 610 021b A3000000 		.4byte	.LASF43
 611 021f 01       		.byte	0x1
 612 0220 CF       		.byte	0xcf
 613 0221 77000000 		.4byte	0x77
 614 0225 00000000 		.4byte	.LLST0
 615 0229 0C       		.uleb128 0xc
 616 022a 41030000 		.4byte	.LASF23
 617 022e 01       		.byte	0x1
 618 022f D1       		.byte	0xd1
 619 0230 6B000000 		.4byte	0x6b
 620 0234 21000000 		.4byte	.LLST1
 621 0238 0C       		.uleb128 0xc
 622 0239 57020000 		.4byte	.LASF24
 623 023d 01       		.byte	0x1
 624 023e D2       		.byte	0xd2
 625 023f 6B000000 		.4byte	0x6b
 626 0243 34000000 		.4byte	.LLST2
 627 0247 0D       		.uleb128 0xd
 628 0248 6900     		.ascii	"i\000"
 629 024a 01       		.byte	0x1
 630 024b D3       		.byte	0xd3
 631 024c 6B000000 		.4byte	0x6b
 632 0250 47000000 		.4byte	.LLST3
 633 0254 0E       		.uleb128 0xe
 634 0255 16000000 		.4byte	.LVL19
 635 0259 96030000 		.4byte	0x396
 636 025d 08       		.uleb128 0x8
 637 025e 01       		.uleb128 0x1
 638 025f 50       		.byte	0x50
 639 0260 01       		.uleb128 0x1
 640 0261 30       		.byte	0x30
 641 0262 00       		.byte	0
 642 0263 00       		.byte	0
 643 0264 0F       		.uleb128 0xf
 644 0265 6B000000 		.4byte	0x6b
 645 0269 74020000 		.4byte	0x274
 646 026d 10       		.uleb128 0x10
 647 026e C1000000 		.4byte	0xc1
 648 0272 0F       		.byte	0xf
 649 0273 00       		.byte	0
 650 0274 11       		.uleb128 0x11
 651 0275 EC020000 		.4byte	.LASF25
 652 0279 01       		.byte	0x1
ARM GAS  C:\Users\BRYANO~1\AppData\Local\Temp\ccrteNY1.s 			page 18


 653 027a 19       		.byte	0x19
 654 027b 64020000 		.4byte	0x264
 655 027f 05       		.uleb128 0x5
 656 0280 03       		.byte	0x3
 657 0281 04000000 		.4byte	DVDAC_ditheredValues
 658 0285 11       		.uleb128 0x11
 659 0286 33030000 		.4byte	.LASF26
 660 028a 01       		.byte	0x1
 661 028b 1F       		.byte	0x1f
 662 028c 6B000000 		.4byte	0x6b
 663 0290 05       		.uleb128 0x5
 664 0291 03       		.byte	0x3
 665 0292 00000000 		.4byte	DVDAC_dmaChan
 666 0296 11       		.uleb128 0x11
 667 0297 87020000 		.4byte	.LASF27
 668 029b 01       		.byte	0x1
 669 029c 20       		.byte	0x20
 670 029d 6B000000 		.4byte	0x6b
 671 02a1 05       		.uleb128 0x5
 672 02a2 03       		.byte	0x3
 673 02a3 00000000 		.4byte	DVDAC_dmaTd
 674 02a7 12       		.uleb128 0x12
 675 02a8 01030000 		.4byte	.LASF44
 676 02ac 01       		.byte	0x1
 677 02ad 1D       		.byte	0x1d
 678 02ae 6B000000 		.4byte	0x6b
 679 02b2 05       		.uleb128 0x5
 680 02b3 03       		.byte	0x3
 681 02b4 00000000 		.4byte	DVDAC_initVar
 682 02b8 13       		.uleb128 0x13
 683 02b9 BB000000 		.4byte	.LASF28
 684 02bd 03       		.byte	0x3
 685 02be 1E       		.byte	0x1e
 686 02bf 6B000000 		.4byte	0x6b
 687 02c3 DC020000 		.4byte	0x2dc
 688 02c7 14       		.uleb128 0x14
 689 02c8 6B000000 		.4byte	0x6b
 690 02cc 14       		.uleb128 0x14
 691 02cd 6B000000 		.4byte	0x6b
 692 02d1 14       		.uleb128 0x14
 693 02d2 77000000 		.4byte	0x77
 694 02d6 14       		.uleb128 0x14
 695 02d7 77000000 		.4byte	0x77
 696 02db 00       		.byte	0
 697 02dc 15       		.uleb128 0x15
 698 02dd 06010000 		.4byte	.LASF45
 699 02e1 04       		.byte	0x4
 700 02e2 38       		.byte	0x38
 701 02e3 6B000000 		.4byte	0x6b
 702 02e7 13       		.uleb128 0x13
 703 02e8 3C010000 		.4byte	.LASF29
 704 02ec 04       		.byte	0x4
 705 02ed 3B       		.byte	0x3b
 706 02ee A4000000 		.4byte	0xa4
 707 02f2 0B030000 		.4byte	0x30b
 708 02f6 14       		.uleb128 0x14
 709 02f7 6B000000 		.4byte	0x6b
ARM GAS  C:\Users\BRYANO~1\AppData\Local\Temp\ccrteNY1.s 			page 19


 710 02fb 14       		.uleb128 0x14
 711 02fc 77000000 		.4byte	0x77
 712 0300 14       		.uleb128 0x14
 713 0301 6B000000 		.4byte	0x6b
 714 0305 14       		.uleb128 0x14
 715 0306 6B000000 		.4byte	0x6b
 716 030a 00       		.byte	0
 717 030b 13       		.uleb128 0x13
 718 030c A9000000 		.4byte	.LASF30
 719 0310 04       		.byte	0x4
 720 0311 3F       		.byte	0x3f
 721 0312 A4000000 		.4byte	0xa4
 722 0316 2A030000 		.4byte	0x32a
 723 031a 14       		.uleb128 0x14
 724 031b 6B000000 		.4byte	0x6b
 725 031f 14       		.uleb128 0x14
 726 0320 77000000 		.4byte	0x77
 727 0324 14       		.uleb128 0x14
 728 0325 77000000 		.4byte	0x77
 729 0329 00       		.byte	0
 730 032a 13       		.uleb128 0x13
 731 032b E6000000 		.4byte	.LASF31
 732 032f 04       		.byte	0x4
 733 0330 2F       		.byte	0x2f
 734 0331 A4000000 		.4byte	0xa4
 735 0335 44030000 		.4byte	0x344
 736 0339 14       		.uleb128 0x14
 737 033a 6B000000 		.4byte	0x6b
 738 033e 14       		.uleb128 0x14
 739 033f 6B000000 		.4byte	0x6b
 740 0343 00       		.byte	0
 741 0344 16       		.uleb128 0x16
 742 0345 92000000 		.4byte	.LASF33
 743 0349 05       		.byte	0x5
 744 034a 39       		.byte	0x39
 745 034b 13       		.uleb128 0x13
 746 034c 97010000 		.4byte	.LASF32
 747 0350 04       		.byte	0x4
 748 0351 29       		.byte	0x29
 749 0352 A4000000 		.4byte	0xa4
 750 0356 65030000 		.4byte	0x365
 751 035a 14       		.uleb128 0x14
 752 035b 6B000000 		.4byte	0x6b
 753 035f 14       		.uleb128 0x14
 754 0360 6B000000 		.4byte	0x6b
 755 0364 00       		.byte	0
 756 0365 16       		.uleb128 0x16
 757 0366 4A030000 		.4byte	.LASF34
 758 036a 06       		.byte	0x6
 759 036b 27       		.byte	0x27
 760 036c 16       		.uleb128 0x16
 761 036d 6C010000 		.4byte	.LASF35
 762 0371 05       		.byte	0x5
 763 0372 3A       		.byte	0x3a
 764 0373 16       		.uleb128 0x16
 765 0374 7E000000 		.4byte	.LASF36
 766 0378 06       		.byte	0x6
ARM GAS  C:\Users\BRYANO~1\AppData\Local\Temp\ccrteNY1.s 			page 20


 767 0379 28       		.byte	0x28
 768 037a 13       		.uleb128 0x13
 769 037b 24030000 		.4byte	.LASF37
 770 037f 04       		.byte	0x4
 771 0380 2A       		.byte	0x2a
 772 0381 A4000000 		.4byte	0xa4
 773 0385 8F030000 		.4byte	0x38f
 774 0389 14       		.uleb128 0x14
 775 038a 6B000000 		.4byte	0x6b
 776 038e 00       		.byte	0
 777 038f 16       		.uleb128 0x16
 778 0390 7F010000 		.4byte	.LASF38
 779 0394 05       		.byte	0x5
 780 0395 34       		.byte	0x34
 781 0396 17       		.uleb128 0x17
 782 0397 BF020000 		.4byte	.LASF46
 783 039b 07       		.byte	0x7
 784 039c 7F       		.byte	0x7f
 785 039d 14       		.uleb128 0x14
 786 039e 6B000000 		.4byte	0x6b
 787 03a2 00       		.byte	0
 788 03a3 00       		.byte	0
 789              		.section	.debug_abbrev,"",%progbits
 790              	.Ldebug_abbrev0:
 791 0000 01       		.uleb128 0x1
 792 0001 11       		.uleb128 0x11
 793 0002 01       		.byte	0x1
 794 0003 25       		.uleb128 0x25
 795 0004 0E       		.uleb128 0xe
 796 0005 13       		.uleb128 0x13
 797 0006 0B       		.uleb128 0xb
 798 0007 03       		.uleb128 0x3
 799 0008 0E       		.uleb128 0xe
 800 0009 1B       		.uleb128 0x1b
 801 000a 0E       		.uleb128 0xe
 802 000b 55       		.uleb128 0x55
 803 000c 17       		.uleb128 0x17
 804 000d 11       		.uleb128 0x11
 805 000e 01       		.uleb128 0x1
 806 000f 10       		.uleb128 0x10
 807 0010 17       		.uleb128 0x17
 808 0011 00       		.byte	0
 809 0012 00       		.byte	0
 810 0013 02       		.uleb128 0x2
 811 0014 24       		.uleb128 0x24
 812 0015 00       		.byte	0
 813 0016 0B       		.uleb128 0xb
 814 0017 0B       		.uleb128 0xb
 815 0018 3E       		.uleb128 0x3e
 816 0019 0B       		.uleb128 0xb
 817 001a 03       		.uleb128 0x3
 818 001b 0E       		.uleb128 0xe
 819 001c 00       		.byte	0
 820 001d 00       		.byte	0
 821 001e 03       		.uleb128 0x3
 822 001f 24       		.uleb128 0x24
 823 0020 00       		.byte	0
ARM GAS  C:\Users\BRYANO~1\AppData\Local\Temp\ccrteNY1.s 			page 21


 824 0021 0B       		.uleb128 0xb
 825 0022 0B       		.uleb128 0xb
 826 0023 3E       		.uleb128 0x3e
 827 0024 0B       		.uleb128 0xb
 828 0025 03       		.uleb128 0x3
 829 0026 08       		.uleb128 0x8
 830 0027 00       		.byte	0
 831 0028 00       		.byte	0
 832 0029 04       		.uleb128 0x4
 833 002a 16       		.uleb128 0x16
 834 002b 00       		.byte	0
 835 002c 03       		.uleb128 0x3
 836 002d 0E       		.uleb128 0xe
 837 002e 3A       		.uleb128 0x3a
 838 002f 0B       		.uleb128 0xb
 839 0030 3B       		.uleb128 0x3b
 840 0031 05       		.uleb128 0x5
 841 0032 49       		.uleb128 0x49
 842 0033 13       		.uleb128 0x13
 843 0034 00       		.byte	0
 844 0035 00       		.byte	0
 845 0036 05       		.uleb128 0x5
 846 0037 35       		.uleb128 0x35
 847 0038 00       		.byte	0
 848 0039 49       		.uleb128 0x49
 849 003a 13       		.uleb128 0x13
 850 003b 00       		.byte	0
 851 003c 00       		.byte	0
 852 003d 06       		.uleb128 0x6
 853 003e 2E       		.uleb128 0x2e
 854 003f 01       		.byte	0x1
 855 0040 03       		.uleb128 0x3
 856 0041 0E       		.uleb128 0xe
 857 0042 3A       		.uleb128 0x3a
 858 0043 0B       		.uleb128 0xb
 859 0044 3B       		.uleb128 0x3b
 860 0045 0B       		.uleb128 0xb
 861 0046 27       		.uleb128 0x27
 862 0047 19       		.uleb128 0x19
 863 0048 11       		.uleb128 0x11
 864 0049 01       		.uleb128 0x1
 865 004a 12       		.uleb128 0x12
 866 004b 06       		.uleb128 0x6
 867 004c 40       		.uleb128 0x40
 868 004d 18       		.uleb128 0x18
 869 004e 9742     		.uleb128 0x2117
 870 0050 19       		.uleb128 0x19
 871 0051 01       		.uleb128 0x1
 872 0052 13       		.uleb128 0x13
 873 0053 00       		.byte	0
 874 0054 00       		.byte	0
 875 0055 07       		.uleb128 0x7
 876 0056 898201   		.uleb128 0x4109
 877 0059 01       		.byte	0x1
 878 005a 11       		.uleb128 0x11
 879 005b 01       		.uleb128 0x1
 880 005c 31       		.uleb128 0x31
ARM GAS  C:\Users\BRYANO~1\AppData\Local\Temp\ccrteNY1.s 			page 22


 881 005d 13       		.uleb128 0x13
 882 005e 01       		.uleb128 0x1
 883 005f 13       		.uleb128 0x13
 884 0060 00       		.byte	0
 885 0061 00       		.byte	0
 886 0062 08       		.uleb128 0x8
 887 0063 8A8201   		.uleb128 0x410a
 888 0066 00       		.byte	0
 889 0067 02       		.uleb128 0x2
 890 0068 18       		.uleb128 0x18
 891 0069 9142     		.uleb128 0x2111
 892 006b 18       		.uleb128 0x18
 893 006c 00       		.byte	0
 894 006d 00       		.byte	0
 895 006e 09       		.uleb128 0x9
 896 006f 898201   		.uleb128 0x4109
 897 0072 00       		.byte	0
 898 0073 11       		.uleb128 0x11
 899 0074 01       		.uleb128 0x1
 900 0075 31       		.uleb128 0x31
 901 0076 13       		.uleb128 0x13
 902 0077 00       		.byte	0
 903 0078 00       		.byte	0
 904 0079 0A       		.uleb128 0xa
 905 007a 2E       		.uleb128 0x2e
 906 007b 01       		.byte	0x1
 907 007c 3F       		.uleb128 0x3f
 908 007d 19       		.uleb128 0x19
 909 007e 03       		.uleb128 0x3
 910 007f 0E       		.uleb128 0xe
 911 0080 3A       		.uleb128 0x3a
 912 0081 0B       		.uleb128 0xb
 913 0082 3B       		.uleb128 0x3b
 914 0083 0B       		.uleb128 0xb
 915 0084 27       		.uleb128 0x27
 916 0085 19       		.uleb128 0x19
 917 0086 11       		.uleb128 0x11
 918 0087 01       		.uleb128 0x1
 919 0088 12       		.uleb128 0x12
 920 0089 06       		.uleb128 0x6
 921 008a 40       		.uleb128 0x40
 922 008b 18       		.uleb128 0x18
 923 008c 9742     		.uleb128 0x2117
 924 008e 19       		.uleb128 0x19
 925 008f 01       		.uleb128 0x1
 926 0090 13       		.uleb128 0x13
 927 0091 00       		.byte	0
 928 0092 00       		.byte	0
 929 0093 0B       		.uleb128 0xb
 930 0094 05       		.uleb128 0x5
 931 0095 00       		.byte	0
 932 0096 03       		.uleb128 0x3
 933 0097 0E       		.uleb128 0xe
 934 0098 3A       		.uleb128 0x3a
 935 0099 0B       		.uleb128 0xb
 936 009a 3B       		.uleb128 0x3b
 937 009b 0B       		.uleb128 0xb
ARM GAS  C:\Users\BRYANO~1\AppData\Local\Temp\ccrteNY1.s 			page 23


 938 009c 49       		.uleb128 0x49
 939 009d 13       		.uleb128 0x13
 940 009e 02       		.uleb128 0x2
 941 009f 17       		.uleb128 0x17
 942 00a0 00       		.byte	0
 943 00a1 00       		.byte	0
 944 00a2 0C       		.uleb128 0xc
 945 00a3 34       		.uleb128 0x34
 946 00a4 00       		.byte	0
 947 00a5 03       		.uleb128 0x3
 948 00a6 0E       		.uleb128 0xe
 949 00a7 3A       		.uleb128 0x3a
 950 00a8 0B       		.uleb128 0xb
 951 00a9 3B       		.uleb128 0x3b
 952 00aa 0B       		.uleb128 0xb
 953 00ab 49       		.uleb128 0x49
 954 00ac 13       		.uleb128 0x13
 955 00ad 02       		.uleb128 0x2
 956 00ae 17       		.uleb128 0x17
 957 00af 00       		.byte	0
 958 00b0 00       		.byte	0
 959 00b1 0D       		.uleb128 0xd
 960 00b2 34       		.uleb128 0x34
 961 00b3 00       		.byte	0
 962 00b4 03       		.uleb128 0x3
 963 00b5 08       		.uleb128 0x8
 964 00b6 3A       		.uleb128 0x3a
 965 00b7 0B       		.uleb128 0xb
 966 00b8 3B       		.uleb128 0x3b
 967 00b9 0B       		.uleb128 0xb
 968 00ba 49       		.uleb128 0x49
 969 00bb 13       		.uleb128 0x13
 970 00bc 02       		.uleb128 0x2
 971 00bd 17       		.uleb128 0x17
 972 00be 00       		.byte	0
 973 00bf 00       		.byte	0
 974 00c0 0E       		.uleb128 0xe
 975 00c1 898201   		.uleb128 0x4109
 976 00c4 01       		.byte	0x1
 977 00c5 11       		.uleb128 0x11
 978 00c6 01       		.uleb128 0x1
 979 00c7 31       		.uleb128 0x31
 980 00c8 13       		.uleb128 0x13
 981 00c9 00       		.byte	0
 982 00ca 00       		.byte	0
 983 00cb 0F       		.uleb128 0xf
 984 00cc 01       		.uleb128 0x1
 985 00cd 01       		.byte	0x1
 986 00ce 49       		.uleb128 0x49
 987 00cf 13       		.uleb128 0x13
 988 00d0 01       		.uleb128 0x1
 989 00d1 13       		.uleb128 0x13
 990 00d2 00       		.byte	0
 991 00d3 00       		.byte	0
 992 00d4 10       		.uleb128 0x10
 993 00d5 21       		.uleb128 0x21
 994 00d6 00       		.byte	0
ARM GAS  C:\Users\BRYANO~1\AppData\Local\Temp\ccrteNY1.s 			page 24


 995 00d7 49       		.uleb128 0x49
 996 00d8 13       		.uleb128 0x13
 997 00d9 2F       		.uleb128 0x2f
 998 00da 0B       		.uleb128 0xb
 999 00db 00       		.byte	0
 1000 00dc 00       		.byte	0
 1001 00dd 11       		.uleb128 0x11
 1002 00de 34       		.uleb128 0x34
 1003 00df 00       		.byte	0
 1004 00e0 03       		.uleb128 0x3
 1005 00e1 0E       		.uleb128 0xe
 1006 00e2 3A       		.uleb128 0x3a
 1007 00e3 0B       		.uleb128 0xb
 1008 00e4 3B       		.uleb128 0x3b
 1009 00e5 0B       		.uleb128 0xb
 1010 00e6 49       		.uleb128 0x49
 1011 00e7 13       		.uleb128 0x13
 1012 00e8 02       		.uleb128 0x2
 1013 00e9 18       		.uleb128 0x18
 1014 00ea 00       		.byte	0
 1015 00eb 00       		.byte	0
 1016 00ec 12       		.uleb128 0x12
 1017 00ed 34       		.uleb128 0x34
 1018 00ee 00       		.byte	0
 1019 00ef 03       		.uleb128 0x3
 1020 00f0 0E       		.uleb128 0xe
 1021 00f1 3A       		.uleb128 0x3a
 1022 00f2 0B       		.uleb128 0xb
 1023 00f3 3B       		.uleb128 0x3b
 1024 00f4 0B       		.uleb128 0xb
 1025 00f5 49       		.uleb128 0x49
 1026 00f6 13       		.uleb128 0x13
 1027 00f7 3F       		.uleb128 0x3f
 1028 00f8 19       		.uleb128 0x19
 1029 00f9 02       		.uleb128 0x2
 1030 00fa 18       		.uleb128 0x18
 1031 00fb 00       		.byte	0
 1032 00fc 00       		.byte	0
 1033 00fd 13       		.uleb128 0x13
 1034 00fe 2E       		.uleb128 0x2e
 1035 00ff 01       		.byte	0x1
 1036 0100 3F       		.uleb128 0x3f
 1037 0101 19       		.uleb128 0x19
 1038 0102 03       		.uleb128 0x3
 1039 0103 0E       		.uleb128 0xe
 1040 0104 3A       		.uleb128 0x3a
 1041 0105 0B       		.uleb128 0xb
 1042 0106 3B       		.uleb128 0x3b
 1043 0107 0B       		.uleb128 0xb
 1044 0108 27       		.uleb128 0x27
 1045 0109 19       		.uleb128 0x19
 1046 010a 49       		.uleb128 0x49
 1047 010b 13       		.uleb128 0x13
 1048 010c 3C       		.uleb128 0x3c
 1049 010d 19       		.uleb128 0x19
 1050 010e 01       		.uleb128 0x1
 1051 010f 13       		.uleb128 0x13
ARM GAS  C:\Users\BRYANO~1\AppData\Local\Temp\ccrteNY1.s 			page 25


 1052 0110 00       		.byte	0
 1053 0111 00       		.byte	0
 1054 0112 14       		.uleb128 0x14
 1055 0113 05       		.uleb128 0x5
 1056 0114 00       		.byte	0
 1057 0115 49       		.uleb128 0x49
 1058 0116 13       		.uleb128 0x13
 1059 0117 00       		.byte	0
 1060 0118 00       		.byte	0
 1061 0119 15       		.uleb128 0x15
 1062 011a 2E       		.uleb128 0x2e
 1063 011b 00       		.byte	0
 1064 011c 3F       		.uleb128 0x3f
 1065 011d 19       		.uleb128 0x19
 1066 011e 03       		.uleb128 0x3
 1067 011f 0E       		.uleb128 0xe
 1068 0120 3A       		.uleb128 0x3a
 1069 0121 0B       		.uleb128 0xb
 1070 0122 3B       		.uleb128 0x3b
 1071 0123 0B       		.uleb128 0xb
 1072 0124 27       		.uleb128 0x27
 1073 0125 19       		.uleb128 0x19
 1074 0126 49       		.uleb128 0x49
 1075 0127 13       		.uleb128 0x13
 1076 0128 3C       		.uleb128 0x3c
 1077 0129 19       		.uleb128 0x19
 1078 012a 00       		.byte	0
 1079 012b 00       		.byte	0
 1080 012c 16       		.uleb128 0x16
 1081 012d 2E       		.uleb128 0x2e
 1082 012e 00       		.byte	0
 1083 012f 3F       		.uleb128 0x3f
 1084 0130 19       		.uleb128 0x19
 1085 0131 03       		.uleb128 0x3
 1086 0132 0E       		.uleb128 0xe
 1087 0133 3A       		.uleb128 0x3a
 1088 0134 0B       		.uleb128 0xb
 1089 0135 3B       		.uleb128 0x3b
 1090 0136 0B       		.uleb128 0xb
 1091 0137 27       		.uleb128 0x27
 1092 0138 19       		.uleb128 0x19
 1093 0139 3C       		.uleb128 0x3c
 1094 013a 19       		.uleb128 0x19
 1095 013b 00       		.byte	0
 1096 013c 00       		.byte	0
 1097 013d 17       		.uleb128 0x17
 1098 013e 2E       		.uleb128 0x2e
 1099 013f 01       		.byte	0x1
 1100 0140 3F       		.uleb128 0x3f
 1101 0141 19       		.uleb128 0x19
 1102 0142 03       		.uleb128 0x3
 1103 0143 0E       		.uleb128 0xe
 1104 0144 3A       		.uleb128 0x3a
 1105 0145 0B       		.uleb128 0xb
 1106 0146 3B       		.uleb128 0x3b
 1107 0147 0B       		.uleb128 0xb
 1108 0148 27       		.uleb128 0x27
ARM GAS  C:\Users\BRYANO~1\AppData\Local\Temp\ccrteNY1.s 			page 26


 1109 0149 19       		.uleb128 0x19
 1110 014a 3C       		.uleb128 0x3c
 1111 014b 19       		.uleb128 0x19
 1112 014c 00       		.byte	0
 1113 014d 00       		.byte	0
 1114 014e 00       		.byte	0
 1115              		.section	.debug_loc,"",%progbits
 1116              	.Ldebug_loc0:
 1117              	.LLST0:
 1118 0000 00000000 		.4byte	.LVL15
 1119 0004 12000000 		.4byte	.LVL18
 1120 0008 0100     		.2byte	0x1
 1121 000a 50       		.byte	0x50
 1122 000b 12000000 		.4byte	.LVL18
 1123 000f 5C000000 		.4byte	.LFE4
 1124 0013 0400     		.2byte	0x4
 1125 0015 F3       		.byte	0xf3
 1126 0016 01       		.uleb128 0x1
 1127 0017 50       		.byte	0x50
 1128 0018 9F       		.byte	0x9f
 1129 0019 00000000 		.4byte	0
 1130 001d 00000000 		.4byte	0
 1131              	.LLST1:
 1132 0021 06000000 		.4byte	.LVL16
 1133 0025 56000000 		.4byte	.LVL28
 1134 0029 0100     		.2byte	0x1
 1135 002b 55       		.byte	0x55
 1136 002c 00000000 		.4byte	0
 1137 0030 00000000 		.4byte	0
 1138              	.LLST2:
 1139 0034 0A000000 		.4byte	.LVL17
 1140 0038 56000000 		.4byte	.LVL28
 1141 003c 0100     		.2byte	0x1
 1142 003e 54       		.byte	0x54
 1143 003f 00000000 		.4byte	0
 1144 0043 00000000 		.4byte	0
 1145              	.LLST3:
 1146 0047 1E000000 		.4byte	.LVL20
 1147 004b 28000000 		.4byte	.LVL21
 1148 004f 0100     		.2byte	0x1
 1149 0051 53       		.byte	0x53
 1150 0052 2A000000 		.4byte	.LVL22
 1151 0056 2C000000 		.4byte	.LVL23
 1152 005a 0100     		.2byte	0x1
 1153 005c 53       		.byte	0x53
 1154 005d 2E000000 		.4byte	.LVL24
 1155 0061 4E000000 		.4byte	.LVL26
 1156 0065 0100     		.2byte	0x1
 1157 0067 53       		.byte	0x53
 1158 0068 50000000 		.4byte	.LVL27
 1159 006c 56000000 		.4byte	.LVL28
 1160 0070 0100     		.2byte	0x1
 1161 0072 53       		.byte	0x53
 1162 0073 00000000 		.4byte	0
 1163 0077 00000000 		.4byte	0
 1164              		.section	.debug_aranges,"",%progbits
 1165 0000 44000000 		.4byte	0x44
ARM GAS  C:\Users\BRYANO~1\AppData\Local\Temp\ccrteNY1.s 			page 27


 1166 0004 0200     		.2byte	0x2
 1167 0006 00000000 		.4byte	.Ldebug_info0
 1168 000a 04       		.byte	0x4
 1169 000b 00       		.byte	0
 1170 000c 0000     		.2byte	0
 1171 000e 0000     		.2byte	0
 1172 0010 00000000 		.4byte	.LFB5
 1173 0014 4C000000 		.4byte	.LFE5-.LFB5
 1174 0018 00000000 		.4byte	.LFB0
 1175 001c 18000000 		.4byte	.LFE0-.LFB0
 1176 0020 00000000 		.4byte	.LFB1
 1177 0024 1C000000 		.4byte	.LFE1-.LFB1
 1178 0028 00000000 		.4byte	.LFB2
 1179 002c 1C000000 		.4byte	.LFE2-.LFB2
 1180 0030 00000000 		.4byte	.LFB3
 1181 0034 18000000 		.4byte	.LFE3-.LFB3
 1182 0038 00000000 		.4byte	.LFB4
 1183 003c 5C000000 		.4byte	.LFE4-.LFB4
 1184 0040 00000000 		.4byte	0
 1185 0044 00000000 		.4byte	0
 1186              		.section	.debug_ranges,"",%progbits
 1187              	.Ldebug_ranges0:
 1188 0000 00000000 		.4byte	.LFB5
 1189 0004 4C000000 		.4byte	.LFE5
 1190 0008 00000000 		.4byte	.LFB0
 1191 000c 18000000 		.4byte	.LFE0
 1192 0010 00000000 		.4byte	.LFB1
 1193 0014 1C000000 		.4byte	.LFE1
 1194 0018 00000000 		.4byte	.LFB2
 1195 001c 1C000000 		.4byte	.LFE2
 1196 0020 00000000 		.4byte	.LFB3
 1197 0024 18000000 		.4byte	.LFE3
 1198 0028 00000000 		.4byte	.LFB4
 1199 002c 5C000000 		.4byte	.LFE4
 1200 0030 00000000 		.4byte	0
 1201 0034 00000000 		.4byte	0
 1202              		.section	.debug_line,"",%progbits
 1203              	.Ldebug_line0:
 1204 0000 38010000 		.section	.debug_str,"MS",%progbits,1
 1204      02009300 
 1204      00000201 
 1204      FB0E0D00 
 1204      01010101 
 1205              	.LASF21:
 1206 0000 44564441 		.ascii	"DVDAC_Stop\000"
 1206      435F5374 
 1206      6F7000
 1207              	.LASF41:
 1208 000b 433A5C55 		.ascii	"C:\\Users\\Bryan Orabutt\\Documents\\GitHub\\Golfca"
 1208      73657273 
 1208      5C427279 
 1208      616E204F 
 1208      72616275 
 1209 0039 72745C50 		.ascii	"rt\\PSOC_PROGRAMS\\PSoC5\\Roadrunner Control System"
 1209      534F435F 
 1209      50524F47 
 1209      52414D53 
ARM GAS  C:\Users\BRYANO~1\AppData\Local\Temp\ccrteNY1.s 			page 28


 1209      5C50536F 
 1210 0069 2E637964 		.ascii	".cydsn\000"
 1210      736E00
 1211              	.LASF42:
 1212 0070 44564441 		.ascii	"DVDAC_InitDma\000"
 1212      435F496E 
 1212      6974446D 
 1212      6100
 1213              	.LASF36:
 1214 007e 44564441 		.ascii	"DVDAC_IntClock_Stop\000"
 1214      435F496E 
 1214      74436C6F 
 1214      636B5F53 
 1214      746F7000 
 1215              	.LASF33:
 1216 0092 44564441 		.ascii	"DVDAC_VDAC8_Init\000"
 1216      435F5644 
 1216      4143385F 
 1216      496E6974 
 1216      00
 1217              	.LASF43:
 1218 00a3 76616C75 		.ascii	"value\000"
 1218      6500
 1219              	.LASF30:
 1220 00a9 4379446D 		.ascii	"CyDmaTdSetAddress\000"
 1220      61546453 
 1220      65744164 
 1220      64726573 
 1220      7300
 1221              	.LASF28:
 1222 00bb 44564441 		.ascii	"DVDAC_DMA_DmaInitialize\000"
 1222      435F444D 
 1222      415F446D 
 1222      61496E69 
 1222      7469616C 
 1223              	.LASF3:
 1224 00d3 73686F72 		.ascii	"short unsigned int\000"
 1224      7420756E 
 1224      7369676E 
 1224      65642069 
 1224      6E7400
 1225              	.LASF31:
 1226 00e6 4379446D 		.ascii	"CyDmaChSetInitialTd\000"
 1226      61436853 
 1226      6574496E 
 1226      69746961 
 1226      6C546400 
 1227              	.LASF20:
 1228 00fa 44564441 		.ascii	"DVDAC_Start\000"
 1228      435F5374 
 1228      61727400 
 1229              	.LASF45:
 1230 0106 4379446D 		.ascii	"CyDmaTdAllocate\000"
 1230      61546441 
 1230      6C6C6F63 
 1230      61746500 
 1231              	.LASF12:
ARM GAS  C:\Users\BRYANO~1\AppData\Local\Temp\ccrteNY1.s 			page 29


 1232 0116 666C6F61 		.ascii	"float\000"
 1232      7400
 1233              	.LASF19:
 1234 011c 44564441 		.ascii	"DVDAC_Enable\000"
 1234      435F456E 
 1234      61626C65 
 1234      00
 1235              	.LASF1:
 1236 0129 756E7369 		.ascii	"unsigned char\000"
 1236      676E6564 
 1236      20636861 
 1236      7200
 1237              	.LASF16:
 1238 0137 72656738 		.ascii	"reg8\000"
 1238      00
 1239              	.LASF29:
 1240 013c 4379446D 		.ascii	"CyDmaTdSetConfiguration\000"
 1240      61546453 
 1240      6574436F 
 1240      6E666967 
 1240      75726174 
 1241              	.LASF5:
 1242 0154 6C6F6E67 		.ascii	"long unsigned int\000"
 1242      20756E73 
 1242      69676E65 
 1242      6420696E 
 1242      7400
 1243              	.LASF9:
 1244 0166 75696E74 		.ascii	"uint8\000"
 1244      3800
 1245              	.LASF35:
 1246 016c 44564441 		.ascii	"DVDAC_VDAC8_Enable\000"
 1246      435F5644 
 1246      4143385F 
 1246      456E6162 
 1246      6C6500
 1247              	.LASF38:
 1248 017f 44564441 		.ascii	"DVDAC_VDAC8_Stop\000"
 1248      435F5644 
 1248      4143385F 
 1248      53746F70 
 1248      00
 1249              	.LASF13:
 1250 0190 646F7562 		.ascii	"double\000"
 1250      6C6500
 1251              	.LASF32:
 1252 0197 4379446D 		.ascii	"CyDmaChEnable\000"
 1252      61436845 
 1252      6E61626C 
 1252      6500
 1253              	.LASF10:
 1254 01a5 75696E74 		.ascii	"uint16\000"
 1254      313600
 1255              	.LASF15:
 1256 01ac 63797374 		.ascii	"cystatus\000"
 1256      61747573 
 1256      00
ARM GAS  C:\Users\BRYANO~1\AppData\Local\Temp\ccrteNY1.s 			page 30


 1257              	.LASF11:
 1258 01b5 75696E74 		.ascii	"uint32\000"
 1258      333200
 1259              	.LASF39:
 1260 01bc 474E5520 		.ascii	"GNU C 4.9.3 20150303 (release) [ARM/embedded-4_9-br"
 1260      4320342E 
 1260      392E3320 
 1260      32303135 
 1260      30333033 
 1261 01ef 616E6368 		.ascii	"anch revision 221220] -mcpu=cortex-m3 -mthumb -g -O"
 1261      20726576 
 1261      6973696F 
 1261      6E203232 
 1261      31323230 
 1262 0222 67202D66 		.ascii	"g -ffunction-sections -ffat-lto-objects\000"
 1262      66756E63 
 1262      74696F6E 
 1262      2D736563 
 1262      74696F6E 
 1263              	.LASF8:
 1264 024a 756E7369 		.ascii	"unsigned int\000"
 1264      676E6564 
 1264      20696E74 
 1264      00
 1265              	.LASF24:
 1266 0257 68696768 		.ascii	"highCount\000"
 1266      436F756E 
 1266      7400
 1267              	.LASF22:
 1268 0261 44564441 		.ascii	"DVDAC_SetValue\000"
 1268      435F5365 
 1268      7456616C 
 1268      756500
 1269              	.LASF7:
 1270 0270 6C6F6E67 		.ascii	"long long unsigned int\000"
 1270      206C6F6E 
 1270      6720756E 
 1270      7369676E 
 1270      65642069 
 1271              	.LASF27:
 1272 0287 44564441 		.ascii	"DVDAC_dmaTd\000"
 1272      435F646D 
 1272      61546400 
 1273              	.LASF40:
 1274 0293 2E5C4765 		.ascii	".\\Generated_Source\\PSoC5\\DVDAC.c\000"
 1274      6E657261 
 1274      7465645F 
 1274      536F7572 
 1274      63655C50 
 1275              	.LASF18:
 1276 02b4 44564441 		.ascii	"DVDAC_Init\000"
 1276      435F496E 
 1276      697400
 1277              	.LASF46:
 1278 02bf 43794861 		.ascii	"CyHalt\000"
 1278      6C7400
 1279              	.LASF17:
ARM GAS  C:\Users\BRYANO~1\AppData\Local\Temp\ccrteNY1.s 			page 31


 1280 02c6 73697A65 		.ascii	"sizetype\000"
 1280      74797065 
 1280      00
 1281              	.LASF6:
 1282 02cf 6C6F6E67 		.ascii	"long long int\000"
 1282      206C6F6E 
 1282      6720696E 
 1282      7400
 1283              	.LASF14:
 1284 02dd 63686172 		.ascii	"char\000"
 1284      00
 1285              	.LASF2:
 1286 02e2 73686F72 		.ascii	"short int\000"
 1286      7420696E 
 1286      7400
 1287              	.LASF25:
 1288 02ec 44564441 		.ascii	"DVDAC_ditheredValues\000"
 1288      435F6469 
 1288      74686572 
 1288      65645661 
 1288      6C756573 
 1289              	.LASF44:
 1290 0301 44564441 		.ascii	"DVDAC_initVar\000"
 1290      435F696E 
 1290      69745661 
 1290      7200
 1291              	.LASF4:
 1292 030f 6C6F6E67 		.ascii	"long int\000"
 1292      20696E74 
 1292      00
 1293              	.LASF0:
 1294 0318 7369676E 		.ascii	"signed char\000"
 1294      65642063 
 1294      68617200 
 1295              	.LASF37:
 1296 0324 4379446D 		.ascii	"CyDmaChDisable\000"
 1296      61436844 
 1296      69736162 
 1296      6C6500
 1297              	.LASF26:
 1298 0333 44564441 		.ascii	"DVDAC_dmaChan\000"
 1298      435F646D 
 1298      61436861 
 1298      6E00
 1299              	.LASF23:
 1300 0341 6C6F7743 		.ascii	"lowCount\000"
 1300      6F756E74 
 1300      00
 1301              	.LASF34:
 1302 034a 44564441 		.ascii	"DVDAC_IntClock_Start\000"
 1302      435F496E 
 1302      74436C6F 
 1302      636B5F53 
 1302      74617274 
 1303              		.ident	"GCC: (GNU Tools for ARM Embedded Processors) 4.9.3 20150303 (release) [ARM/embedded-4_9-br
