--------------- Build Started: 10/07/2016 22:17:58 Project: Roadrunner Control System, Configuration: ARM GCC 4.9-2015-q1-update Debug ---------------
cydsfit.exe -.appdatapath "C:\Users\Bryan Orabutt\AppData\Local\Cypress Semiconductor\PSoC Creator\3.3" -.fdsnotice -.fdswarpdepfile=warp_dependencies.txt -.fdselabdepfile=elab_dependencies.txt -.fdsbldfile=generated_files.txt -p "C:\Users\Bryan Orabutt\Documents\GitHub\Golfcart\PSOC_PROGRAMS\PSoC5\Roadrunner Control System.cydsn\Roadrunner Control System.cyprj" -d CY8C5888LTI-LP097 -s "C:\Users\Bryan Orabutt\Documents\GitHub\Golfcart\PSOC_PROGRAMS\PSoC5\Roadrunner Control System.cydsn\Generated_Source\PSoC5" -- -yv2 -q10 -ygs -o2 -v3 -.fftcfgtype=LE
Elaborating Design...
ADD: sdb.M0017: error: No drivers on signal "Net_520", bit(s) "0".
 * C:\Users\Bryan Orabutt\Documents\GitHub\Golfcart\PSOC_PROGRAMS\PSoC5\Roadrunner Control System.cydsn\TopDesign\TopDesign.cysch (Signal: Net_520)
 * C:\Users\Bryan Orabutt\Documents\GitHub\Golfcart\PSOC_PROGRAMS\PSoC5\Roadrunner Control System.cydsn\TopDesign\TopDesign.cysch (Shape_133.5)
 * C:\Users\Bryan Orabutt\Documents\GitHub\Golfcart\PSOC_PROGRAMS\PSoC5\Roadrunner Control System.cydsn\TopDesign\TopDesign.cysch (Shape_135)
 * C:\Users\Bryan Orabutt\Documents\GitHub\Golfcart\PSOC_PROGRAMS\PSoC5\Roadrunner Control System.cydsn\TopDesign\TopDesign.cysch (Shape_136)
 * C:\Users\Bryan Orabutt\Documents\GitHub\Golfcart\PSOC_PROGRAMS\PSoC5\Roadrunner Control System.cydsn\TopDesign\TopDesign.cysch (Shape_137)
 * C:\Users\Bryan Orabutt\Documents\GitHub\Golfcart\PSOC_PROGRAMS\PSoC5\Roadrunner Control System.cydsn\TopDesign\TopDesign.cysch (Shape_138)
 * C:\Users\Bryan Orabutt\Documents\GitHub\Golfcart\PSOC_PROGRAMS\PSoC5\Roadrunner Control System.cydsn\TopDesign\TopDesign.cysch (Shape_55.5)
ADD: sdb.M0065: information: Analog terminal "BRAKEPOT.analog_0" on TopDesign is unconnected.
 * C:\Users\Bryan Orabutt\Documents\GitHub\Golfcart\PSOC_PROGRAMS\PSoC5\Roadrunner Control System.cydsn\TopDesign\TopDesign.cysch (Signal: Net_419)
 * C:\Users\Bryan Orabutt\Documents\GitHub\Golfcart\PSOC_PROGRAMS\PSoC5\Roadrunner Control System.cydsn\TopDesign\TopDesign.cysch (Shape_60.1)
 * C:\Users\Bryan Orabutt\Documents\GitHub\Golfcart\PSOC_PROGRAMS\PSoC5\Roadrunner Control System.cydsn\TopDesign\TopDesign.cysch (Shape_62)
ADD: sdb.M0065: information: Analog terminal "STEERPOT.analog_0" on TopDesign is unconnected.
 * C:\Users\Bryan Orabutt\Documents\GitHub\Golfcart\PSOC_PROGRAMS\PSoC5\Roadrunner Control System.cydsn\TopDesign\TopDesign.cysch (Signal: Net_418)
 * C:\Users\Bryan Orabutt\Documents\GitHub\Golfcart\PSOC_PROGRAMS\PSoC5\Roadrunner Control System.cydsn\TopDesign\TopDesign.cysch (Shape_59.1)
 * C:\Users\Bryan Orabutt\Documents\GitHub\Golfcart\PSOC_PROGRAMS\PSoC5\Roadrunner Control System.cydsn\TopDesign\TopDesign.cysch (Shape_61)
Error: cdf.M0005: CyDsFit aborted due to errors, please address all errors and rerun CyDsFit. (App=cydsfit)
--------------- Build Failed: 10/07/2016 22:18:01 ---------------
