ARM GAS  C:\Users\BRYANO~1\AppData\Local\Temp\cclF2IqD.s 			page 1


   1              		.syntax unified
   2              		.cpu cortex-m3
   3              		.fpu softvfp
   4              		.eabi_attribute 20, 1
   5              		.eabi_attribute 21, 1
   6              		.eabi_attribute 23, 3
   7              		.eabi_attribute 24, 1
   8              		.eabi_attribute 25, 1
   9              		.eabi_attribute 26, 1
  10              		.eabi_attribute 30, 1
  11              		.eabi_attribute 34, 1
  12              		.eabi_attribute 18, 4
  13              		.thumb
  14              		.file	"POTADC_PM.c"
  15              		.text
  16              	.Ltext0:
  17              		.cfi_sections	.debug_frame
  18              		.section	.text.POTADC_SaveConfig,"ax",%progbits
  19              		.align	2
  20              		.global	POTADC_SaveConfig
  21              		.thumb
  22              		.thumb_func
  23              		.type	POTADC_SaveConfig, %function
  24              	POTADC_SaveConfig:
  25              	.LFB0:
  26              		.file 1 ".\\Generated_Source\\PSoC5\\POTADC_PM.c"
   1:.\Generated_Source\PSoC5/POTADC_PM.c **** /*******************************************************************************
   2:.\Generated_Source\PSoC5/POTADC_PM.c **** * File Name: POTADC_PM.c
   3:.\Generated_Source\PSoC5/POTADC_PM.c **** * Version 3.0
   4:.\Generated_Source\PSoC5/POTADC_PM.c **** *
   5:.\Generated_Source\PSoC5/POTADC_PM.c **** * Description:
   6:.\Generated_Source\PSoC5/POTADC_PM.c **** *  This file provides Sleep/WakeUp APIs functionality.
   7:.\Generated_Source\PSoC5/POTADC_PM.c **** *
   8:.\Generated_Source\PSoC5/POTADC_PM.c **** * Note:
   9:.\Generated_Source\PSoC5/POTADC_PM.c **** *
  10:.\Generated_Source\PSoC5/POTADC_PM.c **** ********************************************************************************
  11:.\Generated_Source\PSoC5/POTADC_PM.c **** * Copyright 2008-2015, Cypress Semiconductor Corporation.  All rights reserved.
  12:.\Generated_Source\PSoC5/POTADC_PM.c **** * You may use this file only in accordance with the license, terms, conditions,
  13:.\Generated_Source\PSoC5/POTADC_PM.c **** * disclaimers, and limitations in the end user license agreement accompanying
  14:.\Generated_Source\PSoC5/POTADC_PM.c **** * the software package with which this file was provided.
  15:.\Generated_Source\PSoC5/POTADC_PM.c **** *******************************************************************************/
  16:.\Generated_Source\PSoC5/POTADC_PM.c **** 
  17:.\Generated_Source\PSoC5/POTADC_PM.c **** #include "POTADC.h"
  18:.\Generated_Source\PSoC5/POTADC_PM.c **** 
  19:.\Generated_Source\PSoC5/POTADC_PM.c **** 
  20:.\Generated_Source\PSoC5/POTADC_PM.c **** /***************************************
  21:.\Generated_Source\PSoC5/POTADC_PM.c **** * Local data allocation
  22:.\Generated_Source\PSoC5/POTADC_PM.c **** ***************************************/
  23:.\Generated_Source\PSoC5/POTADC_PM.c **** 
  24:.\Generated_Source\PSoC5/POTADC_PM.c **** static POTADC_BACKUP_STRUCT  POTADC_backup =
  25:.\Generated_Source\PSoC5/POTADC_PM.c **** {
  26:.\Generated_Source\PSoC5/POTADC_PM.c ****     POTADC_DISABLED
  27:.\Generated_Source\PSoC5/POTADC_PM.c **** };
  28:.\Generated_Source\PSoC5/POTADC_PM.c **** 
  29:.\Generated_Source\PSoC5/POTADC_PM.c **** 
  30:.\Generated_Source\PSoC5/POTADC_PM.c **** /*******************************************************************************
  31:.\Generated_Source\PSoC5/POTADC_PM.c **** * Function Name: POTADC_SaveConfig
ARM GAS  C:\Users\BRYANO~1\AppData\Local\Temp\cclF2IqD.s 			page 2


  32:.\Generated_Source\PSoC5/POTADC_PM.c **** ********************************************************************************
  33:.\Generated_Source\PSoC5/POTADC_PM.c **** *
  34:.\Generated_Source\PSoC5/POTADC_PM.c **** * Summary:
  35:.\Generated_Source\PSoC5/POTADC_PM.c **** *  Saves the current user configuration.
  36:.\Generated_Source\PSoC5/POTADC_PM.c **** *
  37:.\Generated_Source\PSoC5/POTADC_PM.c **** * Parameters:
  38:.\Generated_Source\PSoC5/POTADC_PM.c **** *  None.
  39:.\Generated_Source\PSoC5/POTADC_PM.c **** *
  40:.\Generated_Source\PSoC5/POTADC_PM.c **** * Return:
  41:.\Generated_Source\PSoC5/POTADC_PM.c **** *  None.
  42:.\Generated_Source\PSoC5/POTADC_PM.c **** *
  43:.\Generated_Source\PSoC5/POTADC_PM.c **** *******************************************************************************/
  44:.\Generated_Source\PSoC5/POTADC_PM.c **** void POTADC_SaveConfig(void)
  45:.\Generated_Source\PSoC5/POTADC_PM.c **** {
  27              		.loc 1 45 0
  28              		.cfi_startproc
  29              		@ args = 0, pretend = 0, frame = 0
  30              		@ frame_needed = 0, uses_anonymous_args = 0
  31              		@ link register save eliminated.
  32 0000 7047     		bx	lr
  33              		.cfi_endproc
  34              	.LFE0:
  35              		.size	POTADC_SaveConfig, .-POTADC_SaveConfig
  36 0002 00BF     		.section	.text.POTADC_RestoreConfig,"ax",%progbits
  37              		.align	2
  38              		.global	POTADC_RestoreConfig
  39              		.thumb
  40              		.thumb_func
  41              		.type	POTADC_RestoreConfig, %function
  42              	POTADC_RestoreConfig:
  43              	.LFB1:
  46:.\Generated_Source\PSoC5/POTADC_PM.c ****     /* All configuration registers are marked as [reset_all_retention] */
  47:.\Generated_Source\PSoC5/POTADC_PM.c **** }
  48:.\Generated_Source\PSoC5/POTADC_PM.c **** 
  49:.\Generated_Source\PSoC5/POTADC_PM.c **** 
  50:.\Generated_Source\PSoC5/POTADC_PM.c **** /*******************************************************************************
  51:.\Generated_Source\PSoC5/POTADC_PM.c **** * Function Name: POTADC_RestoreConfig
  52:.\Generated_Source\PSoC5/POTADC_PM.c **** ********************************************************************************
  53:.\Generated_Source\PSoC5/POTADC_PM.c **** *
  54:.\Generated_Source\PSoC5/POTADC_PM.c **** * Summary:
  55:.\Generated_Source\PSoC5/POTADC_PM.c **** *  Restores the current user configuration.
  56:.\Generated_Source\PSoC5/POTADC_PM.c **** *
  57:.\Generated_Source\PSoC5/POTADC_PM.c **** * Parameters:
  58:.\Generated_Source\PSoC5/POTADC_PM.c **** *  None.
  59:.\Generated_Source\PSoC5/POTADC_PM.c **** *
  60:.\Generated_Source\PSoC5/POTADC_PM.c **** * Return:
  61:.\Generated_Source\PSoC5/POTADC_PM.c **** *  None.
  62:.\Generated_Source\PSoC5/POTADC_PM.c **** *
  63:.\Generated_Source\PSoC5/POTADC_PM.c **** *******************************************************************************/
  64:.\Generated_Source\PSoC5/POTADC_PM.c **** void POTADC_RestoreConfig(void)
  65:.\Generated_Source\PSoC5/POTADC_PM.c **** {
  44              		.loc 1 65 0
  45              		.cfi_startproc
  46              		@ args = 0, pretend = 0, frame = 0
  47              		@ frame_needed = 0, uses_anonymous_args = 0
  48              		@ link register save eliminated.
  49 0000 7047     		bx	lr
ARM GAS  C:\Users\BRYANO~1\AppData\Local\Temp\cclF2IqD.s 			page 3


  50              		.cfi_endproc
  51              	.LFE1:
  52              		.size	POTADC_RestoreConfig, .-POTADC_RestoreConfig
  53 0002 00BF     		.section	.text.POTADC_Sleep,"ax",%progbits
  54              		.align	2
  55              		.global	POTADC_Sleep
  56              		.thumb
  57              		.thumb_func
  58              		.type	POTADC_Sleep, %function
  59              	POTADC_Sleep:
  60              	.LFB2:
  66:.\Generated_Source\PSoC5/POTADC_PM.c ****     /* All congiguration registers are marked as [reset_all_retention] */
  67:.\Generated_Source\PSoC5/POTADC_PM.c **** }
  68:.\Generated_Source\PSoC5/POTADC_PM.c **** 
  69:.\Generated_Source\PSoC5/POTADC_PM.c **** 
  70:.\Generated_Source\PSoC5/POTADC_PM.c **** /*******************************************************************************
  71:.\Generated_Source\PSoC5/POTADC_PM.c **** * Function Name: POTADC_Sleep
  72:.\Generated_Source\PSoC5/POTADC_PM.c **** ********************************************************************************
  73:.\Generated_Source\PSoC5/POTADC_PM.c **** *
  74:.\Generated_Source\PSoC5/POTADC_PM.c **** * Summary:
  75:.\Generated_Source\PSoC5/POTADC_PM.c **** *  This is the preferred routine to prepare the component for sleep.
  76:.\Generated_Source\PSoC5/POTADC_PM.c **** *  The POTADC_Sleep() routine saves the current component state,
  77:.\Generated_Source\PSoC5/POTADC_PM.c **** *  then it calls the ADC_Stop() function.
  78:.\Generated_Source\PSoC5/POTADC_PM.c **** *
  79:.\Generated_Source\PSoC5/POTADC_PM.c **** * Parameters:
  80:.\Generated_Source\PSoC5/POTADC_PM.c **** *  None.
  81:.\Generated_Source\PSoC5/POTADC_PM.c **** *
  82:.\Generated_Source\PSoC5/POTADC_PM.c **** * Return:
  83:.\Generated_Source\PSoC5/POTADC_PM.c **** *  None.
  84:.\Generated_Source\PSoC5/POTADC_PM.c **** *
  85:.\Generated_Source\PSoC5/POTADC_PM.c **** * Global Variables:
  86:.\Generated_Source\PSoC5/POTADC_PM.c **** *  POTADC_backup - The structure field 'enableState' is modified
  87:.\Generated_Source\PSoC5/POTADC_PM.c **** *  depending on the enable state of the block before entering to sleep mode.
  88:.\Generated_Source\PSoC5/POTADC_PM.c **** *
  89:.\Generated_Source\PSoC5/POTADC_PM.c **** *******************************************************************************/
  90:.\Generated_Source\PSoC5/POTADC_PM.c **** void POTADC_Sleep(void)
  91:.\Generated_Source\PSoC5/POTADC_PM.c **** {
  61              		.loc 1 91 0
  62              		.cfi_startproc
  63              		@ args = 0, pretend = 0, frame = 0
  64              		@ frame_needed = 0, uses_anonymous_args = 0
  65              		.loc 1 91 0
  66 0000 08B5     		push	{r3, lr}
  67              		.cfi_def_cfa_offset 8
  68              		.cfi_offset 3, -8
  69              		.cfi_offset 14, -4
  92:.\Generated_Source\PSoC5/POTADC_PM.c ****     if((POTADC_PWRMGR_SAR_REG  & POTADC_ACT_PWR_SAR_EN) != 0u)
  70              		.loc 1 92 0
  71 0002 0C4B     		ldr	r3, .L9
  72 0004 1B78     		ldrb	r3, [r3]	@ zero_extendqisi2
  73 0006 13F0010F 		tst	r3, #1
  74 000a 0ED0     		beq	.L4
  93:.\Generated_Source\PSoC5/POTADC_PM.c ****     {
  94:.\Generated_Source\PSoC5/POTADC_PM.c ****         if((POTADC_SAR_CSR0_REG & POTADC_SAR_SOF_START_CONV) != 0u)
  75              		.loc 1 94 0
  76 000c 0A4B     		ldr	r3, .L9+4
  77 000e 1B78     		ldrb	r3, [r3]	@ zero_extendqisi2
ARM GAS  C:\Users\BRYANO~1\AppData\Local\Temp\cclF2IqD.s 			page 4


  78 0010 13F0010F 		tst	r3, #1
  79 0014 03D0     		beq	.L5
  95:.\Generated_Source\PSoC5/POTADC_PM.c ****         {
  96:.\Generated_Source\PSoC5/POTADC_PM.c ****             POTADC_backup.enableState = POTADC_ENABLED | POTADC_STARTED;
  80              		.loc 1 96 0
  81 0016 0322     		movs	r2, #3
  82 0018 084B     		ldr	r3, .L9+8
  83 001a 1A70     		strb	r2, [r3]
  84 001c 02E0     		b	.L6
  85              	.L5:
  97:.\Generated_Source\PSoC5/POTADC_PM.c ****         }
  98:.\Generated_Source\PSoC5/POTADC_PM.c ****         else
  99:.\Generated_Source\PSoC5/POTADC_PM.c ****         {
 100:.\Generated_Source\PSoC5/POTADC_PM.c ****             POTADC_backup.enableState = POTADC_ENABLED;
  86              		.loc 1 100 0
  87 001e 0122     		movs	r2, #1
  88 0020 064B     		ldr	r3, .L9+8
  89 0022 1A70     		strb	r2, [r3]
  90              	.L6:
 101:.\Generated_Source\PSoC5/POTADC_PM.c ****         }
 102:.\Generated_Source\PSoC5/POTADC_PM.c ****         POTADC_Stop();
  91              		.loc 1 102 0
  92 0024 FFF7FEFF 		bl	POTADC_Stop
  93              	.LVL0:
  94 0028 08BD     		pop	{r3, pc}
  95              	.L4:
 103:.\Generated_Source\PSoC5/POTADC_PM.c ****     }
 104:.\Generated_Source\PSoC5/POTADC_PM.c ****     else
 105:.\Generated_Source\PSoC5/POTADC_PM.c ****     {
 106:.\Generated_Source\PSoC5/POTADC_PM.c ****         POTADC_backup.enableState = POTADC_DISABLED;
  96              		.loc 1 106 0
  97 002a 0022     		movs	r2, #0
  98 002c 034B     		ldr	r3, .L9+8
  99 002e 1A70     		strb	r2, [r3]
 100 0030 08BD     		pop	{r3, pc}
 101              	.L10:
 102 0032 00BF     		.align	2
 103              	.L9:
 104 0034 AB430040 		.word	1073759147
 105 0038 00590040 		.word	1073764608
 106 003c 00000000 		.word	.LANCHOR0
 107              		.cfi_endproc
 108              	.LFE2:
 109              		.size	POTADC_Sleep, .-POTADC_Sleep
 110              		.section	.text.POTADC_Wakeup,"ax",%progbits
 111              		.align	2
 112              		.global	POTADC_Wakeup
 113              		.thumb
 114              		.thumb_func
 115              		.type	POTADC_Wakeup, %function
 116              	POTADC_Wakeup:
 117              	.LFB3:
 107:.\Generated_Source\PSoC5/POTADC_PM.c ****     }
 108:.\Generated_Source\PSoC5/POTADC_PM.c **** }
 109:.\Generated_Source\PSoC5/POTADC_PM.c **** 
 110:.\Generated_Source\PSoC5/POTADC_PM.c **** 
 111:.\Generated_Source\PSoC5/POTADC_PM.c **** /*******************************************************************************
ARM GAS  C:\Users\BRYANO~1\AppData\Local\Temp\cclF2IqD.s 			page 5


 112:.\Generated_Source\PSoC5/POTADC_PM.c **** * Function Name: POTADC_Wakeup
 113:.\Generated_Source\PSoC5/POTADC_PM.c **** ********************************************************************************
 114:.\Generated_Source\PSoC5/POTADC_PM.c **** *
 115:.\Generated_Source\PSoC5/POTADC_PM.c **** * Summary:
 116:.\Generated_Source\PSoC5/POTADC_PM.c **** *  This is the preferred routine to restore the component to the state when
 117:.\Generated_Source\PSoC5/POTADC_PM.c **** *  POTADC_Sleep() was called. If the component was enabled before the
 118:.\Generated_Source\PSoC5/POTADC_PM.c **** *  POTADC_Sleep() function was called, the
 119:.\Generated_Source\PSoC5/POTADC_PM.c **** *  POTADC_Wakeup() function also re-enables the component.
 120:.\Generated_Source\PSoC5/POTADC_PM.c **** *
 121:.\Generated_Source\PSoC5/POTADC_PM.c **** * Parameters:
 122:.\Generated_Source\PSoC5/POTADC_PM.c **** *  None.
 123:.\Generated_Source\PSoC5/POTADC_PM.c **** *
 124:.\Generated_Source\PSoC5/POTADC_PM.c **** * Return:
 125:.\Generated_Source\PSoC5/POTADC_PM.c **** *  None.
 126:.\Generated_Source\PSoC5/POTADC_PM.c **** *
 127:.\Generated_Source\PSoC5/POTADC_PM.c **** * Global Variables:
 128:.\Generated_Source\PSoC5/POTADC_PM.c **** *  POTADC_backup - The structure field 'enableState' is used to
 129:.\Generated_Source\PSoC5/POTADC_PM.c **** *  restore the enable state of block after wakeup from sleep mode.
 130:.\Generated_Source\PSoC5/POTADC_PM.c **** *
 131:.\Generated_Source\PSoC5/POTADC_PM.c **** *******************************************************************************/
 132:.\Generated_Source\PSoC5/POTADC_PM.c **** void POTADC_Wakeup(void)
 133:.\Generated_Source\PSoC5/POTADC_PM.c **** {
 118              		.loc 1 133 0
 119              		.cfi_startproc
 120              		@ args = 0, pretend = 0, frame = 0
 121              		@ frame_needed = 0, uses_anonymous_args = 0
 122 0000 08B5     		push	{r3, lr}
 123              		.cfi_def_cfa_offset 8
 124              		.cfi_offset 3, -8
 125              		.cfi_offset 14, -4
 134:.\Generated_Source\PSoC5/POTADC_PM.c ****     if(POTADC_backup.enableState != POTADC_DISABLED)
 126              		.loc 1 134 0
 127 0002 064B     		ldr	r3, .L14
 128 0004 1B78     		ldrb	r3, [r3]	@ zero_extendqisi2
 129 0006 43B1     		cbz	r3, .L11
 135:.\Generated_Source\PSoC5/POTADC_PM.c ****     {
 136:.\Generated_Source\PSoC5/POTADC_PM.c ****         POTADC_Enable();
 130              		.loc 1 136 0
 131 0008 FFF7FEFF 		bl	POTADC_Enable
 132              	.LVL1:
 137:.\Generated_Source\PSoC5/POTADC_PM.c ****         #if(POTADC_DEFAULT_CONV_MODE != POTADC__HARDWARE_TRIGGER)
 138:.\Generated_Source\PSoC5/POTADC_PM.c ****             if((POTADC_backup.enableState & POTADC_STARTED) != 0u)
 133              		.loc 1 138 0
 134 000c 034B     		ldr	r3, .L14
 135 000e 1B78     		ldrb	r3, [r3]	@ zero_extendqisi2
 136 0010 13F0020F 		tst	r3, #2
 137 0014 01D0     		beq	.L11
 139:.\Generated_Source\PSoC5/POTADC_PM.c ****             {
 140:.\Generated_Source\PSoC5/POTADC_PM.c ****                 POTADC_StartConvert();
 138              		.loc 1 140 0
 139 0016 FFF7FEFF 		bl	POTADC_StartConvert
 140              	.LVL2:
 141              	.L11:
 142 001a 08BD     		pop	{r3, pc}
 143              	.L15:
 144              		.align	2
 145              	.L14:
ARM GAS  C:\Users\BRYANO~1\AppData\Local\Temp\cclF2IqD.s 			page 6


 146 001c 00000000 		.word	.LANCHOR0
 147              		.cfi_endproc
 148              	.LFE3:
 149              		.size	POTADC_Wakeup, .-POTADC_Wakeup
 150              		.bss
 151              		.align	2
 152              		.set	.LANCHOR0,. + 0
 153              		.type	POTADC_backup, %object
 154              		.size	POTADC_backup, 1
 155              	POTADC_backup:
 156 0000 00       		.space	1
 157 0001 000000   		.text
 158              	.Letext0:
 159              		.file 2 ".\\Generated_Source\\PSoC5\\cytypes.h"
 160              		.file 3 ".\\Generated_Source\\PSoC5\\POTADC.h"
 161              		.section	.debug_info,"",%progbits
 162              	.Ldebug_info0:
 163 0000 49010000 		.4byte	0x149
 164 0004 0400     		.2byte	0x4
 165 0006 00000000 		.4byte	.Ldebug_abbrev0
 166 000a 04       		.byte	0x4
 167 000b 01       		.uleb128 0x1
 168 000c 0E010000 		.4byte	.LASF22
 169 0010 01       		.byte	0x1
 170 0011 EF010000 		.4byte	.LASF23
 171 0015 1B000000 		.4byte	.LASF24
 172 0019 00000000 		.4byte	.Ldebug_ranges0+0
 173 001d 00000000 		.4byte	0
 174 0021 00000000 		.4byte	.Ldebug_line0
 175 0025 02       		.uleb128 0x2
 176 0026 01       		.byte	0x1
 177 0027 06       		.byte	0x6
 178 0028 4C020000 		.4byte	.LASF0
 179 002c 02       		.uleb128 0x2
 180 002d 01       		.byte	0x1
 181 002e 08       		.byte	0x8
 182 002f AD000000 		.4byte	.LASF1
 183 0033 02       		.uleb128 0x2
 184 0034 02       		.byte	0x2
 185 0035 05       		.byte	0x5
 186 0036 27020000 		.4byte	.LASF2
 187 003a 02       		.uleb128 0x2
 188 003b 02       		.byte	0x2
 189 003c 07       		.byte	0x7
 190 003d D2000000 		.4byte	.LASF3
 191 0041 02       		.uleb128 0x2
 192 0042 04       		.byte	0x4
 193 0043 05       		.byte	0x5
 194 0044 37020000 		.4byte	.LASF4
 195 0048 02       		.uleb128 0x2
 196 0049 04       		.byte	0x4
 197 004a 07       		.byte	0x7
 198 004b C0000000 		.4byte	.LASF5
 199 004f 02       		.uleb128 0x2
 200 0050 08       		.byte	0x8
 201 0051 05       		.byte	0x5
 202 0052 14020000 		.4byte	.LASF6
ARM GAS  C:\Users\BRYANO~1\AppData\Local\Temp\cclF2IqD.s 			page 7


 203 0056 02       		.uleb128 0x2
 204 0057 08       		.byte	0x8
 205 0058 07       		.byte	0x7
 206 0059 A9010000 		.4byte	.LASF7
 207 005d 03       		.uleb128 0x3
 208 005e 04       		.byte	0x4
 209 005f 05       		.byte	0x5
 210 0060 696E7400 		.ascii	"int\000"
 211 0064 02       		.uleb128 0x2
 212 0065 04       		.byte	0x4
 213 0066 07       		.byte	0x7
 214 0067 9C010000 		.4byte	.LASF8
 215 006b 04       		.uleb128 0x4
 216 006c 31020000 		.4byte	.LASF12
 217 0070 02       		.byte	0x2
 218 0071 9201     		.2byte	0x192
 219 0073 2C000000 		.4byte	0x2c
 220 0077 02       		.uleb128 0x2
 221 0078 04       		.byte	0x4
 222 0079 04       		.byte	0x4
 223 007a 92000000 		.4byte	.LASF9
 224 007e 02       		.uleb128 0x2
 225 007f 08       		.byte	0x8
 226 0080 04       		.byte	0x4
 227 0081 E5000000 		.4byte	.LASF10
 228 0085 02       		.uleb128 0x2
 229 0086 01       		.byte	0x1
 230 0087 08       		.byte	0x8
 231 0088 22020000 		.4byte	.LASF11
 232 008c 04       		.uleb128 0x4
 233 008d BB000000 		.4byte	.LASF13
 234 0091 02       		.byte	0x2
 235 0092 3C02     		.2byte	0x23c
 236 0094 98000000 		.4byte	0x98
 237 0098 05       		.uleb128 0x5
 238 0099 6B000000 		.4byte	0x6b
 239 009d 06       		.uleb128 0x6
 240 009e 01       		.byte	0x1
 241 009f 03       		.byte	0x3
 242 00a0 2A       		.byte	0x2a
 243 00a1 B2000000 		.4byte	0xb2
 244 00a5 07       		.uleb128 0x7
 245 00a6 40020000 		.4byte	.LASF25
 246 00aa 03       		.byte	0x3
 247 00ab 2C       		.byte	0x2c
 248 00ac 6B000000 		.4byte	0x6b
 249 00b0 00       		.byte	0
 250 00b1 00       		.byte	0
 251 00b2 08       		.uleb128 0x8
 252 00b3 98000000 		.4byte	.LASF14
 253 00b7 03       		.byte	0x3
 254 00b8 2D       		.byte	0x2d
 255 00b9 9D000000 		.4byte	0x9d
 256 00bd 09       		.uleb128 0x9
 257 00be 80000000 		.4byte	.LASF15
 258 00c2 01       		.byte	0x1
 259 00c3 2C       		.byte	0x2c
ARM GAS  C:\Users\BRYANO~1\AppData\Local\Temp\cclF2IqD.s 			page 8


 260 00c4 00000000 		.4byte	.LFB0
 261 00c8 02000000 		.4byte	.LFE0-.LFB0
 262 00cc 01       		.uleb128 0x1
 263 00cd 9C       		.byte	0x9c
 264 00ce 09       		.uleb128 0x9
 265 00cf CC010000 		.4byte	.LASF16
 266 00d3 01       		.byte	0x1
 267 00d4 40       		.byte	0x40
 268 00d5 00000000 		.4byte	.LFB1
 269 00d9 02000000 		.4byte	.LFE1-.LFB1
 270 00dd 01       		.uleb128 0x1
 271 00de 9C       		.byte	0x9c
 272 00df 0A       		.uleb128 0xa
 273 00e0 00000000 		.4byte	.LASF17
 274 00e4 01       		.byte	0x1
 275 00e5 5A       		.byte	0x5a
 276 00e6 00000000 		.4byte	.LFB2
 277 00ea 40000000 		.4byte	.LFE2-.LFB2
 278 00ee 01       		.uleb128 0x1
 279 00ef 9C       		.byte	0x9c
 280 00f0 FE000000 		.4byte	0xfe
 281 00f4 0B       		.uleb128 0xb
 282 00f5 28000000 		.4byte	.LVL0
 283 00f9 37010000 		.4byte	0x137
 284 00fd 00       		.byte	0
 285 00fe 0A       		.uleb128 0xa
 286 00ff E1010000 		.4byte	.LASF18
 287 0103 01       		.byte	0x1
 288 0104 84       		.byte	0x84
 289 0105 00000000 		.4byte	.LFB3
 290 0109 20000000 		.4byte	.LFE3-.LFB3
 291 010d 01       		.uleb128 0x1
 292 010e 9C       		.byte	0x9c
 293 010f 26010000 		.4byte	0x126
 294 0113 0B       		.uleb128 0xb
 295 0114 0C000000 		.4byte	.LVL1
 296 0118 3E010000 		.4byte	0x13e
 297 011c 0B       		.uleb128 0xb
 298 011d 1A000000 		.4byte	.LVL2
 299 0121 45010000 		.4byte	0x145
 300 0125 00       		.byte	0
 301 0126 0C       		.uleb128 0xc
 302 0127 00010000 		.4byte	.LASF26
 303 012b 01       		.byte	0x1
 304 012c 18       		.byte	0x18
 305 012d B2000000 		.4byte	0xb2
 306 0131 05       		.uleb128 0x5
 307 0132 03       		.byte	0x3
 308 0133 00000000 		.4byte	POTADC_backup
 309 0137 0D       		.uleb128 0xd
 310 0138 C0010000 		.4byte	.LASF19
 311 013c 03       		.byte	0x3
 312 013d 35       		.byte	0x35
 313 013e 0D       		.uleb128 0xd
 314 013f 0D000000 		.4byte	.LASF20
 315 0143 03       		.byte	0x3
 316 0144 44       		.byte	0x44
ARM GAS  C:\Users\BRYANO~1\AppData\Local\Temp\cclF2IqD.s 			page 9


 317 0145 0D       		.uleb128 0xd
 318 0146 EC000000 		.4byte	.LASF21
 319 014a 03       		.byte	0x3
 320 014b D1       		.byte	0xd1
 321 014c 00       		.byte	0
 322              		.section	.debug_abbrev,"",%progbits
 323              	.Ldebug_abbrev0:
 324 0000 01       		.uleb128 0x1
 325 0001 11       		.uleb128 0x11
 326 0002 01       		.byte	0x1
 327 0003 25       		.uleb128 0x25
 328 0004 0E       		.uleb128 0xe
 329 0005 13       		.uleb128 0x13
 330 0006 0B       		.uleb128 0xb
 331 0007 03       		.uleb128 0x3
 332 0008 0E       		.uleb128 0xe
 333 0009 1B       		.uleb128 0x1b
 334 000a 0E       		.uleb128 0xe
 335 000b 55       		.uleb128 0x55
 336 000c 17       		.uleb128 0x17
 337 000d 11       		.uleb128 0x11
 338 000e 01       		.uleb128 0x1
 339 000f 10       		.uleb128 0x10
 340 0010 17       		.uleb128 0x17
 341 0011 00       		.byte	0
 342 0012 00       		.byte	0
 343 0013 02       		.uleb128 0x2
 344 0014 24       		.uleb128 0x24
 345 0015 00       		.byte	0
 346 0016 0B       		.uleb128 0xb
 347 0017 0B       		.uleb128 0xb
 348 0018 3E       		.uleb128 0x3e
 349 0019 0B       		.uleb128 0xb
 350 001a 03       		.uleb128 0x3
 351 001b 0E       		.uleb128 0xe
 352 001c 00       		.byte	0
 353 001d 00       		.byte	0
 354 001e 03       		.uleb128 0x3
 355 001f 24       		.uleb128 0x24
 356 0020 00       		.byte	0
 357 0021 0B       		.uleb128 0xb
 358 0022 0B       		.uleb128 0xb
 359 0023 3E       		.uleb128 0x3e
 360 0024 0B       		.uleb128 0xb
 361 0025 03       		.uleb128 0x3
 362 0026 08       		.uleb128 0x8
 363 0027 00       		.byte	0
 364 0028 00       		.byte	0
 365 0029 04       		.uleb128 0x4
 366 002a 16       		.uleb128 0x16
 367 002b 00       		.byte	0
 368 002c 03       		.uleb128 0x3
 369 002d 0E       		.uleb128 0xe
 370 002e 3A       		.uleb128 0x3a
 371 002f 0B       		.uleb128 0xb
 372 0030 3B       		.uleb128 0x3b
 373 0031 05       		.uleb128 0x5
ARM GAS  C:\Users\BRYANO~1\AppData\Local\Temp\cclF2IqD.s 			page 10


 374 0032 49       		.uleb128 0x49
 375 0033 13       		.uleb128 0x13
 376 0034 00       		.byte	0
 377 0035 00       		.byte	0
 378 0036 05       		.uleb128 0x5
 379 0037 35       		.uleb128 0x35
 380 0038 00       		.byte	0
 381 0039 49       		.uleb128 0x49
 382 003a 13       		.uleb128 0x13
 383 003b 00       		.byte	0
 384 003c 00       		.byte	0
 385 003d 06       		.uleb128 0x6
 386 003e 13       		.uleb128 0x13
 387 003f 01       		.byte	0x1
 388 0040 0B       		.uleb128 0xb
 389 0041 0B       		.uleb128 0xb
 390 0042 3A       		.uleb128 0x3a
 391 0043 0B       		.uleb128 0xb
 392 0044 3B       		.uleb128 0x3b
 393 0045 0B       		.uleb128 0xb
 394 0046 01       		.uleb128 0x1
 395 0047 13       		.uleb128 0x13
 396 0048 00       		.byte	0
 397 0049 00       		.byte	0
 398 004a 07       		.uleb128 0x7
 399 004b 0D       		.uleb128 0xd
 400 004c 00       		.byte	0
 401 004d 03       		.uleb128 0x3
 402 004e 0E       		.uleb128 0xe
 403 004f 3A       		.uleb128 0x3a
 404 0050 0B       		.uleb128 0xb
 405 0051 3B       		.uleb128 0x3b
 406 0052 0B       		.uleb128 0xb
 407 0053 49       		.uleb128 0x49
 408 0054 13       		.uleb128 0x13
 409 0055 38       		.uleb128 0x38
 410 0056 0B       		.uleb128 0xb
 411 0057 00       		.byte	0
 412 0058 00       		.byte	0
 413 0059 08       		.uleb128 0x8
 414 005a 16       		.uleb128 0x16
 415 005b 00       		.byte	0
 416 005c 03       		.uleb128 0x3
 417 005d 0E       		.uleb128 0xe
 418 005e 3A       		.uleb128 0x3a
 419 005f 0B       		.uleb128 0xb
 420 0060 3B       		.uleb128 0x3b
 421 0061 0B       		.uleb128 0xb
 422 0062 49       		.uleb128 0x49
 423 0063 13       		.uleb128 0x13
 424 0064 00       		.byte	0
 425 0065 00       		.byte	0
 426 0066 09       		.uleb128 0x9
 427 0067 2E       		.uleb128 0x2e
 428 0068 00       		.byte	0
 429 0069 3F       		.uleb128 0x3f
 430 006a 19       		.uleb128 0x19
ARM GAS  C:\Users\BRYANO~1\AppData\Local\Temp\cclF2IqD.s 			page 11


 431 006b 03       		.uleb128 0x3
 432 006c 0E       		.uleb128 0xe
 433 006d 3A       		.uleb128 0x3a
 434 006e 0B       		.uleb128 0xb
 435 006f 3B       		.uleb128 0x3b
 436 0070 0B       		.uleb128 0xb
 437 0071 27       		.uleb128 0x27
 438 0072 19       		.uleb128 0x19
 439 0073 11       		.uleb128 0x11
 440 0074 01       		.uleb128 0x1
 441 0075 12       		.uleb128 0x12
 442 0076 06       		.uleb128 0x6
 443 0077 40       		.uleb128 0x40
 444 0078 18       		.uleb128 0x18
 445 0079 9742     		.uleb128 0x2117
 446 007b 19       		.uleb128 0x19
 447 007c 00       		.byte	0
 448 007d 00       		.byte	0
 449 007e 0A       		.uleb128 0xa
 450 007f 2E       		.uleb128 0x2e
 451 0080 01       		.byte	0x1
 452 0081 3F       		.uleb128 0x3f
 453 0082 19       		.uleb128 0x19
 454 0083 03       		.uleb128 0x3
 455 0084 0E       		.uleb128 0xe
 456 0085 3A       		.uleb128 0x3a
 457 0086 0B       		.uleb128 0xb
 458 0087 3B       		.uleb128 0x3b
 459 0088 0B       		.uleb128 0xb
 460 0089 27       		.uleb128 0x27
 461 008a 19       		.uleb128 0x19
 462 008b 11       		.uleb128 0x11
 463 008c 01       		.uleb128 0x1
 464 008d 12       		.uleb128 0x12
 465 008e 06       		.uleb128 0x6
 466 008f 40       		.uleb128 0x40
 467 0090 18       		.uleb128 0x18
 468 0091 9742     		.uleb128 0x2117
 469 0093 19       		.uleb128 0x19
 470 0094 01       		.uleb128 0x1
 471 0095 13       		.uleb128 0x13
 472 0096 00       		.byte	0
 473 0097 00       		.byte	0
 474 0098 0B       		.uleb128 0xb
 475 0099 898201   		.uleb128 0x4109
 476 009c 00       		.byte	0
 477 009d 11       		.uleb128 0x11
 478 009e 01       		.uleb128 0x1
 479 009f 31       		.uleb128 0x31
 480 00a0 13       		.uleb128 0x13
 481 00a1 00       		.byte	0
 482 00a2 00       		.byte	0
 483 00a3 0C       		.uleb128 0xc
 484 00a4 34       		.uleb128 0x34
 485 00a5 00       		.byte	0
 486 00a6 03       		.uleb128 0x3
 487 00a7 0E       		.uleb128 0xe
ARM GAS  C:\Users\BRYANO~1\AppData\Local\Temp\cclF2IqD.s 			page 12


 488 00a8 3A       		.uleb128 0x3a
 489 00a9 0B       		.uleb128 0xb
 490 00aa 3B       		.uleb128 0x3b
 491 00ab 0B       		.uleb128 0xb
 492 00ac 49       		.uleb128 0x49
 493 00ad 13       		.uleb128 0x13
 494 00ae 02       		.uleb128 0x2
 495 00af 18       		.uleb128 0x18
 496 00b0 00       		.byte	0
 497 00b1 00       		.byte	0
 498 00b2 0D       		.uleb128 0xd
 499 00b3 2E       		.uleb128 0x2e
 500 00b4 00       		.byte	0
 501 00b5 3F       		.uleb128 0x3f
 502 00b6 19       		.uleb128 0x19
 503 00b7 03       		.uleb128 0x3
 504 00b8 0E       		.uleb128 0xe
 505 00b9 3A       		.uleb128 0x3a
 506 00ba 0B       		.uleb128 0xb
 507 00bb 3B       		.uleb128 0x3b
 508 00bc 0B       		.uleb128 0xb
 509 00bd 27       		.uleb128 0x27
 510 00be 19       		.uleb128 0x19
 511 00bf 3C       		.uleb128 0x3c
 512 00c0 19       		.uleb128 0x19
 513 00c1 00       		.byte	0
 514 00c2 00       		.byte	0
 515 00c3 00       		.byte	0
 516              		.section	.debug_aranges,"",%progbits
 517 0000 34000000 		.4byte	0x34
 518 0004 0200     		.2byte	0x2
 519 0006 00000000 		.4byte	.Ldebug_info0
 520 000a 04       		.byte	0x4
 521 000b 00       		.byte	0
 522 000c 0000     		.2byte	0
 523 000e 0000     		.2byte	0
 524 0010 00000000 		.4byte	.LFB0
 525 0014 02000000 		.4byte	.LFE0-.LFB0
 526 0018 00000000 		.4byte	.LFB1
 527 001c 02000000 		.4byte	.LFE1-.LFB1
 528 0020 00000000 		.4byte	.LFB2
 529 0024 40000000 		.4byte	.LFE2-.LFB2
 530 0028 00000000 		.4byte	.LFB3
 531 002c 20000000 		.4byte	.LFE3-.LFB3
 532 0030 00000000 		.4byte	0
 533 0034 00000000 		.4byte	0
 534              		.section	.debug_ranges,"",%progbits
 535              	.Ldebug_ranges0:
 536 0000 00000000 		.4byte	.LFB0
 537 0004 02000000 		.4byte	.LFE0
 538 0008 00000000 		.4byte	.LFB1
 539 000c 02000000 		.4byte	.LFE1
 540 0010 00000000 		.4byte	.LFB2
 541 0014 40000000 		.4byte	.LFE2
 542 0018 00000000 		.4byte	.LFB3
 543 001c 20000000 		.4byte	.LFE3
 544 0020 00000000 		.4byte	0
ARM GAS  C:\Users\BRYANO~1\AppData\Local\Temp\cclF2IqD.s 			page 13


 545 0024 00000000 		.4byte	0
 546              		.section	.debug_line,"",%progbits
 547              	.Ldebug_line0:
 548 0000 A4000000 		.section	.debug_str,"MS",%progbits,1
 548      02005400 
 548      00000201 
 548      FB0E0D00 
 548      01010101 
 549              	.LASF17:
 550 0000 504F5441 		.ascii	"POTADC_Sleep\000"
 550      44435F53 
 550      6C656570 
 550      00
 551              	.LASF20:
 552 000d 504F5441 		.ascii	"POTADC_Enable\000"
 552      44435F45 
 552      6E61626C 
 552      6500
 553              	.LASF24:
 554 001b 433A5C55 		.ascii	"C:\\Users\\Bryan Orabutt\\Documents\\GitHub\\Golfca"
 554      73657273 
 554      5C427279 
 554      616E204F 
 554      72616275 
 555 0049 72745C50 		.ascii	"rt\\PSOC_PROGRAMS\\PSoC5\\Roadrunner Control System"
 555      534F435F 
 555      50524F47 
 555      52414D53 
 555      5C50536F 
 556 0079 2E637964 		.ascii	".cydsn\000"
 556      736E00
 557              	.LASF15:
 558 0080 504F5441 		.ascii	"POTADC_SaveConfig\000"
 558      44435F53 
 558      61766543 
 558      6F6E6669 
 558      6700
 559              	.LASF9:
 560 0092 666C6F61 		.ascii	"float\000"
 560      7400
 561              	.LASF14:
 562 0098 504F5441 		.ascii	"POTADC_BACKUP_STRUCT\000"
 562      44435F42 
 562      41434B55 
 562      505F5354 
 562      52554354 
 563              	.LASF1:
 564 00ad 756E7369 		.ascii	"unsigned char\000"
 564      676E6564 
 564      20636861 
 564      7200
 565              	.LASF13:
 566 00bb 72656738 		.ascii	"reg8\000"
 566      00
 567              	.LASF5:
 568 00c0 6C6F6E67 		.ascii	"long unsigned int\000"
 568      20756E73 
ARM GAS  C:\Users\BRYANO~1\AppData\Local\Temp\cclF2IqD.s 			page 14


 568      69676E65 
 568      6420696E 
 568      7400
 569              	.LASF3:
 570 00d2 73686F72 		.ascii	"short unsigned int\000"
 570      7420756E 
 570      7369676E 
 570      65642069 
 570      6E7400
 571              	.LASF10:
 572 00e5 646F7562 		.ascii	"double\000"
 572      6C6500
 573              	.LASF21:
 574 00ec 504F5441 		.ascii	"POTADC_StartConvert\000"
 574      44435F53 
 574      74617274 
 574      436F6E76 
 574      65727400 
 575              	.LASF26:
 576 0100 504F5441 		.ascii	"POTADC_backup\000"
 576      44435F62 
 576      61636B75 
 576      7000
 577              	.LASF22:
 578 010e 474E5520 		.ascii	"GNU C 4.9.3 20150303 (release) [ARM/embedded-4_9-br"
 578      4320342E 
 578      392E3320 
 578      32303135 
 578      30333033 
 579 0141 616E6368 		.ascii	"anch revision 221220] -mcpu=cortex-m3 -mthumb -g -O"
 579      20726576 
 579      6973696F 
 579      6E203232 
 579      31323230 
 580 0174 67202D66 		.ascii	"g -ffunction-sections -ffat-lto-objects\000"
 580      66756E63 
 580      74696F6E 
 580      2D736563 
 580      74696F6E 
 581              	.LASF8:
 582 019c 756E7369 		.ascii	"unsigned int\000"
 582      676E6564 
 582      20696E74 
 582      00
 583              	.LASF7:
 584 01a9 6C6F6E67 		.ascii	"long long unsigned int\000"
 584      206C6F6E 
 584      6720756E 
 584      7369676E 
 584      65642069 
 585              	.LASF19:
 586 01c0 504F5441 		.ascii	"POTADC_Stop\000"
 586      44435F53 
 586      746F7000 
 587              	.LASF16:
 588 01cc 504F5441 		.ascii	"POTADC_RestoreConfig\000"
 588      44435F52 
ARM GAS  C:\Users\BRYANO~1\AppData\Local\Temp\cclF2IqD.s 			page 15


 588      6573746F 
 588      7265436F 
 588      6E666967 
 589              	.LASF18:
 590 01e1 504F5441 		.ascii	"POTADC_Wakeup\000"
 590      44435F57 
 590      616B6575 
 590      7000
 591              	.LASF23:
 592 01ef 2E5C4765 		.ascii	".\\Generated_Source\\PSoC5\\POTADC_PM.c\000"
 592      6E657261 
 592      7465645F 
 592      536F7572 
 592      63655C50 
 593              	.LASF6:
 594 0214 6C6F6E67 		.ascii	"long long int\000"
 594      206C6F6E 
 594      6720696E 
 594      7400
 595              	.LASF11:
 596 0222 63686172 		.ascii	"char\000"
 596      00
 597              	.LASF2:
 598 0227 73686F72 		.ascii	"short int\000"
 598      7420696E 
 598      7400
 599              	.LASF12:
 600 0231 75696E74 		.ascii	"uint8\000"
 600      3800
 601              	.LASF4:
 602 0237 6C6F6E67 		.ascii	"long int\000"
 602      20696E74 
 602      00
 603              	.LASF25:
 604 0240 656E6162 		.ascii	"enableState\000"
 604      6C655374 
 604      61746500 
 605              	.LASF0:
 606 024c 7369676E 		.ascii	"signed char\000"
 606      65642063 
 606      68617200 
 607              		.ident	"GCC: (GNU Tools for ARM Embedded Processors) 4.9.3 20150303 (release) [ARM/embedded-4_9-br
