ARM GAS  C:\Users\BRYANO~1\AppData\Local\Temp\cciERGlu.s 			page 1


   1              		.syntax unified
   2              		.cpu cortex-m3
   3              		.fpu softvfp
   4              		.eabi_attribute 20, 1
   5              		.eabi_attribute 21, 1
   6              		.eabi_attribute 23, 3
   7              		.eabi_attribute 24, 1
   8              		.eabi_attribute 25, 1
   9              		.eabi_attribute 26, 1
  10              		.eabi_attribute 30, 1
  11              		.eabi_attribute 34, 1
  12              		.eabi_attribute 18, 4
  13              		.thumb
  14              		.file	"POTADC_SAR_INT.c"
  15              		.text
  16              	.Ltext0:
  17              		.cfi_sections	.debug_frame
  18              	.Letext0:
  19              		.section	.debug_info,"",%progbits
  20              	.Ldebug_info0:
  21 0000 75000000 		.4byte	0x75
  22 0004 0400     		.2byte	0x4
  23 0006 00000000 		.4byte	.Ldebug_abbrev0
  24 000a 04       		.byte	0x4
  25 000b 01       		.uleb128 0x1
  26 000c CF000000 		.4byte	.LASF12
  27 0010 01       		.byte	0x1
  28 0011 A5000000 		.4byte	.LASF13
  29 0015 00000000 		.4byte	.LASF14
  30 0019 00000000 		.4byte	.Ldebug_line0
  31 001d 02       		.uleb128 0x2
  32 001e 01       		.byte	0x1
  33 001f 06       		.byte	0x6
  34 0020 A7010000 		.4byte	.LASF0
  35 0024 02       		.uleb128 0x2
  36 0025 01       		.byte	0x1
  37 0026 08       		.byte	0x8
  38 0027 6B000000 		.4byte	.LASF1
  39 002b 02       		.uleb128 0x2
  40 002c 02       		.byte	0x2
  41 002d 05       		.byte	0x5
  42 002e 94010000 		.4byte	.LASF2
  43 0032 02       		.uleb128 0x2
  44 0033 02       		.byte	0x2
  45 0034 07       		.byte	0x7
  46 0035 8B000000 		.4byte	.LASF3
  47 0039 02       		.uleb128 0x2
  48 003a 04       		.byte	0x4
  49 003b 05       		.byte	0x5
  50 003c 9E010000 		.4byte	.LASF4
  51 0040 02       		.uleb128 0x2
  52 0041 04       		.byte	0x4
  53 0042 07       		.byte	0x7
  54 0043 79000000 		.4byte	.LASF5
  55 0047 02       		.uleb128 0x2
  56 0048 08       		.byte	0x8
  57 0049 05       		.byte	0x5
ARM GAS  C:\Users\BRYANO~1\AppData\Local\Temp\cciERGlu.s 			page 2


  58 004a 81010000 		.4byte	.LASF6
  59 004e 02       		.uleb128 0x2
  60 004f 08       		.byte	0x8
  61 0050 07       		.byte	0x7
  62 0051 6A010000 		.4byte	.LASF7
  63 0055 03       		.uleb128 0x3
  64 0056 04       		.byte	0x4
  65 0057 05       		.byte	0x5
  66 0058 696E7400 		.ascii	"int\000"
  67 005c 02       		.uleb128 0x2
  68 005d 04       		.byte	0x4
  69 005e 07       		.byte	0x7
  70 005f 5D010000 		.4byte	.LASF8
  71 0063 02       		.uleb128 0x2
  72 0064 04       		.byte	0x4
  73 0065 04       		.byte	0x4
  74 0066 65000000 		.4byte	.LASF9
  75 006a 02       		.uleb128 0x2
  76 006b 08       		.byte	0x8
  77 006c 04       		.byte	0x4
  78 006d 9E000000 		.4byte	.LASF10
  79 0071 02       		.uleb128 0x2
  80 0072 01       		.byte	0x1
  81 0073 08       		.byte	0x8
  82 0074 8F010000 		.4byte	.LASF11
  83 0078 00       		.byte	0
  84              		.section	.debug_abbrev,"",%progbits
  85              	.Ldebug_abbrev0:
  86 0000 01       		.uleb128 0x1
  87 0001 11       		.uleb128 0x11
  88 0002 01       		.byte	0x1
  89 0003 25       		.uleb128 0x25
  90 0004 0E       		.uleb128 0xe
  91 0005 13       		.uleb128 0x13
  92 0006 0B       		.uleb128 0xb
  93 0007 03       		.uleb128 0x3
  94 0008 0E       		.uleb128 0xe
  95 0009 1B       		.uleb128 0x1b
  96 000a 0E       		.uleb128 0xe
  97 000b 10       		.uleb128 0x10
  98 000c 17       		.uleb128 0x17
  99 000d 00       		.byte	0
 100 000e 00       		.byte	0
 101 000f 02       		.uleb128 0x2
 102 0010 24       		.uleb128 0x24
 103 0011 00       		.byte	0
 104 0012 0B       		.uleb128 0xb
 105 0013 0B       		.uleb128 0xb
 106 0014 3E       		.uleb128 0x3e
 107 0015 0B       		.uleb128 0xb
 108 0016 03       		.uleb128 0x3
 109 0017 0E       		.uleb128 0xe
 110 0018 00       		.byte	0
 111 0019 00       		.byte	0
 112 001a 03       		.uleb128 0x3
 113 001b 24       		.uleb128 0x24
 114 001c 00       		.byte	0
ARM GAS  C:\Users\BRYANO~1\AppData\Local\Temp\cciERGlu.s 			page 3


 115 001d 0B       		.uleb128 0xb
 116 001e 0B       		.uleb128 0xb
 117 001f 3E       		.uleb128 0x3e
 118 0020 0B       		.uleb128 0xb
 119 0021 03       		.uleb128 0x3
 120 0022 08       		.uleb128 0x8
 121 0023 00       		.byte	0
 122 0024 00       		.byte	0
 123 0025 00       		.byte	0
 124              		.section	.debug_aranges,"",%progbits
 125 0000 14000000 		.4byte	0x14
 126 0004 0200     		.2byte	0x2
 127 0006 00000000 		.4byte	.Ldebug_info0
 128 000a 04       		.byte	0x4
 129 000b 00       		.byte	0
 130 000c 0000     		.2byte	0
 131 000e 0000     		.2byte	0
 132 0010 00000000 		.4byte	0
 133 0014 00000000 		.4byte	0
 134              		.section	.debug_line,"",%progbits
 135              	.Ldebug_line0:
 136 0000 19000000 		.section	.debug_str,"MS",%progbits,1
 136      02001300 
 136      00000201 
 136      FB0E0D00 
 136      01010101 
 137              	.LASF14:
 138 0000 433A5C55 		.ascii	"C:\\Users\\Bryan Orabutt\\Documents\\GitHub\\Golfca"
 138      73657273 
 138      5C427279 
 138      616E204F 
 138      72616275 
 139 002e 72745C50 		.ascii	"rt\\PSOC_PROGRAMS\\PSoC5\\Roadrunner Control System"
 139      534F435F 
 139      50524F47 
 139      52414D53 
 139      5C50536F 
 140 005e 2E637964 		.ascii	".cydsn\000"
 140      736E00
 141              	.LASF9:
 142 0065 666C6F61 		.ascii	"float\000"
 142      7400
 143              	.LASF1:
 144 006b 756E7369 		.ascii	"unsigned char\000"
 144      676E6564 
 144      20636861 
 144      7200
 145              	.LASF5:
 146 0079 6C6F6E67 		.ascii	"long unsigned int\000"
 146      20756E73 
 146      69676E65 
 146      6420696E 
 146      7400
 147              	.LASF3:
 148 008b 73686F72 		.ascii	"short unsigned int\000"
 148      7420756E 
 148      7369676E 
ARM GAS  C:\Users\BRYANO~1\AppData\Local\Temp\cciERGlu.s 			page 4


 148      65642069 
 148      6E7400
 149              	.LASF10:
 150 009e 646F7562 		.ascii	"double\000"
 150      6C6500
 151              	.LASF13:
 152 00a5 2E5C4765 		.ascii	".\\Generated_Source\\PSoC5\\POTADC_SAR_INT.c\000"
 152      6E657261 
 152      7465645F 
 152      536F7572 
 152      63655C50 
 153              	.LASF12:
 154 00cf 474E5520 		.ascii	"GNU C 4.9.3 20150303 (release) [ARM/embedded-4_9-br"
 154      4320342E 
 154      392E3320 
 154      32303135 
 154      30333033 
 155 0102 616E6368 		.ascii	"anch revision 221220] -mcpu=cortex-m3 -mthumb -g -O"
 155      20726576 
 155      6973696F 
 155      6E203232 
 155      31323230 
 156 0135 67202D66 		.ascii	"g -ffunction-sections -ffat-lto-objects\000"
 156      66756E63 
 156      74696F6E 
 156      2D736563 
 156      74696F6E 
 157              	.LASF8:
 158 015d 756E7369 		.ascii	"unsigned int\000"
 158      676E6564 
 158      20696E74 
 158      00
 159              	.LASF7:
 160 016a 6C6F6E67 		.ascii	"long long unsigned int\000"
 160      206C6F6E 
 160      6720756E 
 160      7369676E 
 160      65642069 
 161              	.LASF6:
 162 0181 6C6F6E67 		.ascii	"long long int\000"
 162      206C6F6E 
 162      6720696E 
 162      7400
 163              	.LASF11:
 164 018f 63686172 		.ascii	"char\000"
 164      00
 165              	.LASF2:
 166 0194 73686F72 		.ascii	"short int\000"
 166      7420696E 
 166      7400
 167              	.LASF4:
 168 019e 6C6F6E67 		.ascii	"long int\000"
 168      20696E74 
 168      00
 169              	.LASF0:
 170 01a7 7369676E 		.ascii	"signed char\000"
 170      65642063 
ARM GAS  C:\Users\BRYANO~1\AppData\Local\Temp\cciERGlu.s 			page 5


 170      68617200 
 171              		.ident	"GCC: (GNU Tools for ARM Embedded Processors) 4.9.3 20150303 (release) [ARM/embedded-4_9-br
