ARM GAS  C:\Users\LAIR\AppData\Local\Temp\ccavXZk3.s 			page 1


   1              		.syntax unified
   2              		.cpu cortex-m3
   3              		.fpu softvfp
   4              		.eabi_attribute 20, 1
   5              		.eabi_attribute 21, 1
   6              		.eabi_attribute 23, 3
   7              		.eabi_attribute 24, 1
   8              		.eabi_attribute 25, 1
   9              		.eabi_attribute 26, 1
  10              		.eabi_attribute 30, 1
  11              		.eabi_attribute 34, 1
  12              		.eabi_attribute 18, 4
  13              		.thumb
  14              		.file	"QuadDecSteer_Cnt16_PM.c"
  15              		.text
  16              	.Ltext0:
  17              		.cfi_sections	.debug_frame
  18              		.section	.text.QuadDecSteer_Cnt16_SaveConfig,"ax",%progbits
  19              		.align	2
  20              		.global	QuadDecSteer_Cnt16_SaveConfig
  21              		.thumb
  22              		.thumb_func
  23              		.type	QuadDecSteer_Cnt16_SaveConfig, %function
  24              	QuadDecSteer_Cnt16_SaveConfig:
  25              	.LFB0:
  26              		.file 1 ".\\Generated_Source\\PSoC5\\QuadDecSteer_Cnt16_PM.c"
   1:.\Generated_Source\PSoC5/QuadDecSteer_Cnt16_PM.c **** /*******************************************************************************
   2:.\Generated_Source\PSoC5/QuadDecSteer_Cnt16_PM.c **** * File Name: QuadDecSteer_Cnt16_PM.c  
   3:.\Generated_Source\PSoC5/QuadDecSteer_Cnt16_PM.c **** * Version 3.0
   4:.\Generated_Source\PSoC5/QuadDecSteer_Cnt16_PM.c **** *
   5:.\Generated_Source\PSoC5/QuadDecSteer_Cnt16_PM.c **** *  Description:
   6:.\Generated_Source\PSoC5/QuadDecSteer_Cnt16_PM.c **** *    This file provides the power management source code to API for the
   7:.\Generated_Source\PSoC5/QuadDecSteer_Cnt16_PM.c **** *    Counter.  
   8:.\Generated_Source\PSoC5/QuadDecSteer_Cnt16_PM.c **** *
   9:.\Generated_Source\PSoC5/QuadDecSteer_Cnt16_PM.c **** *   Note:
  10:.\Generated_Source\PSoC5/QuadDecSteer_Cnt16_PM.c **** *     None
  11:.\Generated_Source\PSoC5/QuadDecSteer_Cnt16_PM.c **** *
  12:.\Generated_Source\PSoC5/QuadDecSteer_Cnt16_PM.c **** ********************************************************************************
  13:.\Generated_Source\PSoC5/QuadDecSteer_Cnt16_PM.c **** * Copyright 2008-2012, Cypress Semiconductor Corporation.  All rights reserved.
  14:.\Generated_Source\PSoC5/QuadDecSteer_Cnt16_PM.c **** * You may use this file only in accordance with the license, terms, conditions, 
  15:.\Generated_Source\PSoC5/QuadDecSteer_Cnt16_PM.c **** * disclaimers, and limitations in the end user license agreement accompanying 
  16:.\Generated_Source\PSoC5/QuadDecSteer_Cnt16_PM.c **** * the software package with which this file was provided.
  17:.\Generated_Source\PSoC5/QuadDecSteer_Cnt16_PM.c **** *******************************************************************************/
  18:.\Generated_Source\PSoC5/QuadDecSteer_Cnt16_PM.c **** 
  19:.\Generated_Source\PSoC5/QuadDecSteer_Cnt16_PM.c **** #include "QuadDecSteer_Cnt16.h"
  20:.\Generated_Source\PSoC5/QuadDecSteer_Cnt16_PM.c **** 
  21:.\Generated_Source\PSoC5/QuadDecSteer_Cnt16_PM.c **** static QuadDecSteer_Cnt16_backupStruct QuadDecSteer_Cnt16_backup;
  22:.\Generated_Source\PSoC5/QuadDecSteer_Cnt16_PM.c **** 
  23:.\Generated_Source\PSoC5/QuadDecSteer_Cnt16_PM.c **** 
  24:.\Generated_Source\PSoC5/QuadDecSteer_Cnt16_PM.c **** /*******************************************************************************
  25:.\Generated_Source\PSoC5/QuadDecSteer_Cnt16_PM.c **** * Function Name: QuadDecSteer_Cnt16_SaveConfig
  26:.\Generated_Source\PSoC5/QuadDecSteer_Cnt16_PM.c **** ********************************************************************************
  27:.\Generated_Source\PSoC5/QuadDecSteer_Cnt16_PM.c **** * Summary:
  28:.\Generated_Source\PSoC5/QuadDecSteer_Cnt16_PM.c **** *     Save the current user configuration
  29:.\Generated_Source\PSoC5/QuadDecSteer_Cnt16_PM.c **** *
  30:.\Generated_Source\PSoC5/QuadDecSteer_Cnt16_PM.c **** * Parameters:  
  31:.\Generated_Source\PSoC5/QuadDecSteer_Cnt16_PM.c **** *  void
ARM GAS  C:\Users\LAIR\AppData\Local\Temp\ccavXZk3.s 			page 2


  32:.\Generated_Source\PSoC5/QuadDecSteer_Cnt16_PM.c **** *
  33:.\Generated_Source\PSoC5/QuadDecSteer_Cnt16_PM.c **** * Return: 
  34:.\Generated_Source\PSoC5/QuadDecSteer_Cnt16_PM.c **** *  void
  35:.\Generated_Source\PSoC5/QuadDecSteer_Cnt16_PM.c **** *
  36:.\Generated_Source\PSoC5/QuadDecSteer_Cnt16_PM.c **** * Global variables:
  37:.\Generated_Source\PSoC5/QuadDecSteer_Cnt16_PM.c **** *  QuadDecSteer_Cnt16_backup:  Variables of this global structure are modified to 
  38:.\Generated_Source\PSoC5/QuadDecSteer_Cnt16_PM.c **** *  store the values of non retention configuration registers when Sleep() API is 
  39:.\Generated_Source\PSoC5/QuadDecSteer_Cnt16_PM.c **** *  called.
  40:.\Generated_Source\PSoC5/QuadDecSteer_Cnt16_PM.c **** *
  41:.\Generated_Source\PSoC5/QuadDecSteer_Cnt16_PM.c **** *******************************************************************************/
  42:.\Generated_Source\PSoC5/QuadDecSteer_Cnt16_PM.c **** void QuadDecSteer_Cnt16_SaveConfig(void) 
  43:.\Generated_Source\PSoC5/QuadDecSteer_Cnt16_PM.c **** {
  27              		.loc 1 43 0
  28              		.cfi_startproc
  29              		@ args = 0, pretend = 0, frame = 0
  30              		@ frame_needed = 0, uses_anonymous_args = 0
  31 0000 10B5     		push	{r4, lr}
  32              		.cfi_def_cfa_offset 8
  33              		.cfi_offset 4, -8
  34              		.cfi_offset 14, -4
  44:.\Generated_Source\PSoC5/QuadDecSteer_Cnt16_PM.c ****     #if (!QuadDecSteer_Cnt16_UsingFixedFunction)
  45:.\Generated_Source\PSoC5/QuadDecSteer_Cnt16_PM.c **** 
  46:.\Generated_Source\PSoC5/QuadDecSteer_Cnt16_PM.c ****         QuadDecSteer_Cnt16_backup.CounterUdb = QuadDecSteer_Cnt16_ReadCounter();
  35              		.loc 1 46 0
  36 0002 FFF7FEFF 		bl	QuadDecSteer_Cnt16_ReadCounter
  37              	.LVL0:
  38 0006 034C     		ldr	r4, .L3
  39 0008 6080     		strh	r0, [r4, #2]	@ movhi
  47:.\Generated_Source\PSoC5/QuadDecSteer_Cnt16_PM.c **** 
  48:.\Generated_Source\PSoC5/QuadDecSteer_Cnt16_PM.c ****         #if(!QuadDecSteer_Cnt16_ControlRegRemoved)
  49:.\Generated_Source\PSoC5/QuadDecSteer_Cnt16_PM.c ****             QuadDecSteer_Cnt16_backup.CounterControlRegister = QuadDecSteer_Cnt16_ReadControlRegist
  40              		.loc 1 49 0
  41 000a FFF7FEFF 		bl	QuadDecSteer_Cnt16_ReadControlRegister
  42              	.LVL1:
  43 000e 2071     		strb	r0, [r4, #4]
  44 0010 10BD     		pop	{r4, pc}
  45              	.L4:
  46 0012 00BF     		.align	2
  47              	.L3:
  48 0014 00000000 		.word	.LANCHOR0
  49              		.cfi_endproc
  50              	.LFE0:
  51              		.size	QuadDecSteer_Cnt16_SaveConfig, .-QuadDecSteer_Cnt16_SaveConfig
  52              		.section	.text.QuadDecSteer_Cnt16_RestoreConfig,"ax",%progbits
  53              		.align	2
  54              		.global	QuadDecSteer_Cnt16_RestoreConfig
  55              		.thumb
  56              		.thumb_func
  57              		.type	QuadDecSteer_Cnt16_RestoreConfig, %function
  58              	QuadDecSteer_Cnt16_RestoreConfig:
  59              	.LFB1:
  50:.\Generated_Source\PSoC5/QuadDecSteer_Cnt16_PM.c ****         #endif /* (!QuadDecSteer_Cnt16_ControlRegRemoved) */
  51:.\Generated_Source\PSoC5/QuadDecSteer_Cnt16_PM.c **** 
  52:.\Generated_Source\PSoC5/QuadDecSteer_Cnt16_PM.c ****     #endif /* (!QuadDecSteer_Cnt16_UsingFixedFunction) */
  53:.\Generated_Source\PSoC5/QuadDecSteer_Cnt16_PM.c **** }
  54:.\Generated_Source\PSoC5/QuadDecSteer_Cnt16_PM.c **** 
  55:.\Generated_Source\PSoC5/QuadDecSteer_Cnt16_PM.c **** 
ARM GAS  C:\Users\LAIR\AppData\Local\Temp\ccavXZk3.s 			page 3


  56:.\Generated_Source\PSoC5/QuadDecSteer_Cnt16_PM.c **** /*******************************************************************************
  57:.\Generated_Source\PSoC5/QuadDecSteer_Cnt16_PM.c **** * Function Name: QuadDecSteer_Cnt16_RestoreConfig
  58:.\Generated_Source\PSoC5/QuadDecSteer_Cnt16_PM.c **** ********************************************************************************
  59:.\Generated_Source\PSoC5/QuadDecSteer_Cnt16_PM.c **** *
  60:.\Generated_Source\PSoC5/QuadDecSteer_Cnt16_PM.c **** * Summary:
  61:.\Generated_Source\PSoC5/QuadDecSteer_Cnt16_PM.c **** *  Restores the current user configuration.
  62:.\Generated_Source\PSoC5/QuadDecSteer_Cnt16_PM.c **** *
  63:.\Generated_Source\PSoC5/QuadDecSteer_Cnt16_PM.c **** * Parameters:  
  64:.\Generated_Source\PSoC5/QuadDecSteer_Cnt16_PM.c **** *  void
  65:.\Generated_Source\PSoC5/QuadDecSteer_Cnt16_PM.c **** *
  66:.\Generated_Source\PSoC5/QuadDecSteer_Cnt16_PM.c **** * Return: 
  67:.\Generated_Source\PSoC5/QuadDecSteer_Cnt16_PM.c **** *  void
  68:.\Generated_Source\PSoC5/QuadDecSteer_Cnt16_PM.c **** *
  69:.\Generated_Source\PSoC5/QuadDecSteer_Cnt16_PM.c **** * Global variables:
  70:.\Generated_Source\PSoC5/QuadDecSteer_Cnt16_PM.c **** *  QuadDecSteer_Cnt16_backup:  Variables of this global structure are used to 
  71:.\Generated_Source\PSoC5/QuadDecSteer_Cnt16_PM.c **** *  restore the values of non retention registers on wakeup from sleep mode.
  72:.\Generated_Source\PSoC5/QuadDecSteer_Cnt16_PM.c **** *
  73:.\Generated_Source\PSoC5/QuadDecSteer_Cnt16_PM.c **** *******************************************************************************/
  74:.\Generated_Source\PSoC5/QuadDecSteer_Cnt16_PM.c **** void QuadDecSteer_Cnt16_RestoreConfig(void) 
  75:.\Generated_Source\PSoC5/QuadDecSteer_Cnt16_PM.c **** {      
  60              		.loc 1 75 0
  61              		.cfi_startproc
  62              		@ args = 0, pretend = 0, frame = 0
  63              		@ frame_needed = 0, uses_anonymous_args = 0
  64 0000 10B5     		push	{r4, lr}
  65              		.cfi_def_cfa_offset 8
  66              		.cfi_offset 4, -8
  67              		.cfi_offset 14, -4
  76:.\Generated_Source\PSoC5/QuadDecSteer_Cnt16_PM.c ****     #if (!QuadDecSteer_Cnt16_UsingFixedFunction)
  77:.\Generated_Source\PSoC5/QuadDecSteer_Cnt16_PM.c **** 
  78:.\Generated_Source\PSoC5/QuadDecSteer_Cnt16_PM.c ****        QuadDecSteer_Cnt16_WriteCounter(QuadDecSteer_Cnt16_backup.CounterUdb);
  68              		.loc 1 78 0
  69 0002 044C     		ldr	r4, .L7
  70 0004 6088     		ldrh	r0, [r4, #2]
  71 0006 FFF7FEFF 		bl	QuadDecSteer_Cnt16_WriteCounter
  72              	.LVL2:
  79:.\Generated_Source\PSoC5/QuadDecSteer_Cnt16_PM.c **** 
  80:.\Generated_Source\PSoC5/QuadDecSteer_Cnt16_PM.c ****         #if(!QuadDecSteer_Cnt16_ControlRegRemoved)
  81:.\Generated_Source\PSoC5/QuadDecSteer_Cnt16_PM.c ****             QuadDecSteer_Cnt16_WriteControlRegister(QuadDecSteer_Cnt16_backup.CounterControlRegiste
  73              		.loc 1 81 0
  74 000a 2079     		ldrb	r0, [r4, #4]	@ zero_extendqisi2
  75 000c FFF7FEFF 		bl	QuadDecSteer_Cnt16_WriteControlRegister
  76              	.LVL3:
  77 0010 10BD     		pop	{r4, pc}
  78              	.L8:
  79 0012 00BF     		.align	2
  80              	.L7:
  81 0014 00000000 		.word	.LANCHOR0
  82              		.cfi_endproc
  83              	.LFE1:
  84              		.size	QuadDecSteer_Cnt16_RestoreConfig, .-QuadDecSteer_Cnt16_RestoreConfig
  85              		.section	.text.QuadDecSteer_Cnt16_Sleep,"ax",%progbits
  86              		.align	2
  87              		.global	QuadDecSteer_Cnt16_Sleep
  88              		.thumb
  89              		.thumb_func
  90              		.type	QuadDecSteer_Cnt16_Sleep, %function
ARM GAS  C:\Users\LAIR\AppData\Local\Temp\ccavXZk3.s 			page 4


  91              	QuadDecSteer_Cnt16_Sleep:
  92              	.LFB2:
  82:.\Generated_Source\PSoC5/QuadDecSteer_Cnt16_PM.c ****         #endif /* (!QuadDecSteer_Cnt16_ControlRegRemoved) */
  83:.\Generated_Source\PSoC5/QuadDecSteer_Cnt16_PM.c **** 
  84:.\Generated_Source\PSoC5/QuadDecSteer_Cnt16_PM.c ****     #endif /* (!QuadDecSteer_Cnt16_UsingFixedFunction) */
  85:.\Generated_Source\PSoC5/QuadDecSteer_Cnt16_PM.c **** }
  86:.\Generated_Source\PSoC5/QuadDecSteer_Cnt16_PM.c **** 
  87:.\Generated_Source\PSoC5/QuadDecSteer_Cnt16_PM.c **** 
  88:.\Generated_Source\PSoC5/QuadDecSteer_Cnt16_PM.c **** /*******************************************************************************
  89:.\Generated_Source\PSoC5/QuadDecSteer_Cnt16_PM.c **** * Function Name: QuadDecSteer_Cnt16_Sleep
  90:.\Generated_Source\PSoC5/QuadDecSteer_Cnt16_PM.c **** ********************************************************************************
  91:.\Generated_Source\PSoC5/QuadDecSteer_Cnt16_PM.c **** * Summary:
  92:.\Generated_Source\PSoC5/QuadDecSteer_Cnt16_PM.c **** *     Stop and Save the user configuration
  93:.\Generated_Source\PSoC5/QuadDecSteer_Cnt16_PM.c **** *
  94:.\Generated_Source\PSoC5/QuadDecSteer_Cnt16_PM.c **** * Parameters:  
  95:.\Generated_Source\PSoC5/QuadDecSteer_Cnt16_PM.c **** *  void
  96:.\Generated_Source\PSoC5/QuadDecSteer_Cnt16_PM.c **** *
  97:.\Generated_Source\PSoC5/QuadDecSteer_Cnt16_PM.c **** * Return: 
  98:.\Generated_Source\PSoC5/QuadDecSteer_Cnt16_PM.c **** *  void
  99:.\Generated_Source\PSoC5/QuadDecSteer_Cnt16_PM.c **** *
 100:.\Generated_Source\PSoC5/QuadDecSteer_Cnt16_PM.c **** * Global variables:
 101:.\Generated_Source\PSoC5/QuadDecSteer_Cnt16_PM.c **** *  QuadDecSteer_Cnt16_backup.enableState:  Is modified depending on the enable 
 102:.\Generated_Source\PSoC5/QuadDecSteer_Cnt16_PM.c **** *  state of the block before entering sleep mode.
 103:.\Generated_Source\PSoC5/QuadDecSteer_Cnt16_PM.c **** *
 104:.\Generated_Source\PSoC5/QuadDecSteer_Cnt16_PM.c **** *******************************************************************************/
 105:.\Generated_Source\PSoC5/QuadDecSteer_Cnt16_PM.c **** void QuadDecSteer_Cnt16_Sleep(void) 
 106:.\Generated_Source\PSoC5/QuadDecSteer_Cnt16_PM.c **** {
  93              		.loc 1 106 0
  94              		.cfi_startproc
  95              		@ args = 0, pretend = 0, frame = 0
  96              		@ frame_needed = 0, uses_anonymous_args = 0
  97 0000 08B5     		push	{r3, lr}
  98              		.cfi_def_cfa_offset 8
  99              		.cfi_offset 3, -8
 100              		.cfi_offset 14, -4
 107:.\Generated_Source\PSoC5/QuadDecSteer_Cnt16_PM.c ****     #if(!QuadDecSteer_Cnt16_ControlRegRemoved)
 108:.\Generated_Source\PSoC5/QuadDecSteer_Cnt16_PM.c ****         /* Save Counter's enable state */
 109:.\Generated_Source\PSoC5/QuadDecSteer_Cnt16_PM.c ****         if(QuadDecSteer_Cnt16_CTRL_ENABLE == (QuadDecSteer_Cnt16_CONTROL & QuadDecSteer_Cnt16_CTRL_
 101              		.loc 1 109 0
 102 0002 084B     		ldr	r3, .L13
 103 0004 1B78     		ldrb	r3, [r3]	@ zero_extendqisi2
 104 0006 13F0800F 		tst	r3, #128
 105 000a 03D0     		beq	.L10
 110:.\Generated_Source\PSoC5/QuadDecSteer_Cnt16_PM.c ****         {
 111:.\Generated_Source\PSoC5/QuadDecSteer_Cnt16_PM.c ****             /* Counter is enabled */
 112:.\Generated_Source\PSoC5/QuadDecSteer_Cnt16_PM.c ****             QuadDecSteer_Cnt16_backup.CounterEnableState = 1u;
 106              		.loc 1 112 0
 107 000c 0122     		movs	r2, #1
 108 000e 064B     		ldr	r3, .L13+4
 109 0010 1A70     		strb	r2, [r3]
 110 0012 02E0     		b	.L11
 111              	.L10:
 113:.\Generated_Source\PSoC5/QuadDecSteer_Cnt16_PM.c ****         }
 114:.\Generated_Source\PSoC5/QuadDecSteer_Cnt16_PM.c ****         else
 115:.\Generated_Source\PSoC5/QuadDecSteer_Cnt16_PM.c ****         {
 116:.\Generated_Source\PSoC5/QuadDecSteer_Cnt16_PM.c ****             /* Counter is disabled */
 117:.\Generated_Source\PSoC5/QuadDecSteer_Cnt16_PM.c ****             QuadDecSteer_Cnt16_backup.CounterEnableState = 0u;
ARM GAS  C:\Users\LAIR\AppData\Local\Temp\ccavXZk3.s 			page 5


 112              		.loc 1 117 0
 113 0014 0022     		movs	r2, #0
 114 0016 044B     		ldr	r3, .L13+4
 115 0018 1A70     		strb	r2, [r3]
 116              	.L11:
 118:.\Generated_Source\PSoC5/QuadDecSteer_Cnt16_PM.c ****         }
 119:.\Generated_Source\PSoC5/QuadDecSteer_Cnt16_PM.c ****     #else
 120:.\Generated_Source\PSoC5/QuadDecSteer_Cnt16_PM.c ****         QuadDecSteer_Cnt16_backup.CounterEnableState = 1u;
 121:.\Generated_Source\PSoC5/QuadDecSteer_Cnt16_PM.c ****         if(QuadDecSteer_Cnt16_backup.CounterEnableState != 0u)
 122:.\Generated_Source\PSoC5/QuadDecSteer_Cnt16_PM.c ****         {
 123:.\Generated_Source\PSoC5/QuadDecSteer_Cnt16_PM.c ****             QuadDecSteer_Cnt16_backup.CounterEnableState = 0u;
 124:.\Generated_Source\PSoC5/QuadDecSteer_Cnt16_PM.c ****         }
 125:.\Generated_Source\PSoC5/QuadDecSteer_Cnt16_PM.c ****     #endif /* (!QuadDecSteer_Cnt16_ControlRegRemoved) */
 126:.\Generated_Source\PSoC5/QuadDecSteer_Cnt16_PM.c ****     
 127:.\Generated_Source\PSoC5/QuadDecSteer_Cnt16_PM.c ****     QuadDecSteer_Cnt16_Stop();
 117              		.loc 1 127 0
 118 001a FFF7FEFF 		bl	QuadDecSteer_Cnt16_Stop
 119              	.LVL4:
 128:.\Generated_Source\PSoC5/QuadDecSteer_Cnt16_PM.c ****     QuadDecSteer_Cnt16_SaveConfig();
 120              		.loc 1 128 0
 121 001e FFF7FEFF 		bl	QuadDecSteer_Cnt16_SaveConfig
 122              	.LVL5:
 123 0022 08BD     		pop	{r3, pc}
 124              	.L14:
 125              		.align	2
 126              	.L13:
 127 0024 77640040 		.word	1073767543
 128 0028 00000000 		.word	.LANCHOR0
 129              		.cfi_endproc
 130              	.LFE2:
 131              		.size	QuadDecSteer_Cnt16_Sleep, .-QuadDecSteer_Cnt16_Sleep
 132              		.section	.text.QuadDecSteer_Cnt16_Wakeup,"ax",%progbits
 133              		.align	2
 134              		.global	QuadDecSteer_Cnt16_Wakeup
 135              		.thumb
 136              		.thumb_func
 137              		.type	QuadDecSteer_Cnt16_Wakeup, %function
 138              	QuadDecSteer_Cnt16_Wakeup:
 139              	.LFB3:
 129:.\Generated_Source\PSoC5/QuadDecSteer_Cnt16_PM.c **** }
 130:.\Generated_Source\PSoC5/QuadDecSteer_Cnt16_PM.c **** 
 131:.\Generated_Source\PSoC5/QuadDecSteer_Cnt16_PM.c **** 
 132:.\Generated_Source\PSoC5/QuadDecSteer_Cnt16_PM.c **** /*******************************************************************************
 133:.\Generated_Source\PSoC5/QuadDecSteer_Cnt16_PM.c **** * Function Name: QuadDecSteer_Cnt16_Wakeup
 134:.\Generated_Source\PSoC5/QuadDecSteer_Cnt16_PM.c **** ********************************************************************************
 135:.\Generated_Source\PSoC5/QuadDecSteer_Cnt16_PM.c **** *
 136:.\Generated_Source\PSoC5/QuadDecSteer_Cnt16_PM.c **** * Summary:
 137:.\Generated_Source\PSoC5/QuadDecSteer_Cnt16_PM.c **** *  Restores and enables the user configuration
 138:.\Generated_Source\PSoC5/QuadDecSteer_Cnt16_PM.c **** *  
 139:.\Generated_Source\PSoC5/QuadDecSteer_Cnt16_PM.c **** * Parameters:  
 140:.\Generated_Source\PSoC5/QuadDecSteer_Cnt16_PM.c **** *  void
 141:.\Generated_Source\PSoC5/QuadDecSteer_Cnt16_PM.c **** *
 142:.\Generated_Source\PSoC5/QuadDecSteer_Cnt16_PM.c **** * Return: 
 143:.\Generated_Source\PSoC5/QuadDecSteer_Cnt16_PM.c **** *  void
 144:.\Generated_Source\PSoC5/QuadDecSteer_Cnt16_PM.c **** *
 145:.\Generated_Source\PSoC5/QuadDecSteer_Cnt16_PM.c **** * Global variables:
 146:.\Generated_Source\PSoC5/QuadDecSteer_Cnt16_PM.c **** *  QuadDecSteer_Cnt16_backup.enableState:  Is used to restore the enable state of 
ARM GAS  C:\Users\LAIR\AppData\Local\Temp\ccavXZk3.s 			page 6


 147:.\Generated_Source\PSoC5/QuadDecSteer_Cnt16_PM.c **** *  block on wakeup from sleep mode.
 148:.\Generated_Source\PSoC5/QuadDecSteer_Cnt16_PM.c **** *
 149:.\Generated_Source\PSoC5/QuadDecSteer_Cnt16_PM.c **** *******************************************************************************/
 150:.\Generated_Source\PSoC5/QuadDecSteer_Cnt16_PM.c **** void QuadDecSteer_Cnt16_Wakeup(void) 
 151:.\Generated_Source\PSoC5/QuadDecSteer_Cnt16_PM.c **** {
 140              		.loc 1 151 0
 141              		.cfi_startproc
 142              		@ args = 0, pretend = 0, frame = 0
 143              		@ frame_needed = 0, uses_anonymous_args = 0
 144 0000 08B5     		push	{r3, lr}
 145              		.cfi_def_cfa_offset 8
 146              		.cfi_offset 3, -8
 147              		.cfi_offset 14, -4
 152:.\Generated_Source\PSoC5/QuadDecSteer_Cnt16_PM.c ****     QuadDecSteer_Cnt16_RestoreConfig();
 148              		.loc 1 152 0
 149 0002 FFF7FEFF 		bl	QuadDecSteer_Cnt16_RestoreConfig
 150              	.LVL6:
 153:.\Generated_Source\PSoC5/QuadDecSteer_Cnt16_PM.c ****     #if(!QuadDecSteer_Cnt16_ControlRegRemoved)
 154:.\Generated_Source\PSoC5/QuadDecSteer_Cnt16_PM.c ****         if(QuadDecSteer_Cnt16_backup.CounterEnableState == 1u)
 151              		.loc 1 154 0
 152 0006 034B     		ldr	r3, .L18
 153 0008 1B78     		ldrb	r3, [r3]	@ zero_extendqisi2
 154 000a 012B     		cmp	r3, #1
 155 000c 01D1     		bne	.L15
 155:.\Generated_Source\PSoC5/QuadDecSteer_Cnt16_PM.c ****         {
 156:.\Generated_Source\PSoC5/QuadDecSteer_Cnt16_PM.c ****             /* Enable Counter's operation */
 157:.\Generated_Source\PSoC5/QuadDecSteer_Cnt16_PM.c ****             QuadDecSteer_Cnt16_Enable();
 156              		.loc 1 157 0
 157 000e FFF7FEFF 		bl	QuadDecSteer_Cnt16_Enable
 158              	.LVL7:
 159              	.L15:
 160 0012 08BD     		pop	{r3, pc}
 161              	.L19:
 162              		.align	2
 163              	.L18:
 164 0014 00000000 		.word	.LANCHOR0
 165              		.cfi_endproc
 166              	.LFE3:
 167              		.size	QuadDecSteer_Cnt16_Wakeup, .-QuadDecSteer_Cnt16_Wakeup
 168              		.bss
 169              		.align	2
 170              		.set	.LANCHOR0,. + 0
 171              		.type	QuadDecSteer_Cnt16_backup, %object
 172              		.size	QuadDecSteer_Cnt16_backup, 6
 173              	QuadDecSteer_Cnt16_backup:
 174 0000 00000000 		.space	6
 174      0000
 175 0006 0000     		.text
 176              	.Letext0:
 177              		.file 2 ".\\Generated_Source\\PSoC5\\cytypes.h"
 178              		.file 3 ".\\Generated_Source\\PSoC5\\QuadDecSteer_Cnt16.h"
 179              		.section	.debug_info,"",%progbits
 180              	.Ldebug_info0:
 181 0000 DC010000 		.4byte	0x1dc
 182 0004 0400     		.2byte	0x4
 183 0006 00000000 		.4byte	.Ldebug_abbrev0
 184 000a 04       		.byte	0x4
ARM GAS  C:\Users\LAIR\AppData\Local\Temp\ccavXZk3.s 			page 7


 185 000b 01       		.uleb128 0x1
 186 000c E8010000 		.4byte	.LASF30
 187 0010 01       		.byte	0x1
 188 0011 18030000 		.4byte	.LASF31
 189 0015 67000000 		.4byte	.LASF32
 190 0019 00000000 		.4byte	.Ldebug_ranges0+0
 191 001d 00000000 		.4byte	0
 192 0021 00000000 		.4byte	.Ldebug_line0
 193 0025 02       		.uleb128 0x2
 194 0026 01       		.byte	0x1
 195 0027 06       		.byte	0x6
 196 0028 61030000 		.4byte	.LASF0
 197 002c 02       		.uleb128 0x2
 198 002d 01       		.byte	0x1
 199 002e 08       		.byte	0x8
 200 002f 49010000 		.4byte	.LASF1
 201 0033 02       		.uleb128 0x2
 202 0034 02       		.byte	0x2
 203 0035 05       		.byte	0x5
 204 0036 49030000 		.4byte	.LASF2
 205 003a 02       		.uleb128 0x2
 206 003b 02       		.byte	0x2
 207 003c 07       		.byte	0x7
 208 003d DB000000 		.4byte	.LASF3
 209 0041 02       		.uleb128 0x2
 210 0042 04       		.byte	0x4
 211 0043 05       		.byte	0x5
 212 0044 53030000 		.4byte	.LASF4
 213 0048 02       		.uleb128 0x2
 214 0049 04       		.byte	0x4
 215 004a 07       		.byte	0x7
 216 004b 7C010000 		.4byte	.LASF5
 217 004f 02       		.uleb128 0x2
 218 0050 08       		.byte	0x8
 219 0051 05       		.byte	0x5
 220 0052 D0020000 		.4byte	.LASF6
 221 0056 02       		.uleb128 0x2
 222 0057 08       		.byte	0x8
 223 0058 07       		.byte	0x7
 224 0059 83020000 		.4byte	.LASF7
 225 005d 03       		.uleb128 0x3
 226 005e 04       		.byte	0x4
 227 005f 05       		.byte	0x5
 228 0060 696E7400 		.ascii	"int\000"
 229 0064 02       		.uleb128 0x2
 230 0065 04       		.byte	0x4
 231 0066 07       		.byte	0x7
 232 0067 76020000 		.4byte	.LASF8
 233 006b 04       		.uleb128 0x4
 234 006c 8E010000 		.4byte	.LASF9
 235 0070 02       		.byte	0x2
 236 0071 9201     		.2byte	0x192
 237 0073 2C000000 		.4byte	0x2c
 238 0077 04       		.uleb128 0x4
 239 0078 E1010000 		.4byte	.LASF10
 240 007c 02       		.byte	0x2
 241 007d 9301     		.2byte	0x193
ARM GAS  C:\Users\LAIR\AppData\Local\Temp\ccavXZk3.s 			page 8


 242 007f 3A000000 		.4byte	0x3a
 243 0083 02       		.uleb128 0x2
 244 0084 04       		.byte	0x4
 245 0085 04       		.byte	0x4
 246 0086 29010000 		.4byte	.LASF11
 247 008a 02       		.uleb128 0x2
 248 008b 08       		.byte	0x8
 249 008c 04       		.byte	0x4
 250 008d DA010000 		.4byte	.LASF12
 251 0091 02       		.uleb128 0x2
 252 0092 01       		.byte	0x1
 253 0093 08       		.byte	0x8
 254 0094 5C030000 		.4byte	.LASF13
 255 0098 04       		.uleb128 0x4
 256 0099 77010000 		.4byte	.LASF14
 257 009d 02       		.byte	0x2
 258 009e 3C02     		.2byte	0x23c
 259 00a0 A4000000 		.4byte	0xa4
 260 00a4 05       		.uleb128 0x5
 261 00a5 6B000000 		.4byte	0x6b
 262 00a9 02       		.uleb128 0x2
 263 00aa 04       		.byte	0x4
 264 00ab 07       		.byte	0x7
 265 00ac B4020000 		.4byte	.LASF15
 266 00b0 06       		.uleb128 0x6
 267 00b1 06       		.byte	0x6
 268 00b2 03       		.byte	0x3
 269 00b3 40       		.byte	0x40
 270 00b4 DD000000 		.4byte	0xdd
 271 00b8 07       		.uleb128 0x7
 272 00b9 BD020000 		.4byte	.LASF16
 273 00bd 03       		.byte	0x3
 274 00be 42       		.byte	0x42
 275 00bf 6B000000 		.4byte	0x6b
 276 00c3 00       		.byte	0
 277 00c4 07       		.uleb128 0x7
 278 00c5 EE000000 		.4byte	.LASF17
 279 00c9 03       		.byte	0x3
 280 00ca 43       		.byte	0x43
 281 00cb 77000000 		.4byte	0x77
 282 00cf 02       		.byte	0x2
 283 00d0 07       		.uleb128 0x7
 284 00d1 F9000000 		.4byte	.LASF18
 285 00d5 03       		.byte	0x3
 286 00d6 46       		.byte	0x46
 287 00d7 6B000000 		.4byte	0x6b
 288 00db 04       		.byte	0x4
 289 00dc 00       		.byte	0
 290 00dd 08       		.uleb128 0x8
 291 00de DE020000 		.4byte	.LASF19
 292 00e2 03       		.byte	0x3
 293 00e3 49       		.byte	0x49
 294 00e4 B0000000 		.4byte	0xb0
 295 00e8 09       		.uleb128 0x9
 296 00e9 49000000 		.4byte	.LASF20
 297 00ed 01       		.byte	0x1
 298 00ee 2A       		.byte	0x2a
ARM GAS  C:\Users\LAIR\AppData\Local\Temp\ccavXZk3.s 			page 9


 299 00ef 00000000 		.4byte	.LFB0
 300 00f3 18000000 		.4byte	.LFE0-.LFB0
 301 00f7 01       		.uleb128 0x1
 302 00f8 9C       		.byte	0x9c
 303 00f9 10010000 		.4byte	0x110
 304 00fd 0A       		.uleb128 0xa
 305 00fe 06000000 		.4byte	.LVL0
 306 0102 99010000 		.4byte	0x199
 307 0106 0A       		.uleb128 0xa
 308 0107 0E000000 		.4byte	.LVL1
 309 010b A4010000 		.4byte	0x1a4
 310 010f 00       		.byte	0
 311 0110 09       		.uleb128 0x9
 312 0111 28000000 		.4byte	.LASF21
 313 0115 01       		.byte	0x1
 314 0116 4A       		.byte	0x4a
 315 0117 00000000 		.4byte	.LFB1
 316 011b 18000000 		.4byte	.LFE1-.LFB1
 317 011f 01       		.uleb128 0x1
 318 0120 9C       		.byte	0x9c
 319 0121 38010000 		.4byte	0x138
 320 0125 0A       		.uleb128 0xa
 321 0126 0A000000 		.4byte	.LVL2
 322 012a AF010000 		.4byte	0x1af
 323 012e 0A       		.uleb128 0xa
 324 012f 10000000 		.4byte	.LVL3
 325 0133 C0010000 		.4byte	0x1c0
 326 0137 00       		.byte	0
 327 0138 09       		.uleb128 0x9
 328 0139 10010000 		.4byte	.LASF22
 329 013d 01       		.byte	0x1
 330 013e 69       		.byte	0x69
 331 013f 00000000 		.4byte	.LFB2
 332 0143 2C000000 		.4byte	.LFE2-.LFB2
 333 0147 01       		.uleb128 0x1
 334 0148 9C       		.byte	0x9c
 335 0149 60010000 		.4byte	0x160
 336 014d 0A       		.uleb128 0xa
 337 014e 1E000000 		.4byte	.LVL4
 338 0152 D1010000 		.4byte	0x1d1
 339 0156 0A       		.uleb128 0xa
 340 0157 22000000 		.4byte	.LVL5
 341 015b E8000000 		.4byte	0xe8
 342 015f 00       		.byte	0
 343 0160 09       		.uleb128 0x9
 344 0161 FE020000 		.4byte	.LASF23
 345 0165 01       		.byte	0x1
 346 0166 96       		.byte	0x96
 347 0167 00000000 		.4byte	.LFB3
 348 016b 18000000 		.4byte	.LFE3-.LFB3
 349 016f 01       		.uleb128 0x1
 350 0170 9C       		.byte	0x9c
 351 0171 88010000 		.4byte	0x188
 352 0175 0A       		.uleb128 0xa
 353 0176 06000000 		.4byte	.LVL6
 354 017a 10010000 		.4byte	0x110
 355 017e 0A       		.uleb128 0xa
ARM GAS  C:\Users\LAIR\AppData\Local\Temp\ccavXZk3.s 			page 10


 356 017f 12000000 		.4byte	.LVL7
 357 0183 D8010000 		.4byte	0x1d8
 358 0187 00       		.byte	0
 359 0188 0B       		.uleb128 0xb
 360 0189 9A020000 		.4byte	.LASF33
 361 018d 01       		.byte	0x1
 362 018e 15       		.byte	0x15
 363 018f DD000000 		.4byte	0xdd
 364 0193 05       		.uleb128 0x5
 365 0194 03       		.byte	0x3
 366 0195 00000000 		.4byte	QuadDecSteer_Cnt16_backup
 367 0199 0C       		.uleb128 0xc
 368 019a 94010000 		.4byte	.LASF24
 369 019e 03       		.byte	0x3
 370 019f 5D       		.byte	0x5d
 371 01a0 77000000 		.4byte	0x77
 372 01a4 0C       		.uleb128 0xc
 373 01a5 B3010000 		.4byte	.LASF25
 374 01a9 03       		.byte	0x3
 375 01aa 55       		.byte	0x55
 376 01ab 6B000000 		.4byte	0x6b
 377 01af 0D       		.uleb128 0xd
 378 01b0 57010000 		.4byte	.LASF26
 379 01b4 03       		.byte	0x3
 380 01b5 5A       		.byte	0x5a
 381 01b6 C0010000 		.4byte	0x1c0
 382 01ba 0E       		.uleb128 0xe
 383 01bb 77000000 		.4byte	0x77
 384 01bf 00       		.byte	0
 385 01c0 0D       		.uleb128 0xd
 386 01c1 00000000 		.4byte	.LASF27
 387 01c5 03       		.byte	0x3
 388 01c6 56       		.byte	0x56
 389 01c7 D1010000 		.4byte	0x1d1
 390 01cb 0E       		.uleb128 0xe
 391 01cc 6B000000 		.4byte	0x6b
 392 01d0 00       		.byte	0
 393 01d1 0F       		.uleb128 0xf
 394 01d2 C3000000 		.4byte	.LASF28
 395 01d6 03       		.byte	0x3
 396 01d7 50       		.byte	0x50
 397 01d8 0F       		.uleb128 0xf
 398 01d9 2F010000 		.4byte	.LASF29
 399 01dd 03       		.byte	0x3
 400 01de 71       		.byte	0x71
 401 01df 00       		.byte	0
 402              		.section	.debug_abbrev,"",%progbits
 403              	.Ldebug_abbrev0:
 404 0000 01       		.uleb128 0x1
 405 0001 11       		.uleb128 0x11
 406 0002 01       		.byte	0x1
 407 0003 25       		.uleb128 0x25
 408 0004 0E       		.uleb128 0xe
 409 0005 13       		.uleb128 0x13
 410 0006 0B       		.uleb128 0xb
 411 0007 03       		.uleb128 0x3
 412 0008 0E       		.uleb128 0xe
ARM GAS  C:\Users\LAIR\AppData\Local\Temp\ccavXZk3.s 			page 11


 413 0009 1B       		.uleb128 0x1b
 414 000a 0E       		.uleb128 0xe
 415 000b 55       		.uleb128 0x55
 416 000c 17       		.uleb128 0x17
 417 000d 11       		.uleb128 0x11
 418 000e 01       		.uleb128 0x1
 419 000f 10       		.uleb128 0x10
 420 0010 17       		.uleb128 0x17
 421 0011 00       		.byte	0
 422 0012 00       		.byte	0
 423 0013 02       		.uleb128 0x2
 424 0014 24       		.uleb128 0x24
 425 0015 00       		.byte	0
 426 0016 0B       		.uleb128 0xb
 427 0017 0B       		.uleb128 0xb
 428 0018 3E       		.uleb128 0x3e
 429 0019 0B       		.uleb128 0xb
 430 001a 03       		.uleb128 0x3
 431 001b 0E       		.uleb128 0xe
 432 001c 00       		.byte	0
 433 001d 00       		.byte	0
 434 001e 03       		.uleb128 0x3
 435 001f 24       		.uleb128 0x24
 436 0020 00       		.byte	0
 437 0021 0B       		.uleb128 0xb
 438 0022 0B       		.uleb128 0xb
 439 0023 3E       		.uleb128 0x3e
 440 0024 0B       		.uleb128 0xb
 441 0025 03       		.uleb128 0x3
 442 0026 08       		.uleb128 0x8
 443 0027 00       		.byte	0
 444 0028 00       		.byte	0
 445 0029 04       		.uleb128 0x4
 446 002a 16       		.uleb128 0x16
 447 002b 00       		.byte	0
 448 002c 03       		.uleb128 0x3
 449 002d 0E       		.uleb128 0xe
 450 002e 3A       		.uleb128 0x3a
 451 002f 0B       		.uleb128 0xb
 452 0030 3B       		.uleb128 0x3b
 453 0031 05       		.uleb128 0x5
 454 0032 49       		.uleb128 0x49
 455 0033 13       		.uleb128 0x13
 456 0034 00       		.byte	0
 457 0035 00       		.byte	0
 458 0036 05       		.uleb128 0x5
 459 0037 35       		.uleb128 0x35
 460 0038 00       		.byte	0
 461 0039 49       		.uleb128 0x49
 462 003a 13       		.uleb128 0x13
 463 003b 00       		.byte	0
 464 003c 00       		.byte	0
 465 003d 06       		.uleb128 0x6
 466 003e 13       		.uleb128 0x13
 467 003f 01       		.byte	0x1
 468 0040 0B       		.uleb128 0xb
 469 0041 0B       		.uleb128 0xb
ARM GAS  C:\Users\LAIR\AppData\Local\Temp\ccavXZk3.s 			page 12


 470 0042 3A       		.uleb128 0x3a
 471 0043 0B       		.uleb128 0xb
 472 0044 3B       		.uleb128 0x3b
 473 0045 0B       		.uleb128 0xb
 474 0046 01       		.uleb128 0x1
 475 0047 13       		.uleb128 0x13
 476 0048 00       		.byte	0
 477 0049 00       		.byte	0
 478 004a 07       		.uleb128 0x7
 479 004b 0D       		.uleb128 0xd
 480 004c 00       		.byte	0
 481 004d 03       		.uleb128 0x3
 482 004e 0E       		.uleb128 0xe
 483 004f 3A       		.uleb128 0x3a
 484 0050 0B       		.uleb128 0xb
 485 0051 3B       		.uleb128 0x3b
 486 0052 0B       		.uleb128 0xb
 487 0053 49       		.uleb128 0x49
 488 0054 13       		.uleb128 0x13
 489 0055 38       		.uleb128 0x38
 490 0056 0B       		.uleb128 0xb
 491 0057 00       		.byte	0
 492 0058 00       		.byte	0
 493 0059 08       		.uleb128 0x8
 494 005a 16       		.uleb128 0x16
 495 005b 00       		.byte	0
 496 005c 03       		.uleb128 0x3
 497 005d 0E       		.uleb128 0xe
 498 005e 3A       		.uleb128 0x3a
 499 005f 0B       		.uleb128 0xb
 500 0060 3B       		.uleb128 0x3b
 501 0061 0B       		.uleb128 0xb
 502 0062 49       		.uleb128 0x49
 503 0063 13       		.uleb128 0x13
 504 0064 00       		.byte	0
 505 0065 00       		.byte	0
 506 0066 09       		.uleb128 0x9
 507 0067 2E       		.uleb128 0x2e
 508 0068 01       		.byte	0x1
 509 0069 3F       		.uleb128 0x3f
 510 006a 19       		.uleb128 0x19
 511 006b 03       		.uleb128 0x3
 512 006c 0E       		.uleb128 0xe
 513 006d 3A       		.uleb128 0x3a
 514 006e 0B       		.uleb128 0xb
 515 006f 3B       		.uleb128 0x3b
 516 0070 0B       		.uleb128 0xb
 517 0071 27       		.uleb128 0x27
 518 0072 19       		.uleb128 0x19
 519 0073 11       		.uleb128 0x11
 520 0074 01       		.uleb128 0x1
 521 0075 12       		.uleb128 0x12
 522 0076 06       		.uleb128 0x6
 523 0077 40       		.uleb128 0x40
 524 0078 18       		.uleb128 0x18
 525 0079 9742     		.uleb128 0x2117
 526 007b 19       		.uleb128 0x19
ARM GAS  C:\Users\LAIR\AppData\Local\Temp\ccavXZk3.s 			page 13


 527 007c 01       		.uleb128 0x1
 528 007d 13       		.uleb128 0x13
 529 007e 00       		.byte	0
 530 007f 00       		.byte	0
 531 0080 0A       		.uleb128 0xa
 532 0081 898201   		.uleb128 0x4109
 533 0084 00       		.byte	0
 534 0085 11       		.uleb128 0x11
 535 0086 01       		.uleb128 0x1
 536 0087 31       		.uleb128 0x31
 537 0088 13       		.uleb128 0x13
 538 0089 00       		.byte	0
 539 008a 00       		.byte	0
 540 008b 0B       		.uleb128 0xb
 541 008c 34       		.uleb128 0x34
 542 008d 00       		.byte	0
 543 008e 03       		.uleb128 0x3
 544 008f 0E       		.uleb128 0xe
 545 0090 3A       		.uleb128 0x3a
 546 0091 0B       		.uleb128 0xb
 547 0092 3B       		.uleb128 0x3b
 548 0093 0B       		.uleb128 0xb
 549 0094 49       		.uleb128 0x49
 550 0095 13       		.uleb128 0x13
 551 0096 02       		.uleb128 0x2
 552 0097 18       		.uleb128 0x18
 553 0098 00       		.byte	0
 554 0099 00       		.byte	0
 555 009a 0C       		.uleb128 0xc
 556 009b 2E       		.uleb128 0x2e
 557 009c 00       		.byte	0
 558 009d 3F       		.uleb128 0x3f
 559 009e 19       		.uleb128 0x19
 560 009f 03       		.uleb128 0x3
 561 00a0 0E       		.uleb128 0xe
 562 00a1 3A       		.uleb128 0x3a
 563 00a2 0B       		.uleb128 0xb
 564 00a3 3B       		.uleb128 0x3b
 565 00a4 0B       		.uleb128 0xb
 566 00a5 27       		.uleb128 0x27
 567 00a6 19       		.uleb128 0x19
 568 00a7 49       		.uleb128 0x49
 569 00a8 13       		.uleb128 0x13
 570 00a9 3C       		.uleb128 0x3c
 571 00aa 19       		.uleb128 0x19
 572 00ab 00       		.byte	0
 573 00ac 00       		.byte	0
 574 00ad 0D       		.uleb128 0xd
 575 00ae 2E       		.uleb128 0x2e
 576 00af 01       		.byte	0x1
 577 00b0 3F       		.uleb128 0x3f
 578 00b1 19       		.uleb128 0x19
 579 00b2 03       		.uleb128 0x3
 580 00b3 0E       		.uleb128 0xe
 581 00b4 3A       		.uleb128 0x3a
 582 00b5 0B       		.uleb128 0xb
 583 00b6 3B       		.uleb128 0x3b
ARM GAS  C:\Users\LAIR\AppData\Local\Temp\ccavXZk3.s 			page 14


 584 00b7 0B       		.uleb128 0xb
 585 00b8 27       		.uleb128 0x27
 586 00b9 19       		.uleb128 0x19
 587 00ba 3C       		.uleb128 0x3c
 588 00bb 19       		.uleb128 0x19
 589 00bc 01       		.uleb128 0x1
 590 00bd 13       		.uleb128 0x13
 591 00be 00       		.byte	0
 592 00bf 00       		.byte	0
 593 00c0 0E       		.uleb128 0xe
 594 00c1 05       		.uleb128 0x5
 595 00c2 00       		.byte	0
 596 00c3 49       		.uleb128 0x49
 597 00c4 13       		.uleb128 0x13
 598 00c5 00       		.byte	0
 599 00c6 00       		.byte	0
 600 00c7 0F       		.uleb128 0xf
 601 00c8 2E       		.uleb128 0x2e
 602 00c9 00       		.byte	0
 603 00ca 3F       		.uleb128 0x3f
 604 00cb 19       		.uleb128 0x19
 605 00cc 03       		.uleb128 0x3
 606 00cd 0E       		.uleb128 0xe
 607 00ce 3A       		.uleb128 0x3a
 608 00cf 0B       		.uleb128 0xb
 609 00d0 3B       		.uleb128 0x3b
 610 00d1 0B       		.uleb128 0xb
 611 00d2 27       		.uleb128 0x27
 612 00d3 19       		.uleb128 0x19
 613 00d4 3C       		.uleb128 0x3c
 614 00d5 19       		.uleb128 0x19
 615 00d6 00       		.byte	0
 616 00d7 00       		.byte	0
 617 00d8 00       		.byte	0
 618              		.section	.debug_aranges,"",%progbits
 619 0000 34000000 		.4byte	0x34
 620 0004 0200     		.2byte	0x2
 621 0006 00000000 		.4byte	.Ldebug_info0
 622 000a 04       		.byte	0x4
 623 000b 00       		.byte	0
 624 000c 0000     		.2byte	0
 625 000e 0000     		.2byte	0
 626 0010 00000000 		.4byte	.LFB0
 627 0014 18000000 		.4byte	.LFE0-.LFB0
 628 0018 00000000 		.4byte	.LFB1
 629 001c 18000000 		.4byte	.LFE1-.LFB1
 630 0020 00000000 		.4byte	.LFB2
 631 0024 2C000000 		.4byte	.LFE2-.LFB2
 632 0028 00000000 		.4byte	.LFB3
 633 002c 18000000 		.4byte	.LFE3-.LFB3
 634 0030 00000000 		.4byte	0
 635 0034 00000000 		.4byte	0
 636              		.section	.debug_ranges,"",%progbits
 637              	.Ldebug_ranges0:
 638 0000 00000000 		.4byte	.LFB0
 639 0004 18000000 		.4byte	.LFE0
 640 0008 00000000 		.4byte	.LFB1
ARM GAS  C:\Users\LAIR\AppData\Local\Temp\ccavXZk3.s 			page 15


 641 000c 18000000 		.4byte	.LFE1
 642 0010 00000000 		.4byte	.LFB2
 643 0014 2C000000 		.4byte	.LFE2
 644 0018 00000000 		.4byte	.LFB3
 645 001c 18000000 		.4byte	.LFE3
 646 0020 00000000 		.4byte	0
 647 0024 00000000 		.4byte	0
 648              		.section	.debug_line,"",%progbits
 649              	.Ldebug_line0:
 650 0000 BF000000 		.section	.debug_str,"MS",%progbits,1
 650      02006C00 
 650      00000201 
 650      FB0E0D00 
 650      01010101 
 651              	.LASF27:
 652 0000 51756164 		.ascii	"QuadDecSteer_Cnt16_WriteControlRegister\000"
 652      44656353 
 652      74656572 
 652      5F436E74 
 652      31365F57 
 653              	.LASF21:
 654 0028 51756164 		.ascii	"QuadDecSteer_Cnt16_RestoreConfig\000"
 654      44656353 
 654      74656572 
 654      5F436E74 
 654      31365F52 
 655              	.LASF20:
 656 0049 51756164 		.ascii	"QuadDecSteer_Cnt16_SaveConfig\000"
 656      44656353 
 656      74656572 
 656      5F436E74 
 656      31365F53 
 657              	.LASF32:
 658 0067 433A5C55 		.ascii	"C:\\Users\\LAIR\\Documents\\GitHub\\Golfcart\\PSOC_"
 658      73657273 
 658      5C4C4149 
 658      525C446F 
 658      63756D65 
 659 0094 50524F47 		.ascii	"PROGRAMS\\PSoC5\\Roadrunner Control System.cydsn\000"
 659      52414D53 
 659      5C50536F 
 659      43355C52 
 659      6F616472 
 660              	.LASF28:
 661 00c3 51756164 		.ascii	"QuadDecSteer_Cnt16_Stop\000"
 661      44656353 
 661      74656572 
 661      5F436E74 
 661      31365F53 
 662              	.LASF3:
 663 00db 73686F72 		.ascii	"short unsigned int\000"
 663      7420756E 
 663      7369676E 
 663      65642069 
 663      6E7400
 664              	.LASF17:
 665 00ee 436F756E 		.ascii	"CounterUdb\000"
ARM GAS  C:\Users\LAIR\AppData\Local\Temp\ccavXZk3.s 			page 16


 665      74657255 
 665      646200
 666              	.LASF18:
 667 00f9 436F756E 		.ascii	"CounterControlRegister\000"
 667      74657243 
 667      6F6E7472 
 667      6F6C5265 
 667      67697374 
 668              	.LASF22:
 669 0110 51756164 		.ascii	"QuadDecSteer_Cnt16_Sleep\000"
 669      44656353 
 669      74656572 
 669      5F436E74 
 669      31365F53 
 670              	.LASF11:
 671 0129 666C6F61 		.ascii	"float\000"
 671      7400
 672              	.LASF29:
 673 012f 51756164 		.ascii	"QuadDecSteer_Cnt16_Enable\000"
 673      44656353 
 673      74656572 
 673      5F436E74 
 673      31365F45 
 674              	.LASF1:
 675 0149 756E7369 		.ascii	"unsigned char\000"
 675      676E6564 
 675      20636861 
 675      7200
 676              	.LASF26:
 677 0157 51756164 		.ascii	"QuadDecSteer_Cnt16_WriteCounter\000"
 677      44656353 
 677      74656572 
 677      5F436E74 
 677      31365F57 
 678              	.LASF14:
 679 0177 72656738 		.ascii	"reg8\000"
 679      00
 680              	.LASF5:
 681 017c 6C6F6E67 		.ascii	"long unsigned int\000"
 681      20756E73 
 681      69676E65 
 681      6420696E 
 681      7400
 682              	.LASF9:
 683 018e 75696E74 		.ascii	"uint8\000"
 683      3800
 684              	.LASF24:
 685 0194 51756164 		.ascii	"QuadDecSteer_Cnt16_ReadCounter\000"
 685      44656353 
 685      74656572 
 685      5F436E74 
 685      31365F52 
 686              	.LASF25:
 687 01b3 51756164 		.ascii	"QuadDecSteer_Cnt16_ReadControlRegister\000"
 687      44656353 
 687      74656572 
 687      5F436E74 
ARM GAS  C:\Users\LAIR\AppData\Local\Temp\ccavXZk3.s 			page 17


 687      31365F52 
 688              	.LASF12:
 689 01da 646F7562 		.ascii	"double\000"
 689      6C6500
 690              	.LASF10:
 691 01e1 75696E74 		.ascii	"uint16\000"
 691      313600
 692              	.LASF30:
 693 01e8 474E5520 		.ascii	"GNU C 4.9.3 20150303 (release) [ARM/embedded-4_9-br"
 693      4320342E 
 693      392E3320 
 693      32303135 
 693      30333033 
 694 021b 616E6368 		.ascii	"anch revision 221220] -mcpu=cortex-m3 -mthumb -g -O"
 694      20726576 
 694      6973696F 
 694      6E203232 
 694      31323230 
 695 024e 67202D66 		.ascii	"g -ffunction-sections -ffat-lto-objects\000"
 695      66756E63 
 695      74696F6E 
 695      2D736563 
 695      74696F6E 
 696              	.LASF8:
 697 0276 756E7369 		.ascii	"unsigned int\000"
 697      676E6564 
 697      20696E74 
 697      00
 698              	.LASF7:
 699 0283 6C6F6E67 		.ascii	"long long unsigned int\000"
 699      206C6F6E 
 699      6720756E 
 699      7369676E 
 699      65642069 
 700              	.LASF33:
 701 029a 51756164 		.ascii	"QuadDecSteer_Cnt16_backup\000"
 701      44656353 
 701      74656572 
 701      5F436E74 
 701      31365F62 
 702              	.LASF15:
 703 02b4 73697A65 		.ascii	"sizetype\000"
 703      74797065 
 703      00
 704              	.LASF16:
 705 02bd 436F756E 		.ascii	"CounterEnableState\000"
 705      74657245 
 705      6E61626C 
 705      65537461 
 705      746500
 706              	.LASF6:
 707 02d0 6C6F6E67 		.ascii	"long long int\000"
 707      206C6F6E 
 707      6720696E 
 707      7400
 708              	.LASF19:
 709 02de 51756164 		.ascii	"QuadDecSteer_Cnt16_backupStruct\000"
ARM GAS  C:\Users\LAIR\AppData\Local\Temp\ccavXZk3.s 			page 18


 709      44656353 
 709      74656572 
 709      5F436E74 
 709      31365F62 
 710              	.LASF23:
 711 02fe 51756164 		.ascii	"QuadDecSteer_Cnt16_Wakeup\000"
 711      44656353 
 711      74656572 
 711      5F436E74 
 711      31365F57 
 712              	.LASF31:
 713 0318 2E5C4765 		.ascii	".\\Generated_Source\\PSoC5\\QuadDecSteer_Cnt16_PM.c"
 713      6E657261 
 713      7465645F 
 713      536F7572 
 713      63655C50 
 714 0348 00       		.ascii	"\000"
 715              	.LASF2:
 716 0349 73686F72 		.ascii	"short int\000"
 716      7420696E 
 716      7400
 717              	.LASF4:
 718 0353 6C6F6E67 		.ascii	"long int\000"
 718      20696E74 
 718      00
 719              	.LASF13:
 720 035c 63686172 		.ascii	"char\000"
 720      00
 721              	.LASF0:
 722 0361 7369676E 		.ascii	"signed char\000"
 722      65642063 
 722      68617200 
 723              		.ident	"GCC: (GNU Tools for ARM Embedded Processors) 4.9.3 20150303 (release) [ARM/embedded-4_9-br
