ARM GAS  C:\Users\LAIR\AppData\Local\Temp\ccGEprSa.s 			page 1


   1              		.syntax unified
   2              		.cpu cortex-m3
   3              		.fpu softvfp
   4              		.eabi_attribute 20, 1
   5              		.eabi_attribute 21, 1
   6              		.eabi_attribute 23, 3
   7              		.eabi_attribute 24, 1
   8              		.eabi_attribute 25, 1
   9              		.eabi_attribute 26, 1
  10              		.eabi_attribute 30, 1
  11              		.eabi_attribute 34, 1
  12              		.eabi_attribute 18, 4
  13              		.thumb
  14              		.file	"RAMBUF_dma.c"
  15              		.text
  16              	.Ltext0:
  17              		.cfi_sections	.debug_frame
  18              		.section	.text.RAMBUF_DmaInitialize,"ax",%progbits
  19              		.align	2
  20              		.global	RAMBUF_DmaInitialize
  21              		.thumb
  22              		.thumb_func
  23              		.type	RAMBUF_DmaInitialize, %function
  24              	RAMBUF_DmaInitialize:
  25              	.LFB0:
  26              		.file 1 ".\\Generated_Source\\PSoC5\\RAMBUF_dma.c"
   1:.\Generated_Source\PSoC5/RAMBUF_dma.c **** /***************************************************************************
   2:.\Generated_Source\PSoC5/RAMBUF_dma.c **** * File Name: RAMBUF_dma.c  
   3:.\Generated_Source\PSoC5/RAMBUF_dma.c **** * Version 1.70
   4:.\Generated_Source\PSoC5/RAMBUF_dma.c **** *
   5:.\Generated_Source\PSoC5/RAMBUF_dma.c **** *  Description:
   6:.\Generated_Source\PSoC5/RAMBUF_dma.c **** *   Provides an API for the DMAC component. The API includes functions
   7:.\Generated_Source\PSoC5/RAMBUF_dma.c **** *   for the DMA controller, DMA channels and Transfer Descriptors.
   8:.\Generated_Source\PSoC5/RAMBUF_dma.c **** *
   9:.\Generated_Source\PSoC5/RAMBUF_dma.c **** *
  10:.\Generated_Source\PSoC5/RAMBUF_dma.c **** *   Note:
  11:.\Generated_Source\PSoC5/RAMBUF_dma.c **** *     This module requires the developer to finish or fill in the auto
  12:.\Generated_Source\PSoC5/RAMBUF_dma.c **** *     generated funcions and setup the dma channel and TD's.
  13:.\Generated_Source\PSoC5/RAMBUF_dma.c **** *
  14:.\Generated_Source\PSoC5/RAMBUF_dma.c **** ********************************************************************************
  15:.\Generated_Source\PSoC5/RAMBUF_dma.c **** * Copyright 2008-2010, Cypress Semiconductor Corporation.  All rights reserved.
  16:.\Generated_Source\PSoC5/RAMBUF_dma.c **** * You may use this file only in accordance with the license, terms, conditions, 
  17:.\Generated_Source\PSoC5/RAMBUF_dma.c **** * disclaimers, and limitations in the end user license agreement accompanying 
  18:.\Generated_Source\PSoC5/RAMBUF_dma.c **** * the software package with which this file was provided.
  19:.\Generated_Source\PSoC5/RAMBUF_dma.c **** ********************************************************************************/
  20:.\Generated_Source\PSoC5/RAMBUF_dma.c **** #include <CYLIB.H>
  21:.\Generated_Source\PSoC5/RAMBUF_dma.c **** #include <CYDMAC.H>
  22:.\Generated_Source\PSoC5/RAMBUF_dma.c **** #include <RAMBUF_dma.H>
  23:.\Generated_Source\PSoC5/RAMBUF_dma.c **** 
  24:.\Generated_Source\PSoC5/RAMBUF_dma.c **** 
  25:.\Generated_Source\PSoC5/RAMBUF_dma.c **** 
  26:.\Generated_Source\PSoC5/RAMBUF_dma.c **** /****************************************************************************
  27:.\Generated_Source\PSoC5/RAMBUF_dma.c **** * 
  28:.\Generated_Source\PSoC5/RAMBUF_dma.c **** * The following defines are available in Cyfitter.h
  29:.\Generated_Source\PSoC5/RAMBUF_dma.c **** * 
  30:.\Generated_Source\PSoC5/RAMBUF_dma.c **** * 
  31:.\Generated_Source\PSoC5/RAMBUF_dma.c **** * 
ARM GAS  C:\Users\LAIR\AppData\Local\Temp\ccGEprSa.s 			page 2


  32:.\Generated_Source\PSoC5/RAMBUF_dma.c **** * RAMBUF__DRQ_CTL_REG
  33:.\Generated_Source\PSoC5/RAMBUF_dma.c **** * 
  34:.\Generated_Source\PSoC5/RAMBUF_dma.c **** * 
  35:.\Generated_Source\PSoC5/RAMBUF_dma.c **** * RAMBUF__DRQ_NUMBER
  36:.\Generated_Source\PSoC5/RAMBUF_dma.c **** * 
  37:.\Generated_Source\PSoC5/RAMBUF_dma.c **** * Number of TD's used by this channel.
  38:.\Generated_Source\PSoC5/RAMBUF_dma.c **** * RAMBUF__NUMBEROF_TDS
  39:.\Generated_Source\PSoC5/RAMBUF_dma.c **** * 
  40:.\Generated_Source\PSoC5/RAMBUF_dma.c **** * Priority of this channel.
  41:.\Generated_Source\PSoC5/RAMBUF_dma.c **** * RAMBUF__PRIORITY
  42:.\Generated_Source\PSoC5/RAMBUF_dma.c **** * 
  43:.\Generated_Source\PSoC5/RAMBUF_dma.c **** * True if RAMBUF_TERMIN_SEL is used.
  44:.\Generated_Source\PSoC5/RAMBUF_dma.c **** * RAMBUF__TERMIN_EN
  45:.\Generated_Source\PSoC5/RAMBUF_dma.c **** * 
  46:.\Generated_Source\PSoC5/RAMBUF_dma.c **** * TERMIN interrupt line to signal terminate.
  47:.\Generated_Source\PSoC5/RAMBUF_dma.c **** * RAMBUF__TERMIN_SEL
  48:.\Generated_Source\PSoC5/RAMBUF_dma.c **** * 
  49:.\Generated_Source\PSoC5/RAMBUF_dma.c **** * 
  50:.\Generated_Source\PSoC5/RAMBUF_dma.c **** * True if RAMBUF_TERMOUT0_SEL is used.
  51:.\Generated_Source\PSoC5/RAMBUF_dma.c **** * RAMBUF__TERMOUT0_EN
  52:.\Generated_Source\PSoC5/RAMBUF_dma.c **** * 
  53:.\Generated_Source\PSoC5/RAMBUF_dma.c **** * 
  54:.\Generated_Source\PSoC5/RAMBUF_dma.c **** * TERMOUT0 interrupt line to signal completion.
  55:.\Generated_Source\PSoC5/RAMBUF_dma.c **** * RAMBUF__TERMOUT0_SEL
  56:.\Generated_Source\PSoC5/RAMBUF_dma.c **** * 
  57:.\Generated_Source\PSoC5/RAMBUF_dma.c **** * 
  58:.\Generated_Source\PSoC5/RAMBUF_dma.c **** * True if RAMBUF_TERMOUT1_SEL is used.
  59:.\Generated_Source\PSoC5/RAMBUF_dma.c **** * RAMBUF__TERMOUT1_EN
  60:.\Generated_Source\PSoC5/RAMBUF_dma.c **** * 
  61:.\Generated_Source\PSoC5/RAMBUF_dma.c **** * 
  62:.\Generated_Source\PSoC5/RAMBUF_dma.c **** * TERMOUT1 interrupt line to signal completion.
  63:.\Generated_Source\PSoC5/RAMBUF_dma.c **** * RAMBUF__TERMOUT1_SEL
  64:.\Generated_Source\PSoC5/RAMBUF_dma.c **** * 
  65:.\Generated_Source\PSoC5/RAMBUF_dma.c **** ****************************************************************************/
  66:.\Generated_Source\PSoC5/RAMBUF_dma.c **** 
  67:.\Generated_Source\PSoC5/RAMBUF_dma.c **** 
  68:.\Generated_Source\PSoC5/RAMBUF_dma.c **** /* Zero based index of RAMBUF dma channel */
  69:.\Generated_Source\PSoC5/RAMBUF_dma.c **** uint8 RAMBUF_DmaHandle = DMA_INVALID_CHANNEL;
  70:.\Generated_Source\PSoC5/RAMBUF_dma.c **** 
  71:.\Generated_Source\PSoC5/RAMBUF_dma.c **** /*********************************************************************
  72:.\Generated_Source\PSoC5/RAMBUF_dma.c **** * Function Name: uint8 RAMBUF_DmaInitalize
  73:.\Generated_Source\PSoC5/RAMBUF_dma.c **** **********************************************************************
  74:.\Generated_Source\PSoC5/RAMBUF_dma.c **** * Summary:
  75:.\Generated_Source\PSoC5/RAMBUF_dma.c **** *   Allocates and initialises a channel of the DMAC to be used by the
  76:.\Generated_Source\PSoC5/RAMBUF_dma.c **** *   caller.
  77:.\Generated_Source\PSoC5/RAMBUF_dma.c **** *
  78:.\Generated_Source\PSoC5/RAMBUF_dma.c **** * Parameters:
  79:.\Generated_Source\PSoC5/RAMBUF_dma.c **** *   BurstCount.
  80:.\Generated_Source\PSoC5/RAMBUF_dma.c **** *       
  81:.\Generated_Source\PSoC5/RAMBUF_dma.c **** *       
  82:.\Generated_Source\PSoC5/RAMBUF_dma.c **** *   ReqestPerBurst.
  83:.\Generated_Source\PSoC5/RAMBUF_dma.c **** *       
  84:.\Generated_Source\PSoC5/RAMBUF_dma.c **** *       
  85:.\Generated_Source\PSoC5/RAMBUF_dma.c **** *   UpperSrcAddress.
  86:.\Generated_Source\PSoC5/RAMBUF_dma.c **** *       
  87:.\Generated_Source\PSoC5/RAMBUF_dma.c **** *       
  88:.\Generated_Source\PSoC5/RAMBUF_dma.c **** *   UpperDestAddress.
ARM GAS  C:\Users\LAIR\AppData\Local\Temp\ccGEprSa.s 			page 3


  89:.\Generated_Source\PSoC5/RAMBUF_dma.c **** *       
  90:.\Generated_Source\PSoC5/RAMBUF_dma.c **** *
  91:.\Generated_Source\PSoC5/RAMBUF_dma.c **** * Return:
  92:.\Generated_Source\PSoC5/RAMBUF_dma.c **** *   The channel that can be used by the caller for DMA activity.
  93:.\Generated_Source\PSoC5/RAMBUF_dma.c **** *   DMA_INVALID_CHANNEL (0xFF) if there are no channels left. 
  94:.\Generated_Source\PSoC5/RAMBUF_dma.c **** *
  95:.\Generated_Source\PSoC5/RAMBUF_dma.c **** *
  96:.\Generated_Source\PSoC5/RAMBUF_dma.c **** *******************************************************************/
  97:.\Generated_Source\PSoC5/RAMBUF_dma.c **** uint8 RAMBUF_DmaInitialize(uint8 BurstCount, uint8 ReqestPerBurst, uint16 UpperSrcAddress, uint16 U
  98:.\Generated_Source\PSoC5/RAMBUF_dma.c **** {
  27              		.loc 1 98 0
  28              		.cfi_startproc
  29              		@ args = 0, pretend = 0, frame = 0
  30              		@ frame_needed = 0, uses_anonymous_args = 0
  31              	.LVL0:
  32 0000 F0B5     		push	{r4, r5, r6, r7, lr}
  33              		.cfi_def_cfa_offset 20
  34              		.cfi_offset 4, -20
  35              		.cfi_offset 5, -16
  36              		.cfi_offset 6, -12
  37              		.cfi_offset 7, -8
  38              		.cfi_offset 14, -4
  39 0002 83B0     		sub	sp, sp, #12
  40              		.cfi_def_cfa_offset 32
  41 0004 8446     		mov	ip, r0
  42 0006 8E46     		mov	lr, r1
  43 0008 1746     		mov	r7, r2
  44 000a 1E46     		mov	r6, r3
  99:.\Generated_Source\PSoC5/RAMBUF_dma.c **** 
 100:.\Generated_Source\PSoC5/RAMBUF_dma.c ****     /* Allocate a DMA channel. */
 101:.\Generated_Source\PSoC5/RAMBUF_dma.c ****     RAMBUF_DmaHandle = (uint8)RAMBUF__DRQ_NUMBER;
  45              		.loc 1 101 0
  46 000c 0B4C     		ldr	r4, .L3
  47 000e 0225     		movs	r5, #2
  48 0010 2570     		strb	r5, [r4]
 102:.\Generated_Source\PSoC5/RAMBUF_dma.c **** 
 103:.\Generated_Source\PSoC5/RAMBUF_dma.c ****     /* Configure the channel. */
 104:.\Generated_Source\PSoC5/RAMBUF_dma.c ****     (void)CyDmaChSetConfiguration(RAMBUF_DmaHandle,
  49              		.loc 1 104 0
  50 0012 0023     		movs	r3, #0
  51              	.LVL1:
  52 0014 0093     		str	r3, [sp]
  53 0016 0193     		str	r3, [sp, #4]
  54 0018 2846     		mov	r0, r5
  55              	.LVL2:
  56 001a 6146     		mov	r1, ip
  57              	.LVL3:
  58 001c 7246     		mov	r2, lr
  59              	.LVL4:
  60 001e FFF7FEFF 		bl	CyDmaChSetConfiguration
  61              	.LVL5:
 105:.\Generated_Source\PSoC5/RAMBUF_dma.c ****                                   BurstCount,
 106:.\Generated_Source\PSoC5/RAMBUF_dma.c ****                                   ReqestPerBurst,
 107:.\Generated_Source\PSoC5/RAMBUF_dma.c ****                                   (uint8)RAMBUF__TERMOUT0_SEL,
 108:.\Generated_Source\PSoC5/RAMBUF_dma.c ****                                   (uint8)RAMBUF__TERMOUT1_SEL,
 109:.\Generated_Source\PSoC5/RAMBUF_dma.c ****                                   (uint8)RAMBUF__TERMIN_SEL);
 110:.\Generated_Source\PSoC5/RAMBUF_dma.c **** 
ARM GAS  C:\Users\LAIR\AppData\Local\Temp\ccGEprSa.s 			page 4


 111:.\Generated_Source\PSoC5/RAMBUF_dma.c ****     /* Set the extended address for the transfers */
 112:.\Generated_Source\PSoC5/RAMBUF_dma.c ****     (void)CyDmaChSetExtendedAddress(RAMBUF_DmaHandle, UpperSrcAddress, UpperDestAddress);
  62              		.loc 1 112 0
  63 0022 2078     		ldrb	r0, [r4]	@ zero_extendqisi2
  64 0024 3946     		mov	r1, r7
  65 0026 3246     		mov	r2, r6
  66 0028 FFF7FEFF 		bl	CyDmaChSetExtendedAddress
  67              	.LVL6:
 113:.\Generated_Source\PSoC5/RAMBUF_dma.c **** 
 114:.\Generated_Source\PSoC5/RAMBUF_dma.c ****     /* Set the priority for this channel */
 115:.\Generated_Source\PSoC5/RAMBUF_dma.c ****     (void)CyDmaChPriority(RAMBUF_DmaHandle, (uint8)RAMBUF__PRIORITY);
  68              		.loc 1 115 0
  69 002c 2078     		ldrb	r0, [r4]	@ zero_extendqisi2
  70 002e 2946     		mov	r1, r5
  71 0030 FFF7FEFF 		bl	CyDmaChPriority
  72              	.LVL7:
 116:.\Generated_Source\PSoC5/RAMBUF_dma.c ****     
 117:.\Generated_Source\PSoC5/RAMBUF_dma.c ****     return RAMBUF_DmaHandle;
 118:.\Generated_Source\PSoC5/RAMBUF_dma.c **** }
  73              		.loc 1 118 0
  74 0034 2078     		ldrb	r0, [r4]	@ zero_extendqisi2
  75 0036 03B0     		add	sp, sp, #12
  76              		.cfi_def_cfa_offset 20
  77              		@ sp needed
  78 0038 F0BD     		pop	{r4, r5, r6, r7, pc}
  79              	.L4:
  80 003a 00BF     		.align	2
  81              	.L3:
  82 003c 00000000 		.word	.LANCHOR0
  83              		.cfi_endproc
  84              	.LFE0:
  85              		.size	RAMBUF_DmaInitialize, .-RAMBUF_DmaInitialize
  86              		.section	.text.RAMBUF_DmaRelease,"ax",%progbits
  87              		.align	2
  88              		.global	RAMBUF_DmaRelease
  89              		.thumb
  90              		.thumb_func
  91              		.type	RAMBUF_DmaRelease, %function
  92              	RAMBUF_DmaRelease:
  93              	.LFB1:
 119:.\Generated_Source\PSoC5/RAMBUF_dma.c **** 
 120:.\Generated_Source\PSoC5/RAMBUF_dma.c **** /*********************************************************************
 121:.\Generated_Source\PSoC5/RAMBUF_dma.c **** * Function Name: void RAMBUF_DmaRelease
 122:.\Generated_Source\PSoC5/RAMBUF_dma.c **** **********************************************************************
 123:.\Generated_Source\PSoC5/RAMBUF_dma.c **** * Summary:
 124:.\Generated_Source\PSoC5/RAMBUF_dma.c **** *   Frees the channel associated with RAMBUF.
 125:.\Generated_Source\PSoC5/RAMBUF_dma.c **** *
 126:.\Generated_Source\PSoC5/RAMBUF_dma.c **** *
 127:.\Generated_Source\PSoC5/RAMBUF_dma.c **** * Parameters:
 128:.\Generated_Source\PSoC5/RAMBUF_dma.c **** *   void.
 129:.\Generated_Source\PSoC5/RAMBUF_dma.c **** *
 130:.\Generated_Source\PSoC5/RAMBUF_dma.c **** *
 131:.\Generated_Source\PSoC5/RAMBUF_dma.c **** *
 132:.\Generated_Source\PSoC5/RAMBUF_dma.c **** * Return:
 133:.\Generated_Source\PSoC5/RAMBUF_dma.c **** *   void.
 134:.\Generated_Source\PSoC5/RAMBUF_dma.c **** *
 135:.\Generated_Source\PSoC5/RAMBUF_dma.c **** *******************************************************************/
ARM GAS  C:\Users\LAIR\AppData\Local\Temp\ccGEprSa.s 			page 5


 136:.\Generated_Source\PSoC5/RAMBUF_dma.c **** void RAMBUF_DmaRelease(void) 
 137:.\Generated_Source\PSoC5/RAMBUF_dma.c **** {
  94              		.loc 1 137 0
  95              		.cfi_startproc
  96              		@ args = 0, pretend = 0, frame = 0
  97              		@ frame_needed = 0, uses_anonymous_args = 0
  98 0000 08B5     		push	{r3, lr}
  99              		.cfi_def_cfa_offset 8
 100              		.cfi_offset 3, -8
 101              		.cfi_offset 14, -4
 138:.\Generated_Source\PSoC5/RAMBUF_dma.c ****     /* Disable the channel */
 139:.\Generated_Source\PSoC5/RAMBUF_dma.c ****     (void)CyDmaChDisable(RAMBUF_DmaHandle);
 102              		.loc 1 139 0
 103 0002 024B     		ldr	r3, .L7
 104 0004 1878     		ldrb	r0, [r3]	@ zero_extendqisi2
 105 0006 FFF7FEFF 		bl	CyDmaChDisable
 106              	.LVL8:
 107 000a 08BD     		pop	{r3, pc}
 108              	.L8:
 109              		.align	2
 110              	.L7:
 111 000c 00000000 		.word	.LANCHOR0
 112              		.cfi_endproc
 113              	.LFE1:
 114              		.size	RAMBUF_DmaRelease, .-RAMBUF_DmaRelease
 115              		.global	RAMBUF_DmaHandle
 116              		.data
 117              		.set	.LANCHOR0,. + 0
 118              		.type	RAMBUF_DmaHandle, %object
 119              		.size	RAMBUF_DmaHandle, 1
 120              	RAMBUF_DmaHandle:
 121 0000 FF       		.byte	-1
 122              		.text
 123              	.Letext0:
 124              		.file 2 "Generated_Source\\PSoC5/cytypes.h"
 125              		.file 3 "Generated_Source\\PSoC5/CYDMAC.H"
 126              		.section	.debug_info,"",%progbits
 127              	.Ldebug_info0:
 128 0000 F5010000 		.4byte	0x1f5
 129 0004 0400     		.2byte	0x4
 130 0006 00000000 		.4byte	.Ldebug_abbrev0
 131 000a 04       		.byte	0x4
 132 000b 01       		.uleb128 0x1
 133 000c FE000000 		.4byte	.LASF23
 134 0010 01       		.byte	0x1
 135 0011 1F020000 		.4byte	.LASF24
 136 0015 29000000 		.4byte	.LASF25
 137 0019 00000000 		.4byte	.Ldebug_ranges0+0
 138 001d 00000000 		.4byte	0
 139 0021 00000000 		.4byte	.Ldebug_line0
 140 0025 02       		.uleb128 0x2
 141 0026 04       		.byte	0x4
 142 0027 05       		.byte	0x5
 143 0028 696E7400 		.ascii	"int\000"
 144 002c 03       		.uleb128 0x3
 145 002d 04       		.byte	0x4
 146 002e 07       		.byte	0x7
ARM GAS  C:\Users\LAIR\AppData\Local\Temp\ccGEprSa.s 			page 6


 147 002f 8C010000 		.4byte	.LASF0
 148 0033 03       		.uleb128 0x3
 149 0034 01       		.byte	0x1
 150 0035 06       		.byte	0x6
 151 0036 45020000 		.4byte	.LASF1
 152 003a 03       		.uleb128 0x3
 153 003b 01       		.byte	0x1
 154 003c 08       		.byte	0x8
 155 003d BF000000 		.4byte	.LASF2
 156 0041 03       		.uleb128 0x3
 157 0042 02       		.byte	0x2
 158 0043 05       		.byte	0x5
 159 0044 0C020000 		.4byte	.LASF3
 160 0048 03       		.uleb128 0x3
 161 0049 02       		.byte	0x2
 162 004a 07       		.byte	0x7
 163 004b 94000000 		.4byte	.LASF4
 164 004f 03       		.uleb128 0x3
 165 0050 04       		.byte	0x4
 166 0051 05       		.byte	0x5
 167 0052 16020000 		.4byte	.LASF5
 168 0056 03       		.uleb128 0x3
 169 0057 04       		.byte	0x4
 170 0058 07       		.byte	0x7
 171 0059 D8000000 		.4byte	.LASF6
 172 005d 03       		.uleb128 0x3
 173 005e 08       		.byte	0x8
 174 005f 05       		.byte	0x5
 175 0060 DF010000 		.4byte	.LASF7
 176 0064 03       		.uleb128 0x3
 177 0065 08       		.byte	0x8
 178 0066 07       		.byte	0x7
 179 0067 99010000 		.4byte	.LASF8
 180 006b 03       		.uleb128 0x3
 181 006c 04       		.byte	0x4
 182 006d 07       		.byte	0x7
 183 006e D6010000 		.4byte	.LASF9
 184 0072 03       		.uleb128 0x3
 185 0073 01       		.byte	0x1
 186 0074 08       		.byte	0x8
 187 0075 07020000 		.4byte	.LASF10
 188 0079 04       		.uleb128 0x4
 189 007a EA000000 		.4byte	.LASF11
 190 007e 02       		.byte	0x2
 191 007f 9201     		.2byte	0x192
 192 0081 3A000000 		.4byte	0x3a
 193 0085 04       		.uleb128 0x4
 194 0086 F7000000 		.4byte	.LASF12
 195 008a 02       		.byte	0x2
 196 008b 9301     		.2byte	0x193
 197 008d 48000000 		.4byte	0x48
 198 0091 03       		.uleb128 0x3
 199 0092 04       		.byte	0x4
 200 0093 04       		.byte	0x4
 201 0094 B9000000 		.4byte	.LASF13
 202 0098 03       		.uleb128 0x3
 203 0099 08       		.byte	0x8
ARM GAS  C:\Users\LAIR\AppData\Local\Temp\ccGEprSa.s 			page 7


 204 009a 04       		.byte	0x4
 205 009b F0000000 		.4byte	.LASF14
 206 009f 04       		.uleb128 0x4
 207 00a0 00000000 		.4byte	.LASF15
 208 00a4 02       		.byte	0x2
 209 00a5 3402     		.2byte	0x234
 210 00a7 56000000 		.4byte	0x56
 211 00ab 05       		.uleb128 0x5
 212 00ac B0010000 		.4byte	.LASF26
 213 00b0 01       		.byte	0x1
 214 00b1 61       		.byte	0x61
 215 00b2 79000000 		.4byte	0x79
 216 00b6 00000000 		.4byte	.LFB0
 217 00ba 40000000 		.4byte	.LFE0-.LFB0
 218 00be 01       		.uleb128 0x1
 219 00bf 9C       		.byte	0x9c
 220 00c0 50010000 		.4byte	0x150
 221 00c4 06       		.uleb128 0x6
 222 00c5 CD000000 		.4byte	.LASF16
 223 00c9 01       		.byte	0x1
 224 00ca 61       		.byte	0x61
 225 00cb 79000000 		.4byte	0x79
 226 00cf 00000000 		.4byte	.LLST0
 227 00d3 06       		.uleb128 0x6
 228 00d4 85000000 		.4byte	.LASF17
 229 00d8 01       		.byte	0x1
 230 00d9 61       		.byte	0x61
 231 00da 79000000 		.4byte	0x79
 232 00de 21000000 		.4byte	.LLST1
 233 00e2 06       		.uleb128 0x6
 234 00e3 09000000 		.4byte	.LASF18
 235 00e7 01       		.byte	0x1
 236 00e8 61       		.byte	0x61
 237 00e9 85000000 		.4byte	0x85
 238 00ed 42000000 		.4byte	.LLST2
 239 00f1 06       		.uleb128 0x6
 240 00f2 C5010000 		.4byte	.LASF19
 241 00f6 01       		.byte	0x1
 242 00f7 61       		.byte	0x61
 243 00f8 85000000 		.4byte	0x85
 244 00fc 63000000 		.4byte	.LLST3
 245 0100 07       		.uleb128 0x7
 246 0101 22000000 		.4byte	.LVL5
 247 0105 80010000 		.4byte	0x180
 248 0109 25010000 		.4byte	0x125
 249 010d 08       		.uleb128 0x8
 250 010e 01       		.uleb128 0x1
 251 010f 53       		.byte	0x53
 252 0110 01       		.uleb128 0x1
 253 0111 30       		.byte	0x30
 254 0112 08       		.uleb128 0x8
 255 0113 01       		.uleb128 0x1
 256 0114 50       		.byte	0x50
 257 0115 02       		.uleb128 0x2
 258 0116 75       		.byte	0x75
 259 0117 00       		.sleb128 0
 260 0118 08       		.uleb128 0x8
ARM GAS  C:\Users\LAIR\AppData\Local\Temp\ccGEprSa.s 			page 8


 261 0119 02       		.uleb128 0x2
 262 011a 7D       		.byte	0x7d
 263 011b 04       		.sleb128 4
 264 011c 01       		.uleb128 0x1
 265 011d 30       		.byte	0x30
 266 011e 08       		.uleb128 0x8
 267 011f 02       		.uleb128 0x2
 268 0120 7D       		.byte	0x7d
 269 0121 00       		.sleb128 0
 270 0122 01       		.uleb128 0x1
 271 0123 30       		.byte	0x30
 272 0124 00       		.byte	0
 273 0125 07       		.uleb128 0x7
 274 0126 2C000000 		.4byte	.LVL6
 275 012a AE010000 		.4byte	0x1ae
 276 012e 3F010000 		.4byte	0x13f
 277 0132 08       		.uleb128 0x8
 278 0133 01       		.uleb128 0x1
 279 0134 52       		.byte	0x52
 280 0135 02       		.uleb128 0x2
 281 0136 76       		.byte	0x76
 282 0137 00       		.sleb128 0
 283 0138 08       		.uleb128 0x8
 284 0139 01       		.uleb128 0x1
 285 013a 51       		.byte	0x51
 286 013b 02       		.uleb128 0x2
 287 013c 77       		.byte	0x77
 288 013d 00       		.sleb128 0
 289 013e 00       		.byte	0
 290 013f 09       		.uleb128 0x9
 291 0140 34000000 		.4byte	.LVL7
 292 0144 CD010000 		.4byte	0x1cd
 293 0148 08       		.uleb128 0x8
 294 0149 01       		.uleb128 0x1
 295 014a 51       		.byte	0x51
 296 014b 02       		.uleb128 0x2
 297 014c 75       		.byte	0x75
 298 014d 00       		.sleb128 0
 299 014e 00       		.byte	0
 300 014f 00       		.byte	0
 301 0150 0A       		.uleb128 0xa
 302 0151 A7000000 		.4byte	.LASF27
 303 0155 01       		.byte	0x1
 304 0156 88       		.byte	0x88
 305 0157 00000000 		.4byte	.LFB1
 306 015b 10000000 		.4byte	.LFE1-.LFB1
 307 015f 01       		.uleb128 0x1
 308 0160 9C       		.byte	0x9c
 309 0161 6F010000 		.4byte	0x16f
 310 0165 0B       		.uleb128 0xb
 311 0166 0A000000 		.4byte	.LVL8
 312 016a E7010000 		.4byte	0x1e7
 313 016e 00       		.byte	0
 314 016f 0C       		.uleb128 0xc
 315 0170 60020000 		.4byte	.LASF28
 316 0174 01       		.byte	0x1
 317 0175 45       		.byte	0x45
ARM GAS  C:\Users\LAIR\AppData\Local\Temp\ccGEprSa.s 			page 9


 318 0176 79000000 		.4byte	0x79
 319 017a 05       		.uleb128 0x5
 320 017b 03       		.byte	0x3
 321 017c 00000000 		.4byte	RAMBUF_DmaHandle
 322 0180 0D       		.uleb128 0xd
 323 0181 71020000 		.4byte	.LASF20
 324 0185 03       		.byte	0x3
 325 0186 33       		.byte	0x33
 326 0187 9F000000 		.4byte	0x9f
 327 018b AE010000 		.4byte	0x1ae
 328 018f 0E       		.uleb128 0xe
 329 0190 79000000 		.4byte	0x79
 330 0194 0E       		.uleb128 0xe
 331 0195 79000000 		.4byte	0x79
 332 0199 0E       		.uleb128 0xe
 333 019a 79000000 		.4byte	0x79
 334 019e 0E       		.uleb128 0xe
 335 019f 79000000 		.4byte	0x79
 336 01a3 0E       		.uleb128 0xe
 337 01a4 79000000 		.4byte	0x79
 338 01a8 0E       		.uleb128 0xe
 339 01a9 79000000 		.4byte	0x79
 340 01ad 00       		.byte	0
 341 01ae 0D       		.uleb128 0xd
 342 01af ED010000 		.4byte	.LASF21
 343 01b3 03       		.byte	0x3
 344 01b4 2D       		.byte	0x2d
 345 01b5 9F000000 		.4byte	0x9f
 346 01b9 CD010000 		.4byte	0x1cd
 347 01bd 0E       		.uleb128 0xe
 348 01be 79000000 		.4byte	0x79
 349 01c2 0E       		.uleb128 0xe
 350 01c3 85000000 		.4byte	0x85
 351 01c7 0E       		.uleb128 0xe
 352 01c8 85000000 		.4byte	0x85
 353 01cc 00       		.byte	0
 354 01cd 0D       		.uleb128 0xd
 355 01ce 19000000 		.4byte	.LASF22
 356 01d2 03       		.byte	0x3
 357 01d3 2C       		.byte	0x2c
 358 01d4 9F000000 		.4byte	0x9f
 359 01d8 E7010000 		.4byte	0x1e7
 360 01dc 0E       		.uleb128 0xe
 361 01dd 79000000 		.4byte	0x79
 362 01e1 0E       		.uleb128 0xe
 363 01e2 79000000 		.4byte	0x79
 364 01e6 00       		.byte	0
 365 01e7 0F       		.uleb128 0xf
 366 01e8 51020000 		.4byte	.LASF29
 367 01ec 03       		.byte	0x3
 368 01ed 2A       		.byte	0x2a
 369 01ee 9F000000 		.4byte	0x9f
 370 01f2 0E       		.uleb128 0xe
 371 01f3 79000000 		.4byte	0x79
 372 01f7 00       		.byte	0
 373 01f8 00       		.byte	0
 374              		.section	.debug_abbrev,"",%progbits
ARM GAS  C:\Users\LAIR\AppData\Local\Temp\ccGEprSa.s 			page 10


 375              	.Ldebug_abbrev0:
 376 0000 01       		.uleb128 0x1
 377 0001 11       		.uleb128 0x11
 378 0002 01       		.byte	0x1
 379 0003 25       		.uleb128 0x25
 380 0004 0E       		.uleb128 0xe
 381 0005 13       		.uleb128 0x13
 382 0006 0B       		.uleb128 0xb
 383 0007 03       		.uleb128 0x3
 384 0008 0E       		.uleb128 0xe
 385 0009 1B       		.uleb128 0x1b
 386 000a 0E       		.uleb128 0xe
 387 000b 55       		.uleb128 0x55
 388 000c 17       		.uleb128 0x17
 389 000d 11       		.uleb128 0x11
 390 000e 01       		.uleb128 0x1
 391 000f 10       		.uleb128 0x10
 392 0010 17       		.uleb128 0x17
 393 0011 00       		.byte	0
 394 0012 00       		.byte	0
 395 0013 02       		.uleb128 0x2
 396 0014 24       		.uleb128 0x24
 397 0015 00       		.byte	0
 398 0016 0B       		.uleb128 0xb
 399 0017 0B       		.uleb128 0xb
 400 0018 3E       		.uleb128 0x3e
 401 0019 0B       		.uleb128 0xb
 402 001a 03       		.uleb128 0x3
 403 001b 08       		.uleb128 0x8
 404 001c 00       		.byte	0
 405 001d 00       		.byte	0
 406 001e 03       		.uleb128 0x3
 407 001f 24       		.uleb128 0x24
 408 0020 00       		.byte	0
 409 0021 0B       		.uleb128 0xb
 410 0022 0B       		.uleb128 0xb
 411 0023 3E       		.uleb128 0x3e
 412 0024 0B       		.uleb128 0xb
 413 0025 03       		.uleb128 0x3
 414 0026 0E       		.uleb128 0xe
 415 0027 00       		.byte	0
 416 0028 00       		.byte	0
 417 0029 04       		.uleb128 0x4
 418 002a 16       		.uleb128 0x16
 419 002b 00       		.byte	0
 420 002c 03       		.uleb128 0x3
 421 002d 0E       		.uleb128 0xe
 422 002e 3A       		.uleb128 0x3a
 423 002f 0B       		.uleb128 0xb
 424 0030 3B       		.uleb128 0x3b
 425 0031 05       		.uleb128 0x5
 426 0032 49       		.uleb128 0x49
 427 0033 13       		.uleb128 0x13
 428 0034 00       		.byte	0
 429 0035 00       		.byte	0
 430 0036 05       		.uleb128 0x5
 431 0037 2E       		.uleb128 0x2e
ARM GAS  C:\Users\LAIR\AppData\Local\Temp\ccGEprSa.s 			page 11


 432 0038 01       		.byte	0x1
 433 0039 3F       		.uleb128 0x3f
 434 003a 19       		.uleb128 0x19
 435 003b 03       		.uleb128 0x3
 436 003c 0E       		.uleb128 0xe
 437 003d 3A       		.uleb128 0x3a
 438 003e 0B       		.uleb128 0xb
 439 003f 3B       		.uleb128 0x3b
 440 0040 0B       		.uleb128 0xb
 441 0041 27       		.uleb128 0x27
 442 0042 19       		.uleb128 0x19
 443 0043 49       		.uleb128 0x49
 444 0044 13       		.uleb128 0x13
 445 0045 11       		.uleb128 0x11
 446 0046 01       		.uleb128 0x1
 447 0047 12       		.uleb128 0x12
 448 0048 06       		.uleb128 0x6
 449 0049 40       		.uleb128 0x40
 450 004a 18       		.uleb128 0x18
 451 004b 9742     		.uleb128 0x2117
 452 004d 19       		.uleb128 0x19
 453 004e 01       		.uleb128 0x1
 454 004f 13       		.uleb128 0x13
 455 0050 00       		.byte	0
 456 0051 00       		.byte	0
 457 0052 06       		.uleb128 0x6
 458 0053 05       		.uleb128 0x5
 459 0054 00       		.byte	0
 460 0055 03       		.uleb128 0x3
 461 0056 0E       		.uleb128 0xe
 462 0057 3A       		.uleb128 0x3a
 463 0058 0B       		.uleb128 0xb
 464 0059 3B       		.uleb128 0x3b
 465 005a 0B       		.uleb128 0xb
 466 005b 49       		.uleb128 0x49
 467 005c 13       		.uleb128 0x13
 468 005d 02       		.uleb128 0x2
 469 005e 17       		.uleb128 0x17
 470 005f 00       		.byte	0
 471 0060 00       		.byte	0
 472 0061 07       		.uleb128 0x7
 473 0062 898201   		.uleb128 0x4109
 474 0065 01       		.byte	0x1
 475 0066 11       		.uleb128 0x11
 476 0067 01       		.uleb128 0x1
 477 0068 31       		.uleb128 0x31
 478 0069 13       		.uleb128 0x13
 479 006a 01       		.uleb128 0x1
 480 006b 13       		.uleb128 0x13
 481 006c 00       		.byte	0
 482 006d 00       		.byte	0
 483 006e 08       		.uleb128 0x8
 484 006f 8A8201   		.uleb128 0x410a
 485 0072 00       		.byte	0
 486 0073 02       		.uleb128 0x2
 487 0074 18       		.uleb128 0x18
 488 0075 9142     		.uleb128 0x2111
ARM GAS  C:\Users\LAIR\AppData\Local\Temp\ccGEprSa.s 			page 12


 489 0077 18       		.uleb128 0x18
 490 0078 00       		.byte	0
 491 0079 00       		.byte	0
 492 007a 09       		.uleb128 0x9
 493 007b 898201   		.uleb128 0x4109
 494 007e 01       		.byte	0x1
 495 007f 11       		.uleb128 0x11
 496 0080 01       		.uleb128 0x1
 497 0081 31       		.uleb128 0x31
 498 0082 13       		.uleb128 0x13
 499 0083 00       		.byte	0
 500 0084 00       		.byte	0
 501 0085 0A       		.uleb128 0xa
 502 0086 2E       		.uleb128 0x2e
 503 0087 01       		.byte	0x1
 504 0088 3F       		.uleb128 0x3f
 505 0089 19       		.uleb128 0x19
 506 008a 03       		.uleb128 0x3
 507 008b 0E       		.uleb128 0xe
 508 008c 3A       		.uleb128 0x3a
 509 008d 0B       		.uleb128 0xb
 510 008e 3B       		.uleb128 0x3b
 511 008f 0B       		.uleb128 0xb
 512 0090 27       		.uleb128 0x27
 513 0091 19       		.uleb128 0x19
 514 0092 11       		.uleb128 0x11
 515 0093 01       		.uleb128 0x1
 516 0094 12       		.uleb128 0x12
 517 0095 06       		.uleb128 0x6
 518 0096 40       		.uleb128 0x40
 519 0097 18       		.uleb128 0x18
 520 0098 9742     		.uleb128 0x2117
 521 009a 19       		.uleb128 0x19
 522 009b 01       		.uleb128 0x1
 523 009c 13       		.uleb128 0x13
 524 009d 00       		.byte	0
 525 009e 00       		.byte	0
 526 009f 0B       		.uleb128 0xb
 527 00a0 898201   		.uleb128 0x4109
 528 00a3 00       		.byte	0
 529 00a4 11       		.uleb128 0x11
 530 00a5 01       		.uleb128 0x1
 531 00a6 31       		.uleb128 0x31
 532 00a7 13       		.uleb128 0x13
 533 00a8 00       		.byte	0
 534 00a9 00       		.byte	0
 535 00aa 0C       		.uleb128 0xc
 536 00ab 34       		.uleb128 0x34
 537 00ac 00       		.byte	0
 538 00ad 03       		.uleb128 0x3
 539 00ae 0E       		.uleb128 0xe
 540 00af 3A       		.uleb128 0x3a
 541 00b0 0B       		.uleb128 0xb
 542 00b1 3B       		.uleb128 0x3b
 543 00b2 0B       		.uleb128 0xb
 544 00b3 49       		.uleb128 0x49
 545 00b4 13       		.uleb128 0x13
ARM GAS  C:\Users\LAIR\AppData\Local\Temp\ccGEprSa.s 			page 13


 546 00b5 3F       		.uleb128 0x3f
 547 00b6 19       		.uleb128 0x19
 548 00b7 02       		.uleb128 0x2
 549 00b8 18       		.uleb128 0x18
 550 00b9 00       		.byte	0
 551 00ba 00       		.byte	0
 552 00bb 0D       		.uleb128 0xd
 553 00bc 2E       		.uleb128 0x2e
 554 00bd 01       		.byte	0x1
 555 00be 3F       		.uleb128 0x3f
 556 00bf 19       		.uleb128 0x19
 557 00c0 03       		.uleb128 0x3
 558 00c1 0E       		.uleb128 0xe
 559 00c2 3A       		.uleb128 0x3a
 560 00c3 0B       		.uleb128 0xb
 561 00c4 3B       		.uleb128 0x3b
 562 00c5 0B       		.uleb128 0xb
 563 00c6 27       		.uleb128 0x27
 564 00c7 19       		.uleb128 0x19
 565 00c8 49       		.uleb128 0x49
 566 00c9 13       		.uleb128 0x13
 567 00ca 3C       		.uleb128 0x3c
 568 00cb 19       		.uleb128 0x19
 569 00cc 01       		.uleb128 0x1
 570 00cd 13       		.uleb128 0x13
 571 00ce 00       		.byte	0
 572 00cf 00       		.byte	0
 573 00d0 0E       		.uleb128 0xe
 574 00d1 05       		.uleb128 0x5
 575 00d2 00       		.byte	0
 576 00d3 49       		.uleb128 0x49
 577 00d4 13       		.uleb128 0x13
 578 00d5 00       		.byte	0
 579 00d6 00       		.byte	0
 580 00d7 0F       		.uleb128 0xf
 581 00d8 2E       		.uleb128 0x2e
 582 00d9 01       		.byte	0x1
 583 00da 3F       		.uleb128 0x3f
 584 00db 19       		.uleb128 0x19
 585 00dc 03       		.uleb128 0x3
 586 00dd 0E       		.uleb128 0xe
 587 00de 3A       		.uleb128 0x3a
 588 00df 0B       		.uleb128 0xb
 589 00e0 3B       		.uleb128 0x3b
 590 00e1 0B       		.uleb128 0xb
 591 00e2 27       		.uleb128 0x27
 592 00e3 19       		.uleb128 0x19
 593 00e4 49       		.uleb128 0x49
 594 00e5 13       		.uleb128 0x13
 595 00e6 3C       		.uleb128 0x3c
 596 00e7 19       		.uleb128 0x19
 597 00e8 00       		.byte	0
 598 00e9 00       		.byte	0
 599 00ea 00       		.byte	0
 600              		.section	.debug_loc,"",%progbits
 601              	.Ldebug_loc0:
 602              	.LLST0:
ARM GAS  C:\Users\LAIR\AppData\Local\Temp\ccGEprSa.s 			page 14


 603 0000 00000000 		.4byte	.LVL0
 604 0004 1A000000 		.4byte	.LVL2
 605 0008 0100     		.2byte	0x1
 606 000a 50       		.byte	0x50
 607 000b 1A000000 		.4byte	.LVL2
 608 000f 40000000 		.4byte	.LFE0
 609 0013 0400     		.2byte	0x4
 610 0015 F3       		.byte	0xf3
 611 0016 01       		.uleb128 0x1
 612 0017 50       		.byte	0x50
 613 0018 9F       		.byte	0x9f
 614 0019 00000000 		.4byte	0
 615 001d 00000000 		.4byte	0
 616              	.LLST1:
 617 0021 00000000 		.4byte	.LVL0
 618 0025 1C000000 		.4byte	.LVL3
 619 0029 0100     		.2byte	0x1
 620 002b 51       		.byte	0x51
 621 002c 1C000000 		.4byte	.LVL3
 622 0030 40000000 		.4byte	.LFE0
 623 0034 0400     		.2byte	0x4
 624 0036 F3       		.byte	0xf3
 625 0037 01       		.uleb128 0x1
 626 0038 51       		.byte	0x51
 627 0039 9F       		.byte	0x9f
 628 003a 00000000 		.4byte	0
 629 003e 00000000 		.4byte	0
 630              	.LLST2:
 631 0042 00000000 		.4byte	.LVL0
 632 0046 1E000000 		.4byte	.LVL4
 633 004a 0100     		.2byte	0x1
 634 004c 52       		.byte	0x52
 635 004d 1E000000 		.4byte	.LVL4
 636 0051 40000000 		.4byte	.LFE0
 637 0055 0400     		.2byte	0x4
 638 0057 F3       		.byte	0xf3
 639 0058 01       		.uleb128 0x1
 640 0059 52       		.byte	0x52
 641 005a 9F       		.byte	0x9f
 642 005b 00000000 		.4byte	0
 643 005f 00000000 		.4byte	0
 644              	.LLST3:
 645 0063 00000000 		.4byte	.LVL0
 646 0067 14000000 		.4byte	.LVL1
 647 006b 0100     		.2byte	0x1
 648 006d 53       		.byte	0x53
 649 006e 14000000 		.4byte	.LVL1
 650 0072 40000000 		.4byte	.LFE0
 651 0076 0400     		.2byte	0x4
 652 0078 F3       		.byte	0xf3
 653 0079 01       		.uleb128 0x1
 654 007a 53       		.byte	0x53
 655 007b 9F       		.byte	0x9f
 656 007c 00000000 		.4byte	0
 657 0080 00000000 		.4byte	0
 658              		.section	.debug_aranges,"",%progbits
 659 0000 24000000 		.4byte	0x24
ARM GAS  C:\Users\LAIR\AppData\Local\Temp\ccGEprSa.s 			page 15


 660 0004 0200     		.2byte	0x2
 661 0006 00000000 		.4byte	.Ldebug_info0
 662 000a 04       		.byte	0x4
 663 000b 00       		.byte	0
 664 000c 0000     		.2byte	0
 665 000e 0000     		.2byte	0
 666 0010 00000000 		.4byte	.LFB0
 667 0014 40000000 		.4byte	.LFE0-.LFB0
 668 0018 00000000 		.4byte	.LFB1
 669 001c 10000000 		.4byte	.LFE1-.LFB1
 670 0020 00000000 		.4byte	0
 671 0024 00000000 		.4byte	0
 672              		.section	.debug_ranges,"",%progbits
 673              	.Ldebug_ranges0:
 674 0000 00000000 		.4byte	.LFB0
 675 0004 40000000 		.4byte	.LFE0
 676 0008 00000000 		.4byte	.LFB1
 677 000c 10000000 		.4byte	.LFE1
 678 0010 00000000 		.4byte	0
 679 0014 00000000 		.4byte	0
 680              		.section	.debug_line,"",%progbits
 681              	.Ldebug_line0:
 682 0000 98000000 		.section	.debug_str,"MS",%progbits,1
 682      02006C00 
 682      00000201 
 682      FB0E0D00 
 682      01010101 
 683              	.LASF15:
 684 0000 63797374 		.ascii	"cystatus\000"
 684      61747573 
 684      00
 685              	.LASF18:
 686 0009 55707065 		.ascii	"UpperSrcAddress\000"
 686      72537263 
 686      41646472 
 686      65737300 
 687              	.LASF22:
 688 0019 4379446D 		.ascii	"CyDmaChPriority\000"
 688      61436850 
 688      72696F72 
 688      69747900 
 689              	.LASF25:
 690 0029 433A5C55 		.ascii	"C:\\Users\\LAIR\\Documents\\GitHub\\Golfcart\\PSOC_"
 690      73657273 
 690      5C4C4149 
 690      525C446F 
 690      63756D65 
 691 0056 50524F47 		.ascii	"PROGRAMS\\PSoC5\\Roadrunner Control System.cydsn\000"
 691      52414D53 
 691      5C50536F 
 691      43355C52 
 691      6F616472 
 692              	.LASF17:
 693 0085 52657165 		.ascii	"ReqestPerBurst\000"
 693      73745065 
 693      72427572 
 693      737400
ARM GAS  C:\Users\LAIR\AppData\Local\Temp\ccGEprSa.s 			page 16


 694              	.LASF4:
 695 0094 73686F72 		.ascii	"short unsigned int\000"
 695      7420756E 
 695      7369676E 
 695      65642069 
 695      6E7400
 696              	.LASF27:
 697 00a7 52414D42 		.ascii	"RAMBUF_DmaRelease\000"
 697      55465F44 
 697      6D615265 
 697      6C656173 
 697      6500
 698              	.LASF13:
 699 00b9 666C6F61 		.ascii	"float\000"
 699      7400
 700              	.LASF2:
 701 00bf 756E7369 		.ascii	"unsigned char\000"
 701      676E6564 
 701      20636861 
 701      7200
 702              	.LASF16:
 703 00cd 42757273 		.ascii	"BurstCount\000"
 703      74436F75 
 703      6E7400
 704              	.LASF6:
 705 00d8 6C6F6E67 		.ascii	"long unsigned int\000"
 705      20756E73 
 705      69676E65 
 705      6420696E 
 705      7400
 706              	.LASF11:
 707 00ea 75696E74 		.ascii	"uint8\000"
 707      3800
 708              	.LASF14:
 709 00f0 646F7562 		.ascii	"double\000"
 709      6C6500
 710              	.LASF12:
 711 00f7 75696E74 		.ascii	"uint16\000"
 711      313600
 712              	.LASF23:
 713 00fe 474E5520 		.ascii	"GNU C 4.9.3 20150303 (release) [ARM/embedded-4_9-br"
 713      4320342E 
 713      392E3320 
 713      32303135 
 713      30333033 
 714 0131 616E6368 		.ascii	"anch revision 221220] -mcpu=cortex-m3 -mthumb -g -O"
 714      20726576 
 714      6973696F 
 714      6E203232 
 714      31323230 
 715 0164 67202D66 		.ascii	"g -ffunction-sections -ffat-lto-objects\000"
 715      66756E63 
 715      74696F6E 
 715      2D736563 
 715      74696F6E 
 716              	.LASF0:
 717 018c 756E7369 		.ascii	"unsigned int\000"
ARM GAS  C:\Users\LAIR\AppData\Local\Temp\ccGEprSa.s 			page 17


 717      676E6564 
 717      20696E74 
 717      00
 718              	.LASF8:
 719 0199 6C6F6E67 		.ascii	"long long unsigned int\000"
 719      206C6F6E 
 719      6720756E 
 719      7369676E 
 719      65642069 
 720              	.LASF26:
 721 01b0 52414D42 		.ascii	"RAMBUF_DmaInitialize\000"
 721      55465F44 
 721      6D61496E 
 721      69746961 
 721      6C697A65 
 722              	.LASF19:
 723 01c5 55707065 		.ascii	"UpperDestAddress\000"
 723      72446573 
 723      74416464 
 723      72657373 
 723      00
 724              	.LASF9:
 725 01d6 73697A65 		.ascii	"sizetype\000"
 725      74797065 
 725      00
 726              	.LASF7:
 727 01df 6C6F6E67 		.ascii	"long long int\000"
 727      206C6F6E 
 727      6720696E 
 727      7400
 728              	.LASF21:
 729 01ed 4379446D 		.ascii	"CyDmaChSetExtendedAddress\000"
 729      61436853 
 729      65744578 
 729      74656E64 
 729      65644164 
 730              	.LASF10:
 731 0207 63686172 		.ascii	"char\000"
 731      00
 732              	.LASF3:
 733 020c 73686F72 		.ascii	"short int\000"
 733      7420696E 
 733      7400
 734              	.LASF5:
 735 0216 6C6F6E67 		.ascii	"long int\000"
 735      20696E74 
 735      00
 736              	.LASF24:
 737 021f 2E5C4765 		.ascii	".\\Generated_Source\\PSoC5\\RAMBUF_dma.c\000"
 737      6E657261 
 737      7465645F 
 737      536F7572 
 737      63655C50 
 738              	.LASF1:
 739 0245 7369676E 		.ascii	"signed char\000"
 739      65642063 
 739      68617200 
ARM GAS  C:\Users\LAIR\AppData\Local\Temp\ccGEprSa.s 			page 18


 740              	.LASF29:
 741 0251 4379446D 		.ascii	"CyDmaChDisable\000"
 741      61436844 
 741      69736162 
 741      6C6500
 742              	.LASF28:
 743 0260 52414D42 		.ascii	"RAMBUF_DmaHandle\000"
 743      55465F44 
 743      6D614861 
 743      6E646C65 
 743      00
 744              	.LASF20:
 745 0271 4379446D 		.ascii	"CyDmaChSetConfiguration\000"
 745      61436853 
 745      6574436F 
 745      6E666967 
 745      75726174 
 746              		.ident	"GCC: (GNU Tools for ARM Embedded Processors) 4.9.3 20150303 (release) [ARM/embedded-4_9-br
