--------------- Rebuild Started: 10/08/2016 01:48:10 Project: Roadrunner Control System, Configuration: ARM GCC 4.9-2015-q1-update Debug ---------------
Deleting file ".\CortexM3\ARM_GCC_493\Debug\main.o"
Deleting file ".\CortexM3\ARM_GCC_493\Debug\cyfitter_cfg.o"
Deleting file ".\CortexM3\ARM_GCC_493\Debug\cymetadata.o"
Deleting file ".\CortexM3\ARM_GCC_493\Debug\QuadDecSteer.o"
Deleting file ".\CortexM3\ARM_GCC_493\Debug\QuadDecSteer_PM.o"
Deleting file ".\CortexM3\ARM_GCC_493\Debug\QuadDecDrive.o"
Deleting file ".\CortexM3\ARM_GCC_493\Debug\QuadDecDrive_PM.o"
Deleting file ".\CortexM3\ARM_GCC_493\Debug\SENCA.o"
Deleting file ".\CortexM3\ARM_GCC_493\Debug\SENCB.o"
Deleting file ".\CortexM3\ARM_GCC_493\Debug\DENCA.o"
Deleting file ".\CortexM3\ARM_GCC_493\Debug\DENCB.o"
Deleting file ".\CortexM3\ARM_GCC_493\Debug\USBFS.o"
Deleting file ".\CortexM3\ARM_GCC_493\Debug\USBFS_audio.o"
Deleting file ".\CortexM3\ARM_GCC_493\Debug\USBFS_boot.o"
Deleting file ".\CortexM3\ARM_GCC_493\Debug\USBFS_cdc.o"
Deleting file ".\CortexM3\ARM_GCC_493\Debug\USBFS_cls.o"
Deleting file ".\CortexM3\ARM_GCC_493\Debug\USBFS_descr.o"
Deleting file ".\CortexM3\ARM_GCC_493\Debug\USBFS_drv.o"
Deleting file ".\CortexM3\ARM_GCC_493\Debug\USBFS_episr.o"
Deleting file ".\CortexM3\ARM_GCC_493\Debug\USBFS_hid.o"
Deleting file ".\CortexM3\ARM_GCC_493\Debug\USBFS_pm.o"
Deleting file ".\CortexM3\ARM_GCC_493\Debug\USBFS_std.o"
Deleting file ".\CortexM3\ARM_GCC_493\Debug\USBFS_vnd.o"
Deleting file ".\CortexM3\ARM_GCC_493\Debug\USBFS_midi.o"
Deleting file ".\CortexM3\ARM_GCC_493\Debug\USBFS_msc.o"
Deleting file ".\CortexM3\ARM_GCC_493\Debug\DVDAC.o"
Deleting file ".\CortexM3\ARM_GCC_493\Debug\DVDAC_PM.o"
Deleting file ".\CortexM3\ARM_GCC_493\Debug\DVDACOUT.o"
Deleting file ".\CortexM3\ARM_GCC_493\Debug\UART.o"
Deleting file ".\CortexM3\ARM_GCC_493\Debug\UART_PM.o"
Deleting file ".\CortexM3\ARM_GCC_493\Debug\UART_INT.o"
Deleting file ".\CortexM3\ARM_GCC_493\Debug\UART_BOOT.o"
Deleting file ".\CortexM3\ARM_GCC_493\Debug\POTADC.o"
Deleting file ".\CortexM3\ARM_GCC_493\Debug\POTADC_PM.o"
Deleting file ".\CortexM3\ARM_GCC_493\Debug\POTADC_INT.o"
Deleting file ".\CortexM3\ARM_GCC_493\Debug\RAMBUF_dma.o"
Deleting file ".\CortexM3\ARM_GCC_493\Debug\STEERPOT.o"
Deleting file ".\CortexM3\ARM_GCC_493\Debug\BRAKEPOT.o"
Deleting file ".\CortexM3\ARM_GCC_493\Debug\RLY_REVERSE.o"
Deleting file ".\CortexM3\ARM_GCC_493\Debug\RLY_COAST.o"
Deleting file ".\CortexM3\ARM_GCC_493\Debug\ESTOP.o"
Deleting file ".\CortexM3\ARM_GCC_493\Debug\QuadDecSteer_Cnt16.o"
Deleting file ".\CortexM3\ARM_GCC_493\Debug\QuadDecSteer_Cnt16_PM.o"
Deleting file ".\CortexM3\ARM_GCC_493\Debug\QuadDecDrive_Cnt16.o"
Deleting file ".\CortexM3\ARM_GCC_493\Debug\QuadDecDrive_Cnt16_PM.o"
Deleting file ".\CortexM3\ARM_GCC_493\Debug\USBFS_ep2_dma.o"
Deleting file ".\CortexM3\ARM_GCC_493\Debug\USBFS_ep1_dma.o"
Deleting file ".\CortexM3\ARM_GCC_493\Debug\USBFS_Dm.o"
Deleting file ".\CortexM3\ARM_GCC_493\Debug\USBFS_Dp.o"
Deleting file ".\CortexM3\ARM_GCC_493\Debug\DVDAC_DMA_dma.o"
Deleting file ".\CortexM3\ARM_GCC_493\Debug\DVDAC_VDAC8.o"
Deleting file ".\CortexM3\ARM_GCC_493\Debug\DVDAC_VDAC8_PM.o"
Deleting file ".\CortexM3\ARM_GCC_493\Debug\DVDAC_IntClock.o"
Deleting file ".\CortexM3\ARM_GCC_493\Debug\UART_IntClock.o"
Deleting file ".\CortexM3\ARM_GCC_493\Debug\POTADC_IRQ.o"
Deleting file ".\CortexM3\ARM_GCC_493\Debug\Cm3Start.o"
Deleting file ".\CortexM3\ARM_GCC_493\Debug\CyBootAsmGnu.o"
Deleting file ".\CortexM3\ARM_GCC_493\Debug\CyDmac.o"
Deleting file ".\CortexM3\ARM_GCC_493\Debug\CyFlash.o"
Deleting file ".\CortexM3\ARM_GCC_493\Debug\CyLib.o"
Deleting file ".\CortexM3\ARM_GCC_493\Debug\cyPm.o"
Deleting file ".\CortexM3\ARM_GCC_493\Debug\CySpc.o"
Deleting file ".\CortexM3\ARM_GCC_493\Debug\cyutils.o"
Deleting file ".\CortexM3\ARM_GCC_493\Debug\POTADC_theACLK.o"
Deleting file ".\CortexM3\ARM_GCC_493\Debug\Roadrunner Control System.hex"
Deleting file ".\CortexM3\ARM_GCC_493\Debug\Roadrunner Control System.elf"
Deleting file ".\CortexM3\ARM_GCC_493\Debug\Roadrunner Control System.map"
Deleting file ".\Roadrunner Control System.cycdx"
Deleting file ".\Roadrunner Control System.svd"
Deleting file ".\Roadrunner Control System.rpt"
Deleting file ".\Roadrunner Control System_timing.html"
Deleting file ".\CortexM3\ARM_GCC_493\Debug\.deps\C_FILE.P"
Deleting file ".\CortexM3\ARM_GCC_493\Debug\.deps\ARM_C_FILE.P"
Deleting file ".\CortexM3\ARM_GCC_493\Debug\.deps\GNU_ARM_ASM_FILE.P"
cydsfit.exe -.appdatapath "C:\Users\Bryan Orabutt\AppData\Local\Cypress Semiconductor\PSoC Creator\3.3" -.fdsnotice -.fdswarpdepfile=warp_dependencies.txt -.fdselabdepfile=elab_dependencies.txt -.fdsbldfile=generated_files.txt -p "C:\Users\Bryan Orabutt\Documents\GitHub\Golfcart\PSOC_PROGRAMS\PSoC5\Roadrunner Control System.cydsn\Roadrunner Control System.cyprj" -d CY8C5888LTI-LP097 -s "C:\Users\Bryan Orabutt\Documents\GitHub\Golfcart\PSOC_PROGRAMS\PSoC5\Roadrunner Control System.cydsn\Generated_Source\PSoC5" -- -yv2 -q10 -ygs -o2 -v3 -.fftcfgtype=LE
Elaborating Design...
HDL Generation ...
Synthesis ...
Place and Route ...
Tech mapping ...
ADD: pft.M0040: information: The following 14 pin(s) will be assigned a location by the fitter: \USBFS:Dm(0)\, \USBFS:Dp(0)\, BRAKEPOT(0), DENCA(0), DENCB(0), DVDACOUT(0), ESTOP(0), RLY_COAST(0), RLY_REVERSE(0), Rx(0), SENCA(0), SENCB(0), STEERPOT(0), Tx(0)
Analog Placement ...
Log: apr.M0058: The analog placement iterative improvement is 35% done. (App=cydsfit)
Log: apr.M0058: The analog placement iterative improvement is 60% done. (App=cydsfit)
Analog Routing ...
Analog Code Generation ...
Digital Placement ...
Digital Routing ...
Bitstream Generation ...
Static timing analysis ...
API Generation ...
Dependency Generation ...
Clean Temporary Files ...
arm-none-eabi-gcc.exe -mcpu=cortex-m3 -mthumb -Wno-main -I. -IGenerated_Source\PSoC5 -Wa,-alh=.\CortexM3\ARM_GCC_493\Debug/main.lst -g -D DEBUG -Wall -ffunction-sections -Og -ffat-lto-objects -c .\main.c -o .\CortexM3\ARM_GCC_493\Debug\main.o
arm-none-eabi-gcc.exe -mcpu=cortex-m3 -mthumb -Wno-main -I. -IGenerated_Source\PSoC5 -Wa,-alh=.\CortexM3\ARM_GCC_493\Debug/cyfitter_cfg.lst -g -D DEBUG -Wall -ffunction-sections -Og -ffat-lto-objects -c .\Generated_Source\PSoC5\cyfitter_cfg.c -o .\CortexM3\ARM_GCC_493\Debug\cyfitter_cfg.o
arm-none-eabi-gcc.exe -mcpu=cortex-m3 -mthumb -Wno-main -I. -IGenerated_Source\PSoC5 -Wa,-alh=.\CortexM3\ARM_GCC_493\Debug/cymetadata.lst -g -D DEBUG -Wall -ffunction-sections -Og -ffat-lto-objects -c .\Generated_Source\PSoC5\cymetadata.c -o .\CortexM3\ARM_GCC_493\Debug\cymetadata.o
arm-none-eabi-gcc.exe -mcpu=cortex-m3 -mthumb -Wno-main -I. -IGenerated_Source\PSoC5 -Wa,-alh=.\CortexM3\ARM_GCC_493\Debug/QuadDecSteer.lst -g -D DEBUG -Wall -ffunction-sections -Og -ffat-lto-objects -c .\Generated_Source\PSoC5\QuadDecSteer.c -o .\CortexM3\ARM_GCC_493\Debug\QuadDecSteer.o
arm-none-eabi-gcc.exe -mcpu=cortex-m3 -mthumb -Wno-main -I. -IGenerated_Source\PSoC5 -Wa,-alh=.\CortexM3\ARM_GCC_493\Debug/QuadDecSteer_PM.lst -g -D DEBUG -Wall -ffunction-sections -Og -ffat-lto-objects -c .\Generated_Source\PSoC5\QuadDecSteer_PM.c -o .\CortexM3\ARM_GCC_493\Debug\QuadDecSteer_PM.o
arm-none-eabi-gcc.exe -mcpu=cortex-m3 -mthumb -Wno-main -I. -IGenerated_Source\PSoC5 -Wa,-alh=.\CortexM3\ARM_GCC_493\Debug/QuadDecDrive.lst -g -D DEBUG -Wall -ffunction-sections -Og -ffat-lto-objects -c .\Generated_Source\PSoC5\QuadDecDrive.c -o .\CortexM3\ARM_GCC_493\Debug\QuadDecDrive.o
arm-none-eabi-gcc.exe -mcpu=cortex-m3 -mthumb -Wno-main -I. -IGenerated_Source\PSoC5 -Wa,-alh=.\CortexM3\ARM_GCC_493\Debug/QuadDecDrive_PM.lst -g -D DEBUG -Wall -ffunction-sections -Og -ffat-lto-objects -c .\Generated_Source\PSoC5\QuadDecDrive_PM.c -o .\CortexM3\ARM_GCC_493\Debug\QuadDecDrive_PM.o
arm-none-eabi-gcc.exe -mcpu=cortex-m3 -mthumb -Wno-main -I. -IGenerated_Source\PSoC5 -Wa,-alh=.\CortexM3\ARM_GCC_493\Debug/SENCA.lst -g -D DEBUG -Wall -ffunction-sections -Og -ffat-lto-objects -c .\Generated_Source\PSoC5\SENCA.c -o .\CortexM3\ARM_GCC_493\Debug\SENCA.o
arm-none-eabi-gcc.exe -mcpu=cortex-m3 -mthumb -Wno-main -I. -IGenerated_Source\PSoC5 -Wa,-alh=.\CortexM3\ARM_GCC_493\Debug/SENCB.lst -g -D DEBUG -Wall -ffunction-sections -Og -ffat-lto-objects -c .\Generated_Source\PSoC5\SENCB.c -o .\CortexM3\ARM_GCC_493\Debug\SENCB.o
arm-none-eabi-gcc.exe -mcpu=cortex-m3 -mthumb -Wno-main -I. -IGenerated_Source\PSoC5 -Wa,-alh=.\CortexM3\ARM_GCC_493\Debug/DENCA.lst -g -D DEBUG -Wall -ffunction-sections -Og -ffat-lto-objects -c .\Generated_Source\PSoC5\DENCA.c -o .\CortexM3\ARM_GCC_493\Debug\DENCA.o
arm-none-eabi-gcc.exe -mcpu=cortex-m3 -mthumb -Wno-main -I. -IGenerated_Source\PSoC5 -Wa,-alh=.\CortexM3\ARM_GCC_493\Debug/DENCB.lst -g -D DEBUG -Wall -ffunction-sections -Og -ffat-lto-objects -c .\Generated_Source\PSoC5\DENCB.c -o .\CortexM3\ARM_GCC_493\Debug\DENCB.o
arm-none-eabi-gcc.exe -mcpu=cortex-m3 -mthumb -Wno-main -I. -IGenerated_Source\PSoC5 -Wa,-alh=.\CortexM3\ARM_GCC_493\Debug/USBFS.lst -g -D DEBUG -Wall -ffunction-sections -Og -ffat-lto-objects -c .\Generated_Source\PSoC5\USBFS.c -o .\CortexM3\ARM_GCC_493\Debug\USBFS.o
arm-none-eabi-gcc.exe -mcpu=cortex-m3 -mthumb -Wno-main -I. -IGenerated_Source\PSoC5 -Wa,-alh=.\CortexM3\ARM_GCC_493\Debug/USBFS_audio.lst -g -D DEBUG -Wall -ffunction-sections -Og -ffat-lto-objects -c .\Generated_Source\PSoC5\USBFS_audio.c -o .\CortexM3\ARM_GCC_493\Debug\USBFS_audio.o
arm-none-eabi-gcc.exe -mcpu=cortex-m3 -mthumb -Wno-main -I. -IGenerated_Source\PSoC5 -Wa,-alh=.\CortexM3\ARM_GCC_493\Debug/USBFS_boot.lst -g -D DEBUG -Wall -ffunction-sections -Og -ffat-lto-objects -c .\Generated_Source\PSoC5\USBFS_boot.c -o .\CortexM3\ARM_GCC_493\Debug\USBFS_boot.o
arm-none-eabi-gcc.exe -mcpu=cortex-m3 -mthumb -Wno-main -I. -IGenerated_Source\PSoC5 -Wa,-alh=.\CortexM3\ARM_GCC_493\Debug/USBFS_cdc.lst -g -D DEBUG -Wall -ffunction-sections -Og -ffat-lto-objects -c .\Generated_Source\PSoC5\USBFS_cdc.c -o .\CortexM3\ARM_GCC_493\Debug\USBFS_cdc.o
arm-none-eabi-gcc.exe -mcpu=cortex-m3 -mthumb -Wno-main -I. -IGenerated_Source\PSoC5 -Wa,-alh=.\CortexM3\ARM_GCC_493\Debug/USBFS_cls.lst -g -D DEBUG -Wall -ffunction-sections -Og -ffat-lto-objects -c .\Generated_Source\PSoC5\USBFS_cls.c -o .\CortexM3\ARM_GCC_493\Debug\USBFS_cls.o
arm-none-eabi-gcc.exe -mcpu=cortex-m3 -mthumb -Wno-main -I. -IGenerated_Source\PSoC5 -Wa,-alh=.\CortexM3\ARM_GCC_493\Debug/USBFS_descr.lst -g -D DEBUG -Wall -ffunction-sections -Og -ffat-lto-objects -c .\Generated_Source\PSoC5\USBFS_descr.c -o .\CortexM3\ARM_GCC_493\Debug\USBFS_descr.o
arm-none-eabi-gcc.exe -mcpu=cortex-m3 -mthumb -Wno-main -I. -IGenerated_Source\PSoC5 -Wa,-alh=.\CortexM3\ARM_GCC_493\Debug/USBFS_drv.lst -g -D DEBUG -Wall -ffunction-sections -Og -ffat-lto-objects -c .\Generated_Source\PSoC5\USBFS_drv.c -o .\CortexM3\ARM_GCC_493\Debug\USBFS_drv.o
arm-none-eabi-gcc.exe -mcpu=cortex-m3 -mthumb -Wno-main -I. -IGenerated_Source\PSoC5 -Wa,-alh=.\CortexM3\ARM_GCC_493\Debug/USBFS_episr.lst -g -D DEBUG -Wall -ffunction-sections -Og -ffat-lto-objects -c .\Generated_Source\PSoC5\USBFS_episr.c -o .\CortexM3\ARM_GCC_493\Debug\USBFS_episr.o
arm-none-eabi-gcc.exe -mcpu=cortex-m3 -mthumb -Wno-main -I. -IGenerated_Source\PSoC5 -Wa,-alh=.\CortexM3\ARM_GCC_493\Debug/USBFS_hid.lst -g -D DEBUG -Wall -ffunction-sections -Og -ffat-lto-objects -c .\Generated_Source\PSoC5\USBFS_hid.c -o .\CortexM3\ARM_GCC_493\Debug\USBFS_hid.o
arm-none-eabi-gcc.exe -mcpu=cortex-m3 -mthumb -Wno-main -I. -IGenerated_Source\PSoC5 -Wa,-alh=.\CortexM3\ARM_GCC_493\Debug/USBFS_pm.lst -g -D DEBUG -Wall -ffunction-sections -Og -ffat-lto-objects -c .\Generated_Source\PSoC5\USBFS_pm.c -o .\CortexM3\ARM_GCC_493\Debug\USBFS_pm.o
arm-none-eabi-gcc.exe -mcpu=cortex-m3 -mthumb -Wno-main -I. -IGenerated_Source\PSoC5 -Wa,-alh=.\CortexM3\ARM_GCC_493\Debug/USBFS_std.lst -g -D DEBUG -Wall -ffunction-sections -Og -ffat-lto-objects -c .\Generated_Source\PSoC5\USBFS_std.c -o .\CortexM3\ARM_GCC_493\Debug\USBFS_std.o
arm-none-eabi-gcc.exe -mcpu=cortex-m3 -mthumb -Wno-main -I. -IGenerated_Source\PSoC5 -Wa,-alh=.\CortexM3\ARM_GCC_493\Debug/USBFS_vnd.lst -g -D DEBUG -Wall -ffunction-sections -Og -ffat-lto-objects -c .\Generated_Source\PSoC5\USBFS_vnd.c -o .\CortexM3\ARM_GCC_493\Debug\USBFS_vnd.o
arm-none-eabi-gcc.exe -mcpu=cortex-m3 -mthumb -Wno-main -I. -IGenerated_Source\PSoC5 -Wa,-alh=.\CortexM3\ARM_GCC_493\Debug/USBFS_midi.lst -g -D DEBUG -Wall -ffunction-sections -Og -ffat-lto-objects -c .\Generated_Source\PSoC5\USBFS_midi.c -o .\CortexM3\ARM_GCC_493\Debug\USBFS_midi.o
arm-none-eabi-gcc.exe -mcpu=cortex-m3 -mthumb -Wno-main -I. -IGenerated_Source\PSoC5 -Wa,-alh=.\CortexM3\ARM_GCC_493\Debug/USBFS_msc.lst -g -D DEBUG -Wall -ffunction-sections -Og -ffat-lto-objects -c .\Generated_Source\PSoC5\USBFS_msc.c -o .\CortexM3\ARM_GCC_493\Debug\USBFS_msc.o
arm-none-eabi-gcc.exe -mcpu=cortex-m3 -mthumb -Wno-main -I. -IGenerated_Source\PSoC5 -Wa,-alh=.\CortexM3\ARM_GCC_493\Debug/DVDAC.lst -g -D DEBUG -Wall -ffunction-sections -Og -ffat-lto-objects -c .\Generated_Source\PSoC5\DVDAC.c -o .\CortexM3\ARM_GCC_493\Debug\DVDAC.o
arm-none-eabi-gcc.exe -mcpu=cortex-m3 -mthumb -Wno-main -I. -IGenerated_Source\PSoC5 -Wa,-alh=.\CortexM3\ARM_GCC_493\Debug/DVDAC_PM.lst -g -D DEBUG -Wall -ffunction-sections -Og -ffat-lto-objects -c .\Generated_Source\PSoC5\DVDAC_PM.c -o .\CortexM3\ARM_GCC_493\Debug\DVDAC_PM.o
arm-none-eabi-gcc.exe -mcpu=cortex-m3 -mthumb -Wno-main -I. -IGenerated_Source\PSoC5 -Wa,-alh=.\CortexM3\ARM_GCC_493\Debug/DVDACOUT.lst -g -D DEBUG -Wall -ffunction-sections -Og -ffat-lto-objects -c .\Generated_Source\PSoC5\DVDACOUT.c -o .\CortexM3\ARM_GCC_493\Debug\DVDACOUT.o
arm-none-eabi-gcc.exe -mcpu=cortex-m3 -mthumb -Wno-main -I. -IGenerated_Source\PSoC5 -Wa,-alh=.\CortexM3\ARM_GCC_493\Debug/UART.lst -g -D DEBUG -Wall -ffunction-sections -Og -ffat-lto-objects -c .\Generated_Source\PSoC5\UART.c -o .\CortexM3\ARM_GCC_493\Debug\UART.o
arm-none-eabi-gcc.exe -mcpu=cortex-m3 -mthumb -Wno-main -I. -IGenerated_Source\PSoC5 -Wa,-alh=.\CortexM3\ARM_GCC_493\Debug/UART_PM.lst -g -D DEBUG -Wall -ffunction-sections -Og -ffat-lto-objects -c .\Generated_Source\PSoC5\UART_PM.c -o .\CortexM3\ARM_GCC_493\Debug\UART_PM.o
arm-none-eabi-gcc.exe -mcpu=cortex-m3 -mthumb -Wno-main -I. -IGenerated_Source\PSoC5 -Wa,-alh=.\CortexM3\ARM_GCC_493\Debug/UART_INT.lst -g -D DEBUG -Wall -ffunction-sections -Og -ffat-lto-objects -c .\Generated_Source\PSoC5\UART_INT.c -o .\CortexM3\ARM_GCC_493\Debug\UART_INT.o
arm-none-eabi-gcc.exe -mcpu=cortex-m3 -mthumb -Wno-main -I. -IGenerated_Source\PSoC5 -Wa,-alh=.\CortexM3\ARM_GCC_493\Debug/UART_BOOT.lst -g -D DEBUG -Wall -ffunction-sections -Og -ffat-lto-objects -c .\Generated_Source\PSoC5\UART_BOOT.c -o .\CortexM3\ARM_GCC_493\Debug\UART_BOOT.o
arm-none-eabi-gcc.exe -mcpu=cortex-m3 -mthumb -Wno-main -I. -IGenerated_Source\PSoC5 -Wa,-alh=.\CortexM3\ARM_GCC_493\Debug/POTADC.lst -g -D DEBUG -Wall -ffunction-sections -Og -ffat-lto-objects -c .\Generated_Source\PSoC5\POTADC.c -o .\CortexM3\ARM_GCC_493\Debug\POTADC.o
arm-none-eabi-gcc.exe -mcpu=cortex-m3 -mthumb -Wno-main -I. -IGenerated_Source\PSoC5 -Wa,-alh=.\CortexM3\ARM_GCC_493\Debug/POTADC_PM.lst -g -D DEBUG -Wall -ffunction-sections -Og -ffat-lto-objects -c .\Generated_Source\PSoC5\POTADC_PM.c -o .\CortexM3\ARM_GCC_493\Debug\POTADC_PM.o
arm-none-eabi-gcc.exe -mcpu=cortex-m3 -mthumb -Wno-main -I. -IGenerated_Source\PSoC5 -Wa,-alh=.\CortexM3\ARM_GCC_493\Debug/POTADC_INT.lst -g -D DEBUG -Wall -ffunction-sections -Og -ffat-lto-objects -c .\Generated_Source\PSoC5\POTADC_INT.c -o .\CortexM3\ARM_GCC_493\Debug\POTADC_INT.o
arm-none-eabi-gcc.exe -mcpu=cortex-m3 -mthumb -Wno-main -I. -IGenerated_Source\PSoC5 -Wa,-alh=.\CortexM3\ARM_GCC_493\Debug/RAMBUF_dma.lst -g -D DEBUG -Wall -ffunction-sections -Og -ffat-lto-objects -c .\Generated_Source\PSoC5\RAMBUF_dma.c -o .\CortexM3\ARM_GCC_493\Debug\RAMBUF_dma.o
arm-none-eabi-gcc.exe -mcpu=cortex-m3 -mthumb -Wno-main -I. -IGenerated_Source\PSoC5 -Wa,-alh=.\CortexM3\ARM_GCC_493\Debug/STEERPOT.lst -g -D DEBUG -Wall -ffunction-sections -Og -ffat-lto-objects -c .\Generated_Source\PSoC5\STEERPOT.c -o .\CortexM3\ARM_GCC_493\Debug\STEERPOT.o
arm-none-eabi-gcc.exe -mcpu=cortex-m3 -mthumb -Wno-main -I. -IGenerated_Source\PSoC5 -Wa,-alh=.\CortexM3\ARM_GCC_493\Debug/BRAKEPOT.lst -g -D DEBUG -Wall -ffunction-sections -Og -ffat-lto-objects -c .\Generated_Source\PSoC5\BRAKEPOT.c -o .\CortexM3\ARM_GCC_493\Debug\BRAKEPOT.o
arm-none-eabi-gcc.exe -mcpu=cortex-m3 -mthumb -Wno-main -I. -IGenerated_Source\PSoC5 -Wa,-alh=.\CortexM3\ARM_GCC_493\Debug/RLY_REVERSE.lst -g -D DEBUG -Wall -ffunction-sections -Og -ffat-lto-objects -c .\Generated_Source\PSoC5\RLY_REVERSE.c -o .\CortexM3\ARM_GCC_493\Debug\RLY_REVERSE.o
arm-none-eabi-gcc.exe -mcpu=cortex-m3 -mthumb -Wno-main -I. -IGenerated_Source\PSoC5 -Wa,-alh=.\CortexM3\ARM_GCC_493\Debug/RLY_COAST.lst -g -D DEBUG -Wall -ffunction-sections -Og -ffat-lto-objects -c .\Generated_Source\PSoC5\RLY_COAST.c -o .\CortexM3\ARM_GCC_493\Debug\RLY_COAST.o
arm-none-eabi-gcc.exe -mcpu=cortex-m3 -mthumb -Wno-main -I. -IGenerated_Source\PSoC5 -Wa,-alh=.\CortexM3\ARM_GCC_493\Debug/ESTOP.lst -g -D DEBUG -Wall -ffunction-sections -Og -ffat-lto-objects -c .\Generated_Source\PSoC5\ESTOP.c -o .\CortexM3\ARM_GCC_493\Debug\ESTOP.o
arm-none-eabi-gcc.exe -mcpu=cortex-m3 -mthumb -Wno-main -I. -IGenerated_Source\PSoC5 -Wa,-alh=.\CortexM3\ARM_GCC_493\Debug/QuadDecSteer_Cnt16.lst -g -D DEBUG -Wall -ffunction-sections -Og -ffat-lto-objects -c .\Generated_Source\PSoC5\QuadDecSteer_Cnt16.c -o .\CortexM3\ARM_GCC_493\Debug\QuadDecSteer_Cnt16.o
arm-none-eabi-gcc.exe -mcpu=cortex-m3 -mthumb -Wno-main -I. -IGenerated_Source\PSoC5 -Wa,-alh=.\CortexM3\ARM_GCC_493\Debug/QuadDecSteer_Cnt16_PM.lst -g -D DEBUG -Wall -ffunction-sections -Og -ffat-lto-objects -c .\Generated_Source\PSoC5\QuadDecSteer_Cnt16_PM.c -o .\CortexM3\ARM_GCC_493\Debug\QuadDecSteer_Cnt16_PM.o
arm-none-eabi-gcc.exe -mcpu=cortex-m3 -mthumb -Wno-main -I. -IGenerated_Source\PSoC5 -Wa,-alh=.\CortexM3\ARM_GCC_493\Debug/QuadDecDrive_Cnt16.lst -g -D DEBUG -Wall -ffunction-sections -Og -ffat-lto-objects -c .\Generated_Source\PSoC5\QuadDecDrive_Cnt16.c -o .\CortexM3\ARM_GCC_493\Debug\QuadDecDrive_Cnt16.o
arm-none-eabi-gcc.exe -mcpu=cortex-m3 -mthumb -Wno-main -I. -IGenerated_Source\PSoC5 -Wa,-alh=.\CortexM3\ARM_GCC_493\Debug/QuadDecDrive_Cnt16_PM.lst -g -D DEBUG -Wall -ffunction-sections -Og -ffat-lto-objects -c .\Generated_Source\PSoC5\QuadDecDrive_Cnt16_PM.c -o .\CortexM3\ARM_GCC_493\Debug\QuadDecDrive_Cnt16_PM.o
arm-none-eabi-gcc.exe -mcpu=cortex-m3 -mthumb -Wno-main -I. -IGenerated_Source\PSoC5 -Wa,-alh=.\CortexM3\ARM_GCC_493\Debug/USBFS_ep2_dma.lst -g -D DEBUG -Wall -ffunction-sections -Og -ffat-lto-objects -c .\Generated_Source\PSoC5\USBFS_ep2_dma.c -o .\CortexM3\ARM_GCC_493\Debug\USBFS_ep2_dma.o
arm-none-eabi-gcc.exe -mcpu=cortex-m3 -mthumb -Wno-main -I. -IGenerated_Source\PSoC5 -Wa,-alh=.\CortexM3\ARM_GCC_493\Debug/USBFS_ep1_dma.lst -g -D DEBUG -Wall -ffunction-sections -Og -ffat-lto-objects -c .\Generated_Source\PSoC5\USBFS_ep1_dma.c -o .\CortexM3\ARM_GCC_493\Debug\USBFS_ep1_dma.o
arm-none-eabi-gcc.exe -mcpu=cortex-m3 -mthumb -Wno-main -I. -IGenerated_Source\PSoC5 -Wa,-alh=.\CortexM3\ARM_GCC_493\Debug/USBFS_Dm.lst -g -D DEBUG -Wall -ffunction-sections -Og -ffat-lto-objects -c .\Generated_Source\PSoC5\USBFS_Dm.c -o .\CortexM3\ARM_GCC_493\Debug\USBFS_Dm.o
arm-none-eabi-gcc.exe -mcpu=cortex-m3 -mthumb -Wno-main -I. -IGenerated_Source\PSoC5 -Wa,-alh=.\CortexM3\ARM_GCC_493\Debug/USBFS_Dp.lst -g -D DEBUG -Wall -ffunction-sections -Og -ffat-lto-objects -c .\Generated_Source\PSoC5\USBFS_Dp.c -o .\CortexM3\ARM_GCC_493\Debug\USBFS_Dp.o
arm-none-eabi-gcc.exe -mcpu=cortex-m3 -mthumb -Wno-main -I. -IGenerated_Source\PSoC5 -Wa,-alh=.\CortexM3\ARM_GCC_493\Debug/DVDAC_DMA_dma.lst -g -D DEBUG -Wall -ffunction-sections -Og -ffat-lto-objects -c .\Generated_Source\PSoC5\DVDAC_DMA_dma.c -o .\CortexM3\ARM_GCC_493\Debug\DVDAC_DMA_dma.o
arm-none-eabi-gcc.exe -mcpu=cortex-m3 -mthumb -Wno-main -I. -IGenerated_Source\PSoC5 -Wa,-alh=.\CortexM3\ARM_GCC_493\Debug/DVDAC_VDAC8.lst -g -D DEBUG -Wall -ffunction-sections -Og -ffat-lto-objects -c .\Generated_Source\PSoC5\DVDAC_VDAC8.c -o .\CortexM3\ARM_GCC_493\Debug\DVDAC_VDAC8.o
arm-none-eabi-gcc.exe -mcpu=cortex-m3 -mthumb -Wno-main -I. -IGenerated_Source\PSoC5 -Wa,-alh=.\CortexM3\ARM_GCC_493\Debug/DVDAC_VDAC8_PM.lst -g -D DEBUG -Wall -ffunction-sections -Og -ffat-lto-objects -c .\Generated_Source\PSoC5\DVDAC_VDAC8_PM.c -o .\CortexM3\ARM_GCC_493\Debug\DVDAC_VDAC8_PM.o
arm-none-eabi-gcc.exe -mcpu=cortex-m3 -mthumb -Wno-main -I. -IGenerated_Source\PSoC5 -Wa,-alh=.\CortexM3\ARM_GCC_493\Debug/DVDAC_IntClock.lst -g -D DEBUG -Wall -ffunction-sections -Og -ffat-lto-objects -c .\Generated_Source\PSoC5\DVDAC_IntClock.c -o .\CortexM3\ARM_GCC_493\Debug\DVDAC_IntClock.o
arm-none-eabi-gcc.exe -mcpu=cortex-m3 -mthumb -Wno-main -I. -IGenerated_Source\PSoC5 -Wa,-alh=.\CortexM3\ARM_GCC_493\Debug/UART_IntClock.lst -g -D DEBUG -Wall -ffunction-sections -Og -ffat-lto-objects -c .\Generated_Source\PSoC5\UART_IntClock.c -o .\CortexM3\ARM_GCC_493\Debug\UART_IntClock.o
arm-none-eabi-gcc.exe -mcpu=cortex-m3 -mthumb -Wno-main -I. -IGenerated_Source\PSoC5 -Wa,-alh=.\CortexM3\ARM_GCC_493\Debug/POTADC_IRQ.lst -g -D DEBUG -Wall -ffunction-sections -Og -ffat-lto-objects -c .\Generated_Source\PSoC5\POTADC_IRQ.c -o .\CortexM3\ARM_GCC_493\Debug\POTADC_IRQ.o
arm-none-eabi-gcc.exe -mcpu=cortex-m3 -mthumb -Wno-main -I. -IGenerated_Source\PSoC5 -Wa,-alh=.\CortexM3\ARM_GCC_493\Debug/Cm3Start.lst -g -D DEBUG -Wall -ffunction-sections -Og -ffat-lto-objects -c .\Generated_Source\PSoC5\Cm3Start.c -o .\CortexM3\ARM_GCC_493\Debug\Cm3Start.o
arm-none-eabi-as.exe -mcpu=cortex-m3 -mthumb -I. -IGenerated_Source\PSoC5 -alh=.\CortexM3\ARM_GCC_493\Debug/CyBootAsmGnu.lst -g -W -o .\CortexM3\ARM_GCC_493\Debug\CyBootAsmGnu.o .\Generated_Source\PSoC5\CyBootAsmGnu.s
arm-none-eabi-gcc.exe -mcpu=cortex-m3 -mthumb -Wno-main -I. -IGenerated_Source\PSoC5 -Wa,-alh=.\CortexM3\ARM_GCC_493\Debug/CyDmac.lst -g -D DEBUG -Wall -ffunction-sections -Og -ffat-lto-objects -c .\Generated_Source\PSoC5\CyDmac.c -o .\CortexM3\ARM_GCC_493\Debug\CyDmac.o
arm-none-eabi-gcc.exe -mcpu=cortex-m3 -mthumb -Wno-main -I. -IGenerated_Source\PSoC5 -Wa,-alh=.\CortexM3\ARM_GCC_493\Debug/CyFlash.lst -g -D DEBUG -Wall -ffunction-sections -Og -ffat-lto-objects -c .\Generated_Source\PSoC5\CyFlash.c -o .\CortexM3\ARM_GCC_493\Debug\CyFlash.o
arm-none-eabi-gcc.exe -mcpu=cortex-m3 -mthumb -Wno-main -I. -IGenerated_Source\PSoC5 -Wa,-alh=.\CortexM3\ARM_GCC_493\Debug/CyLib.lst -g -D DEBUG -Wall -ffunction-sections -Og -ffat-lto-objects -c .\Generated_Source\PSoC5\CyLib.c -o .\CortexM3\ARM_GCC_493\Debug\CyLib.o
arm-none-eabi-gcc.exe -mcpu=cortex-m3 -mthumb -Wno-main -I. -IGenerated_Source\PSoC5 -Wa,-alh=.\CortexM3\ARM_GCC_493\Debug/cyPm.lst -g -D DEBUG -Wall -ffunction-sections -Og -ffat-lto-objects -c .\Generated_Source\PSoC5\cyPm.c -o .\CortexM3\ARM_GCC_493\Debug\cyPm.o
arm-none-eabi-gcc.exe -mcpu=cortex-m3 -mthumb -Wno-main -I. -IGenerated_Source\PSoC5 -Wa,-alh=.\CortexM3\ARM_GCC_493\Debug/CySpc.lst -g -D DEBUG -Wall -ffunction-sections -Og -ffat-lto-objects -c .\Generated_Source\PSoC5\CySpc.c -o .\CortexM3\ARM_GCC_493\Debug\CySpc.o
arm-none-eabi-gcc.exe -mcpu=cortex-m3 -mthumb -Wno-main -I. -IGenerated_Source\PSoC5 -Wa,-alh=.\CortexM3\ARM_GCC_493\Debug/cyutils.lst -g -D DEBUG -Wall -ffunction-sections -Og -ffat-lto-objects -c .\Generated_Source\PSoC5\cyutils.c -o .\CortexM3\ARM_GCC_493\Debug\cyutils.o
arm-none-eabi-gcc.exe -mcpu=cortex-m3 -mthumb -Wno-main -I. -IGenerated_Source\PSoC5 -Wa,-alh=.\CortexM3\ARM_GCC_493\Debug/POTADC_theACLK.lst -g -D DEBUG -Wall -ffunction-sections -Og -ffat-lto-objects -c .\Generated_Source\PSoC5\POTADC_theACLK.c -o .\CortexM3\ARM_GCC_493\Debug\POTADC_theACLK.o
arm-none-eabi-ar.exe -rs ".\CortexM3\ARM_GCC_493\Debug\Roadrunner Control System.a" .\CortexM3\ARM_GCC_493\Debug\cyfitter_cfg.o .\CortexM3\ARM_GCC_493\Debug\QuadDecSteer.o .\CortexM3\ARM_GCC_493\Debug\QuadDecSteer_PM.o .\CortexM3\ARM_GCC_493\Debug\QuadDecDrive.o .\CortexM3\ARM_GCC_493\Debug\QuadDecDrive_PM.o .\CortexM3\ARM_GCC_493\Debug\SENCA.o .\CortexM3\ARM_GCC_493\Debug\SENCB.o .\CortexM3\ARM_GCC_493\Debug\DENCA.o .\CortexM3\ARM_GCC_493\Debug\DENCB.o .\CortexM3\ARM_GCC_493\Debug\USBFS.o .\CortexM3\ARM_GCC_493\Debug\USBFS_audio.o .\CortexM3\ARM_GCC_493\Debug\USBFS_boot.o .\CortexM3\ARM_GCC_493\Debug\USBFS_cdc.o .\CortexM3\ARM_GCC_493\Debug\USBFS_cls.o .\CortexM3\ARM_GCC_493\Debug\USBFS_descr.o .\CortexM3\ARM_GCC_493\Debug\USBFS_drv.o .\CortexM3\ARM_GCC_493\Debug\USBFS_episr.o .\CortexM3\ARM_GCC_493\Debug\USBFS_hid.o .\CortexM3\ARM_GCC_493\Debug\USBFS_pm.o .\CortexM3\ARM_GCC_493\Debug\USBFS_std.o .\CortexM3\ARM_GCC_493\Debug\USBFS_vnd.o .\CortexM3\ARM_GCC_493\Debug\USBFS_midi.o .\CortexM3\ARM_GCC_493\Debug\USBFS_msc.o .\CortexM3\ARM_GCC_493\Debug\DVDAC.o .\CortexM3\ARM_GCC_493\Debug\DVDAC_PM.o .\CortexM3\ARM_GCC_493\Debug\DVDACOUT.o .\CortexM3\ARM_GCC_493\Debug\UART.o .\CortexM3\ARM_GCC_493\Debug\UART_PM.o .\CortexM3\ARM_GCC_493\Debug\UART_INT.o .\CortexM3\ARM_GCC_493\Debug\UART_BOOT.o .\CortexM3\ARM_GCC_493\Debug\POTADC.o .\CortexM3\ARM_GCC_493\Debug\POTADC_PM.o .\CortexM3\ARM_GCC_493\Debug\POTADC_INT.o .\CortexM3\ARM_GCC_493\Debug\RAMBUF_dma.o .\CortexM3\ARM_GCC_493\Debug\STEERPOT.o .\CortexM3\ARM_GCC_493\Debug\BRAKEPOT.o .\CortexM3\ARM_GCC_493\Debug\RLY_REVERSE.o .\CortexM3\ARM_GCC_493\Debug\RLY_COAST.o .\CortexM3\ARM_GCC_493\Debug\ESTOP.o .\CortexM3\ARM_GCC_493\Debug\QuadDecSteer_Cnt16.o .\CortexM3\ARM_GCC_493\Debug\QuadDecSteer_Cnt16_PM.o .\CortexM3\ARM_GCC_493\Debug\QuadDecDrive_Cnt16.o .\CortexM3\ARM_GCC_493\Debug\QuadDecDrive_Cnt16_PM.o .\CortexM3\ARM_GCC_493\Debug\USBFS_ep2_dma.o .\CortexM3\ARM_GCC_493\Debug\USBFS_ep1_dma.o .\CortexM3\ARM_GCC_493\Debug\USBFS_Dm.o .\CortexM3\ARM_GCC_493\Debug\USBFS_Dp.o .\CortexM3\ARM_GCC_493\Debug\DVDAC_DMA_dma.o .\CortexM3\ARM_GCC_493\Debug\DVDAC_VDAC8.o .\CortexM3\ARM_GCC_493\Debug\DVDAC_VDAC8_PM.o .\CortexM3\ARM_GCC_493\Debug\DVDAC_IntClock.o .\CortexM3\ARM_GCC_493\Debug\UART_IntClock.o .\CortexM3\ARM_GCC_493\Debug\POTADC_IRQ.o .\CortexM3\ARM_GCC_493\Debug\CyBootAsmGnu.o .\CortexM3\ARM_GCC_493\Debug\CyDmac.o .\CortexM3\ARM_GCC_493\Debug\CyFlash.o .\CortexM3\ARM_GCC_493\Debug\CyLib.o .\CortexM3\ARM_GCC_493\Debug\cyPm.o .\CortexM3\ARM_GCC_493\Debug\CySpc.o .\CortexM3\ARM_GCC_493\Debug\cyutils.o .\CortexM3\ARM_GCC_493\Debug\POTADC_theACLK.o
arm-none-eabi-ar.exe: creating .\CortexM3\ARM_GCC_493\Debug\Roadrunner Control System.a
arm-none-eabi-gcc.exe -Wl,--start-group -o ".\CortexM3\ARM_GCC_493\Debug\Roadrunner Control System.elf" .\CortexM3\ARM_GCC_493\Debug\main.o .\CortexM3\ARM_GCC_493\Debug\cymetadata.o .\CortexM3\ARM_GCC_493\Debug\Cm3Start.o ".\CortexM3\ARM_GCC_493\Debug\Roadrunner Control System.a" "C:\Program Files (x86)\Cypress\PSoC Creator\3.3\PSoC Creator\psoc\content\cycomponentlibrary\CyComponentLibrary.cylib\CortexM3\ARM_GCC_493\Debug\CyComponentLibrary.a" -mcpu=cortex-m3 -mthumb -g -ffunction-sections -Og -ffat-lto-objects -L Generated_Source\PSoC5 "-Wl,-Map,.\CortexM3\ARM_GCC_493\Debug/Roadrunner Control System.map" -T Generated_Source\PSoC5\cm3gcc.ld -specs=nano.specs -Wl,--gc-sections -Wl,--end-group
cyelftool.exe -C "C:\Users\Bryan Orabutt\Documents\GitHub\Golfcart\PSOC_PROGRAMS\PSoC5\Roadrunner Control System.cydsn\CortexM3\ARM_GCC_493\Debug\Roadrunner Control System.elf" --flash_row_size 256 --flash_size 262144
cyelftool.exe -S "C:\Users\Bryan Orabutt\Documents\GitHub\Golfcart\PSOC_PROGRAMS\PSoC5\Roadrunner Control System.cydsn\CortexM3\ARM_GCC_493\Debug\Roadrunner Control System.elf"
Flash used: 2048 of 262144 bytes (0.8 %).
SRAM used: 2509 of 65536 bytes (3.8 %). Stack: 2048 bytes. Heap: 128 bytes.
--------------- Rebuild Succeeded: 10/08/2016 01:48:41 ---------------
