ARM GAS  C:\Users\BRYANO~1\AppData\Local\Temp\ccm4u3VQ.s 			page 1


   1              		.syntax unified
   2              		.cpu cortex-m3
   3              		.fpu softvfp
   4              		.eabi_attribute 20, 1
   5              		.eabi_attribute 21, 1
   6              		.eabi_attribute 23, 3
   7              		.eabi_attribute 24, 1
   8              		.eabi_attribute 25, 1
   9              		.eabi_attribute 26, 1
  10              		.eabi_attribute 30, 1
  11              		.eabi_attribute 34, 1
  12              		.eabi_attribute 18, 4
  13              		.thumb
  14              		.file	"SENCA.c"
  15              		.text
  16              	.Ltext0:
  17              		.cfi_sections	.debug_frame
  18              		.section	.text.SENCA_Write,"ax",%progbits
  19              		.align	2
  20              		.global	SENCA_Write
  21              		.thumb
  22              		.thumb_func
  23              		.type	SENCA_Write, %function
  24              	SENCA_Write:
  25              	.LFB0:
  26              		.file 1 ".\\Generated_Source\\PSoC5\\SENCA.c"
   1:.\Generated_Source\PSoC5/SENCA.c **** /*******************************************************************************
   2:.\Generated_Source\PSoC5/SENCA.c **** * File Name: SENCA.c  
   3:.\Generated_Source\PSoC5/SENCA.c **** * Version 2.20
   4:.\Generated_Source\PSoC5/SENCA.c **** *
   5:.\Generated_Source\PSoC5/SENCA.c **** * Description:
   6:.\Generated_Source\PSoC5/SENCA.c **** *  This file contains API to enable firmware control of a Pins component.
   7:.\Generated_Source\PSoC5/SENCA.c **** *
   8:.\Generated_Source\PSoC5/SENCA.c **** * Note:
   9:.\Generated_Source\PSoC5/SENCA.c **** *
  10:.\Generated_Source\PSoC5/SENCA.c **** ********************************************************************************
  11:.\Generated_Source\PSoC5/SENCA.c **** * Copyright 2008-2015, Cypress Semiconductor Corporation.  All rights reserved.
  12:.\Generated_Source\PSoC5/SENCA.c **** * You may use this file only in accordance with the license, terms, conditions, 
  13:.\Generated_Source\PSoC5/SENCA.c **** * disclaimers, and limitations in the end user license agreement accompanying 
  14:.\Generated_Source\PSoC5/SENCA.c **** * the software package with which this file was provided.
  15:.\Generated_Source\PSoC5/SENCA.c **** *******************************************************************************/
  16:.\Generated_Source\PSoC5/SENCA.c **** 
  17:.\Generated_Source\PSoC5/SENCA.c **** #include "cytypes.h"
  18:.\Generated_Source\PSoC5/SENCA.c **** #include "SENCA.h"
  19:.\Generated_Source\PSoC5/SENCA.c **** 
  20:.\Generated_Source\PSoC5/SENCA.c **** /* APIs are not generated for P15[7:6] on PSoC 5 */
  21:.\Generated_Source\PSoC5/SENCA.c **** #if !(CY_PSOC5A &&\
  22:.\Generated_Source\PSoC5/SENCA.c **** 	 SENCA__PORT == 15 && ((SENCA__MASK & 0xC0) != 0))
  23:.\Generated_Source\PSoC5/SENCA.c **** 
  24:.\Generated_Source\PSoC5/SENCA.c **** 
  25:.\Generated_Source\PSoC5/SENCA.c **** /*******************************************************************************
  26:.\Generated_Source\PSoC5/SENCA.c **** * Function Name: SENCA_Write
  27:.\Generated_Source\PSoC5/SENCA.c **** ****************************************************************************//**
  28:.\Generated_Source\PSoC5/SENCA.c **** *
  29:.\Generated_Source\PSoC5/SENCA.c **** * \brief Writes the value to the physical port (data output register), masking
  30:.\Generated_Source\PSoC5/SENCA.c **** *  and shifting the bits appropriately. 
  31:.\Generated_Source\PSoC5/SENCA.c **** *
ARM GAS  C:\Users\BRYANO~1\AppData\Local\Temp\ccm4u3VQ.s 			page 2


  32:.\Generated_Source\PSoC5/SENCA.c **** * The data output register controls the signal applied to the physical pin in 
  33:.\Generated_Source\PSoC5/SENCA.c **** * conjunction with the drive mode parameter. This function avoids changing 
  34:.\Generated_Source\PSoC5/SENCA.c **** * other bits in the port by using the appropriate method (read-modify-write or
  35:.\Generated_Source\PSoC5/SENCA.c **** * bit banding).
  36:.\Generated_Source\PSoC5/SENCA.c **** *
  37:.\Generated_Source\PSoC5/SENCA.c **** * <b>Note</b> This function should not be used on a hardware digital output pin 
  38:.\Generated_Source\PSoC5/SENCA.c **** * as it is driven by the hardware signal attached to it.
  39:.\Generated_Source\PSoC5/SENCA.c **** *
  40:.\Generated_Source\PSoC5/SENCA.c **** * \param value
  41:.\Generated_Source\PSoC5/SENCA.c **** *  Value to write to the component instance.
  42:.\Generated_Source\PSoC5/SENCA.c **** *
  43:.\Generated_Source\PSoC5/SENCA.c **** * \return 
  44:.\Generated_Source\PSoC5/SENCA.c **** *  None 
  45:.\Generated_Source\PSoC5/SENCA.c **** *
  46:.\Generated_Source\PSoC5/SENCA.c **** * \sideeffect
  47:.\Generated_Source\PSoC5/SENCA.c **** *  If you use read-modify-write operations that are not atomic; the Interrupt 
  48:.\Generated_Source\PSoC5/SENCA.c **** *  Service Routines (ISR) can cause corruption of this function. An ISR that 
  49:.\Generated_Source\PSoC5/SENCA.c **** *  interrupts this function and performs writes to the Pins component data 
  50:.\Generated_Source\PSoC5/SENCA.c **** *  register can cause corrupted port data. To avoid this issue, you should 
  51:.\Generated_Source\PSoC5/SENCA.c **** *  either use the Per-Pin APIs (primary method) or disable interrupts around 
  52:.\Generated_Source\PSoC5/SENCA.c **** *  this function.
  53:.\Generated_Source\PSoC5/SENCA.c **** *
  54:.\Generated_Source\PSoC5/SENCA.c **** * \funcusage
  55:.\Generated_Source\PSoC5/SENCA.c **** *  \snippet SENCA_SUT.c usage_SENCA_Write
  56:.\Generated_Source\PSoC5/SENCA.c **** *******************************************************************************/
  57:.\Generated_Source\PSoC5/SENCA.c **** void SENCA_Write(uint8 value)
  58:.\Generated_Source\PSoC5/SENCA.c **** {
  27              		.loc 1 58 0
  28              		.cfi_startproc
  29              		@ args = 0, pretend = 0, frame = 0
  30              		@ frame_needed = 0, uses_anonymous_args = 0
  31              		@ link register save eliminated.
  32              	.LVL0:
  59:.\Generated_Source\PSoC5/SENCA.c ****     uint8 staticBits = (SENCA_DR & (uint8)(~SENCA_MASK));
  33              		.loc 1 59 0
  34 0000 044A     		ldr	r2, .L2
  35 0002 1378     		ldrb	r3, [r2]	@ zero_extendqisi2
  36 0004 03F0FE03 		and	r3, r3, #254
  37              	.LVL1:
  60:.\Generated_Source\PSoC5/SENCA.c ****     SENCA_DR = staticBits | ((uint8)(value << SENCA_SHIFT) & SENCA_MASK);
  38              		.loc 1 60 0
  39 0008 00F00100 		and	r0, r0, #1
  40              	.LVL2:
  41 000c 1843     		orrs	r0, r0, r3
  42 000e 1070     		strb	r0, [r2]
  43 0010 7047     		bx	lr
  44              	.L3:
  45 0012 00BF     		.align	2
  46              	.L2:
  47 0014 30510040 		.word	1073762608
  48              		.cfi_endproc
  49              	.LFE0:
  50              		.size	SENCA_Write, .-SENCA_Write
  51              		.section	.text.SENCA_SetDriveMode,"ax",%progbits
  52              		.align	2
  53              		.global	SENCA_SetDriveMode
  54              		.thumb
ARM GAS  C:\Users\BRYANO~1\AppData\Local\Temp\ccm4u3VQ.s 			page 3


  55              		.thumb_func
  56              		.type	SENCA_SetDriveMode, %function
  57              	SENCA_SetDriveMode:
  58              	.LFB1:
  61:.\Generated_Source\PSoC5/SENCA.c **** }
  62:.\Generated_Source\PSoC5/SENCA.c **** 
  63:.\Generated_Source\PSoC5/SENCA.c **** 
  64:.\Generated_Source\PSoC5/SENCA.c **** /*******************************************************************************
  65:.\Generated_Source\PSoC5/SENCA.c **** * Function Name: SENCA_SetDriveMode
  66:.\Generated_Source\PSoC5/SENCA.c **** ****************************************************************************//**
  67:.\Generated_Source\PSoC5/SENCA.c **** *
  68:.\Generated_Source\PSoC5/SENCA.c **** * \brief Sets the drive mode for each of the Pins component's pins.
  69:.\Generated_Source\PSoC5/SENCA.c **** * 
  70:.\Generated_Source\PSoC5/SENCA.c **** * <b>Note</b> This affects all pins in the Pins component instance. Use the
  71:.\Generated_Source\PSoC5/SENCA.c **** * Per-Pin APIs if you wish to control individual pin's drive modes.
  72:.\Generated_Source\PSoC5/SENCA.c **** *
  73:.\Generated_Source\PSoC5/SENCA.c **** * \param mode
  74:.\Generated_Source\PSoC5/SENCA.c **** *  Mode for the selected signals. Valid options are documented in 
  75:.\Generated_Source\PSoC5/SENCA.c **** *  \ref driveMode.
  76:.\Generated_Source\PSoC5/SENCA.c **** *
  77:.\Generated_Source\PSoC5/SENCA.c **** * \return
  78:.\Generated_Source\PSoC5/SENCA.c **** *  None
  79:.\Generated_Source\PSoC5/SENCA.c **** *
  80:.\Generated_Source\PSoC5/SENCA.c **** * \sideeffect
  81:.\Generated_Source\PSoC5/SENCA.c **** *  If you use read-modify-write operations that are not atomic, the ISR can
  82:.\Generated_Source\PSoC5/SENCA.c **** *  cause corruption of this function. An ISR that interrupts this function 
  83:.\Generated_Source\PSoC5/SENCA.c **** *  and performs writes to the Pins component Drive Mode registers can cause 
  84:.\Generated_Source\PSoC5/SENCA.c **** *  corrupted port data. To avoid this issue, you should either use the Per-Pin
  85:.\Generated_Source\PSoC5/SENCA.c **** *  APIs (primary method) or disable interrupts around this function.
  86:.\Generated_Source\PSoC5/SENCA.c **** *
  87:.\Generated_Source\PSoC5/SENCA.c **** * \funcusage
  88:.\Generated_Source\PSoC5/SENCA.c **** *  \snippet SENCA_SUT.c usage_SENCA_SetDriveMode
  89:.\Generated_Source\PSoC5/SENCA.c **** *******************************************************************************/
  90:.\Generated_Source\PSoC5/SENCA.c **** void SENCA_SetDriveMode(uint8 mode)
  91:.\Generated_Source\PSoC5/SENCA.c **** {
  59              		.loc 1 91 0
  60              		.cfi_startproc
  61              		@ args = 0, pretend = 0, frame = 0
  62              		@ frame_needed = 0, uses_anonymous_args = 0
  63              		@ link register save eliminated.
  64              	.LVL3:
  92:.\Generated_Source\PSoC5/SENCA.c **** 	CyPins_SetPinDriveMode(SENCA_0, mode);
  65              		.loc 1 92 0
  66 0000 044A     		ldr	r2, .L5
  67 0002 1378     		ldrb	r3, [r2]	@ zero_extendqisi2
  68 0004 03F0F103 		and	r3, r3, #241
  69 0008 00F00E00 		and	r0, r0, #14
  70              	.LVL4:
  71 000c 1843     		orrs	r0, r0, r3
  72 000e 1070     		strb	r0, [r2]
  73 0010 7047     		bx	lr
  74              	.L6:
  75 0012 00BF     		.align	2
  76              	.L5:
  77 0014 18500040 		.word	1073762328
  78              		.cfi_endproc
  79              	.LFE1:
ARM GAS  C:\Users\BRYANO~1\AppData\Local\Temp\ccm4u3VQ.s 			page 4


  80              		.size	SENCA_SetDriveMode, .-SENCA_SetDriveMode
  81              		.section	.text.SENCA_Read,"ax",%progbits
  82              		.align	2
  83              		.global	SENCA_Read
  84              		.thumb
  85              		.thumb_func
  86              		.type	SENCA_Read, %function
  87              	SENCA_Read:
  88              	.LFB2:
  93:.\Generated_Source\PSoC5/SENCA.c **** }
  94:.\Generated_Source\PSoC5/SENCA.c **** 
  95:.\Generated_Source\PSoC5/SENCA.c **** 
  96:.\Generated_Source\PSoC5/SENCA.c **** /*******************************************************************************
  97:.\Generated_Source\PSoC5/SENCA.c **** * Function Name: SENCA_Read
  98:.\Generated_Source\PSoC5/SENCA.c **** ****************************************************************************//**
  99:.\Generated_Source\PSoC5/SENCA.c **** *
 100:.\Generated_Source\PSoC5/SENCA.c **** * \brief Reads the associated physical port (pin status register) and masks 
 101:.\Generated_Source\PSoC5/SENCA.c **** *  the required bits according to the width and bit position of the component
 102:.\Generated_Source\PSoC5/SENCA.c **** *  instance. 
 103:.\Generated_Source\PSoC5/SENCA.c **** *
 104:.\Generated_Source\PSoC5/SENCA.c **** * The pin's status register returns the current logic level present on the 
 105:.\Generated_Source\PSoC5/SENCA.c **** * physical pin.
 106:.\Generated_Source\PSoC5/SENCA.c **** *
 107:.\Generated_Source\PSoC5/SENCA.c **** * \return 
 108:.\Generated_Source\PSoC5/SENCA.c **** *  The current value for the pins in the component as a right justified number.
 109:.\Generated_Source\PSoC5/SENCA.c **** *
 110:.\Generated_Source\PSoC5/SENCA.c **** * \funcusage
 111:.\Generated_Source\PSoC5/SENCA.c **** *  \snippet SENCA_SUT.c usage_SENCA_Read  
 112:.\Generated_Source\PSoC5/SENCA.c **** *******************************************************************************/
 113:.\Generated_Source\PSoC5/SENCA.c **** uint8 SENCA_Read(void)
 114:.\Generated_Source\PSoC5/SENCA.c **** {
  89              		.loc 1 114 0
  90              		.cfi_startproc
  91              		@ args = 0, pretend = 0, frame = 0
  92              		@ frame_needed = 0, uses_anonymous_args = 0
  93              		@ link register save eliminated.
 115:.\Generated_Source\PSoC5/SENCA.c ****     return (SENCA_PS & SENCA_MASK) >> SENCA_SHIFT;
  94              		.loc 1 115 0
  95 0000 024B     		ldr	r3, .L8
  96 0002 1878     		ldrb	r0, [r3]	@ zero_extendqisi2
 116:.\Generated_Source\PSoC5/SENCA.c **** }
  97              		.loc 1 116 0
  98 0004 00F00100 		and	r0, r0, #1
  99 0008 7047     		bx	lr
 100              	.L9:
 101 000a 00BF     		.align	2
 102              	.L8:
 103 000c 31510040 		.word	1073762609
 104              		.cfi_endproc
 105              	.LFE2:
 106              		.size	SENCA_Read, .-SENCA_Read
 107              		.section	.text.SENCA_ReadDataReg,"ax",%progbits
 108              		.align	2
 109              		.global	SENCA_ReadDataReg
 110              		.thumb
 111              		.thumb_func
 112              		.type	SENCA_ReadDataReg, %function
ARM GAS  C:\Users\BRYANO~1\AppData\Local\Temp\ccm4u3VQ.s 			page 5


 113              	SENCA_ReadDataReg:
 114              	.LFB3:
 117:.\Generated_Source\PSoC5/SENCA.c **** 
 118:.\Generated_Source\PSoC5/SENCA.c **** 
 119:.\Generated_Source\PSoC5/SENCA.c **** /*******************************************************************************
 120:.\Generated_Source\PSoC5/SENCA.c **** * Function Name: SENCA_ReadDataReg
 121:.\Generated_Source\PSoC5/SENCA.c **** ****************************************************************************//**
 122:.\Generated_Source\PSoC5/SENCA.c **** *
 123:.\Generated_Source\PSoC5/SENCA.c **** * \brief Reads the associated physical port's data output register and masks 
 124:.\Generated_Source\PSoC5/SENCA.c **** *  the correct bits according to the width and bit position of the component 
 125:.\Generated_Source\PSoC5/SENCA.c **** *  instance. 
 126:.\Generated_Source\PSoC5/SENCA.c **** *
 127:.\Generated_Source\PSoC5/SENCA.c **** * The data output register controls the signal applied to the physical pin in 
 128:.\Generated_Source\PSoC5/SENCA.c **** * conjunction with the drive mode parameter. This is not the same as the 
 129:.\Generated_Source\PSoC5/SENCA.c **** * preferred SENCA_Read() API because the 
 130:.\Generated_Source\PSoC5/SENCA.c **** * SENCA_ReadDataReg() reads the data register instead of the status 
 131:.\Generated_Source\PSoC5/SENCA.c **** * register. For output pins this is a useful function to determine the value 
 132:.\Generated_Source\PSoC5/SENCA.c **** * just written to the pin.
 133:.\Generated_Source\PSoC5/SENCA.c **** *
 134:.\Generated_Source\PSoC5/SENCA.c **** * \return 
 135:.\Generated_Source\PSoC5/SENCA.c **** *  The current value of the data register masked and shifted into a right 
 136:.\Generated_Source\PSoC5/SENCA.c **** *  justified number for the component instance.
 137:.\Generated_Source\PSoC5/SENCA.c **** *
 138:.\Generated_Source\PSoC5/SENCA.c **** * \funcusage
 139:.\Generated_Source\PSoC5/SENCA.c **** *  \snippet SENCA_SUT.c usage_SENCA_ReadDataReg 
 140:.\Generated_Source\PSoC5/SENCA.c **** *******************************************************************************/
 141:.\Generated_Source\PSoC5/SENCA.c **** uint8 SENCA_ReadDataReg(void)
 142:.\Generated_Source\PSoC5/SENCA.c **** {
 115              		.loc 1 142 0
 116              		.cfi_startproc
 117              		@ args = 0, pretend = 0, frame = 0
 118              		@ frame_needed = 0, uses_anonymous_args = 0
 119              		@ link register save eliminated.
 143:.\Generated_Source\PSoC5/SENCA.c ****     return (SENCA_DR & SENCA_MASK) >> SENCA_SHIFT;
 120              		.loc 1 143 0
 121 0000 024B     		ldr	r3, .L11
 122 0002 1878     		ldrb	r0, [r3]	@ zero_extendqisi2
 144:.\Generated_Source\PSoC5/SENCA.c **** }
 123              		.loc 1 144 0
 124 0004 00F00100 		and	r0, r0, #1
 125 0008 7047     		bx	lr
 126              	.L12:
 127 000a 00BF     		.align	2
 128              	.L11:
 129 000c 30510040 		.word	1073762608
 130              		.cfi_endproc
 131              	.LFE3:
 132              		.size	SENCA_ReadDataReg, .-SENCA_ReadDataReg
 133              		.text
 134              	.Letext0:
 135              		.file 2 ".\\Generated_Source\\PSoC5\\cytypes.h"
 136              		.section	.debug_info,"",%progbits
 137              	.Ldebug_info0:
 138 0000 1B010000 		.4byte	0x11b
 139 0004 0400     		.2byte	0x4
 140 0006 00000000 		.4byte	.Ldebug_abbrev0
 141 000a 04       		.byte	0x4
ARM GAS  C:\Users\BRYANO~1\AppData\Local\Temp\ccm4u3VQ.s 			page 6


 142 000b 01       		.uleb128 0x1
 143 000c F9000000 		.4byte	.LASF20
 144 0010 01       		.byte	0x1
 145 0011 D8000000 		.4byte	.LASF21
 146 0015 00000000 		.4byte	.LASF22
 147 0019 00000000 		.4byte	.Ldebug_ranges0+0
 148 001d 00000000 		.4byte	0
 149 0021 00000000 		.4byte	.Ldebug_line0
 150 0025 02       		.uleb128 0x2
 151 0026 01       		.byte	0x1
 152 0027 06       		.byte	0x6
 153 0028 FB010000 		.4byte	.LASF0
 154 002c 02       		.uleb128 0x2
 155 002d 01       		.byte	0x1
 156 002e 08       		.byte	0x8
 157 002f 99000000 		.4byte	.LASF1
 158 0033 02       		.uleb128 0x2
 159 0034 02       		.byte	0x2
 160 0035 05       		.byte	0x5
 161 0036 C3010000 		.4byte	.LASF2
 162 003a 02       		.uleb128 0x2
 163 003b 02       		.byte	0x2
 164 003c 07       		.byte	0x7
 165 003d BE000000 		.4byte	.LASF3
 166 0041 02       		.uleb128 0x2
 167 0042 04       		.byte	0x4
 168 0043 05       		.byte	0x5
 169 0044 DF010000 		.4byte	.LASF4
 170 0048 02       		.uleb128 0x2
 171 0049 04       		.byte	0x4
 172 004a 07       		.byte	0x7
 173 004b AC000000 		.4byte	.LASF5
 174 004f 02       		.uleb128 0x2
 175 0050 08       		.byte	0x8
 176 0051 05       		.byte	0x5
 177 0052 B0010000 		.4byte	.LASF6
 178 0056 02       		.uleb128 0x2
 179 0057 08       		.byte	0x8
 180 0058 07       		.byte	0x7
 181 0059 94010000 		.4byte	.LASF7
 182 005d 03       		.uleb128 0x3
 183 005e 04       		.byte	0x4
 184 005f 05       		.byte	0x5
 185 0060 696E7400 		.ascii	"int\000"
 186 0064 02       		.uleb128 0x2
 187 0065 04       		.byte	0x4
 188 0066 07       		.byte	0x7
 189 0067 87010000 		.4byte	.LASF8
 190 006b 04       		.uleb128 0x4
 191 006c D9010000 		.4byte	.LASF12
 192 0070 02       		.byte	0x2
 193 0071 9201     		.2byte	0x192
 194 0073 2C000000 		.4byte	0x2c
 195 0077 02       		.uleb128 0x2
 196 0078 04       		.byte	0x4
 197 0079 04       		.byte	0x4
 198 007a 93000000 		.4byte	.LASF9
ARM GAS  C:\Users\BRYANO~1\AppData\Local\Temp\ccm4u3VQ.s 			page 7


 199 007e 02       		.uleb128 0x2
 200 007f 08       		.byte	0x8
 201 0080 04       		.byte	0x4
 202 0081 D1000000 		.4byte	.LASF10
 203 0085 02       		.uleb128 0x2
 204 0086 01       		.byte	0x1
 205 0087 08       		.byte	0x8
 206 0088 BE010000 		.4byte	.LASF11
 207 008c 04       		.uleb128 0x4
 208 008d A7000000 		.4byte	.LASF13
 209 0091 02       		.byte	0x2
 210 0092 3C02     		.2byte	0x23c
 211 0094 98000000 		.4byte	0x98
 212 0098 05       		.uleb128 0x5
 213 0099 6B000000 		.4byte	0x6b
 214 009d 06       		.uleb128 0x6
 215 009e CD010000 		.4byte	.LASF14
 216 00a2 01       		.byte	0x1
 217 00a3 39       		.byte	0x39
 218 00a4 00000000 		.4byte	.LFB0
 219 00a8 18000000 		.4byte	.LFE0-.LFB0
 220 00ac 01       		.uleb128 0x1
 221 00ad 9C       		.byte	0x9c
 222 00ae CF000000 		.4byte	0xcf
 223 00b2 07       		.uleb128 0x7
 224 00b3 70000000 		.4byte	.LASF16
 225 00b7 01       		.byte	0x1
 226 00b8 39       		.byte	0x39
 227 00b9 6B000000 		.4byte	0x6b
 228 00bd 00000000 		.4byte	.LLST0
 229 00c1 08       		.uleb128 0x8
 230 00c2 76000000 		.4byte	.LASF23
 231 00c6 01       		.byte	0x1
 232 00c7 3B       		.byte	0x3b
 233 00c8 6B000000 		.4byte	0x6b
 234 00cc 01       		.uleb128 0x1
 235 00cd 53       		.byte	0x53
 236 00ce 00       		.byte	0
 237 00cf 06       		.uleb128 0x6
 238 00d0 E8010000 		.4byte	.LASF15
 239 00d4 01       		.byte	0x1
 240 00d5 5A       		.byte	0x5a
 241 00d6 00000000 		.4byte	.LFB1
 242 00da 18000000 		.4byte	.LFE1-.LFB1
 243 00de 01       		.uleb128 0x1
 244 00df 9C       		.byte	0x9c
 245 00e0 F4000000 		.4byte	0xf4
 246 00e4 07       		.uleb128 0x7
 247 00e5 AB010000 		.4byte	.LASF17
 248 00e9 01       		.byte	0x1
 249 00ea 5A       		.byte	0x5a
 250 00eb 6B000000 		.4byte	0x6b
 251 00ef 21000000 		.4byte	.LLST1
 252 00f3 00       		.byte	0
 253 00f4 09       		.uleb128 0x9
 254 00f5 65000000 		.4byte	.LASF18
 255 00f9 01       		.byte	0x1
ARM GAS  C:\Users\BRYANO~1\AppData\Local\Temp\ccm4u3VQ.s 			page 8


 256 00fa 71       		.byte	0x71
 257 00fb 6B000000 		.4byte	0x6b
 258 00ff 00000000 		.4byte	.LFB2
 259 0103 10000000 		.4byte	.LFE2-.LFB2
 260 0107 01       		.uleb128 0x1
 261 0108 9C       		.byte	0x9c
 262 0109 09       		.uleb128 0x9
 263 010a 81000000 		.4byte	.LASF19
 264 010e 01       		.byte	0x1
 265 010f 8D       		.byte	0x8d
 266 0110 6B000000 		.4byte	0x6b
 267 0114 00000000 		.4byte	.LFB3
 268 0118 10000000 		.4byte	.LFE3-.LFB3
 269 011c 01       		.uleb128 0x1
 270 011d 9C       		.byte	0x9c
 271 011e 00       		.byte	0
 272              		.section	.debug_abbrev,"",%progbits
 273              	.Ldebug_abbrev0:
 274 0000 01       		.uleb128 0x1
 275 0001 11       		.uleb128 0x11
 276 0002 01       		.byte	0x1
 277 0003 25       		.uleb128 0x25
 278 0004 0E       		.uleb128 0xe
 279 0005 13       		.uleb128 0x13
 280 0006 0B       		.uleb128 0xb
 281 0007 03       		.uleb128 0x3
 282 0008 0E       		.uleb128 0xe
 283 0009 1B       		.uleb128 0x1b
 284 000a 0E       		.uleb128 0xe
 285 000b 55       		.uleb128 0x55
 286 000c 17       		.uleb128 0x17
 287 000d 11       		.uleb128 0x11
 288 000e 01       		.uleb128 0x1
 289 000f 10       		.uleb128 0x10
 290 0010 17       		.uleb128 0x17
 291 0011 00       		.byte	0
 292 0012 00       		.byte	0
 293 0013 02       		.uleb128 0x2
 294 0014 24       		.uleb128 0x24
 295 0015 00       		.byte	0
 296 0016 0B       		.uleb128 0xb
 297 0017 0B       		.uleb128 0xb
 298 0018 3E       		.uleb128 0x3e
 299 0019 0B       		.uleb128 0xb
 300 001a 03       		.uleb128 0x3
 301 001b 0E       		.uleb128 0xe
 302 001c 00       		.byte	0
 303 001d 00       		.byte	0
 304 001e 03       		.uleb128 0x3
 305 001f 24       		.uleb128 0x24
 306 0020 00       		.byte	0
 307 0021 0B       		.uleb128 0xb
 308 0022 0B       		.uleb128 0xb
 309 0023 3E       		.uleb128 0x3e
 310 0024 0B       		.uleb128 0xb
 311 0025 03       		.uleb128 0x3
 312 0026 08       		.uleb128 0x8
ARM GAS  C:\Users\BRYANO~1\AppData\Local\Temp\ccm4u3VQ.s 			page 9


 313 0027 00       		.byte	0
 314 0028 00       		.byte	0
 315 0029 04       		.uleb128 0x4
 316 002a 16       		.uleb128 0x16
 317 002b 00       		.byte	0
 318 002c 03       		.uleb128 0x3
 319 002d 0E       		.uleb128 0xe
 320 002e 3A       		.uleb128 0x3a
 321 002f 0B       		.uleb128 0xb
 322 0030 3B       		.uleb128 0x3b
 323 0031 05       		.uleb128 0x5
 324 0032 49       		.uleb128 0x49
 325 0033 13       		.uleb128 0x13
 326 0034 00       		.byte	0
 327 0035 00       		.byte	0
 328 0036 05       		.uleb128 0x5
 329 0037 35       		.uleb128 0x35
 330 0038 00       		.byte	0
 331 0039 49       		.uleb128 0x49
 332 003a 13       		.uleb128 0x13
 333 003b 00       		.byte	0
 334 003c 00       		.byte	0
 335 003d 06       		.uleb128 0x6
 336 003e 2E       		.uleb128 0x2e
 337 003f 01       		.byte	0x1
 338 0040 3F       		.uleb128 0x3f
 339 0041 19       		.uleb128 0x19
 340 0042 03       		.uleb128 0x3
 341 0043 0E       		.uleb128 0xe
 342 0044 3A       		.uleb128 0x3a
 343 0045 0B       		.uleb128 0xb
 344 0046 3B       		.uleb128 0x3b
 345 0047 0B       		.uleb128 0xb
 346 0048 27       		.uleb128 0x27
 347 0049 19       		.uleb128 0x19
 348 004a 11       		.uleb128 0x11
 349 004b 01       		.uleb128 0x1
 350 004c 12       		.uleb128 0x12
 351 004d 06       		.uleb128 0x6
 352 004e 40       		.uleb128 0x40
 353 004f 18       		.uleb128 0x18
 354 0050 9742     		.uleb128 0x2117
 355 0052 19       		.uleb128 0x19
 356 0053 01       		.uleb128 0x1
 357 0054 13       		.uleb128 0x13
 358 0055 00       		.byte	0
 359 0056 00       		.byte	0
 360 0057 07       		.uleb128 0x7
 361 0058 05       		.uleb128 0x5
 362 0059 00       		.byte	0
 363 005a 03       		.uleb128 0x3
 364 005b 0E       		.uleb128 0xe
 365 005c 3A       		.uleb128 0x3a
 366 005d 0B       		.uleb128 0xb
 367 005e 3B       		.uleb128 0x3b
 368 005f 0B       		.uleb128 0xb
 369 0060 49       		.uleb128 0x49
ARM GAS  C:\Users\BRYANO~1\AppData\Local\Temp\ccm4u3VQ.s 			page 10


 370 0061 13       		.uleb128 0x13
 371 0062 02       		.uleb128 0x2
 372 0063 17       		.uleb128 0x17
 373 0064 00       		.byte	0
 374 0065 00       		.byte	0
 375 0066 08       		.uleb128 0x8
 376 0067 34       		.uleb128 0x34
 377 0068 00       		.byte	0
 378 0069 03       		.uleb128 0x3
 379 006a 0E       		.uleb128 0xe
 380 006b 3A       		.uleb128 0x3a
 381 006c 0B       		.uleb128 0xb
 382 006d 3B       		.uleb128 0x3b
 383 006e 0B       		.uleb128 0xb
 384 006f 49       		.uleb128 0x49
 385 0070 13       		.uleb128 0x13
 386 0071 02       		.uleb128 0x2
 387 0072 18       		.uleb128 0x18
 388 0073 00       		.byte	0
 389 0074 00       		.byte	0
 390 0075 09       		.uleb128 0x9
 391 0076 2E       		.uleb128 0x2e
 392 0077 00       		.byte	0
 393 0078 3F       		.uleb128 0x3f
 394 0079 19       		.uleb128 0x19
 395 007a 03       		.uleb128 0x3
 396 007b 0E       		.uleb128 0xe
 397 007c 3A       		.uleb128 0x3a
 398 007d 0B       		.uleb128 0xb
 399 007e 3B       		.uleb128 0x3b
 400 007f 0B       		.uleb128 0xb
 401 0080 27       		.uleb128 0x27
 402 0081 19       		.uleb128 0x19
 403 0082 49       		.uleb128 0x49
 404 0083 13       		.uleb128 0x13
 405 0084 11       		.uleb128 0x11
 406 0085 01       		.uleb128 0x1
 407 0086 12       		.uleb128 0x12
 408 0087 06       		.uleb128 0x6
 409 0088 40       		.uleb128 0x40
 410 0089 18       		.uleb128 0x18
 411 008a 9742     		.uleb128 0x2117
 412 008c 19       		.uleb128 0x19
 413 008d 00       		.byte	0
 414 008e 00       		.byte	0
 415 008f 00       		.byte	0
 416              		.section	.debug_loc,"",%progbits
 417              	.Ldebug_loc0:
 418              	.LLST0:
 419 0000 00000000 		.4byte	.LVL0
 420 0004 0C000000 		.4byte	.LVL2
 421 0008 0100     		.2byte	0x1
 422 000a 50       		.byte	0x50
 423 000b 0C000000 		.4byte	.LVL2
 424 000f 18000000 		.4byte	.LFE0
 425 0013 0400     		.2byte	0x4
 426 0015 F3       		.byte	0xf3
ARM GAS  C:\Users\BRYANO~1\AppData\Local\Temp\ccm4u3VQ.s 			page 11


 427 0016 01       		.uleb128 0x1
 428 0017 50       		.byte	0x50
 429 0018 9F       		.byte	0x9f
 430 0019 00000000 		.4byte	0
 431 001d 00000000 		.4byte	0
 432              	.LLST1:
 433 0021 00000000 		.4byte	.LVL3
 434 0025 0C000000 		.4byte	.LVL4
 435 0029 0100     		.2byte	0x1
 436 002b 50       		.byte	0x50
 437 002c 0C000000 		.4byte	.LVL4
 438 0030 18000000 		.4byte	.LFE1
 439 0034 0400     		.2byte	0x4
 440 0036 F3       		.byte	0xf3
 441 0037 01       		.uleb128 0x1
 442 0038 50       		.byte	0x50
 443 0039 9F       		.byte	0x9f
 444 003a 00000000 		.4byte	0
 445 003e 00000000 		.4byte	0
 446              		.section	.debug_aranges,"",%progbits
 447 0000 34000000 		.4byte	0x34
 448 0004 0200     		.2byte	0x2
 449 0006 00000000 		.4byte	.Ldebug_info0
 450 000a 04       		.byte	0x4
 451 000b 00       		.byte	0
 452 000c 0000     		.2byte	0
 453 000e 0000     		.2byte	0
 454 0010 00000000 		.4byte	.LFB0
 455 0014 18000000 		.4byte	.LFE0-.LFB0
 456 0018 00000000 		.4byte	.LFB1
 457 001c 18000000 		.4byte	.LFE1-.LFB1
 458 0020 00000000 		.4byte	.LFB2
 459 0024 10000000 		.4byte	.LFE2-.LFB2
 460 0028 00000000 		.4byte	.LFB3
 461 002c 10000000 		.4byte	.LFE3-.LFB3
 462 0030 00000000 		.4byte	0
 463 0034 00000000 		.4byte	0
 464              		.section	.debug_ranges,"",%progbits
 465              	.Ldebug_ranges0:
 466 0000 00000000 		.4byte	.LFB0
 467 0004 18000000 		.4byte	.LFE0
 468 0008 00000000 		.4byte	.LFB1
 469 000c 18000000 		.4byte	.LFE1
 470 0010 00000000 		.4byte	.LFB2
 471 0014 10000000 		.4byte	.LFE2
 472 0018 00000000 		.4byte	.LFB3
 473 001c 10000000 		.4byte	.LFE3
 474 0020 00000000 		.4byte	0
 475 0024 00000000 		.4byte	0
 476              		.section	.debug_line,"",%progbits
 477              	.Ldebug_line0:
 478 0000 90000000 		.section	.debug_str,"MS",%progbits,1
 478      02004400 
 478      00000201 
 478      FB0E0D00 
 478      01010101 
 479              	.LASF22:
ARM GAS  C:\Users\BRYANO~1\AppData\Local\Temp\ccm4u3VQ.s 			page 12


 480 0000 433A5C55 		.ascii	"C:\\Users\\Bryan Orabutt\\Documents\\GitHub\\Golfca"
 480      73657273 
 480      5C427279 
 480      616E204F 
 480      72616275 
 481 002e 72745C50 		.ascii	"rt\\PSOC_PROGRAMS\\PSoC5\\Roadrunner Control System"
 481      534F435F 
 481      50524F47 
 481      52414D53 
 481      5C50536F 
 482 005e 2E637964 		.ascii	".cydsn\000"
 482      736E00
 483              	.LASF18:
 484 0065 53454E43 		.ascii	"SENCA_Read\000"
 484      415F5265 
 484      616400
 485              	.LASF16:
 486 0070 76616C75 		.ascii	"value\000"
 486      6500
 487              	.LASF23:
 488 0076 73746174 		.ascii	"staticBits\000"
 488      69634269 
 488      747300
 489              	.LASF19:
 490 0081 53454E43 		.ascii	"SENCA_ReadDataReg\000"
 490      415F5265 
 490      61644461 
 490      74615265 
 490      6700
 491              	.LASF9:
 492 0093 666C6F61 		.ascii	"float\000"
 492      7400
 493              	.LASF1:
 494 0099 756E7369 		.ascii	"unsigned char\000"
 494      676E6564 
 494      20636861 
 494      7200
 495              	.LASF13:
 496 00a7 72656738 		.ascii	"reg8\000"
 496      00
 497              	.LASF5:
 498 00ac 6C6F6E67 		.ascii	"long unsigned int\000"
 498      20756E73 
 498      69676E65 
 498      6420696E 
 498      7400
 499              	.LASF3:
 500 00be 73686F72 		.ascii	"short unsigned int\000"
 500      7420756E 
 500      7369676E 
 500      65642069 
 500      6E7400
 501              	.LASF10:
 502 00d1 646F7562 		.ascii	"double\000"
 502      6C6500
 503              	.LASF21:
 504 00d8 2E5C4765 		.ascii	".\\Generated_Source\\PSoC5\\SENCA.c\000"
ARM GAS  C:\Users\BRYANO~1\AppData\Local\Temp\ccm4u3VQ.s 			page 13


 504      6E657261 
 504      7465645F 
 504      536F7572 
 504      63655C50 
 505              	.LASF20:
 506 00f9 474E5520 		.ascii	"GNU C 4.9.3 20150303 (release) [ARM/embedded-4_9-br"
 506      4320342E 
 506      392E3320 
 506      32303135 
 506      30333033 
 507 012c 616E6368 		.ascii	"anch revision 221220] -mcpu=cortex-m3 -mthumb -g -O"
 507      20726576 
 507      6973696F 
 507      6E203232 
 507      31323230 
 508 015f 67202D66 		.ascii	"g -ffunction-sections -ffat-lto-objects\000"
 508      66756E63 
 508      74696F6E 
 508      2D736563 
 508      74696F6E 
 509              	.LASF8:
 510 0187 756E7369 		.ascii	"unsigned int\000"
 510      676E6564 
 510      20696E74 
 510      00
 511              	.LASF7:
 512 0194 6C6F6E67 		.ascii	"long long unsigned int\000"
 512      206C6F6E 
 512      6720756E 
 512      7369676E 
 512      65642069 
 513              	.LASF17:
 514 01ab 6D6F6465 		.ascii	"mode\000"
 514      00
 515              	.LASF6:
 516 01b0 6C6F6E67 		.ascii	"long long int\000"
 516      206C6F6E 
 516      6720696E 
 516      7400
 517              	.LASF11:
 518 01be 63686172 		.ascii	"char\000"
 518      00
 519              	.LASF2:
 520 01c3 73686F72 		.ascii	"short int\000"
 520      7420696E 
 520      7400
 521              	.LASF14:
 522 01cd 53454E43 		.ascii	"SENCA_Write\000"
 522      415F5772 
 522      69746500 
 523              	.LASF12:
 524 01d9 75696E74 		.ascii	"uint8\000"
 524      3800
 525              	.LASF4:
 526 01df 6C6F6E67 		.ascii	"long int\000"
 526      20696E74 
 526      00
ARM GAS  C:\Users\BRYANO~1\AppData\Local\Temp\ccm4u3VQ.s 			page 14


 527              	.LASF15:
 528 01e8 53454E43 		.ascii	"SENCA_SetDriveMode\000"
 528      415F5365 
 528      74447269 
 528      76654D6F 
 528      646500
 529              	.LASF0:
 530 01fb 7369676E 		.ascii	"signed char\000"
 530      65642063 
 530      68617200 
 531              		.ident	"GCC: (GNU Tools for ARM Embedded Processors) 4.9.3 20150303 (release) [ARM/embedded-4_9-br
