ARM GAS  C:\Users\BRYANO~1\AppData\Local\Temp\ccaDSY9j.s 			page 1


   1              		.syntax unified
   2              		.cpu cortex-m3
   3              		.fpu softvfp
   4              		.eabi_attribute 20, 1
   5              		.eabi_attribute 21, 1
   6              		.eabi_attribute 23, 3
   7              		.eabi_attribute 24, 1
   8              		.eabi_attribute 25, 1
   9              		.eabi_attribute 26, 1
  10              		.eabi_attribute 30, 1
  11              		.eabi_attribute 34, 1
  12              		.eabi_attribute 18, 4
  13              		.thumb
  14              		.file	"USBFS_cls.c"
  15              		.text
  16              	.Ltext0:
  17              		.cfi_sections	.debug_frame
  18              		.section	.text.USBFS_DispatchClassRqst,"ax",%progbits
  19              		.align	2
  20              		.global	USBFS_DispatchClassRqst
  21              		.thumb
  22              		.thumb_func
  23              		.type	USBFS_DispatchClassRqst, %function
  24              	USBFS_DispatchClassRqst:
  25              	.LFB0:
  26              		.file 1 ".\\Generated_Source\\PSoC5\\USBFS_cls.c"
   1:.\Generated_Source\PSoC5/USBFS_cls.c **** /***************************************************************************//**
   2:.\Generated_Source\PSoC5/USBFS_cls.c **** * \file USBFS_cls.c
   3:.\Generated_Source\PSoC5/USBFS_cls.c **** * \version 3.0
   4:.\Generated_Source\PSoC5/USBFS_cls.c **** *
   5:.\Generated_Source\PSoC5/USBFS_cls.c **** * \brief
   6:.\Generated_Source\PSoC5/USBFS_cls.c **** *  This file contains the USB Class request handler.
   7:.\Generated_Source\PSoC5/USBFS_cls.c **** *
   8:.\Generated_Source\PSoC5/USBFS_cls.c **** ********************************************************************************
   9:.\Generated_Source\PSoC5/USBFS_cls.c **** * \copyright
  10:.\Generated_Source\PSoC5/USBFS_cls.c **** * Copyright 2008-2015, Cypress Semiconductor Corporation.  All rights reserved.
  11:.\Generated_Source\PSoC5/USBFS_cls.c **** * You may use this file only in accordance with the license, terms, conditions,
  12:.\Generated_Source\PSoC5/USBFS_cls.c **** * disclaimers, and limitations in the end user license agreement accompanying
  13:.\Generated_Source\PSoC5/USBFS_cls.c **** * the software package with which this file was provided.
  14:.\Generated_Source\PSoC5/USBFS_cls.c **** *******************************************************************************/
  15:.\Generated_Source\PSoC5/USBFS_cls.c **** 
  16:.\Generated_Source\PSoC5/USBFS_cls.c **** #include "USBFS_pvt.h"
  17:.\Generated_Source\PSoC5/USBFS_cls.c **** #include "cyapicallbacks.h"
  18:.\Generated_Source\PSoC5/USBFS_cls.c **** 
  19:.\Generated_Source\PSoC5/USBFS_cls.c **** #if(USBFS_EXTERN_CLS == USBFS_FALSE)
  20:.\Generated_Source\PSoC5/USBFS_cls.c **** 
  21:.\Generated_Source\PSoC5/USBFS_cls.c **** /***************************************
  22:.\Generated_Source\PSoC5/USBFS_cls.c **** * User Implemented Class Driver Declarations.
  23:.\Generated_Source\PSoC5/USBFS_cls.c **** ***************************************/
  24:.\Generated_Source\PSoC5/USBFS_cls.c **** /* `#START USER_DEFINED_CLASS_DECLARATIONS` Place your declaration here */
  25:.\Generated_Source\PSoC5/USBFS_cls.c **** 
  26:.\Generated_Source\PSoC5/USBFS_cls.c **** /* `#END` */
  27:.\Generated_Source\PSoC5/USBFS_cls.c **** 
  28:.\Generated_Source\PSoC5/USBFS_cls.c **** 
  29:.\Generated_Source\PSoC5/USBFS_cls.c **** /*******************************************************************************
  30:.\Generated_Source\PSoC5/USBFS_cls.c **** * Function Name: USBFS_DispatchClassRqst
  31:.\Generated_Source\PSoC5/USBFS_cls.c **** ****************************************************************************//**
ARM GAS  C:\Users\BRYANO~1\AppData\Local\Temp\ccaDSY9j.s 			page 2


  32:.\Generated_Source\PSoC5/USBFS_cls.c **** *  This routine dispatches class specific requests depend on interface class.
  33:.\Generated_Source\PSoC5/USBFS_cls.c **** *
  34:.\Generated_Source\PSoC5/USBFS_cls.c **** * \return
  35:.\Generated_Source\PSoC5/USBFS_cls.c **** *  requestHandled.
  36:.\Generated_Source\PSoC5/USBFS_cls.c **** *
  37:.\Generated_Source\PSoC5/USBFS_cls.c **** * \reentrant
  38:.\Generated_Source\PSoC5/USBFS_cls.c **** *  No.
  39:.\Generated_Source\PSoC5/USBFS_cls.c **** *
  40:.\Generated_Source\PSoC5/USBFS_cls.c **** *******************************************************************************/
  41:.\Generated_Source\PSoC5/USBFS_cls.c **** uint8 USBFS_DispatchClassRqst(void) 
  42:.\Generated_Source\PSoC5/USBFS_cls.c **** {
  27              		.loc 1 42 0
  28              		.cfi_startproc
  29              		@ args = 0, pretend = 0, frame = 0
  30              		@ frame_needed = 0, uses_anonymous_args = 0
  31              		@ link register save eliminated.
  43:.\Generated_Source\PSoC5/USBFS_cls.c ****     uint8 requestHandled;
  44:.\Generated_Source\PSoC5/USBFS_cls.c ****     uint8 interfaceNumber;
  45:.\Generated_Source\PSoC5/USBFS_cls.c **** 
  46:.\Generated_Source\PSoC5/USBFS_cls.c ****     /* Get interface to which request is intended. */
  47:.\Generated_Source\PSoC5/USBFS_cls.c ****     switch (USBFS_bmRequestTypeReg & USBFS_RQST_RCPT_MASK)
  32              		.loc 1 47 0
  33 0000 0B4B     		ldr	r3, .L5
  34 0002 1B78     		ldrb	r3, [r3]	@ zero_extendqisi2
  35 0004 03F00303 		and	r3, r3, #3
  36 0008 012B     		cmp	r3, #1
  37 000a 02D0     		beq	.L3
  38 000c 022B     		cmp	r3, #2
  39 000e 03D0     		beq	.L4
  40 0010 0CE0     		b	.L2
  41              	.L3:
  48:.\Generated_Source\PSoC5/USBFS_cls.c ****     {
  49:.\Generated_Source\PSoC5/USBFS_cls.c ****         case USBFS_RQST_RCPT_IFC:
  50:.\Generated_Source\PSoC5/USBFS_cls.c ****             /* Class-specific request directed to interface: wIndexLoReg 
  51:.\Generated_Source\PSoC5/USBFS_cls.c ****             * contains interface number.
  52:.\Generated_Source\PSoC5/USBFS_cls.c ****             */
  53:.\Generated_Source\PSoC5/USBFS_cls.c ****             interfaceNumber = (uint8) USBFS_wIndexLoReg;
  42              		.loc 1 53 0
  43 0012 074B     		ldr	r3, .L5
  44 0014 1B79     		ldrb	r3, [r3, #4]	@ zero_extendqisi2
  45              	.LVL0:
  54:.\Generated_Source\PSoC5/USBFS_cls.c ****             break;
  46              		.loc 1 54 0
  47 0016 09E0     		b	.L2
  48              	.L4:
  55:.\Generated_Source\PSoC5/USBFS_cls.c ****         
  56:.\Generated_Source\PSoC5/USBFS_cls.c ****         case USBFS_RQST_RCPT_EP:
  57:.\Generated_Source\PSoC5/USBFS_cls.c ****             /* Class-specific request directed to endpoint: wIndexLoReg contains 
  58:.\Generated_Source\PSoC5/USBFS_cls.c ****             * endpoint number. Find interface related to endpoint, 
  59:.\Generated_Source\PSoC5/USBFS_cls.c ****             */
  60:.\Generated_Source\PSoC5/USBFS_cls.c ****             interfaceNumber = USBFS_EP[USBFS_wIndexLoReg & USBFS_DIR_UNUSED].interface;
  49              		.loc 1 60 0
  50 0018 054B     		ldr	r3, .L5
  51 001a 1B79     		ldrb	r3, [r3, #4]	@ zero_extendqisi2
  52 001c 03F07F03 		and	r3, r3, #127
  53 0020 03EB4303 		add	r3, r3, r3, lsl #1
  54 0024 9B00     		lsls	r3, r3, #2
ARM GAS  C:\Users\BRYANO~1\AppData\Local\Temp\ccaDSY9j.s 			page 3


  55 0026 034A     		ldr	r2, .L5+4
  56 0028 1344     		add	r3, r3, r2
  57 002a 9B78     		ldrb	r3, [r3, #2]	@ zero_extendqisi2
  58              	.L2:
  59              	.LVL1:
  61:.\Generated_Source\PSoC5/USBFS_cls.c ****             break;
  62:.\Generated_Source\PSoC5/USBFS_cls.c ****             
  63:.\Generated_Source\PSoC5/USBFS_cls.c ****         default:
  64:.\Generated_Source\PSoC5/USBFS_cls.c ****             /* Default interface is zero. */
  65:.\Generated_Source\PSoC5/USBFS_cls.c ****             interfaceNumber = 0u;
  66:.\Generated_Source\PSoC5/USBFS_cls.c ****             break;
  67:.\Generated_Source\PSoC5/USBFS_cls.c ****     }
  68:.\Generated_Source\PSoC5/USBFS_cls.c **** 
  69:.\Generated_Source\PSoC5/USBFS_cls.c **** #if (defined(USBFS_ENABLE_HID_CLASS) ||\
  70:.\Generated_Source\PSoC5/USBFS_cls.c ****             defined(USBFS_ENABLE_AUDIO_CLASS) ||\
  71:.\Generated_Source\PSoC5/USBFS_cls.c ****             defined(USBFS_ENABLE_CDC_CLASS) ||\
  72:.\Generated_Source\PSoC5/USBFS_cls.c ****             USBFS_ENABLE_MSC_CLASS)
  73:.\Generated_Source\PSoC5/USBFS_cls.c **** 
  74:.\Generated_Source\PSoC5/USBFS_cls.c ****     /* Handle class request depends on interface type. */
  75:.\Generated_Source\PSoC5/USBFS_cls.c ****     switch (USBFS_interfaceClass[interfaceNumber])
  76:.\Generated_Source\PSoC5/USBFS_cls.c ****     {
  77:.\Generated_Source\PSoC5/USBFS_cls.c ****     #if defined(USBFS_ENABLE_HID_CLASS)
  78:.\Generated_Source\PSoC5/USBFS_cls.c ****         case USBFS_CLASS_HID:
  79:.\Generated_Source\PSoC5/USBFS_cls.c ****             requestHandled = USBFS_DispatchHIDClassRqst();
  80:.\Generated_Source\PSoC5/USBFS_cls.c ****             break;
  81:.\Generated_Source\PSoC5/USBFS_cls.c ****     #endif /* (USBFS_ENABLE_HID_CLASS) */
  82:.\Generated_Source\PSoC5/USBFS_cls.c ****             
  83:.\Generated_Source\PSoC5/USBFS_cls.c ****     #if defined(USBFS_ENABLE_AUDIO_CLASS)
  84:.\Generated_Source\PSoC5/USBFS_cls.c ****         case USBFS_CLASS_AUDIO:
  85:.\Generated_Source\PSoC5/USBFS_cls.c ****             requestHandled = USBFS_DispatchAUDIOClassRqst();
  86:.\Generated_Source\PSoC5/USBFS_cls.c ****             break;
  87:.\Generated_Source\PSoC5/USBFS_cls.c ****     #endif /* (USBFS_CLASS_AUDIO) */
  88:.\Generated_Source\PSoC5/USBFS_cls.c ****             
  89:.\Generated_Source\PSoC5/USBFS_cls.c ****     #if defined(USBFS_ENABLE_CDC_CLASS)
  90:.\Generated_Source\PSoC5/USBFS_cls.c ****         case USBFS_CLASS_CDC:
  91:.\Generated_Source\PSoC5/USBFS_cls.c ****             requestHandled = USBFS_DispatchCDCClassRqst();
  92:.\Generated_Source\PSoC5/USBFS_cls.c ****             break;
  93:.\Generated_Source\PSoC5/USBFS_cls.c ****     #endif /* (USBFS_ENABLE_CDC_CLASS) */
  94:.\Generated_Source\PSoC5/USBFS_cls.c ****         
  95:.\Generated_Source\PSoC5/USBFS_cls.c ****     #if (USBFS_ENABLE_MSC_CLASS)
  96:.\Generated_Source\PSoC5/USBFS_cls.c ****         case USBFS_CLASS_MSD:
  97:.\Generated_Source\PSoC5/USBFS_cls.c ****         #if (USBFS_HANDLE_MSC_REQUESTS)
  98:.\Generated_Source\PSoC5/USBFS_cls.c ****             /* MSC requests are handled by the component. */
  99:.\Generated_Source\PSoC5/USBFS_cls.c ****             requestHandled = USBFS_DispatchMSCClassRqst();
 100:.\Generated_Source\PSoC5/USBFS_cls.c ****         #elif defined(USBFS_DISPATCH_MSC_CLASS_RQST_CALLBACK)
 101:.\Generated_Source\PSoC5/USBFS_cls.c ****             /* MSC requests are handled by user defined callbcak. */
 102:.\Generated_Source\PSoC5/USBFS_cls.c ****             requestHandled = USBFS_DispatchMSCClassRqst_Callback();
 103:.\Generated_Source\PSoC5/USBFS_cls.c ****         #else
 104:.\Generated_Source\PSoC5/USBFS_cls.c ****             /* MSC requests are not handled. */
 105:.\Generated_Source\PSoC5/USBFS_cls.c ****             requestHandled = USBFS_FALSE;
 106:.\Generated_Source\PSoC5/USBFS_cls.c ****         #endif /* (USBFS_HANDLE_MSC_REQUESTS) */
 107:.\Generated_Source\PSoC5/USBFS_cls.c ****             break;
 108:.\Generated_Source\PSoC5/USBFS_cls.c ****     #endif /* (USBFS_ENABLE_MSC_CLASS) */
 109:.\Generated_Source\PSoC5/USBFS_cls.c ****         
 110:.\Generated_Source\PSoC5/USBFS_cls.c ****         default:
 111:.\Generated_Source\PSoC5/USBFS_cls.c ****             /* Request is not handled: unknown class request type. */
 112:.\Generated_Source\PSoC5/USBFS_cls.c ****             requestHandled = USBFS_FALSE;
ARM GAS  C:\Users\BRYANO~1\AppData\Local\Temp\ccaDSY9j.s 			page 4


 113:.\Generated_Source\PSoC5/USBFS_cls.c ****             break;
 114:.\Generated_Source\PSoC5/USBFS_cls.c ****     }
 115:.\Generated_Source\PSoC5/USBFS_cls.c **** #else /*No class is defined*/
 116:.\Generated_Source\PSoC5/USBFS_cls.c ****     if (0u != interfaceNumber)
 117:.\Generated_Source\PSoC5/USBFS_cls.c ****     {
 118:.\Generated_Source\PSoC5/USBFS_cls.c ****         /* Suppress warning message */
 119:.\Generated_Source\PSoC5/USBFS_cls.c ****     }
 120:.\Generated_Source\PSoC5/USBFS_cls.c ****     requestHandled = USBFS_FALSE;
 121:.\Generated_Source\PSoC5/USBFS_cls.c **** #endif /*HID or AUDIO or MSC or CDC class enabled*/
 122:.\Generated_Source\PSoC5/USBFS_cls.c **** 
 123:.\Generated_Source\PSoC5/USBFS_cls.c ****     /* `#START USER_DEFINED_CLASS_CODE` Place your Class request here */
 124:.\Generated_Source\PSoC5/USBFS_cls.c **** 
 125:.\Generated_Source\PSoC5/USBFS_cls.c ****     /* `#END` */
 126:.\Generated_Source\PSoC5/USBFS_cls.c **** 
 127:.\Generated_Source\PSoC5/USBFS_cls.c **** #ifdef USBFS_DISPATCH_CLASS_RQST_CALLBACK
 128:.\Generated_Source\PSoC5/USBFS_cls.c ****     if (USBFS_FALSE == requestHandled)
 129:.\Generated_Source\PSoC5/USBFS_cls.c ****     {
 130:.\Generated_Source\PSoC5/USBFS_cls.c ****         requestHandled = USBFS_DispatchClassRqst_Callback(interfaceNumber);
 131:.\Generated_Source\PSoC5/USBFS_cls.c ****     }
 132:.\Generated_Source\PSoC5/USBFS_cls.c **** #endif /* (USBFS_DISPATCH_CLASS_RQST_CALLBACK) */
 133:.\Generated_Source\PSoC5/USBFS_cls.c **** 
 134:.\Generated_Source\PSoC5/USBFS_cls.c ****     return (requestHandled);
 135:.\Generated_Source\PSoC5/USBFS_cls.c **** }
  60              		.loc 1 135 0
  61 002c 0020     		movs	r0, #0
  62 002e 7047     		bx	lr
  63              	.L6:
  64              		.align	2
  65              	.L5:
  66 0030 00600040 		.word	1073766400
  67 0034 08000000 		.word	USBFS_EP+8
  68              		.cfi_endproc
  69              	.LFE0:
  70              		.size	USBFS_DispatchClassRqst, .-USBFS_DispatchClassRqst
  71              		.text
  72              	.Letext0:
  73              		.file 2 ".\\Generated_Source\\PSoC5\\cytypes.h"
  74              		.file 3 ".\\Generated_Source\\PSoC5\\USBFS.h"
  75              		.file 4 ".\\Generated_Source\\PSoC5\\USBFS_pvt.h"
  76              		.section	.debug_info,"",%progbits
  77              	.Ldebug_info0:
  78 0000 9D010000 		.4byte	0x19d
  79 0004 0400     		.2byte	0x4
  80 0006 00000000 		.4byte	.Ldebug_abbrev0
  81 000a 04       		.byte	0x4
  82 000b 01       		.uleb128 0x1
  83 000c 49010000 		.4byte	.LASF27
  84 0010 01       		.byte	0x1
  85 0011 62020000 		.4byte	.LASF28
  86 0015 00000000 		.4byte	.LASF29
  87 0019 00000000 		.4byte	.Ldebug_ranges0+0
  88 001d 00000000 		.4byte	0
  89 0021 00000000 		.4byte	.Ldebug_line0
  90 0025 02       		.uleb128 0x2
  91 0026 01       		.byte	0x1
  92 0027 06       		.byte	0x6
  93 0028 56020000 		.4byte	.LASF0
ARM GAS  C:\Users\BRYANO~1\AppData\Local\Temp\ccaDSY9j.s 			page 5


  94 002c 02       		.uleb128 0x2
  95 002d 01       		.byte	0x1
  96 002e 08       		.byte	0x8
  97 002f B2000000 		.4byte	.LASF1
  98 0033 02       		.uleb128 0x2
  99 0034 02       		.byte	0x2
 100 0035 05       		.byte	0x5
 101 0036 33020000 		.4byte	.LASF2
 102 003a 02       		.uleb128 0x2
 103 003b 02       		.byte	0x2
 104 003c 07       		.byte	0x7
 105 003d 65000000 		.4byte	.LASF3
 106 0041 02       		.uleb128 0x2
 107 0042 04       		.byte	0x4
 108 0043 05       		.byte	0x5
 109 0044 4D020000 		.4byte	.LASF4
 110 0048 02       		.uleb128 0x2
 111 0049 04       		.byte	0x4
 112 004a 07       		.byte	0x7
 113 004b D8000000 		.4byte	.LASF5
 114 004f 02       		.uleb128 0x2
 115 0050 08       		.byte	0x8
 116 0051 05       		.byte	0x5
 117 0052 15020000 		.4byte	.LASF6
 118 0056 02       		.uleb128 0x2
 119 0057 08       		.byte	0x8
 120 0058 07       		.byte	0x7
 121 0059 E4010000 		.4byte	.LASF7
 122 005d 03       		.uleb128 0x3
 123 005e 04       		.byte	0x4
 124 005f 05       		.byte	0x5
 125 0060 696E7400 		.ascii	"int\000"
 126 0064 02       		.uleb128 0x2
 127 0065 04       		.byte	0x4
 128 0066 07       		.byte	0x7
 129 0067 D7010000 		.4byte	.LASF8
 130 006b 04       		.uleb128 0x4
 131 006c 3D020000 		.4byte	.LASF9
 132 0070 02       		.byte	0x2
 133 0071 9201     		.2byte	0x192
 134 0073 2C000000 		.4byte	0x2c
 135 0077 04       		.uleb128 0x4
 136 0078 37010000 		.4byte	.LASF10
 137 007c 02       		.byte	0x2
 138 007d 9301     		.2byte	0x193
 139 007f 3A000000 		.4byte	0x3a
 140 0083 02       		.uleb128 0x2
 141 0084 04       		.byte	0x4
 142 0085 04       		.byte	0x4
 143 0086 A3000000 		.4byte	.LASF11
 144 008a 02       		.uleb128 0x2
 145 008b 08       		.byte	0x8
 146 008c 04       		.byte	0x4
 147 008d 1E010000 		.4byte	.LASF12
 148 0091 02       		.uleb128 0x2
 149 0092 01       		.byte	0x1
 150 0093 08       		.byte	0x8
ARM GAS  C:\Users\BRYANO~1\AppData\Local\Temp\ccaDSY9j.s 			page 6


 151 0094 23020000 		.4byte	.LASF13
 152 0098 02       		.uleb128 0x2
 153 0099 04       		.byte	0x4
 154 009a 07       		.byte	0x7
 155 009b 05020000 		.4byte	.LASF14
 156 009f 05       		.uleb128 0x5
 157 00a0 0C       		.byte	0xc
 158 00a1 03       		.byte	0x3
 159 00a2 8D       		.byte	0x8d
 160 00a3 14010000 		.4byte	0x114
 161 00a7 06       		.uleb128 0x6
 162 00a8 25010000 		.4byte	.LASF15
 163 00ac 03       		.byte	0x3
 164 00ad 8F       		.byte	0x8f
 165 00ae 6B000000 		.4byte	0x6b
 166 00b2 00       		.byte	0
 167 00b3 06       		.uleb128 0x6
 168 00b4 3E010000 		.4byte	.LASF16
 169 00b8 03       		.byte	0x3
 170 00b9 90       		.byte	0x90
 171 00ba 6B000000 		.4byte	0x6b
 172 00be 01       		.byte	0x1
 173 00bf 06       		.uleb128 0x6
 174 00c0 FB010000 		.4byte	.LASF17
 175 00c4 03       		.byte	0x3
 176 00c5 91       		.byte	0x91
 177 00c6 6B000000 		.4byte	0x6b
 178 00ca 02       		.byte	0x2
 179 00cb 06       		.uleb128 0x6
 180 00cc A9000000 		.4byte	.LASF18
 181 00d0 03       		.byte	0x3
 182 00d1 92       		.byte	0x92
 183 00d2 6B000000 		.4byte	0x6b
 184 00d6 03       		.byte	0x3
 185 00d7 06       		.uleb128 0x6
 186 00d8 EA000000 		.4byte	.LASF19
 187 00dc 03       		.byte	0x3
 188 00dd 93       		.byte	0x93
 189 00de 6B000000 		.4byte	0x6b
 190 00e2 04       		.byte	0x4
 191 00e3 06       		.uleb128 0x6
 192 00e4 0E020000 		.4byte	.LASF20
 193 00e8 03       		.byte	0x3
 194 00e9 94       		.byte	0x94
 195 00ea 6B000000 		.4byte	0x6b
 196 00ee 05       		.byte	0x5
 197 00ef 06       		.uleb128 0x6
 198 00f0 2C010000 		.4byte	.LASF21
 199 00f4 03       		.byte	0x3
 200 00f5 95       		.byte	0x95
 201 00f6 77000000 		.4byte	0x77
 202 00fa 06       		.byte	0x6
 203 00fb 06       		.uleb128 0x6
 204 00fc 28020000 		.4byte	.LASF22
 205 0100 03       		.byte	0x3
 206 0101 96       		.byte	0x96
 207 0102 77000000 		.4byte	0x77
ARM GAS  C:\Users\BRYANO~1\AppData\Local\Temp\ccaDSY9j.s 			page 7


 208 0106 08       		.byte	0x8
 209 0107 06       		.uleb128 0x6
 210 0108 43020000 		.4byte	.LASF23
 211 010c 03       		.byte	0x3
 212 010d 97       		.byte	0x97
 213 010e 6B000000 		.4byte	0x6b
 214 0112 0A       		.byte	0xa
 215 0113 00       		.byte	0
 216 0114 07       		.uleb128 0x7
 217 0115 78000000 		.4byte	.LASF24
 218 0119 03       		.byte	0x3
 219 011a 98       		.byte	0x98
 220 011b 9F000000 		.4byte	0x9f
 221 011f 05       		.uleb128 0x5
 222 0120 08       		.byte	0x8
 223 0121 03       		.byte	0x3
 224 0122 C5       		.byte	0xc5
 225 0123 34010000 		.4byte	0x134
 226 0127 06       		.uleb128 0x6
 227 0128 8D000000 		.4byte	.LASF25
 228 012c 03       		.byte	0x3
 229 012d C7       		.byte	0xc7
 230 012e 34010000 		.4byte	0x134
 231 0132 00       		.byte	0
 232 0133 00       		.byte	0
 233 0134 08       		.uleb128 0x8
 234 0135 6B000000 		.4byte	0x6b
 235 0139 44010000 		.4byte	0x144
 236 013d 09       		.uleb128 0x9
 237 013e 98000000 		.4byte	0x98
 238 0142 07       		.byte	0x7
 239 0143 00       		.byte	0
 240 0144 07       		.uleb128 0x7
 241 0145 08010000 		.4byte	.LASF26
 242 0149 03       		.byte	0x3
 243 014a C8       		.byte	0xc8
 244 014b 1F010000 		.4byte	0x11f
 245 014f 0A       		.uleb128 0xa
 246 0150 C0000000 		.4byte	.LASF30
 247 0154 01       		.byte	0x1
 248 0155 29       		.byte	0x29
 249 0156 6B000000 		.4byte	0x6b
 250 015a 00000000 		.4byte	.LFB0
 251 015e 38000000 		.4byte	.LFE0-.LFB0
 252 0162 01       		.uleb128 0x1
 253 0163 9C       		.byte	0x9c
 254 0164 80010000 		.4byte	0x180
 255 0168 0B       		.uleb128 0xb
 256 0169 94000000 		.4byte	.LASF31
 257 016d 01       		.byte	0x1
 258 016e 2B       		.byte	0x2b
 259 016f 6B000000 		.4byte	0x6b
 260 0173 00       		.byte	0
 261 0174 0C       		.uleb128 0xc
 262 0175 EF000000 		.4byte	.LASF32
 263 0179 01       		.byte	0x1
 264 017a 2C       		.byte	0x2c
ARM GAS  C:\Users\BRYANO~1\AppData\Local\Temp\ccaDSY9j.s 			page 8


 265 017b 6B000000 		.4byte	0x6b
 266 017f 00       		.byte	0
 267 0180 08       		.uleb128 0x8
 268 0181 14010000 		.4byte	0x114
 269 0185 90010000 		.4byte	0x190
 270 0189 09       		.uleb128 0x9
 271 018a 98000000 		.4byte	0x98
 272 018e 08       		.byte	0x8
 273 018f 00       		.byte	0
 274 0190 0D       		.uleb128 0xd
 275 0191 FF000000 		.4byte	.LASF33
 276 0195 04       		.byte	0x4
 277 0196 79       		.byte	0x79
 278 0197 9B010000 		.4byte	0x19b
 279 019b 0E       		.uleb128 0xe
 280 019c 80010000 		.4byte	0x180
 281 01a0 00       		.byte	0
 282              		.section	.debug_abbrev,"",%progbits
 283              	.Ldebug_abbrev0:
 284 0000 01       		.uleb128 0x1
 285 0001 11       		.uleb128 0x11
 286 0002 01       		.byte	0x1
 287 0003 25       		.uleb128 0x25
 288 0004 0E       		.uleb128 0xe
 289 0005 13       		.uleb128 0x13
 290 0006 0B       		.uleb128 0xb
 291 0007 03       		.uleb128 0x3
 292 0008 0E       		.uleb128 0xe
 293 0009 1B       		.uleb128 0x1b
 294 000a 0E       		.uleb128 0xe
 295 000b 55       		.uleb128 0x55
 296 000c 17       		.uleb128 0x17
 297 000d 11       		.uleb128 0x11
 298 000e 01       		.uleb128 0x1
 299 000f 10       		.uleb128 0x10
 300 0010 17       		.uleb128 0x17
 301 0011 00       		.byte	0
 302 0012 00       		.byte	0
 303 0013 02       		.uleb128 0x2
 304 0014 24       		.uleb128 0x24
 305 0015 00       		.byte	0
 306 0016 0B       		.uleb128 0xb
 307 0017 0B       		.uleb128 0xb
 308 0018 3E       		.uleb128 0x3e
 309 0019 0B       		.uleb128 0xb
 310 001a 03       		.uleb128 0x3
 311 001b 0E       		.uleb128 0xe
 312 001c 00       		.byte	0
 313 001d 00       		.byte	0
 314 001e 03       		.uleb128 0x3
 315 001f 24       		.uleb128 0x24
 316 0020 00       		.byte	0
 317 0021 0B       		.uleb128 0xb
 318 0022 0B       		.uleb128 0xb
 319 0023 3E       		.uleb128 0x3e
 320 0024 0B       		.uleb128 0xb
 321 0025 03       		.uleb128 0x3
ARM GAS  C:\Users\BRYANO~1\AppData\Local\Temp\ccaDSY9j.s 			page 9


 322 0026 08       		.uleb128 0x8
 323 0027 00       		.byte	0
 324 0028 00       		.byte	0
 325 0029 04       		.uleb128 0x4
 326 002a 16       		.uleb128 0x16
 327 002b 00       		.byte	0
 328 002c 03       		.uleb128 0x3
 329 002d 0E       		.uleb128 0xe
 330 002e 3A       		.uleb128 0x3a
 331 002f 0B       		.uleb128 0xb
 332 0030 3B       		.uleb128 0x3b
 333 0031 05       		.uleb128 0x5
 334 0032 49       		.uleb128 0x49
 335 0033 13       		.uleb128 0x13
 336 0034 00       		.byte	0
 337 0035 00       		.byte	0
 338 0036 05       		.uleb128 0x5
 339 0037 13       		.uleb128 0x13
 340 0038 01       		.byte	0x1
 341 0039 0B       		.uleb128 0xb
 342 003a 0B       		.uleb128 0xb
 343 003b 3A       		.uleb128 0x3a
 344 003c 0B       		.uleb128 0xb
 345 003d 3B       		.uleb128 0x3b
 346 003e 0B       		.uleb128 0xb
 347 003f 01       		.uleb128 0x1
 348 0040 13       		.uleb128 0x13
 349 0041 00       		.byte	0
 350 0042 00       		.byte	0
 351 0043 06       		.uleb128 0x6
 352 0044 0D       		.uleb128 0xd
 353 0045 00       		.byte	0
 354 0046 03       		.uleb128 0x3
 355 0047 0E       		.uleb128 0xe
 356 0048 3A       		.uleb128 0x3a
 357 0049 0B       		.uleb128 0xb
 358 004a 3B       		.uleb128 0x3b
 359 004b 0B       		.uleb128 0xb
 360 004c 49       		.uleb128 0x49
 361 004d 13       		.uleb128 0x13
 362 004e 38       		.uleb128 0x38
 363 004f 0B       		.uleb128 0xb
 364 0050 00       		.byte	0
 365 0051 00       		.byte	0
 366 0052 07       		.uleb128 0x7
 367 0053 16       		.uleb128 0x16
 368 0054 00       		.byte	0
 369 0055 03       		.uleb128 0x3
 370 0056 0E       		.uleb128 0xe
 371 0057 3A       		.uleb128 0x3a
 372 0058 0B       		.uleb128 0xb
 373 0059 3B       		.uleb128 0x3b
 374 005a 0B       		.uleb128 0xb
 375 005b 49       		.uleb128 0x49
 376 005c 13       		.uleb128 0x13
 377 005d 00       		.byte	0
 378 005e 00       		.byte	0
ARM GAS  C:\Users\BRYANO~1\AppData\Local\Temp\ccaDSY9j.s 			page 10


 379 005f 08       		.uleb128 0x8
 380 0060 01       		.uleb128 0x1
 381 0061 01       		.byte	0x1
 382 0062 49       		.uleb128 0x49
 383 0063 13       		.uleb128 0x13
 384 0064 01       		.uleb128 0x1
 385 0065 13       		.uleb128 0x13
 386 0066 00       		.byte	0
 387 0067 00       		.byte	0
 388 0068 09       		.uleb128 0x9
 389 0069 21       		.uleb128 0x21
 390 006a 00       		.byte	0
 391 006b 49       		.uleb128 0x49
 392 006c 13       		.uleb128 0x13
 393 006d 2F       		.uleb128 0x2f
 394 006e 0B       		.uleb128 0xb
 395 006f 00       		.byte	0
 396 0070 00       		.byte	0
 397 0071 0A       		.uleb128 0xa
 398 0072 2E       		.uleb128 0x2e
 399 0073 01       		.byte	0x1
 400 0074 3F       		.uleb128 0x3f
 401 0075 19       		.uleb128 0x19
 402 0076 03       		.uleb128 0x3
 403 0077 0E       		.uleb128 0xe
 404 0078 3A       		.uleb128 0x3a
 405 0079 0B       		.uleb128 0xb
 406 007a 3B       		.uleb128 0x3b
 407 007b 0B       		.uleb128 0xb
 408 007c 27       		.uleb128 0x27
 409 007d 19       		.uleb128 0x19
 410 007e 49       		.uleb128 0x49
 411 007f 13       		.uleb128 0x13
 412 0080 11       		.uleb128 0x11
 413 0081 01       		.uleb128 0x1
 414 0082 12       		.uleb128 0x12
 415 0083 06       		.uleb128 0x6
 416 0084 40       		.uleb128 0x40
 417 0085 18       		.uleb128 0x18
 418 0086 9742     		.uleb128 0x2117
 419 0088 19       		.uleb128 0x19
 420 0089 01       		.uleb128 0x1
 421 008a 13       		.uleb128 0x13
 422 008b 00       		.byte	0
 423 008c 00       		.byte	0
 424 008d 0B       		.uleb128 0xb
 425 008e 34       		.uleb128 0x34
 426 008f 00       		.byte	0
 427 0090 03       		.uleb128 0x3
 428 0091 0E       		.uleb128 0xe
 429 0092 3A       		.uleb128 0x3a
 430 0093 0B       		.uleb128 0xb
 431 0094 3B       		.uleb128 0x3b
 432 0095 0B       		.uleb128 0xb
 433 0096 49       		.uleb128 0x49
 434 0097 13       		.uleb128 0x13
 435 0098 1C       		.uleb128 0x1c
ARM GAS  C:\Users\BRYANO~1\AppData\Local\Temp\ccaDSY9j.s 			page 11


 436 0099 0B       		.uleb128 0xb
 437 009a 00       		.byte	0
 438 009b 00       		.byte	0
 439 009c 0C       		.uleb128 0xc
 440 009d 34       		.uleb128 0x34
 441 009e 00       		.byte	0
 442 009f 03       		.uleb128 0x3
 443 00a0 0E       		.uleb128 0xe
 444 00a1 3A       		.uleb128 0x3a
 445 00a2 0B       		.uleb128 0xb
 446 00a3 3B       		.uleb128 0x3b
 447 00a4 0B       		.uleb128 0xb
 448 00a5 49       		.uleb128 0x49
 449 00a6 13       		.uleb128 0x13
 450 00a7 00       		.byte	0
 451 00a8 00       		.byte	0
 452 00a9 0D       		.uleb128 0xd
 453 00aa 34       		.uleb128 0x34
 454 00ab 00       		.byte	0
 455 00ac 03       		.uleb128 0x3
 456 00ad 0E       		.uleb128 0xe
 457 00ae 3A       		.uleb128 0x3a
 458 00af 0B       		.uleb128 0xb
 459 00b0 3B       		.uleb128 0x3b
 460 00b1 0B       		.uleb128 0xb
 461 00b2 49       		.uleb128 0x49
 462 00b3 13       		.uleb128 0x13
 463 00b4 3F       		.uleb128 0x3f
 464 00b5 19       		.uleb128 0x19
 465 00b6 3C       		.uleb128 0x3c
 466 00b7 19       		.uleb128 0x19
 467 00b8 00       		.byte	0
 468 00b9 00       		.byte	0
 469 00ba 0E       		.uleb128 0xe
 470 00bb 35       		.uleb128 0x35
 471 00bc 00       		.byte	0
 472 00bd 49       		.uleb128 0x49
 473 00be 13       		.uleb128 0x13
 474 00bf 00       		.byte	0
 475 00c0 00       		.byte	0
 476 00c1 00       		.byte	0
 477              		.section	.debug_aranges,"",%progbits
 478 0000 1C000000 		.4byte	0x1c
 479 0004 0200     		.2byte	0x2
 480 0006 00000000 		.4byte	.Ldebug_info0
 481 000a 04       		.byte	0x4
 482 000b 00       		.byte	0
 483 000c 0000     		.2byte	0
 484 000e 0000     		.2byte	0
 485 0010 00000000 		.4byte	.LFB0
 486 0014 38000000 		.4byte	.LFE0-.LFB0
 487 0018 00000000 		.4byte	0
 488 001c 00000000 		.4byte	0
 489              		.section	.debug_ranges,"",%progbits
 490              	.Ldebug_ranges0:
 491 0000 00000000 		.4byte	.LFB0
 492 0004 38000000 		.4byte	.LFE0
ARM GAS  C:\Users\BRYANO~1\AppData\Local\Temp\ccaDSY9j.s 			page 12


 493 0008 00000000 		.4byte	0
 494 000c 00000000 		.4byte	0
 495              		.section	.debug_line,"",%progbits
 496              	.Ldebug_line0:
 497 0000 7F000000 		.section	.debug_str,"MS",%progbits,1
 497      02006200 
 497      00000201 
 497      FB0E0D00 
 497      01010101 
 498              	.LASF29:
 499 0000 433A5C55 		.ascii	"C:\\Users\\Bryan Orabutt\\Documents\\GitHub\\Golfca"
 499      73657273 
 499      5C427279 
 499      616E204F 
 499      72616275 
 500 002e 72745C50 		.ascii	"rt\\PSOC_PROGRAMS\\PSoC5\\Roadrunner Control System"
 500      534F435F 
 500      50524F47 
 500      52414D53 
 500      5C50536F 
 501 005e 2E637964 		.ascii	".cydsn\000"
 501      736E00
 502              	.LASF3:
 503 0065 73686F72 		.ascii	"short unsigned int\000"
 503      7420756E 
 503      7369676E 
 503      65642069 
 503      6E7400
 504              	.LASF24:
 505 0078 545F5553 		.ascii	"T_USBFS_EP_CTL_BLOCK\000"
 505      4246535F 
 505      45505F43 
 505      544C5F42 
 505      4C4F434B 
 506              	.LASF25:
 507 008d 65704461 		.ascii	"epData\000"
 507      746100
 508              	.LASF31:
 509 0094 72657175 		.ascii	"requestHandled\000"
 509      65737448 
 509      616E646C 
 509      656400
 510              	.LASF11:
 511 00a3 666C6F61 		.ascii	"float\000"
 511      7400
 512              	.LASF18:
 513 00a9 6570546F 		.ascii	"epToggle\000"
 513      67676C65 
 513      00
 514              	.LASF1:
 515 00b2 756E7369 		.ascii	"unsigned char\000"
 515      676E6564 
 515      20636861 
 515      7200
 516              	.LASF30:
 517 00c0 55534246 		.ascii	"USBFS_DispatchClassRqst\000"
 517      535F4469 
ARM GAS  C:\Users\BRYANO~1\AppData\Local\Temp\ccaDSY9j.s 			page 13


 517      73706174 
 517      6368436C 
 517      61737352 
 518              	.LASF5:
 519 00d8 6C6F6E67 		.ascii	"long unsigned int\000"
 519      20756E73 
 519      69676E65 
 519      6420696E 
 519      7400
 520              	.LASF19:
 521 00ea 61646472 		.ascii	"addr\000"
 521      00
 522              	.LASF32:
 523 00ef 696E7465 		.ascii	"interfaceNumber\000"
 523      72666163 
 523      654E756D 
 523      62657200 
 524              	.LASF33:
 525 00ff 55534246 		.ascii	"USBFS_EP\000"
 525      535F4550 
 525      00
 526              	.LASF26:
 527 0108 55534246 		.ascii	"USBFS_ep0_data_struct\000"
 527      535F6570 
 527      305F6461 
 527      74615F73 
 527      74727563 
 528              	.LASF12:
 529 011e 646F7562 		.ascii	"double\000"
 529      6C6500
 530              	.LASF15:
 531 0125 61747472 		.ascii	"attrib\000"
 531      696200
 532              	.LASF21:
 533 012c 62756666 		.ascii	"buffOffset\000"
 533      4F666673 
 533      657400
 534              	.LASF10:
 535 0137 75696E74 		.ascii	"uint16\000"
 535      313600
 536              	.LASF16:
 537 013e 61706945 		.ascii	"apiEpState\000"
 537      70537461 
 537      746500
 538              	.LASF27:
 539 0149 474E5520 		.ascii	"GNU C 4.9.3 20150303 (release) [ARM/embedded-4_9-br"
 539      4320342E 
 539      392E3320 
 539      32303135 
 539      30333033 
 540 017c 616E6368 		.ascii	"anch revision 221220] -mcpu=cortex-m3 -mthumb -g -O"
 540      20726576 
 540      6973696F 
 540      6E203232 
 540      31323230 
 541 01af 67202D66 		.ascii	"g -ffunction-sections -ffat-lto-objects\000"
 541      66756E63 
ARM GAS  C:\Users\BRYANO~1\AppData\Local\Temp\ccaDSY9j.s 			page 14


 541      74696F6E 
 541      2D736563 
 541      74696F6E 
 542              	.LASF8:
 543 01d7 756E7369 		.ascii	"unsigned int\000"
 543      676E6564 
 543      20696E74 
 543      00
 544              	.LASF7:
 545 01e4 6C6F6E67 		.ascii	"long long unsigned int\000"
 545      206C6F6E 
 545      6720756E 
 545      7369676E 
 545      65642069 
 546              	.LASF17:
 547 01fb 68774570 		.ascii	"hwEpState\000"
 547      53746174 
 547      6500
 548              	.LASF14:
 549 0205 73697A65 		.ascii	"sizetype\000"
 549      74797065 
 549      00
 550              	.LASF20:
 551 020e 65704D6F 		.ascii	"epMode\000"
 551      646500
 552              	.LASF6:
 553 0215 6C6F6E67 		.ascii	"long long int\000"
 553      206C6F6E 
 553      6720696E 
 553      7400
 554              	.LASF13:
 555 0223 63686172 		.ascii	"char\000"
 555      00
 556              	.LASF22:
 557 0228 62756666 		.ascii	"bufferSize\000"
 557      65725369 
 557      7A6500
 558              	.LASF2:
 559 0233 73686F72 		.ascii	"short int\000"
 559      7420696E 
 559      7400
 560              	.LASF9:
 561 023d 75696E74 		.ascii	"uint8\000"
 561      3800
 562              	.LASF23:
 563 0243 696E7465 		.ascii	"interface\000"
 563      72666163 
 563      6500
 564              	.LASF4:
 565 024d 6C6F6E67 		.ascii	"long int\000"
 565      20696E74 
 565      00
 566              	.LASF0:
 567 0256 7369676E 		.ascii	"signed char\000"
 567      65642063 
 567      68617200 
 568              	.LASF28:
ARM GAS  C:\Users\BRYANO~1\AppData\Local\Temp\ccaDSY9j.s 			page 15


 569 0262 2E5C4765 		.ascii	".\\Generated_Source\\PSoC5\\USBFS_cls.c\000"
 569      6E657261 
 569      7465645F 
 569      536F7572 
 569      63655C50 
 570              		.ident	"GCC: (GNU Tools for ARM Embedded Processors) 4.9.3 20150303 (release) [ARM/embedded-4_9-br
