ARM GAS  C:\Users\BRYANO~1\AppData\Local\Temp\ccjVR8fi.s 			page 1


   1              		.syntax unified
   2              		.cpu cortex-m3
   3              		.fpu softvfp
   4              		.eabi_attribute 20, 1
   5              		.eabi_attribute 21, 1
   6              		.eabi_attribute 23, 3
   7              		.eabi_attribute 24, 1
   8              		.eabi_attribute 25, 1
   9              		.eabi_attribute 26, 1
  10              		.eabi_attribute 30, 1
  11              		.eabi_attribute 34, 1
  12              		.eabi_attribute 18, 4
  13              		.thumb
  14              		.file	"USBFS_vnd.c"
  15              		.text
  16              	.Ltext0:
  17              		.cfi_sections	.debug_frame
  18              		.section	.text.USBFS_HandleVendorRqst,"ax",%progbits
  19              		.align	2
  20              		.global	USBFS_HandleVendorRqst
  21              		.thumb
  22              		.thumb_func
  23              		.type	USBFS_HandleVendorRqst, %function
  24              	USBFS_HandleVendorRqst:
  25              	.LFB0:
  26              		.file 1 ".\\Generated_Source\\PSoC5\\USBFS_vnd.c"
   1:.\Generated_Source\PSoC5/USBFS_vnd.c **** /***************************************************************************//**
   2:.\Generated_Source\PSoC5/USBFS_vnd.c **** * \file USBFS_vnd.c
   3:.\Generated_Source\PSoC5/USBFS_vnd.c **** * \version 3.0
   4:.\Generated_Source\PSoC5/USBFS_vnd.c **** *
   5:.\Generated_Source\PSoC5/USBFS_vnd.c **** * \brief
   6:.\Generated_Source\PSoC5/USBFS_vnd.c **** *  This file contains the  USB vendor request handler.
   7:.\Generated_Source\PSoC5/USBFS_vnd.c **** *
   8:.\Generated_Source\PSoC5/USBFS_vnd.c **** ********************************************************************************
   9:.\Generated_Source\PSoC5/USBFS_vnd.c **** * \copyright
  10:.\Generated_Source\PSoC5/USBFS_vnd.c **** * Copyright 2008-2015, Cypress Semiconductor Corporation.  All rights reserved.
  11:.\Generated_Source\PSoC5/USBFS_vnd.c **** * You may use this file only in accordance with the license, terms, conditions,
  12:.\Generated_Source\PSoC5/USBFS_vnd.c **** * disclaimers, and limitations in the end user license agreement accompanying
  13:.\Generated_Source\PSoC5/USBFS_vnd.c **** * the software package with which this file was provided.
  14:.\Generated_Source\PSoC5/USBFS_vnd.c **** *******************************************************************************/
  15:.\Generated_Source\PSoC5/USBFS_vnd.c **** 
  16:.\Generated_Source\PSoC5/USBFS_vnd.c **** #include "USBFS_pvt.h"
  17:.\Generated_Source\PSoC5/USBFS_vnd.c **** #include "cyapicallbacks.h"
  18:.\Generated_Source\PSoC5/USBFS_vnd.c **** 
  19:.\Generated_Source\PSoC5/USBFS_vnd.c **** #if(USBFS_EXTERN_VND == USBFS_FALSE)
  20:.\Generated_Source\PSoC5/USBFS_vnd.c **** 
  21:.\Generated_Source\PSoC5/USBFS_vnd.c **** /***************************************
  22:.\Generated_Source\PSoC5/USBFS_vnd.c **** * Vendor Specific Declarations
  23:.\Generated_Source\PSoC5/USBFS_vnd.c **** ***************************************/
  24:.\Generated_Source\PSoC5/USBFS_vnd.c **** 
  25:.\Generated_Source\PSoC5/USBFS_vnd.c **** /* `#START VENDOR_SPECIFIC_DECLARATIONS` Place your declaration here */
  26:.\Generated_Source\PSoC5/USBFS_vnd.c **** 
  27:.\Generated_Source\PSoC5/USBFS_vnd.c **** /* `#END` */
  28:.\Generated_Source\PSoC5/USBFS_vnd.c **** 
  29:.\Generated_Source\PSoC5/USBFS_vnd.c **** 
  30:.\Generated_Source\PSoC5/USBFS_vnd.c **** /*******************************************************************************
  31:.\Generated_Source\PSoC5/USBFS_vnd.c **** * Function Name: USBFS_HandleVendorRqst
ARM GAS  C:\Users\BRYANO~1\AppData\Local\Temp\ccjVR8fi.s 			page 2


  32:.\Generated_Source\PSoC5/USBFS_vnd.c **** ****************************************************************************//**
  33:.\Generated_Source\PSoC5/USBFS_vnd.c **** *
  34:.\Generated_Source\PSoC5/USBFS_vnd.c **** *  This routine provide users with a method to implement vendor specific
  35:.\Generated_Source\PSoC5/USBFS_vnd.c **** *  requests.
  36:.\Generated_Source\PSoC5/USBFS_vnd.c **** *
  37:.\Generated_Source\PSoC5/USBFS_vnd.c **** *  To implement vendor specific requests, add your code in this function to
  38:.\Generated_Source\PSoC5/USBFS_vnd.c **** *  decode and disposition the request.  If the request is handled, your code
  39:.\Generated_Source\PSoC5/USBFS_vnd.c **** *  must set the variable "requestHandled" to TRUE, indicating that the
  40:.\Generated_Source\PSoC5/USBFS_vnd.c **** *  request has been handled.
  41:.\Generated_Source\PSoC5/USBFS_vnd.c **** *
  42:.\Generated_Source\PSoC5/USBFS_vnd.c **** * \return
  43:.\Generated_Source\PSoC5/USBFS_vnd.c **** *  requestHandled.
  44:.\Generated_Source\PSoC5/USBFS_vnd.c **** *
  45:.\Generated_Source\PSoC5/USBFS_vnd.c **** * \reentrant
  46:.\Generated_Source\PSoC5/USBFS_vnd.c **** *  No.
  47:.\Generated_Source\PSoC5/USBFS_vnd.c **** *
  48:.\Generated_Source\PSoC5/USBFS_vnd.c **** *******************************************************************************/
  49:.\Generated_Source\PSoC5/USBFS_vnd.c **** uint8 USBFS_HandleVendorRqst(void) 
  50:.\Generated_Source\PSoC5/USBFS_vnd.c **** {
  27              		.loc 1 50 0
  28              		.cfi_startproc
  29              		@ args = 0, pretend = 0, frame = 0
  30              		@ frame_needed = 0, uses_anonymous_args = 0
  31 0000 08B5     		push	{r3, lr}
  32              		.cfi_def_cfa_offset 8
  33              		.cfi_offset 3, -8
  34              		.cfi_offset 14, -4
  35              	.LVL0:
  51:.\Generated_Source\PSoC5/USBFS_vnd.c ****     uint8 requestHandled = USBFS_FALSE;
  52:.\Generated_Source\PSoC5/USBFS_vnd.c **** 
  53:.\Generated_Source\PSoC5/USBFS_vnd.c ****     /* Check request direction: D2H or H2D. */
  54:.\Generated_Source\PSoC5/USBFS_vnd.c ****     if (0u != (USBFS_bmRequestTypeReg & USBFS_RQST_DIR_D2H))
  36              		.loc 1 54 0
  37 0002 0B4B     		ldr	r3, .L8
  38 0004 1B78     		ldrb	r3, [r3]	@ zero_extendqisi2
  39 0006 13F0800F 		tst	r3, #128
  40 000a 0CD0     		beq	.L4
  55:.\Generated_Source\PSoC5/USBFS_vnd.c ****     {
  56:.\Generated_Source\PSoC5/USBFS_vnd.c ****         /* Handle direction from device to host. */
  57:.\Generated_Source\PSoC5/USBFS_vnd.c ****         
  58:.\Generated_Source\PSoC5/USBFS_vnd.c ****         switch (USBFS_bRequestReg)
  41              		.loc 1 58 0
  42 000c 084B     		ldr	r3, .L8
  43 000e 5B78     		ldrb	r3, [r3, #1]	@ zero_extendqisi2
  44 0010 DBB2     		uxtb	r3, r3
  45 0012 012B     		cmp	r3, #1
  46 0014 09D1     		bne	.L6
  59:.\Generated_Source\PSoC5/USBFS_vnd.c ****         {
  60:.\Generated_Source\PSoC5/USBFS_vnd.c ****             case USBFS_GET_EXTENDED_CONFIG_DESCRIPTOR:
  61:.\Generated_Source\PSoC5/USBFS_vnd.c ****             #if defined(USBFS_ENABLE_MSOS_STRING)
  62:.\Generated_Source\PSoC5/USBFS_vnd.c ****                 USBFS_currentTD.pData = (volatile uint8 *) &USBFS_MSOS_CONFIGURATION_DESCR[0u];
  47              		.loc 1 62 0
  48 0016 074B     		ldr	r3, .L8+4
  49 0018 074A     		ldr	r2, .L8+8
  50 001a 5A60     		str	r2, [r3, #4]
  63:.\Generated_Source\PSoC5/USBFS_vnd.c ****                 USBFS_currentTD.count = USBFS_MSOS_CONFIGURATION_DESCR[0u];
  51              		.loc 1 63 0
ARM GAS  C:\Users\BRYANO~1\AppData\Local\Temp\ccjVR8fi.s 			page 3


  52 001c 1278     		ldrb	r2, [r2]	@ zero_extendqisi2
  53 001e 1A80     		strh	r2, [r3]	@ movhi
  64:.\Generated_Source\PSoC5/USBFS_vnd.c ****                 requestHandled  = USBFS_InitControlRead();
  54              		.loc 1 64 0
  55 0020 FFF7FEFF 		bl	USBFS_InitControlRead
  56              	.LVL1:
  65:.\Generated_Source\PSoC5/USBFS_vnd.c ****             #endif /* (USBFS_ENABLE_MSOS_STRING) */
  66:.\Generated_Source\PSoC5/USBFS_vnd.c ****                 break;
  57              		.loc 1 66 0
  58 0024 08BD     		pop	{r3, pc}
  59              	.LVL2:
  60              	.L4:
  51:.\Generated_Source\PSoC5/USBFS_vnd.c **** 
  61              		.loc 1 51 0
  62 0026 0020     		movs	r0, #0
  63 0028 08BD     		pop	{r3, pc}
  64              	.L6:
  65 002a 0020     		movs	r0, #0
  66              	.LVL3:
  67:.\Generated_Source\PSoC5/USBFS_vnd.c ****             
  68:.\Generated_Source\PSoC5/USBFS_vnd.c ****             default:
  69:.\Generated_Source\PSoC5/USBFS_vnd.c ****                 break;
  70:.\Generated_Source\PSoC5/USBFS_vnd.c ****         }
  71:.\Generated_Source\PSoC5/USBFS_vnd.c ****     }
  72:.\Generated_Source\PSoC5/USBFS_vnd.c **** 
  73:.\Generated_Source\PSoC5/USBFS_vnd.c ****     /* `#START VENDOR_SPECIFIC_CODE` Place your vendor specific request here */
  74:.\Generated_Source\PSoC5/USBFS_vnd.c **** 
  75:.\Generated_Source\PSoC5/USBFS_vnd.c ****     /* `#END` */
  76:.\Generated_Source\PSoC5/USBFS_vnd.c **** 
  77:.\Generated_Source\PSoC5/USBFS_vnd.c **** #ifdef USBFS_HANDLE_VENDOR_RQST_CALLBACK
  78:.\Generated_Source\PSoC5/USBFS_vnd.c ****     if (USBFS_FALSE == requestHandled)
  79:.\Generated_Source\PSoC5/USBFS_vnd.c ****     {
  80:.\Generated_Source\PSoC5/USBFS_vnd.c ****         requestHandled = USBFS_HandleVendorRqst_Callback();
  81:.\Generated_Source\PSoC5/USBFS_vnd.c ****     }
  82:.\Generated_Source\PSoC5/USBFS_vnd.c **** #endif /* (USBFS_HANDLE_VENDOR_RQST_CALLBACK) */
  83:.\Generated_Source\PSoC5/USBFS_vnd.c **** 
  84:.\Generated_Source\PSoC5/USBFS_vnd.c ****     return (requestHandled);
  85:.\Generated_Source\PSoC5/USBFS_vnd.c **** }
  67              		.loc 1 85 0
  68 002c 08BD     		pop	{r3, pc}
  69              	.L9:
  70 002e 00BF     		.align	2
  71              	.L8:
  72 0030 00600040 		.word	1073766400
  73 0034 00000000 		.word	USBFS_currentTD
  74 0038 00000000 		.word	USBFS_MSOS_CONFIGURATION_DESCR
  75              		.cfi_endproc
  76              	.LFE0:
  77              		.size	USBFS_HandleVendorRqst, .-USBFS_HandleVendorRqst
  78              		.text
  79              	.Letext0:
  80              		.file 2 ".\\Generated_Source\\PSoC5\\cytypes.h"
  81              		.file 3 ".\\Generated_Source\\PSoC5\\USBFS.h"
  82              		.file 4 ".\\Generated_Source\\PSoC5\\USBFS_pvt.h"
  83              		.section	.debug_info,"",%progbits
  84              	.Ldebug_info0:
  85 0000 AE010000 		.4byte	0x1ae
ARM GAS  C:\Users\BRYANO~1\AppData\Local\Temp\ccjVR8fi.s 			page 4


  86 0004 0400     		.2byte	0x4
  87 0006 00000000 		.4byte	.Ldebug_abbrev0
  88 000a 04       		.byte	0x4
  89 000b 01       		.uleb128 0x1
  90 000c 41010000 		.4byte	.LASF26
  91 0010 01       		.byte	0x1
  92 0011 57020000 		.4byte	.LASF27
  93 0015 00000000 		.4byte	.LASF28
  94 0019 00000000 		.4byte	.Ldebug_ranges0+0
  95 001d 00000000 		.4byte	0
  96 0021 00000000 		.4byte	.Ldebug_line0
  97 0025 02       		.uleb128 0x2
  98 0026 01       		.byte	0x1
  99 0027 06       		.byte	0x6
 100 0028 85020000 		.4byte	.LASF0
 101 002c 02       		.uleb128 0x2
 102 002d 01       		.byte	0x1
 103 002e 08       		.byte	0x8
 104 002f C7000000 		.4byte	.LASF1
 105 0033 02       		.uleb128 0x2
 106 0034 02       		.byte	0x2
 107 0035 05       		.byte	0x5
 108 0036 2E020000 		.4byte	.LASF2
 109 003a 02       		.uleb128 0x2
 110 003b 02       		.byte	0x2
 111 003c 07       		.byte	0x7
 112 003d 78000000 		.4byte	.LASF3
 113 0041 02       		.uleb128 0x2
 114 0042 04       		.byte	0x4
 115 0043 05       		.byte	0x5
 116 0044 7C020000 		.4byte	.LASF4
 117 0048 02       		.uleb128 0x2
 118 0049 04       		.byte	0x4
 119 004a 07       		.byte	0x7
 120 004b EF000000 		.4byte	.LASF5
 121 004f 02       		.uleb128 0x2
 122 0050 08       		.byte	0x8
 123 0051 05       		.byte	0x5
 124 0052 1B020000 		.4byte	.LASF6
 125 0056 02       		.uleb128 0x2
 126 0057 08       		.byte	0x8
 127 0058 07       		.byte	0x7
 128 0059 DC010000 		.4byte	.LASF7
 129 005d 03       		.uleb128 0x3
 130 005e 04       		.byte	0x4
 131 005f 05       		.byte	0x5
 132 0060 696E7400 		.ascii	"int\000"
 133 0064 02       		.uleb128 0x2
 134 0065 04       		.byte	0x4
 135 0066 07       		.byte	0x7
 136 0067 CF010000 		.4byte	.LASF8
 137 006b 04       		.uleb128 0x4
 138 006c 01010000 		.4byte	.LASF9
 139 0070 02       		.byte	0x2
 140 0071 9201     		.2byte	0x192
 141 0073 2C000000 		.4byte	0x2c
 142 0077 04       		.uleb128 0x4
ARM GAS  C:\Users\BRYANO~1\AppData\Local\Temp\ccjVR8fi.s 			page 5


 143 0078 3A010000 		.4byte	.LASF10
 144 007c 02       		.byte	0x2
 145 007d 9301     		.2byte	0x193
 146 007f 3A000000 		.4byte	0x3a
 147 0083 02       		.uleb128 0x2
 148 0084 04       		.byte	0x4
 149 0085 04       		.byte	0x4
 150 0086 C1000000 		.4byte	.LASF11
 151 008a 02       		.uleb128 0x2
 152 008b 08       		.byte	0x8
 153 008c 04       		.byte	0x4
 154 008d 1D010000 		.4byte	.LASF12
 155 0091 02       		.uleb128 0x2
 156 0092 01       		.byte	0x1
 157 0093 08       		.byte	0x8
 158 0094 29020000 		.4byte	.LASF13
 159 0098 05       		.uleb128 0x5
 160 0099 6B000000 		.4byte	0x6b
 161 009d 02       		.uleb128 0x2
 162 009e 04       		.byte	0x4
 163 009f 07       		.byte	0x7
 164 00a0 12020000 		.4byte	.LASF14
 165 00a4 06       		.uleb128 0x6
 166 00a5 04       		.byte	0x4
 167 00a6 03       		.byte	0x3
 168 00a7 A4       		.byte	0xa4
 169 00a8 C5000000 		.4byte	0xc5
 170 00ac 07       		.uleb128 0x7
 171 00ad A2000000 		.4byte	.LASF15
 172 00b1 03       		.byte	0x3
 173 00b2 A6       		.byte	0xa6
 174 00b3 6B000000 		.4byte	0x6b
 175 00b7 00       		.byte	0
 176 00b8 07       		.uleb128 0x7
 177 00b9 91020000 		.4byte	.LASF16
 178 00bd 03       		.byte	0x3
 179 00be A7       		.byte	0xa7
 180 00bf 77000000 		.4byte	0x77
 181 00c3 02       		.byte	0x2
 182 00c4 00       		.byte	0
 183 00c5 08       		.uleb128 0x8
 184 00c6 D5000000 		.4byte	.LASF17
 185 00ca 03       		.byte	0x3
 186 00cb A8       		.byte	0xa8
 187 00cc A4000000 		.4byte	0xa4
 188 00d0 06       		.uleb128 0x6
 189 00d1 0C       		.byte	0xc
 190 00d2 03       		.byte	0x3
 191 00d3 AA       		.byte	0xaa
 192 00d4 FD000000 		.4byte	0xfd
 193 00d8 07       		.uleb128 0x7
 194 00d9 72000000 		.4byte	.LASF18
 195 00dd 03       		.byte	0x3
 196 00de AC       		.byte	0xac
 197 00df 77000000 		.4byte	0x77
 198 00e3 00       		.byte	0
 199 00e4 07       		.uleb128 0x7
ARM GAS  C:\Users\BRYANO~1\AppData\Local\Temp\ccjVR8fi.s 			page 6


 200 00e5 A9000000 		.4byte	.LASF19
 201 00e9 03       		.byte	0x3
 202 00ea AD       		.byte	0xad
 203 00eb FD000000 		.4byte	0xfd
 204 00ef 04       		.byte	0x4
 205 00f0 07       		.uleb128 0x7
 206 00f1 65000000 		.4byte	.LASF20
 207 00f5 03       		.byte	0x3
 208 00f6 AE       		.byte	0xae
 209 00f7 03010000 		.4byte	0x103
 210 00fb 08       		.byte	0x8
 211 00fc 00       		.byte	0
 212 00fd 09       		.uleb128 0x9
 213 00fe 04       		.byte	0x4
 214 00ff 98000000 		.4byte	0x98
 215 0103 09       		.uleb128 0x9
 216 0104 04       		.byte	0x4
 217 0105 C5000000 		.4byte	0xc5
 218 0109 08       		.uleb128 0x8
 219 010a B6000000 		.4byte	.LASF21
 220 010e 03       		.byte	0x3
 221 010f AF       		.byte	0xaf
 222 0110 D0000000 		.4byte	0xd0
 223 0114 06       		.uleb128 0x6
 224 0115 08       		.byte	0x8
 225 0116 03       		.byte	0x3
 226 0117 C5       		.byte	0xc5
 227 0118 29010000 		.4byte	0x129
 228 011c 07       		.uleb128 0x7
 229 011d AF000000 		.4byte	.LASF22
 230 0121 03       		.byte	0x3
 231 0122 C7       		.byte	0xc7
 232 0123 29010000 		.4byte	0x129
 233 0127 00       		.byte	0
 234 0128 00       		.byte	0
 235 0129 0A       		.uleb128 0xa
 236 012a 6B000000 		.4byte	0x6b
 237 012e 39010000 		.4byte	0x139
 238 0132 0B       		.uleb128 0xb
 239 0133 9D000000 		.4byte	0x9d
 240 0137 07       		.byte	0x7
 241 0138 00       		.byte	0
 242 0139 08       		.uleb128 0x8
 243 013a 07010000 		.4byte	.LASF23
 244 013e 03       		.byte	0x3
 245 013f C8       		.byte	0xc8
 246 0140 14010000 		.4byte	0x114
 247 0144 0C       		.uleb128 0xc
 248 0145 8B000000 		.4byte	.LASF29
 249 0149 01       		.byte	0x1
 250 014a 31       		.byte	0x31
 251 014b 6B000000 		.4byte	0x6b
 252 014f 00000000 		.4byte	.LFB0
 253 0153 3C000000 		.4byte	.LFE0-.LFB0
 254 0157 01       		.uleb128 0x1
 255 0158 9C       		.byte	0x9c
 256 0159 76010000 		.4byte	0x176
ARM GAS  C:\Users\BRYANO~1\AppData\Local\Temp\ccjVR8fi.s 			page 7


 257 015d 0D       		.uleb128 0xd
 258 015e 03020000 		.4byte	.LASF30
 259 0162 01       		.byte	0x1
 260 0163 33       		.byte	0x33
 261 0164 6B000000 		.4byte	0x6b
 262 0168 00000000 		.4byte	.LLST0
 263 016c 0E       		.uleb128 0xe
 264 016d 24000000 		.4byte	.LVL1
 265 0171 A6010000 		.4byte	0x1a6
 266 0175 00       		.byte	0
 267 0176 0A       		.uleb128 0xa
 268 0177 6B000000 		.4byte	0x6b
 269 017b 86010000 		.4byte	0x186
 270 017f 0B       		.uleb128 0xb
 271 0180 9D000000 		.4byte	0x9d
 272 0184 27       		.byte	0x27
 273 0185 00       		.byte	0
 274 0186 0F       		.uleb128 0xf
 275 0187 38020000 		.4byte	.LASF24
 276 018b 04       		.byte	0x4
 277 018c 6D       		.byte	0x6d
 278 018d 91010000 		.4byte	0x191
 279 0191 10       		.uleb128 0x10
 280 0192 76010000 		.4byte	0x176
 281 0196 0F       		.uleb128 0xf
 282 0197 F3010000 		.4byte	.LASF25
 283 019b 04       		.byte	0x4
 284 019c 7A       		.byte	0x7a
 285 019d A1010000 		.4byte	0x1a1
 286 01a1 05       		.uleb128 0x5
 287 01a2 09010000 		.4byte	0x109
 288 01a6 11       		.uleb128 0x11
 289 01a7 24010000 		.4byte	.LASF31
 290 01ab 04       		.byte	0x4
 291 01ac A9       		.byte	0xa9
 292 01ad 6B000000 		.4byte	0x6b
 293 01b1 00       		.byte	0
 294              		.section	.debug_abbrev,"",%progbits
 295              	.Ldebug_abbrev0:
 296 0000 01       		.uleb128 0x1
 297 0001 11       		.uleb128 0x11
 298 0002 01       		.byte	0x1
 299 0003 25       		.uleb128 0x25
 300 0004 0E       		.uleb128 0xe
 301 0005 13       		.uleb128 0x13
 302 0006 0B       		.uleb128 0xb
 303 0007 03       		.uleb128 0x3
 304 0008 0E       		.uleb128 0xe
 305 0009 1B       		.uleb128 0x1b
 306 000a 0E       		.uleb128 0xe
 307 000b 55       		.uleb128 0x55
 308 000c 17       		.uleb128 0x17
 309 000d 11       		.uleb128 0x11
 310 000e 01       		.uleb128 0x1
 311 000f 10       		.uleb128 0x10
 312 0010 17       		.uleb128 0x17
 313 0011 00       		.byte	0
ARM GAS  C:\Users\BRYANO~1\AppData\Local\Temp\ccjVR8fi.s 			page 8


 314 0012 00       		.byte	0
 315 0013 02       		.uleb128 0x2
 316 0014 24       		.uleb128 0x24
 317 0015 00       		.byte	0
 318 0016 0B       		.uleb128 0xb
 319 0017 0B       		.uleb128 0xb
 320 0018 3E       		.uleb128 0x3e
 321 0019 0B       		.uleb128 0xb
 322 001a 03       		.uleb128 0x3
 323 001b 0E       		.uleb128 0xe
 324 001c 00       		.byte	0
 325 001d 00       		.byte	0
 326 001e 03       		.uleb128 0x3
 327 001f 24       		.uleb128 0x24
 328 0020 00       		.byte	0
 329 0021 0B       		.uleb128 0xb
 330 0022 0B       		.uleb128 0xb
 331 0023 3E       		.uleb128 0x3e
 332 0024 0B       		.uleb128 0xb
 333 0025 03       		.uleb128 0x3
 334 0026 08       		.uleb128 0x8
 335 0027 00       		.byte	0
 336 0028 00       		.byte	0
 337 0029 04       		.uleb128 0x4
 338 002a 16       		.uleb128 0x16
 339 002b 00       		.byte	0
 340 002c 03       		.uleb128 0x3
 341 002d 0E       		.uleb128 0xe
 342 002e 3A       		.uleb128 0x3a
 343 002f 0B       		.uleb128 0xb
 344 0030 3B       		.uleb128 0x3b
 345 0031 05       		.uleb128 0x5
 346 0032 49       		.uleb128 0x49
 347 0033 13       		.uleb128 0x13
 348 0034 00       		.byte	0
 349 0035 00       		.byte	0
 350 0036 05       		.uleb128 0x5
 351 0037 35       		.uleb128 0x35
 352 0038 00       		.byte	0
 353 0039 49       		.uleb128 0x49
 354 003a 13       		.uleb128 0x13
 355 003b 00       		.byte	0
 356 003c 00       		.byte	0
 357 003d 06       		.uleb128 0x6
 358 003e 13       		.uleb128 0x13
 359 003f 01       		.byte	0x1
 360 0040 0B       		.uleb128 0xb
 361 0041 0B       		.uleb128 0xb
 362 0042 3A       		.uleb128 0x3a
 363 0043 0B       		.uleb128 0xb
 364 0044 3B       		.uleb128 0x3b
 365 0045 0B       		.uleb128 0xb
 366 0046 01       		.uleb128 0x1
 367 0047 13       		.uleb128 0x13
 368 0048 00       		.byte	0
 369 0049 00       		.byte	0
 370 004a 07       		.uleb128 0x7
ARM GAS  C:\Users\BRYANO~1\AppData\Local\Temp\ccjVR8fi.s 			page 9


 371 004b 0D       		.uleb128 0xd
 372 004c 00       		.byte	0
 373 004d 03       		.uleb128 0x3
 374 004e 0E       		.uleb128 0xe
 375 004f 3A       		.uleb128 0x3a
 376 0050 0B       		.uleb128 0xb
 377 0051 3B       		.uleb128 0x3b
 378 0052 0B       		.uleb128 0xb
 379 0053 49       		.uleb128 0x49
 380 0054 13       		.uleb128 0x13
 381 0055 38       		.uleb128 0x38
 382 0056 0B       		.uleb128 0xb
 383 0057 00       		.byte	0
 384 0058 00       		.byte	0
 385 0059 08       		.uleb128 0x8
 386 005a 16       		.uleb128 0x16
 387 005b 00       		.byte	0
 388 005c 03       		.uleb128 0x3
 389 005d 0E       		.uleb128 0xe
 390 005e 3A       		.uleb128 0x3a
 391 005f 0B       		.uleb128 0xb
 392 0060 3B       		.uleb128 0x3b
 393 0061 0B       		.uleb128 0xb
 394 0062 49       		.uleb128 0x49
 395 0063 13       		.uleb128 0x13
 396 0064 00       		.byte	0
 397 0065 00       		.byte	0
 398 0066 09       		.uleb128 0x9
 399 0067 0F       		.uleb128 0xf
 400 0068 00       		.byte	0
 401 0069 0B       		.uleb128 0xb
 402 006a 0B       		.uleb128 0xb
 403 006b 49       		.uleb128 0x49
 404 006c 13       		.uleb128 0x13
 405 006d 00       		.byte	0
 406 006e 00       		.byte	0
 407 006f 0A       		.uleb128 0xa
 408 0070 01       		.uleb128 0x1
 409 0071 01       		.byte	0x1
 410 0072 49       		.uleb128 0x49
 411 0073 13       		.uleb128 0x13
 412 0074 01       		.uleb128 0x1
 413 0075 13       		.uleb128 0x13
 414 0076 00       		.byte	0
 415 0077 00       		.byte	0
 416 0078 0B       		.uleb128 0xb
 417 0079 21       		.uleb128 0x21
 418 007a 00       		.byte	0
 419 007b 49       		.uleb128 0x49
 420 007c 13       		.uleb128 0x13
 421 007d 2F       		.uleb128 0x2f
 422 007e 0B       		.uleb128 0xb
 423 007f 00       		.byte	0
 424 0080 00       		.byte	0
 425 0081 0C       		.uleb128 0xc
 426 0082 2E       		.uleb128 0x2e
 427 0083 01       		.byte	0x1
ARM GAS  C:\Users\BRYANO~1\AppData\Local\Temp\ccjVR8fi.s 			page 10


 428 0084 3F       		.uleb128 0x3f
 429 0085 19       		.uleb128 0x19
 430 0086 03       		.uleb128 0x3
 431 0087 0E       		.uleb128 0xe
 432 0088 3A       		.uleb128 0x3a
 433 0089 0B       		.uleb128 0xb
 434 008a 3B       		.uleb128 0x3b
 435 008b 0B       		.uleb128 0xb
 436 008c 27       		.uleb128 0x27
 437 008d 19       		.uleb128 0x19
 438 008e 49       		.uleb128 0x49
 439 008f 13       		.uleb128 0x13
 440 0090 11       		.uleb128 0x11
 441 0091 01       		.uleb128 0x1
 442 0092 12       		.uleb128 0x12
 443 0093 06       		.uleb128 0x6
 444 0094 40       		.uleb128 0x40
 445 0095 18       		.uleb128 0x18
 446 0096 9742     		.uleb128 0x2117
 447 0098 19       		.uleb128 0x19
 448 0099 01       		.uleb128 0x1
 449 009a 13       		.uleb128 0x13
 450 009b 00       		.byte	0
 451 009c 00       		.byte	0
 452 009d 0D       		.uleb128 0xd
 453 009e 34       		.uleb128 0x34
 454 009f 00       		.byte	0
 455 00a0 03       		.uleb128 0x3
 456 00a1 0E       		.uleb128 0xe
 457 00a2 3A       		.uleb128 0x3a
 458 00a3 0B       		.uleb128 0xb
 459 00a4 3B       		.uleb128 0x3b
 460 00a5 0B       		.uleb128 0xb
 461 00a6 49       		.uleb128 0x49
 462 00a7 13       		.uleb128 0x13
 463 00a8 02       		.uleb128 0x2
 464 00a9 17       		.uleb128 0x17
 465 00aa 00       		.byte	0
 466 00ab 00       		.byte	0
 467 00ac 0E       		.uleb128 0xe
 468 00ad 898201   		.uleb128 0x4109
 469 00b0 00       		.byte	0
 470 00b1 11       		.uleb128 0x11
 471 00b2 01       		.uleb128 0x1
 472 00b3 31       		.uleb128 0x31
 473 00b4 13       		.uleb128 0x13
 474 00b5 00       		.byte	0
 475 00b6 00       		.byte	0
 476 00b7 0F       		.uleb128 0xf
 477 00b8 34       		.uleb128 0x34
 478 00b9 00       		.byte	0
 479 00ba 03       		.uleb128 0x3
 480 00bb 0E       		.uleb128 0xe
 481 00bc 3A       		.uleb128 0x3a
 482 00bd 0B       		.uleb128 0xb
 483 00be 3B       		.uleb128 0x3b
 484 00bf 0B       		.uleb128 0xb
ARM GAS  C:\Users\BRYANO~1\AppData\Local\Temp\ccjVR8fi.s 			page 11


 485 00c0 49       		.uleb128 0x49
 486 00c1 13       		.uleb128 0x13
 487 00c2 3F       		.uleb128 0x3f
 488 00c3 19       		.uleb128 0x19
 489 00c4 3C       		.uleb128 0x3c
 490 00c5 19       		.uleb128 0x19
 491 00c6 00       		.byte	0
 492 00c7 00       		.byte	0
 493 00c8 10       		.uleb128 0x10
 494 00c9 26       		.uleb128 0x26
 495 00ca 00       		.byte	0
 496 00cb 49       		.uleb128 0x49
 497 00cc 13       		.uleb128 0x13
 498 00cd 00       		.byte	0
 499 00ce 00       		.byte	0
 500 00cf 11       		.uleb128 0x11
 501 00d0 2E       		.uleb128 0x2e
 502 00d1 00       		.byte	0
 503 00d2 3F       		.uleb128 0x3f
 504 00d3 19       		.uleb128 0x19
 505 00d4 03       		.uleb128 0x3
 506 00d5 0E       		.uleb128 0xe
 507 00d6 3A       		.uleb128 0x3a
 508 00d7 0B       		.uleb128 0xb
 509 00d8 3B       		.uleb128 0x3b
 510 00d9 0B       		.uleb128 0xb
 511 00da 27       		.uleb128 0x27
 512 00db 19       		.uleb128 0x19
 513 00dc 49       		.uleb128 0x49
 514 00dd 13       		.uleb128 0x13
 515 00de 3C       		.uleb128 0x3c
 516 00df 19       		.uleb128 0x19
 517 00e0 00       		.byte	0
 518 00e1 00       		.byte	0
 519 00e2 00       		.byte	0
 520              		.section	.debug_loc,"",%progbits
 521              	.Ldebug_loc0:
 522              	.LLST0:
 523 0000 02000000 		.4byte	.LVL0
 524 0004 24000000 		.4byte	.LVL1
 525 0008 0200     		.2byte	0x2
 526 000a 30       		.byte	0x30
 527 000b 9F       		.byte	0x9f
 528 000c 24000000 		.4byte	.LVL1
 529 0010 26000000 		.4byte	.LVL2
 530 0014 0100     		.2byte	0x1
 531 0016 50       		.byte	0x50
 532 0017 26000000 		.4byte	.LVL2
 533 001b 2C000000 		.4byte	.LVL3
 534 001f 0200     		.2byte	0x2
 535 0021 30       		.byte	0x30
 536 0022 9F       		.byte	0x9f
 537 0023 2C000000 		.4byte	.LVL3
 538 0027 3C000000 		.4byte	.LFE0
 539 002b 0100     		.2byte	0x1
 540 002d 50       		.byte	0x50
 541 002e 00000000 		.4byte	0
ARM GAS  C:\Users\BRYANO~1\AppData\Local\Temp\ccjVR8fi.s 			page 12


 542 0032 00000000 		.4byte	0
 543              		.section	.debug_aranges,"",%progbits
 544 0000 1C000000 		.4byte	0x1c
 545 0004 0200     		.2byte	0x2
 546 0006 00000000 		.4byte	.Ldebug_info0
 547 000a 04       		.byte	0x4
 548 000b 00       		.byte	0
 549 000c 0000     		.2byte	0
 550 000e 0000     		.2byte	0
 551 0010 00000000 		.4byte	.LFB0
 552 0014 3C000000 		.4byte	.LFE0-.LFB0
 553 0018 00000000 		.4byte	0
 554 001c 00000000 		.4byte	0
 555              		.section	.debug_ranges,"",%progbits
 556              	.Ldebug_ranges0:
 557 0000 00000000 		.4byte	.LFB0
 558 0004 3C000000 		.4byte	.LFE0
 559 0008 00000000 		.4byte	0
 560 000c 00000000 		.4byte	0
 561              		.section	.debug_line,"",%progbits
 562              	.Ldebug_line0:
 563 0000 83000000 		.section	.debug_str,"MS",%progbits,1
 563      02006200 
 563      00000201 
 563      FB0E0D00 
 563      01010101 
 564              	.LASF28:
 565 0000 433A5C55 		.ascii	"C:\\Users\\Bryan Orabutt\\Documents\\GitHub\\Golfca"
 565      73657273 
 565      5C427279 
 565      616E204F 
 565      72616275 
 566 002e 72745C50 		.ascii	"rt\\PSOC_PROGRAMS\\PSoC5\\Roadrunner Control System"
 566      534F435F 
 566      50524F47 
 566      52414D53 
 566      5C50536F 
 567 005e 2E637964 		.ascii	".cydsn\000"
 567      736E00
 568              	.LASF20:
 569 0065 70537461 		.ascii	"pStatusBlock\000"
 569      74757342 
 569      6C6F636B 
 569      00
 570              	.LASF18:
 571 0072 636F756E 		.ascii	"count\000"
 571      7400
 572              	.LASF3:
 573 0078 73686F72 		.ascii	"short unsigned int\000"
 573      7420756E 
 573      7369676E 
 573      65642069 
 573      6E7400
 574              	.LASF29:
 575 008b 55534246 		.ascii	"USBFS_HandleVendorRqst\000"
 575      535F4861 
 575      6E646C65 
ARM GAS  C:\Users\BRYANO~1\AppData\Local\Temp\ccjVR8fi.s 			page 13


 575      56656E64 
 575      6F725271 
 576              	.LASF15:
 577 00a2 73746174 		.ascii	"status\000"
 577      757300
 578              	.LASF19:
 579 00a9 70446174 		.ascii	"pData\000"
 579      6100
 580              	.LASF22:
 581 00af 65704461 		.ascii	"epData\000"
 581      746100
 582              	.LASF21:
 583 00b6 545F5553 		.ascii	"T_USBFS_TD\000"
 583      4246535F 
 583      544400
 584              	.LASF11:
 585 00c1 666C6F61 		.ascii	"float\000"
 585      7400
 586              	.LASF1:
 587 00c7 756E7369 		.ascii	"unsigned char\000"
 587      676E6564 
 587      20636861 
 587      7200
 588              	.LASF17:
 589 00d5 545F5553 		.ascii	"T_USBFS_XFER_STATUS_BLOCK\000"
 589      4246535F 
 589      58464552 
 589      5F535441 
 589      5455535F 
 590              	.LASF5:
 591 00ef 6C6F6E67 		.ascii	"long unsigned int\000"
 591      20756E73 
 591      69676E65 
 591      6420696E 
 591      7400
 592              	.LASF9:
 593 0101 75696E74 		.ascii	"uint8\000"
 593      3800
 594              	.LASF23:
 595 0107 55534246 		.ascii	"USBFS_ep0_data_struct\000"
 595      535F6570 
 595      305F6461 
 595      74615F73 
 595      74727563 
 596              	.LASF12:
 597 011d 646F7562 		.ascii	"double\000"
 597      6C6500
 598              	.LASF31:
 599 0124 55534246 		.ascii	"USBFS_InitControlRead\000"
 599      535F496E 
 599      6974436F 
 599      6E74726F 
 599      6C526561 
 600              	.LASF10:
 601 013a 75696E74 		.ascii	"uint16\000"
 601      313600
 602              	.LASF26:
ARM GAS  C:\Users\BRYANO~1\AppData\Local\Temp\ccjVR8fi.s 			page 14


 603 0141 474E5520 		.ascii	"GNU C 4.9.3 20150303 (release) [ARM/embedded-4_9-br"
 603      4320342E 
 603      392E3320 
 603      32303135 
 603      30333033 
 604 0174 616E6368 		.ascii	"anch revision 221220] -mcpu=cortex-m3 -mthumb -g -O"
 604      20726576 
 604      6973696F 
 604      6E203232 
 604      31323230 
 605 01a7 67202D66 		.ascii	"g -ffunction-sections -ffat-lto-objects\000"
 605      66756E63 
 605      74696F6E 
 605      2D736563 
 605      74696F6E 
 606              	.LASF8:
 607 01cf 756E7369 		.ascii	"unsigned int\000"
 607      676E6564 
 607      20696E74 
 607      00
 608              	.LASF7:
 609 01dc 6C6F6E67 		.ascii	"long long unsigned int\000"
 609      206C6F6E 
 609      6720756E 
 609      7369676E 
 609      65642069 
 610              	.LASF25:
 611 01f3 55534246 		.ascii	"USBFS_currentTD\000"
 611      535F6375 
 611      7272656E 
 611      74544400 
 612              	.LASF30:
 613 0203 72657175 		.ascii	"requestHandled\000"
 613      65737448 
 613      616E646C 
 613      656400
 614              	.LASF14:
 615 0212 73697A65 		.ascii	"sizetype\000"
 615      74797065 
 615      00
 616              	.LASF6:
 617 021b 6C6F6E67 		.ascii	"long long int\000"
 617      206C6F6E 
 617      6720696E 
 617      7400
 618              	.LASF13:
 619 0229 63686172 		.ascii	"char\000"
 619      00
 620              	.LASF2:
 621 022e 73686F72 		.ascii	"short int\000"
 621      7420696E 
 621      7400
 622              	.LASF24:
 623 0238 55534246 		.ascii	"USBFS_MSOS_CONFIGURATION_DESCR\000"
 623      535F4D53 
 623      4F535F43 
 623      4F4E4649 
ARM GAS  C:\Users\BRYANO~1\AppData\Local\Temp\ccjVR8fi.s 			page 15


 623      47555241 
 624              	.LASF27:
 625 0257 2E5C4765 		.ascii	".\\Generated_Source\\PSoC5\\USBFS_vnd.c\000"
 625      6E657261 
 625      7465645F 
 625      536F7572 
 625      63655C50 
 626              	.LASF4:
 627 027c 6C6F6E67 		.ascii	"long int\000"
 627      20696E74 
 627      00
 628              	.LASF0:
 629 0285 7369676E 		.ascii	"signed char\000"
 629      65642063 
 629      68617200 
 630              	.LASF16:
 631 0291 6C656E67 		.ascii	"length\000"
 631      746800
 632              		.ident	"GCC: (GNU Tools for ARM Embedded Processors) 4.9.3 20150303 (release) [ARM/embedded-4_9-br
